{"numFailedTestSuites":0,"numFailedTests":0,"numPassedTestSuites":43,"numPassedTests":245,"numPendingTestSuites":0,"numPendingTests":0,"numRuntimeErrorTestSuites":0,"numTodoTests":0,"numTotalTestSuites":43,"numTotalTests":245,"openHandles":[],"snapshot":{"added":0,"didUpdate":false,"failure":false,"filesAdded":0,"filesRemoved":0,"filesRemovedList":[],"filesUnmatched":0,"filesUpdated":0,"matched":0,"total":0,"unchecked":0,"uncheckedKeysByFile":[],"unmatched":0,"updated":0},"startTime":1789853084338,"success":true,"testResults":[{"assertionResults":[{"ancestorTitles":["ProgramarServicio (Integración)"],"duration":189,"failing":false,"failureDetails":[],"failureMessages":[],"fullName":"ProgramarServicio (Integración) No permite agendar un servicio si faltan campos obligatorios.","invocations":1,"location":null,"numPassingAsserts":1,"retryReasons":[],"startAt":1789853105729,"status":"passed","title":"No permite agendar un servicio si faltan campos obligatorios."},{"ancestorTitles":["ProgramarServicio (Integración)"],"duration":41,"failing":false,"failureDetails":[],"failureMessages":[],"fullName":"ProgramarServicio (Integración) Muestra los servicios disponibles al usuario antes de agendar.","invocations":1,"location":null,"numPassingAsserts":2,"retryReasons":[],"startAt":1789853105921,"status":"passed","title":"Muestra los servicios disponibles al usuario antes de agendar."},{"ancestorTitles":["ProgramarServicio (Integración)"],"duration":36,"failing":false,"failureDetails":[],"failureMessages":[],"fullName":"ProgramarServicio (Integración) No permite seleccionar una hora no disponible (fuera de horario 08:00 a 17:00).","invocations":1,"location":null,"numPassingAsserts":2,"retryReasons":[],"startAt":1789853105965,"status":"passed","title":"No permite seleccionar una hora no disponible (fuera de horario 08:00 a 17:00)."},{"ancestorTitles":["ProgramarServicio (Integración)"],"duration":3127,"failing":false,"failureDetails":[],"failureMessages":[],"fullName":"ProgramarServicio (Integración) Permite seleccionar un horario disponible dentro del rango laboral.","invocations":1,"location":null,"numPassingAsserts":2,"retryReasons":[],"startAt":1789853106003,"status":"passed","title":"Permite seleccionar un horario disponible dentro del rango laboral."},{"ancestorTitles":["ProgramarServicio (Integración)"],"duration":6,"failing":false,"failureDetails":[],"failureMessages":[],"fullName":"ProgramarServicio (Integración) Registra correctamente la dirección donde se realizará el servicio.","invocations":1,"location":null,"numPassingAsserts":1,"retryReasons":[],"startAt":1789853109131,"status":"passed","title":"Registra correctamente la dirección donde se realizará el servicio."},{"ancestorTitles":["ProgramarServicio (Integración)"],"duration":6,"failing":false,"failureDetails":[],"failureMessages":[],"fullName":"ProgramarServicio (Integración) Permite registrar observaciones adicionales para el servicio.","invocations":1,"location":null,"numPassingAsserts":1,"retryReasons":[],"startAt":1789853109139,"status":"passed","title":"Permite registrar observaciones adicionales para el servicio."},{"ancestorTitles":["ProgramarServicio (Integración)"],"duration":43,"failing":false,"failureDetails":[],"failureMessages":[],"fullName":"ProgramarServicio (Integración) Registra el servicio en el historial o listado de servicios del cliente.","invocations":1,"location":null,"numPassingAsserts":2,"retryReasons":[],"startAt":1789853109150,"status":"passed","title":"Registra el servicio en el historial o listado de servicios del cliente."}],"endTime":1789853109301,"message":"","name":"C:\\Users\\cristian andres\\OneDrive\\Documentos\\todo lo de foam wash\\foam version final\\FoamWash\\backend\\src\\test\\pruebas integracion\\Integracion_ProgramarServicio.spec.ts","startTime":1789853084863,"status":"passed","summary":""},{"assertionResults":[{"ancestorTitles":["RecuperarPassword"],"duration":1689,"failing":false,"failureDetails":[],"failureMessages":[],"fullName":"RecuperarPassword CP-013: El cliente pueda recuperar su contrase±a correctamente mediante","invocations":1,"location":null,"numPassingAsserts":2,"retryReasons":[],"startAt":1789853110216,"status":"passed","title":"CP-013: El cliente pueda recuperar su contrase±a correctamente mediante"},{"ancestorTitles":["RecuperarPassword"],"duration":58,"failing":false,"failureDetails":[],"failureMessages":[],"fullName":"RecuperarPassword CP-014: No envíe un código a un correo no registrado.","invocations":1,"location":null,"numPassingAsserts":1,"retryReasons":[],"startAt":1789853111907,"status":"passed","title":"CP-014: No envíe un código a un correo no registrado."},{"ancestorTitles":["RecuperarPassword"],"duration":11,"failing":false,"failureDetails":[],"failureMessages":[],"fullName":"RecuperarPassword CP-015: El correo electrónico sea obligatorio.","invocations":1,"location":null,"numPassingAsserts":1,"retryReasons":[],"startAt":1789853111968,"status":"passed","title":"CP-015: El correo electrónico sea obligatorio."},{"ancestorTitles":["RecuperarPassword"],"duration":7,"failing":false,"failureDetails":[],"failureMessages":[],"fullName":"RecuperarPassword CP-016: Valide el formato del correo electrónico.","invocations":1,"location":null,"numPassingAsserts":1,"retryReasons":[],"startAt":1789853111986,"status":"passed","title":"CP-016: Valide el formato del correo electrónico."},{"ancestorTitles":["RecuperarPassword"],"duration":7,"failing":false,"failureDetails":[],"failureMessages":[],"fullName":"RecuperarPassword CP-014: El sistema no envÝe un c¾digo a un","invocations":1,"location":null,"numPassingAsserts":1,"retryReasons":[],"startAt":1789853111994,"status":"passed","title":"CP-014: El sistema no envÝe un c¾digo a un"},{"ancestorTitles":["RecuperarPassword"],"duration":9,"failing":false,"failureDetails":[],"failureMessages":[],"fullName":"RecuperarPassword CP-015: El correo electr¾nico sea obligatorio","invocations":1,"location":null,"numPassingAsserts":1,"retryReasons":[],"startAt":1789853112002,"status":"passed","title":"CP-015: El correo electr¾nico sea obligatorio"},{"ancestorTitles":["RecuperarPassword"],"duration":10,"failing":false,"failureDetails":[],"failureMessages":[],"fullName":"RecuperarPassword CP-016: El sistema valide el formato del correo electr¾nico","invocations":1,"location":null,"numPassingAsserts":1,"retryReasons":[],"startAt":1789853112012,"status":"passed","title":"CP-016: El sistema valide el formato del correo electr¾nico"},{"ancestorTitles":["RecuperarPassword"],"duration":9,"failing":false,"failureDetails":[],"failureMessages":[],"fullName":"RecuperarPassword CP-017: El sistema rechace un c¾digo de verificaci¾n incorrecto","invocations":1,"location":null,"numPassingAsserts":1,"retryReasons":[],"startAt":1789853112024,"status":"passed","title":"CP-017: El sistema rechace un c¾digo de verificaci¾n incorrecto"},{"ancestorTitles":["RecuperarPassword"],"duration":6,"failing":false,"failureDetails":[],"failureMessages":[],"fullName":"RecuperarPassword CP-018: El sistema rechace un c¾digo de verificaci¾n vencido","invocations":1,"location":null,"numPassingAsserts":1,"retryReasons":[],"startAt":1789853112034,"status":"passed","title":"CP-018: El sistema rechace un c¾digo de verificaci¾n vencido"},{"ancestorTitles":["RecuperarPassword"],"duration":8,"failing":false,"failureDetails":[],"failureMessages":[],"fullName":"RecuperarPassword CP-019: El sistema no permita continuar sin ingresar el","invocations":1,"location":null,"numPassingAsserts":1,"retryReasons":[],"startAt":1789853112041,"status":"passed","title":"CP-019: El sistema no permita continuar sin ingresar el"},{"ancestorTitles":["RecuperarPassword"],"duration":9,"failing":false,"failureDetails":[],"failureMessages":[],"fullName":"RecuperarPassword CP-020: El sistema valide que las contraseñas coincidan","invocations":1,"location":null,"numPassingAsserts":1,"retryReasons":[],"startAt":1789853112050,"status":"passed","title":"CP-020: El sistema valide que las contraseñas coincidan"},{"ancestorTitles":["RecuperarPassword"],"duration":10,"failing":false,"failureDetails":[],"failureMessages":[],"fullName":"RecuperarPassword CP-021: El sistema no permita registrar una contraseña que ya fue usada","invocations":1,"location":null,"numPassingAsserts":1,"retryReasons":[],"startAt":1789853112061,"status":"passed","title":"CP-021: El sistema no permita registrar una contraseña que ya fue usada"},{"ancestorTitles":["RecuperarPassword"],"duration":10,"failing":false,"failureDetails":[],"failureMessages":[],"fullName":"RecuperarPassword CP-022: El usuario pueda iniciar sesión con la nueva contraseña","invocations":1,"location":null,"numPassingAsserts":1,"retryReasons":[],"startAt":1789853112073,"status":"passed","title":"CP-022: El usuario pueda iniciar sesión con la nueva contraseña"}],"endTime":1789853112086,"message":"","name":"C:\\Users\\cristian andres\\OneDrive\\Documentos\\todo lo de foam wash\\foam version final\\FoamWash\\backend\\src\\test\\pruebas unitarias\\03_RecuperarPassword.spec.ts","startTime":1789853109359,"status":"passed","summary":""},{"assertionResults":[{"ancestorTitles":["ProgramarServicio"],"duration":1299,"failing":false,"failureDetails":[],"failureMessages":[],"fullName":"ProgramarServicio CP-035: El cliente pueda programar un servicio de lavado","invocations":1,"location":null,"numPassingAsserts":2,"retryReasons":[],"startAt":1789853112925,"status":"passed","title":"CP-035: El cliente pueda programar un servicio de lavado"},{"ancestorTitles":["ProgramarServicio"],"duration":44,"failing":false,"failureDetails":[],"failureMessages":[],"fullName":"ProgramarServicio CP-036: El sistema valide los campos obligatorios del formulario","invocations":1,"location":null,"numPassingAsserts":1,"retryReasons":[],"startAt":1789853114226,"status":"passed","title":"CP-036: El sistema valide los campos obligatorios del formulario"},{"ancestorTitles":["ProgramarServicio"],"duration":6,"failing":false,"failureDetails":[],"failureMessages":[],"fullName":"ProgramarServicio CP-037: El sistema no permita programar un servicio con","invocations":1,"location":null,"numPassingAsserts":1,"retryReasons":[],"startAt":1789853114271,"status":"passed","title":"CP-037: El sistema no permita programar un servicio con"},{"ancestorTitles":["ProgramarServicio"],"duration":7,"failing":false,"failureDetails":[],"failureMessages":[],"fullName":"ProgramarServicio CP-038: El sistema no permita seleccionar una hora no","invocations":1,"location":null,"numPassingAsserts":2,"retryReasons":[],"startAt":1789853114278,"status":"passed","title":"CP-038: El sistema no permita seleccionar una hora no"},{"ancestorTitles":["ProgramarServicio"],"duration":1368,"failing":false,"failureDetails":[],"failureMessages":[],"fullName":"ProgramarServicio CP-039: El cliente pueda seleccionar un horario disponible","invocations":1,"location":null,"numPassingAsserts":1,"retryReasons":[],"startAt":1789853114286,"status":"passed","title":"CP-039: El cliente pueda seleccionar un horario disponible"},{"ancestorTitles":["ProgramarServicio"],"duration":1381,"failing":false,"failureDetails":[],"failureMessages":[],"fullName":"ProgramarServicio CP-040: El sistema registre correctamente la direcci¾n donde se","invocations":1,"location":null,"numPassingAsserts":1,"retryReasons":[],"startAt":1789853115657,"status":"passed","title":"CP-040: El sistema registre correctamente la direcci¾n donde se"},{"ancestorTitles":["ProgramarServicio"],"duration":6,"failing":false,"failureDetails":[],"failureMessages":[],"fullName":"ProgramarServicio CP-041: El sistema permita registrar observaciones adicionales para el","invocations":1,"location":null,"numPassingAsserts":1,"retryReasons":[],"startAt":1789853117040,"status":"passed","title":"CP-041: El sistema permita registrar observaciones adicionales para el"},{"ancestorTitles":["ProgramarServicio"],"duration":8,"failing":false,"failureDetails":[],"failureMessages":[],"fullName":"ProgramarServicio CP-042: El servicio programado quede registrado en el historial","invocations":1,"location":null,"numPassingAsserts":1,"retryReasons":[],"startAt":1789853117052,"status":"passed","title":"CP-042: El servicio programado quede registrado en el historial"}],"endTime":1789853117063,"message":"","name":"C:\\Users\\cristian andres\\OneDrive\\Documentos\\todo lo de foam wash\\foam version final\\FoamWash\\backend\\src\\test\\pruebas unitarias\\06_ProgramarServicio.spec.ts","startTime":1789853112107,"status":"passed","summary":""},{"assertionResults":[{"ancestorTitles":["Autenticacion (Integracion)"],"duration":633,"failing":false,"failureDetails":[],"failureMessages":[],"fullName":"Autenticacion (Integracion) 1. Debe registrar un nuevo usuario y devolver tokens","invocations":1,"location":null,"numPassingAsserts":5,"retryReasons":[],"startAt":1789853120013,"status":"passed","title":"1. Debe registrar un nuevo usuario y devolver tokens"},{"ancestorTitles":["Autenticacion (Integracion)"],"duration":34,"failing":false,"failureDetails":[],"failureMessages":[],"fullName":"Autenticacion (Integracion) 2. No debe permitir registrar un usuario con un correo ya existente","invocations":1,"location":null,"numPassingAsserts":1,"retryReasons":[],"startAt":1789853120648,"status":"passed","title":"2. No debe permitir registrar un usuario con un correo ya existente"},{"ancestorTitles":["Autenticacion (Integracion)"],"duration":580,"failing":false,"failureDetails":[],"failureMessages":[],"fullName":"Autenticacion (Integracion) 3. Debe fallar el login con credenciales incorrectas","invocations":1,"location":null,"numPassingAsserts":1,"retryReasons":[],"startAt":1789853120685,"status":"passed","title":"3. Debe fallar el login con credenciales incorrectas"},{"ancestorTitles":["Autenticacion (Integracion)"],"duration":653,"failing":false,"failureDetails":[],"failureMessages":[],"fullName":"Autenticacion (Integracion) 4. Debe iniciar sesión exitosamente con credenciales correctas","invocations":1,"location":null,"numPassingAsserts":3,"retryReasons":[],"startAt":1789853121266,"status":"passed","title":"4. Debe iniciar sesión exitosamente con credenciales correctas"},{"ancestorTitles":["Autenticacion (Integracion)"],"duration":935,"failing":false,"failureDetails":[],"failureMessages":[],"fullName":"Autenticacion (Integracion) 5. Debe obtener perfil del usuario en sesión","invocations":1,"location":null,"numPassingAsserts":3,"retryReasons":[],"startAt":1789853121920,"status":"passed","title":"5. Debe obtener perfil del usuario en sesión"}],"endTime":1789853122889,"message":"","name":"C:\\Users\\cristian andres\\OneDrive\\Documentos\\todo lo de foam wash\\foam version final\\FoamWash\\backend\\src\\test\\pruebas integracion\\Integracion_Autenticacion.spec.ts","startTime":1789853117095,"status":"passed","summary":""},{"assertionResults":[{"ancestorTitles":["Empleados (Integracion)"],"duration":47,"failing":false,"failureDetails":[],"failureMessages":[],"fullName":"Empleados (Integracion) 1. Debe obtener la lista de todos los empleados","invocations":1,"location":null,"numPassingAsserts":3,"retryReasons":[],"startAt":1789853127320,"status":"passed","title":"1. Debe obtener la lista de todos los empleados"},{"ancestorTitles":["Empleados (Integracion)"],"duration":38,"failing":false,"failureDetails":[],"failureMessages":[],"fullName":"Empleados (Integracion) 2. Debe obtener métricas de productividad general","invocations":1,"location":null,"numPassingAsserts":3,"retryReasons":[],"startAt":1789853127368,"status":"passed","title":"2. Debe obtener métricas de productividad general"}],"endTime":1789853127462,"message":"","name":"C:\\Users\\cristian andres\\OneDrive\\Documentos\\todo lo de foam wash\\foam version final\\FoamWash\\backend\\src\\test\\pruebas integracion\\Integracion_Empleados.spec.ts","startTime":1789853122908,"status":"passed","summary":""},{"assertionResults":[{"ancestorTitles":["HistorialServicios (Integración)"],"duration":31,"failing":false,"failureDetails":[],"failureMessages":[],"fullName":"HistorialServicios (Integración) Consulta el historial de servicios realizados.","invocations":1,"location":null,"numPassingAsserts":3,"retryReasons":[],"startAt":1789853130455,"status":"passed","title":"Consulta el historial de servicios realizados."},{"ancestorTitles":["HistorialServicios (Integración)"],"duration":76,"failing":false,"failureDetails":[],"failureMessages":[],"fullName":"HistorialServicios (Integración) Solo permite consultar el propio historial.","invocations":1,"location":null,"numPassingAsserts":2,"retryReasons":[],"startAt":1789853130490,"status":"passed","title":"Solo permite consultar el propio historial."},{"ancestorTitles":["HistorialServicios (Integración)"],"duration":34,"failing":false,"failureDetails":[],"failureMessages":[],"fullName":"HistorialServicios (Integración) Actualiza el historial después de finalizar un servicio.","invocations":1,"location":null,"numPassingAsserts":2,"retryReasons":[],"startAt":1789853130567,"status":"passed","title":"Actualiza el historial después de finalizar un servicio."},{"ancestorTitles":["HistorialServicios (Integración)"],"duration":32,"failing":false,"failureDetails":[],"failureMessages":[],"fullName":"HistorialServicios (Integración) Consulta el detalle de un servicio del historial.","invocations":1,"location":null,"numPassingAsserts":2,"retryReasons":[],"startAt":1789853130602,"status":"passed","title":"Consulta el detalle de un servicio del historial."},{"ancestorTitles":["HistorialServicios (Integración)"],"duration":28,"failing":false,"failureDetails":[],"failureMessages":[],"fullName":"HistorialServicios (Integración) Permite usar filtros en el historial de servicios.","invocations":1,"location":null,"numPassingAsserts":2,"retryReasons":[],"startAt":1789853130635,"status":"passed","title":"Permite usar filtros en el historial de servicios."},{"ancestorTitles":["HistorialServicios (Integración)"],"duration":28,"failing":false,"failureDetails":[],"failureMessages":[],"fullName":"HistorialServicios (Integración) Maneja correctamente fallas al cargar el historial con ID inexistente","invocations":1,"location":null,"numPassingAsserts":1,"retryReasons":[],"startAt":1789853130666,"status":"passed","title":"Maneja correctamente fallas al cargar el historial con ID inexistente"}],"endTime":1789853130763,"message":"","name":"C:\\Users\\cristian andres\\OneDrive\\Documentos\\todo lo de foam wash\\foam version final\\FoamWash\\backend\\src\\test\\pruebas integracion\\Integracion_HistorialServicios.spec.ts","startTime":1789853127485,"status":"passed","summary":""},{"assertionResults":[{"ancestorTitles":["Usuarios (Integracion)"],"duration":70,"failing":false,"failureDetails":[],"failureMessages":[],"fullName":"Usuarios (Integracion) 1. Debe obtener la lista de todos los usuarios si es administrador","invocations":1,"location":null,"numPassingAsserts":3,"retryReasons":[],"startAt":1789853135537,"status":"passed","title":"1. Debe obtener la lista de todos los usuarios si es administrador"},{"ancestorTitles":["Usuarios (Integracion)"],"duration":42,"failing":false,"failureDetails":[],"failureMessages":[],"fullName":"Usuarios (Integracion) 2. Debe rechazar la solicitud si un cliente intenta ver todos los usuarios","invocations":1,"location":null,"numPassingAsserts":1,"retryReasons":[],"startAt":1789853135609,"status":"passed","title":"2. Debe rechazar la solicitud si un cliente intenta ver todos los usuarios"},{"ancestorTitles":["Usuarios (Integracion)"],"duration":56,"failing":false,"failureDetails":[],"failureMessages":[],"fullName":"Usuarios (Integracion) 3. Debe permitir actualizar los datos de su propio perfil","invocations":1,"location":null,"numPassingAsserts":3,"retryReasons":[],"startAt":1789853135653,"status":"passed","title":"3. Debe permitir actualizar los datos de su propio perfil"},{"ancestorTitles":["Usuarios (Integracion)"],"duration":44,"failing":false,"failureDetails":[],"failureMessages":[],"fullName":"Usuarios (Integracion) 4. Debe obtener métricas de usuarios por rol (admin)","invocations":1,"location":null,"numPassingAsserts":3,"retryReasons":[],"startAt":1789853135710,"status":"passed","title":"4. Debe obtener métricas de usuarios por rol (admin)"}],"endTime":1789853135794,"message":"","name":"C:\\Users\\cristian andres\\OneDrive\\Documentos\\todo lo de foam wash\\foam version final\\FoamWash\\backend\\src\\test\\pruebas integracion\\Integracion_Usuarios.spec.ts","startTime":1789853130779,"status":"passed","summary":""},{"assertionResults":[{"ancestorTitles":["Cotizaciones (Integracion)"],"duration":27,"failing":false,"failureDetails":[],"failureMessages":[],"fullName":"Cotizaciones (Integracion) 1. Debe obtener la lista de servicios para cotizar (público)","invocations":1,"location":null,"numPassingAsserts":3,"retryReasons":[],"startAt":1789853140253,"status":"passed","title":"1. Debe obtener la lista de servicios para cotizar (público)"},{"ancestorTitles":["Cotizaciones (Integracion)"],"duration":56,"failing":false,"failureDetails":[],"failureMessages":[],"fullName":"Cotizaciones (Integracion) 2. Debe crear una cotización exitosamente","invocations":1,"location":null,"numPassingAsserts":4,"retryReasons":[],"startAt":1789853140282,"status":"passed","title":"2. Debe crear una cotización exitosamente"},{"ancestorTitles":["Cotizaciones (Integracion)"],"duration":40,"failing":false,"failureDetails":[],"failureMessages":[],"fullName":"Cotizaciones (Integracion) 3. Debe obtener el listado de cotizaciones","invocations":1,"location":null,"numPassingAsserts":3,"retryReasons":[],"startAt":1789853140339,"status":"passed","title":"3. Debe obtener el listado de cotizaciones"},{"ancestorTitles":["Cotizaciones (Integracion)"],"duration":92,"failing":false,"failureDetails":[],"failureMessages":[],"fullName":"Cotizaciones (Integracion) 4. Debe fallar si se intenta crear cotización sin estar logueado","invocations":1,"location":null,"numPassingAsserts":1,"retryReasons":[],"startAt":1789853140382,"status":"passed","title":"4. Debe fallar si se intenta crear cotización sin estar logueado"}],"endTime":1789853140611,"message":"","name":"C:\\Users\\cristian andres\\OneDrive\\Documentos\\todo lo de foam wash\\foam version final\\FoamWash\\backend\\src\\test\\pruebas integracion\\Integracion_Cotizaciones.spec.ts","startTime":1789853135816,"status":"passed","summary":""},{"assertionResults":[{"ancestorTitles":["Notificaciones (Integración)"],"duration":28,"failing":false,"failureDetails":[],"failureMessages":[],"fullName":"Notificaciones (Integración) 1. Debe guardar notificaciones en la base de datos (POST /notificaciones)","invocations":1,"location":null,"numPassingAsserts":2,"retryReasons":[],"startAt":1789853143984,"status":"passed","title":"1. Debe guardar notificaciones en la base de datos (POST /notificaciones)"},{"ancestorTitles":["Notificaciones (Integración)"],"duration":22,"failing":false,"failureDetails":[],"failureMessages":[],"fullName":"Notificaciones (Integración) 2. Debe obtener notificaciones guardadas del usuario en orden cronológico (GET /notificaciones/:userId)","invocations":1,"location":null,"numPassingAsserts":2,"retryReasons":[],"startAt":1789853144021,"status":"passed","title":"2. Debe obtener notificaciones guardadas del usuario en orden cronológico (GET /notificaciones/:userId)"},{"ancestorTitles":["Notificaciones (Integración)"],"duration":25,"failing":false,"failureDetails":[],"failureMessages":[],"fullName":"Notificaciones (Integración) 3. CP-044: Debe guardar notificación en BD al asignar un servicio al trabajador","invocations":1,"location":null,"numPassingAsserts":2,"retryReasons":[],"startAt":1789853144048,"status":"passed","title":"3. CP-044: Debe guardar notificación en BD al asignar un servicio al trabajador"},{"ancestorTitles":["Notificaciones (Integración)"],"duration":27,"failing":false,"failureDetails":[],"failureMessages":[],"fullName":"Notificaciones (Integración) 4. CP-045: Debe guardar notificación en BD al reasignar un servicio al trabajador","invocations":1,"location":null,"numPassingAsserts":2,"retryReasons":[],"startAt":1789853144076,"status":"passed","title":"4. CP-045: Debe guardar notificación en BD al reasignar un servicio al trabajador"}],"endTime":1789853144200,"message":"","name":"C:\\Users\\cristian andres\\OneDrive\\Documentos\\todo lo de foam wash\\foam version final\\FoamWash\\backend\\src\\test\\pruebas integracion\\Integracion_Notificaciones.spec.ts","startTime":1789853140656,"status":"passed","summary":""},{"assertionResults":[{"ancestorTitles":["Calidad - Seguridad (QC-01)"],"duration":39,"failing":false,"failureDetails":[],"failureMessages":[],"fullName":"Calidad - Seguridad (QC-01) 1. Debe incluir cabeceras de seguridad de Helmet (x-dns-prefetch-control, x-frame-options, etc.)","invocations":1,"location":null,"numPassingAsserts":6,"retryReasons":[],"startAt":1789853145658,"status":"passed","title":"1. Debe incluir cabeceras de seguridad de Helmet (x-dns-prefetch-control, x-frame-options, etc.)"},{"ancestorTitles":["Calidad - Seguridad (QC-01)"],"duration":28,"failing":false,"failureDetails":[],"failureMessages":[],"fullName":"Calidad - Seguridad (QC-01) 2. Debe permitir CORS (Access-Control-Allow-Origin)","invocations":1,"location":null,"numPassingAsserts":2,"retryReasons":[],"startAt":1789853145701,"status":"passed","title":"2. Debe permitir CORS (Access-Control-Allow-Origin)"}],"endTime":1789853145746,"message":"","name":"C:\\Users\\cristian andres\\OneDrive\\Documentos\\todo lo de foam wash\\foam version final\\FoamWash\\backend\\src\\test\\pruebas de calidad\\QC-01_Seguridad.spec.ts","startTime":1789853144215,"status":"passed","summary":""},{"assertionResults":[{"ancestorTitles":["Login"],"duration":341,"failing":false,"failureDetails":[],"failureMessages":[],"fullName":"Login CP-006: El cliente pueda iniciar sesi¾n con credenciales vßlidas","invocations":1,"location":null,"numPassingAsserts":2,"retryReasons":[],"startAt":1789853146412,"status":"passed","title":"CP-006: El cliente pueda iniciar sesi¾n con credenciales vßlidas"},{"ancestorTitles":["Login"],"duration":7,"failing":false,"failureDetails":[],"failureMessages":[],"fullName":"Login CP-007: El cliente pueda cerrar sesi¾n correctamente","invocations":1,"location":null,"numPassingAsserts":2,"retryReasons":[],"startAt":1789853146754,"status":"passed","title":"CP-007: El cliente pueda cerrar sesi¾n correctamente"},{"ancestorTitles":["Login"],"duration":6,"failing":false,"failureDetails":[],"failureMessages":[],"fullName":"Login CP-008: La sesi¾n expire por inactividad","invocations":1,"location":null,"numPassingAsserts":1,"retryReasons":[],"startAt":1789853146762,"status":"passed","title":"CP-008: La sesi¾n expire por inactividad"},{"ancestorTitles":["Login"],"duration":23,"failing":false,"failureDetails":[],"failureMessages":[],"fullName":"Login CP-009: El sistema no permita iniciar sesi¾n cuando existan","invocations":1,"location":null,"numPassingAsserts":1,"retryReasons":[],"startAt":1789853146770,"status":"passed","title":"CP-009: El sistema no permita iniciar sesi¾n cuando existan"},{"ancestorTitles":["Login"],"duration":6,"failing":false,"failureDetails":[],"failureMessages":[],"fullName":"Login CP-010: El sistema valide el formato del correo electr¾nico","invocations":1,"location":null,"numPassingAsserts":1,"retryReasons":[],"startAt":1789853146795,"status":"passed","title":"CP-010: El sistema valide el formato del correo electr¾nico"},{"ancestorTitles":["Login"],"duration":336,"failing":false,"failureDetails":[],"failureMessages":[],"fullName":"Login CP-011: El sistema no permita iniciar sesi¾n con una","invocations":1,"location":null,"numPassingAsserts":1,"retryReasons":[],"startAt":1789853146803,"status":"passed","title":"CP-011: El sistema no permita iniciar sesi¾n con una"},{"ancestorTitles":["Login"],"duration":14,"failing":false,"failureDetails":[],"failureMessages":[],"fullName":"Login CP-012: Comportamiento del sistema cuando ocurre un error de","invocations":1,"location":null,"numPassingAsserts":1,"retryReasons":[],"startAt":1789853147140,"status":"passed","title":"CP-012: Comportamiento del sistema cuando ocurre un error de"}],"endTime":1789853147158,"message":"","name":"C:\\Users\\cristian andres\\OneDrive\\Documentos\\todo lo de foam wash\\foam version final\\FoamWash\\backend\\src\\test\\pruebas unitarias\\02_LoginLogout.spec.ts","startTime":1789853145769,"status":"passed","summary":""},{"assertionResults":[{"ancestorTitles":["Calidad - Validación Global (QC-02)"],"duration":44,"failing":false,"failureDetails":[],"failureMessages":[],"fullName":"Calidad - Validación Global (QC-02) 1. Debe interceptar payloads inválidos y devolver 400 Bad Request","invocations":1,"location":null,"numPassingAsserts":6,"retryReasons":[],"startAt":1789853148614,"status":"passed","title":"1. Debe interceptar payloads inválidos y devolver 400 Bad Request"},{"ancestorTitles":["Calidad - Validación Global (QC-02)"],"duration":38,"failing":false,"failureDetails":[],"failureMessages":[],"fullName":"Calidad - Validación Global (QC-02) 2. Debe interceptar tipos de datos erróneos (ej. string en vez de número)","invocations":1,"location":null,"numPassingAsserts":4,"retryReasons":[],"startAt":1789853148659,"status":"passed","title":"2. Debe interceptar tipos de datos erróneos (ej. string en vez de número)"}],"endTime":1789853148719,"message":"","name":"C:\\Users\\cristian andres\\OneDrive\\Documentos\\todo lo de foam wash\\foam version final\\FoamWash\\backend\\src\\test\\pruebas de calidad\\QC-02_ValidacionGlobal.spec.ts","startTime":1789853147184,"status":"passed","summary":""},{"assertionResults":[{"ancestorTitles":["Calidad - Arquitectura y Bootstrap (QC-03)"],"duration":86,"failing":false,"failureDetails":[],"failureMessages":[],"fullName":"Calidad - Arquitectura y Bootstrap (QC-03) 1. El módulo principal (AppModule) debe compilar todas sus dependencias sin ciclos","invocations":1,"location":null,"numPassingAsserts":1,"retryReasons":[],"startAt":1789853149785,"status":"passed","title":"1. El módulo principal (AppModule) debe compilar todas sus dependencias sin ciclos"},{"ancestorTitles":["Calidad - Arquitectura y Bootstrap (QC-03)"],"duration":11,"failing":false,"failureDetails":[],"failureMessages":[],"fullName":"Calidad - Arquitectura y Bootstrap (QC-03) 2. El sistema de subida de archivos (uploads) debe tener sus directorios creados","invocations":1,"location":null,"numPassingAsserts":3,"retryReasons":[],"startAt":1789853149873,"status":"passed","title":"2. El sistema de subida de archivos (uploads) debe tener sus directorios creados"}],"endTime":1789853149890,"message":"","name":"C:\\Users\\cristian andres\\OneDrive\\Documentos\\todo lo de foam wash\\foam version final\\FoamWash\\backend\\src\\test\\pruebas de calidad\\QC-03_ArquitecturaApp.spec.ts","startTime":1789853148736,"status":"passed","summary":""},{"assertionResults":[{"ancestorTitles":["EmpleadosController"],"duration":13,"failing":false,"failureDetails":[],"failureMessages":[],"fullName":"EmpleadosController findAll - debe retornar lista de empleados","invocations":1,"location":null,"numPassingAsserts":1,"retryReasons":[],"startAt":1789853150582,"status":"passed","title":"findAll - debe retornar lista de empleados"},{"ancestorTitles":["EmpleadosController"],"duration":5,"failing":false,"failureDetails":[],"failureMessages":[],"fullName":"EmpleadosController create - debe crear empleado","invocations":1,"location":null,"numPassingAsserts":1,"retryReasons":[],"startAt":1789853150597,"status":"passed","title":"create - debe crear empleado"},{"ancestorTitles":["EmpleadosController"],"duration":7,"failing":false,"failureDetails":[],"failureMessages":[],"fullName":"EmpleadosController sinServicios - debe retornar empleados sin servicios","invocations":1,"location":null,"numPassingAsserts":1,"retryReasons":[],"startAt":1789853150603,"status":"passed","title":"sinServicios - debe retornar empleados sin servicios"},{"ancestorTitles":["EmpleadosController"],"duration":6,"failing":false,"failureDetails":[],"failureMessages":[],"fullName":"EmpleadosController serviciosFinalizados - debe retornar servicios finalizados","invocations":1,"location":null,"numPassingAsserts":1,"retryReasons":[],"startAt":1789853150612,"status":"passed","title":"serviciosFinalizados - debe retornar servicios finalizados"},{"ancestorTitles":["EmpleadosController"],"duration":5,"failing":false,"failureDetails":[],"failureMessages":[],"fullName":"EmpleadosController productividadGeneral - debe retornar productividad general","invocations":1,"location":null,"numPassingAsserts":1,"retryReasons":[],"startAt":1789853150619,"status":"passed","title":"productividadGeneral - debe retornar productividad general"},{"ancestorTitles":["EmpleadosController"],"duration":7,"failing":false,"failureDetails":[],"failureMessages":[],"fullName":"EmpleadosController miPerfilCompleto - debe retornar perfil autenticado","invocations":1,"location":null,"numPassingAsserts":1,"retryReasons":[],"startAt":1789853150625,"status":"passed","title":"miPerfilCompleto - debe retornar perfil autenticado"},{"ancestorTitles":["EmpleadosController"],"duration":7,"failing":false,"failureDetails":[],"failureMessages":[],"fullName":"EmpleadosController miDesempeno - debe retornar desempeño autenticado","invocations":1,"location":null,"numPassingAsserts":1,"retryReasons":[],"startAt":1789853150633,"status":"passed","title":"miDesempeno - debe retornar desempeño autenticado"},{"ancestorTitles":["EmpleadosController"],"duration":8,"failing":false,"failureDetails":[],"failureMessages":[],"fullName":"EmpleadosController misServiciosHoy - debe retornar servicios hoy autenticado","invocations":1,"location":null,"numPassingAsserts":1,"retryReasons":[],"startAt":1789853150641,"status":"passed","title":"misServiciosHoy - debe retornar servicios hoy autenticado"},{"ancestorTitles":["EmpleadosController"],"duration":7,"failing":false,"failureDetails":[],"failureMessages":[],"fullName":"EmpleadosController perfilCompleto - debe retornar perfil por id","invocations":1,"location":null,"numPassingAsserts":1,"retryReasons":[],"startAt":1789853150650,"status":"passed","title":"perfilCompleto - debe retornar perfil por id"},{"ancestorTitles":["EmpleadosController"],"duration":8,"failing":false,"failureDetails":[],"failureMessages":[],"fullName":"EmpleadosController desempeno - debe retornar desempeno por id","invocations":1,"location":null,"numPassingAsserts":1,"retryReasons":[],"startAt":1789853150658,"status":"passed","title":"desempeno - debe retornar desempeno por id"},{"ancestorTitles":["EmpleadosController"],"duration":6,"failing":false,"failureDetails":[],"failureMessages":[],"fullName":"EmpleadosController serviciosHoy - debe retornar servicios de hoy por id","invocations":1,"location":null,"numPassingAsserts":1,"retryReasons":[],"startAt":1789853150669,"status":"passed","title":"serviciosHoy - debe retornar servicios de hoy por id"},{"ancestorTitles":["EmpleadosController"],"duration":9,"failing":false,"failureDetails":[],"failureMessages":[],"fullName":"EmpleadosController agendaSemanal - debe retornar agenda semanal","invocations":1,"location":null,"numPassingAsserts":1,"retryReasons":[],"startAt":1789853150676,"status":"passed","title":"agendaSemanal - debe retornar agenda semanal"},{"ancestorTitles":["EmpleadosController"],"duration":5,"failing":false,"failureDetails":[],"failureMessages":[],"fullName":"EmpleadosController agendaMensual - debe retornar agenda mensual","invocations":1,"location":null,"numPassingAsserts":1,"retryReasons":[],"startAt":1789853150687,"status":"passed","title":"agendaMensual - debe retornar agenda mensual"},{"ancestorTitles":["EmpleadosController"],"duration":7,"failing":false,"failureDetails":[],"failureMessages":[],"fullName":"EmpleadosController historial - debe retornar historial de servicios","invocations":1,"location":null,"numPassingAsserts":1,"retryReasons":[],"startAt":1789853150693,"status":"passed","title":"historial - debe retornar historial de servicios"},{"ancestorTitles":["EmpleadosController"],"duration":5,"failing":false,"failureDetails":[],"failureMessages":[],"fullName":"EmpleadosController completados - debe retornar completados","invocations":1,"location":null,"numPassingAsserts":1,"retryReasons":[],"startAt":1789853150702,"status":"passed","title":"completados - debe retornar completados"},{"ancestorTitles":["EmpleadosController"],"duration":8,"failing":false,"failureDetails":[],"failureMessages":[],"fullName":"EmpleadosController pendientes - debe retornar pendientes","invocations":1,"location":null,"numPassingAsserts":1,"retryReasons":[],"startAt":1789853150708,"status":"passed","title":"pendientes - debe retornar pendientes"}],"endTime":1789853150720,"message":"","name":"C:\\Users\\cristian andres\\OneDrive\\Documentos\\todo lo de foam wash\\foam version final\\FoamWash\\backend\\src\\test\\pruebas de cobertura\\EmpleadosController.spec.ts","startTime":1789853149909,"status":"passed","summary":""},{"assertionResults":[{"ancestorTitles":["ConsultasService"],"duration":9,"failing":false,"failureDetails":[],"failureMessages":[],"fullName":"ConsultasService debe estar definido","invocations":1,"location":null,"numPassingAsserts":1,"retryReasons":[],"startAt":1789853151160,"status":"passed","title":"debe estar definido"},{"ancestorTitles":["ConsultasService"],"duration":12,"failing":false,"failureDetails":[],"failureMessages":[],"fullName":"ConsultasService 1. usuariosPorRol() - debe retornar conteo por rol","invocations":1,"location":null,"numPassingAsserts":2,"retryReasons":[],"startAt":1789853151171,"status":"passed","title":"1. usuariosPorRol() - debe retornar conteo por rol"},{"ancestorTitles":["ConsultasService"],"duration":7,"failing":false,"failureDetails":[],"failureMessages":[],"fullName":"ConsultasService 2. serviciosDisponibles() - debe retornar servicios","invocations":1,"location":null,"numPassingAsserts":1,"retryReasons":[],"startAt":1789853151184,"status":"passed","title":"2. serviciosDisponibles() - debe retornar servicios"},{"ancestorTitles":["ConsultasService"],"duration":11,"failing":false,"failureDetails":[],"failureMessages":[],"fullName":"ConsultasService 3. serviciosPorCliente() - debe retornar clientes y sus servicios","invocations":1,"location":null,"numPassingAsserts":1,"retryReasons":[],"startAt":1789853151192,"status":"passed","title":"3. serviciosPorCliente() - debe retornar clientes y sus servicios"},{"ancestorTitles":["ConsultasService"],"duration":4,"failing":false,"failureDetails":[],"failureMessages":[],"fullName":"ConsultasService 4. agendaEmpleado() - debe retornar agenda del empleado","invocations":1,"location":null,"numPassingAsserts":1,"retryReasons":[],"startAt":1789853151204,"status":"passed","title":"4. agendaEmpleado() - debe retornar agenda del empleado"},{"ancestorTitles":["ConsultasService"],"duration":6,"failing":false,"failureDetails":[],"failureMessages":[],"fullName":"ConsultasService 5. clientesSemana() - debe retornar reservas de la semana","invocations":1,"location":null,"numPassingAsserts":1,"retryReasons":[],"startAt":1789853151209,"status":"passed","title":"5. clientesSemana() - debe retornar reservas de la semana"},{"ancestorTitles":["ConsultasService"],"duration":5,"failing":false,"failureDetails":[],"failureMessages":[],"fullName":"ConsultasService 6. reservasPorServicio() - debe retornar reservas por servicio","invocations":1,"location":null,"numPassingAsserts":1,"retryReasons":[],"startAt":1789853151217,"status":"passed","title":"6. reservasPorServicio() - debe retornar reservas por servicio"},{"ancestorTitles":["ConsultasService"],"duration":5,"failing":false,"failureDetails":[],"failureMessages":[],"fullName":"ConsultasService 7. reservasPorCliente() - debe retornar conteo de reservas por cliente","invocations":1,"location":null,"numPassingAsserts":1,"retryReasons":[],"startAt":1789853151224,"status":"passed","title":"7. reservasPorCliente() - debe retornar conteo de reservas por cliente"},{"ancestorTitles":["ConsultasService"],"duration":6,"failing":false,"failureDetails":[],"failureMessages":[],"fullName":"ConsultasService 8. empleadosServiciosMes() - debe retornar servicios por empleado","invocations":1,"location":null,"numPassingAsserts":1,"retryReasons":[],"startAt":1789853151230,"status":"passed","title":"8. empleadosServiciosMes() - debe retornar servicios por empleado"},{"ancestorTitles":["ConsultasService"],"duration":4,"failing":false,"failureDetails":[],"failureMessages":[],"fullName":"ConsultasService 9. empleadosSinServicios() - debe retornar empleados sin servicios","invocations":1,"location":null,"numPassingAsserts":1,"retryReasons":[],"startAt":1789853151238,"status":"passed","title":"9. empleadosSinServicios() - debe retornar empleados sin servicios"},{"ancestorTitles":["ConsultasService"],"duration":6,"failing":false,"failureDetails":[],"failureMessages":[],"fullName":"ConsultasService 10. agendaSemanalCompleta() - debe retornar agenda semanal de empleados","invocations":1,"location":null,"numPassingAsserts":1,"retryReasons":[],"startAt":1789853151244,"status":"passed","title":"10. agendaSemanalCompleta() - debe retornar agenda semanal de empleados"},{"ancestorTitles":["ConsultasService"],"duration":7,"failing":false,"failureDetails":[],"failureMessages":[],"fullName":"ConsultasService 11. todas() - debe retornar todos los resultados","invocations":1,"location":null,"numPassingAsserts":7,"retryReasons":[],"startAt":1789853151251,"status":"passed","title":"11. todas() - debe retornar todos los resultados"}],"endTime":1789853151261,"message":"","name":"C:\\Users\\cristian andres\\OneDrive\\Documentos\\todo lo de foam wash\\foam version final\\FoamWash\\backend\\src\\test\\pruebas de cobertura\\Consultas.spec.ts","startTime":1789853150739,"status":"passed","summary":""},{"assertionResults":[{"ancestorTitles":["13_ObservacionesServicio"],"duration":11,"failing":false,"failureDetails":[],"failureMessages":[],"fullName":"13_ObservacionesServicio CP-080: El trabajador puede registrar correctamente las observaciones de","invocations":1,"location":null,"numPassingAsserts":1,"retryReasons":[],"startAt":1789853151790,"status":"passed","title":"CP-080: El trabajador puede registrar correctamente las observaciones de"},{"ancestorTitles":["13_ObservacionesServicio"],"duration":5,"failing":false,"failureDetails":[],"failureMessages":[],"fullName":"13_ObservacionesServicio CP-081: El trabajador puede registrar en blanco las observaciones,","invocations":1,"location":null,"numPassingAsserts":1,"retryReasons":[],"startAt":1789853151802,"status":"passed","title":"CP-081: El trabajador puede registrar en blanco las observaciones,"},{"ancestorTitles":["13_ObservacionesServicio"],"duration":6,"failing":false,"failureDetails":[],"failureMessages":[],"fullName":"13_ObservacionesServicio CP-082: El administrador puede ver las observaciones que dejo","invocations":1,"location":null,"numPassingAsserts":1,"retryReasons":[],"startAt":1789853151808,"status":"passed","title":"CP-082: El administrador puede ver las observaciones que dejo"}],"endTime":1789853151817,"message":"","name":"C:\\Users\\cristian andres\\OneDrive\\Documentos\\todo lo de foam wash\\foam version final\\FoamWash\\backend\\src\\test\\pruebas unitarias\\13_ObservacionesServicio.spec.ts","startTime":1789853151320,"status":"passed","summary":""},{"assertionResults":[{"ancestorTitles":["AuthController"],"duration":18,"failing":false,"failureDetails":[],"failureMessages":[],"fullName":"AuthController logout - debe cerrar sesion y limpiar cookies","invocations":1,"location":null,"numPassingAsserts":5,"retryReasons":[],"startAt":1789853152583,"status":"passed","title":"logout - debe cerrar sesion y limpiar cookies"},{"ancestorTitles":["AuthController"],"duration":32,"failing":false,"failureDetails":[],"failureMessages":[],"fullName":"AuthController requestPasswordReset - debe llamar al servicio","invocations":1,"location":null,"numPassingAsserts":1,"retryReasons":[],"startAt":1789853152603,"status":"passed","title":"requestPasswordReset - debe llamar al servicio"},{"ancestorTitles":["AuthController"],"duration":6,"failing":false,"failureDetails":[],"failureMessages":[],"fullName":"AuthController verifyResetCode - debe llamar al servicio","invocations":1,"location":null,"numPassingAsserts":1,"retryReasons":[],"startAt":1789853152636,"status":"passed","title":"verifyResetCode - debe llamar al servicio"},{"ancestorTitles":["AuthController"],"duration":7,"failing":false,"failureDetails":[],"failureMessages":[],"fullName":"AuthController resetPassword - debe llamar al servicio","invocations":1,"location":null,"numPassingAsserts":1,"retryReasons":[],"startAt":1789853152648,"status":"passed","title":"resetPassword - debe llamar al servicio"}],"endTime":1789853152660,"message":"","name":"C:\\Users\\cristian andres\\OneDrive\\Documentos\\todo lo de foam wash\\foam version final\\FoamWash\\backend\\src\\test\\pruebas de cobertura\\AuthController.spec.ts","startTime":1789853151838,"status":"passed","summary":""},{"assertionResults":[{"ancestorTitles":["ServiciosController"],"duration":11,"failing":false,"failureDetails":[],"failureMessages":[],"fullName":"ServiciosController findAll - debe retornar servicios","invocations":1,"location":null,"numPassingAsserts":1,"retryReasons":[],"startAt":1789853153283,"status":"passed","title":"findAll - debe retornar servicios"},{"ancestorTitles":["ServiciosController"],"duration":7,"failing":false,"failureDetails":[],"failureMessages":[],"fullName":"ServiciosController masSolicitados - debe retornar servicios mas solicitados","invocations":1,"location":null,"numPassingAsserts":1,"retryReasons":[],"startAt":1789853153295,"status":"passed","title":"masSolicitados - debe retornar servicios mas solicitados"},{"ancestorTitles":["ServiciosController"],"duration":6,"failing":false,"failureDetails":[],"failureMessages":[],"fullName":"ServiciosController programadosHoy - debe retornar programados","invocations":1,"location":null,"numPassingAsserts":1,"retryReasons":[],"startAt":1789853153304,"status":"passed","title":"programadosHoy - debe retornar programados"},{"ancestorTitles":["ServiciosController"],"duration":9,"failing":false,"failureDetails":[],"failureMessages":[],"fullName":"ServiciosController findOne - debe retornar un servicio","invocations":1,"location":null,"numPassingAsserts":1,"retryReasons":[],"startAt":1789853153313,"status":"passed","title":"findOne - debe retornar un servicio"},{"ancestorTitles":["ServiciosController"],"duration":10,"failing":false,"failureDetails":[],"failureMessages":[],"fullName":"ServiciosController create - debe crear servicio","invocations":1,"location":null,"numPassingAsserts":1,"retryReasons":[],"startAt":1789853153324,"status":"passed","title":"create - debe crear servicio"},{"ancestorTitles":["ServiciosController"],"duration":6,"failing":false,"failureDetails":[],"failureMessages":[],"fullName":"ServiciosController update - debe actualizar servicio","invocations":1,"location":null,"numPassingAsserts":1,"retryReasons":[],"startAt":1789853153336,"status":"passed","title":"update - debe actualizar servicio"},{"ancestorTitles":["ServiciosController"],"duration":12,"failing":false,"failureDetails":[],"failureMessages":[],"fullName":"ServiciosController remove - debe eliminar servicio","invocations":1,"location":null,"numPassingAsserts":1,"retryReasons":[],"startAt":1789853153343,"status":"passed","title":"remove - debe eliminar servicio"}],"endTime":1789853153360,"message":"","name":"C:\\Users\\cristian andres\\OneDrive\\Documentos\\todo lo de foam wash\\foam version final\\FoamWash\\backend\\src\\test\\pruebas de cobertura\\ServiciosController.spec.ts","startTime":1789853152684,"status":"passed","summary":""},{"assertionResults":[{"ancestorTitles":["UsuariosController"],"duration":12,"failing":false,"failureDetails":[],"failureMessages":[],"fullName":"UsuariosController findAll - debe retornar usuarios","invocations":1,"location":null,"numPassingAsserts":1,"retryReasons":[],"startAt":1789853154029,"status":"passed","title":"findAll - debe retornar usuarios"},{"ancestorTitles":["UsuariosController"],"duration":6,"failing":false,"failureDetails":[],"failureMessages":[],"fullName":"UsuariosController findOne - debe retornar usuario","invocations":1,"location":null,"numPassingAsserts":1,"retryReasons":[],"startAt":1789853154042,"status":"passed","title":"findOne - debe retornar usuario"},{"ancestorTitles":["UsuariosController"],"duration":6,"failing":false,"failureDetails":[],"failureMessages":[],"fullName":"UsuariosController createEmpleado - debe crear empleado","invocations":1,"location":null,"numPassingAsserts":1,"retryReasons":[],"startAt":1789853154049,"status":"passed","title":"createEmpleado - debe crear empleado"},{"ancestorTitles":["UsuariosController"],"duration":7,"failing":false,"failureDetails":[],"failureMessages":[],"fullName":"UsuariosController update - debe actualizar usuario","invocations":1,"location":null,"numPassingAsserts":1,"retryReasons":[],"startAt":1789853154056,"status":"passed","title":"update - debe actualizar usuario"},{"ancestorTitles":["UsuariosController"],"duration":6,"failing":false,"failureDetails":[],"failureMessages":[],"fullName":"UsuariosController softDelete - debe hacer softDelete","invocations":1,"location":null,"numPassingAsserts":1,"retryReasons":[],"startAt":1789853154064,"status":"passed","title":"softDelete - debe hacer softDelete"},{"ancestorTitles":["UsuariosController"],"duration":5,"failing":false,"failureDetails":[],"failureMessages":[],"fullName":"UsuariosController usuariosPorRol - debe retornar","invocations":1,"location":null,"numPassingAsserts":1,"retryReasons":[],"startAt":1789853154071,"status":"passed","title":"usuariosPorRol - debe retornar"},{"ancestorTitles":["UsuariosController"],"duration":7,"failing":false,"failureDetails":[],"failureMessages":[],"fullName":"UsuariosController empleadosActivos - debe retornar","invocations":1,"location":null,"numPassingAsserts":1,"retryReasons":[],"startAt":1789853154078,"status":"passed","title":"empleadosActivos - debe retornar"},{"ancestorTitles":["UsuariosController"],"duration":6,"failing":false,"failureDetails":[],"failureMessages":[],"fullName":"UsuariosController historialCliente - debe retornar","invocations":1,"location":null,"numPassingAsserts":1,"retryReasons":[],"startAt":1789853154086,"status":"passed","title":"historialCliente - debe retornar"}],"endTime":1789853154095,"message":"","name":"C:\\Users\\cristian andres\\OneDrive\\Documentos\\todo lo de foam wash\\foam version final\\FoamWash\\backend\\src\\test\\pruebas de cobertura\\UsuariosController.spec.ts","startTime":1789853153421,"status":"passed","summary":""},{"assertionResults":[{"ancestorTitles":["ReservasController"],"duration":11,"failing":false,"failureDetails":[],"failureMessages":[],"fullName":"ReservasController findAll - debe retornar reservas","invocations":1,"location":null,"numPassingAsserts":1,"retryReasons":[],"startAt":1789853154705,"status":"passed","title":"findAll - debe retornar reservas"},{"ancestorTitles":["ReservasController"],"duration":6,"failing":false,"failureDetails":[],"failureMessages":[],"fullName":"ReservasController findByEstado - debe retornar reservas","invocations":1,"location":null,"numPassingAsserts":1,"retryReasons":[],"startAt":1789853154717,"status":"passed","title":"findByEstado - debe retornar reservas"},{"ancestorTitles":["ReservasController"],"duration":7,"failing":false,"failureDetails":[],"failureMessages":[],"fullName":"ReservasController findByCliente - debe retornar reservas","invocations":1,"location":null,"numPassingAsserts":1,"retryReasons":[],"startAt":1789853154725,"status":"passed","title":"findByCliente - debe retornar reservas"},{"ancestorTitles":["ReservasController"],"duration":7,"failing":false,"failureDetails":[],"failureMessages":[],"fullName":"ReservasController findOne - debe retornar una reserva","invocations":1,"location":null,"numPassingAsserts":1,"retryReasons":[],"startAt":1789853154733,"status":"passed","title":"findOne - debe retornar una reserva"},{"ancestorTitles":["ReservasController"],"duration":7,"failing":false,"failureDetails":[],"failureMessages":[],"fullName":"ReservasController create - debe crear reserva","invocations":1,"location":null,"numPassingAsserts":1,"retryReasons":[],"startAt":1789853154742,"status":"passed","title":"create - debe crear reserva"},{"ancestorTitles":["ReservasController"],"duration":5,"failing":false,"failureDetails":[],"failureMessages":[],"fullName":"ReservasController update - debe actualizar reserva","invocations":1,"location":null,"numPassingAsserts":1,"retryReasons":[],"startAt":1789853154752,"status":"passed","title":"update - debe actualizar reserva"},{"ancestorTitles":["ReservasController"],"duration":6,"failing":false,"failureDetails":[],"failureMessages":[],"fullName":"ReservasController updateEstado - debe actualizar estado","invocations":1,"location":null,"numPassingAsserts":1,"retryReasons":[],"startAt":1789853154760,"status":"passed","title":"updateEstado - debe actualizar estado"},{"ancestorTitles":["ReservasController"],"duration":6,"failing":false,"failureDetails":[],"failureMessages":[],"fullName":"ReservasController cancelarReserva - debe cancelar","invocations":1,"location":null,"numPassingAsserts":1,"retryReasons":[],"startAt":1789853154768,"status":"passed","title":"cancelarReserva - debe cancelar"},{"ancestorTitles":["ReservasController"],"duration":7,"failing":false,"failureDetails":[],"failureMessages":[],"fullName":"ReservasController remove - debe eliminar","invocations":1,"location":null,"numPassingAsserts":1,"retryReasons":[],"startAt":1789853154776,"status":"passed","title":"remove - debe eliminar"}],"endTime":1789853154786,"message":"","name":"C:\\Users\\cristian andres\\OneDrive\\Documentos\\todo lo de foam wash\\foam version final\\FoamWash\\backend\\src\\test\\pruebas de cobertura\\ReservasController.spec.ts","startTime":1789853154111,"status":"passed","summary":""},{"assertionResults":[{"ancestorTitles":["GestionEmpleados"],"duration":181,"failing":false,"failureDetails":[],"failureMessages":[],"fullName":"GestionEmpleados CP-056: El empleado pueda iniciar sesi¾n correctamente","invocations":1,"location":null,"numPassingAsserts":2,"retryReasons":[],"startAt":1789853155184,"status":"passed","title":"CP-056: El empleado pueda iniciar sesi¾n correctamente"},{"ancestorTitles":["GestionEmpleados"],"duration":33,"failing":false,"failureDetails":[],"failureMessages":[],"fullName":"GestionEmpleados CP-057: No permita acceso con contrase±a incorrecta","invocations":1,"location":null,"numPassingAsserts":1,"retryReasons":[],"startAt":1789853155366,"status":"passed","title":"CP-057: No permita acceso con contrase±a incorrecta"},{"ancestorTitles":["GestionEmpleados"],"duration":5,"failing":false,"failureDetails":[],"failureMessages":[],"fullName":"GestionEmpleados CP-058: No permita acceso con usuario inexistente","invocations":1,"location":null,"numPassingAsserts":2,"retryReasons":[],"startAt":1789853155401,"status":"passed","title":"CP-058: No permita acceso con usuario inexistente"},{"ancestorTitles":["GestionEmpleados"],"duration":7,"failing":false,"failureDetails":[],"failureMessages":[],"fullName":"GestionEmpleados CP-059: Campos obligatorios","invocations":1,"location":null,"numPassingAsserts":2,"retryReasons":[],"startAt":1789853155407,"status":"passed","title":"CP-059: Campos obligatorios"},{"ancestorTitles":["GestionEmpleados"],"duration":5,"failing":false,"failureDetails":[],"failureMessages":[],"fullName":"GestionEmpleados CP-060: Funcionalidad de mostrar/ocultar contrase±a","invocations":1,"location":null,"numPassingAsserts":1,"retryReasons":[],"startAt":1789853155415,"status":"passed","title":"CP-060: Funcionalidad de mostrar/ocultar contrase±a"},{"ancestorTitles":["GestionEmpleados"],"duration":6,"failing":false,"failureDetails":[],"failureMessages":[],"fullName":"GestionEmpleados CP-061: Recuperación de contraseña","invocations":1,"location":null,"numPassingAsserts":1,"retryReasons":[],"startAt":1789853155421,"status":"passed","title":"CP-061: Recuperación de contraseña"}],"endTime":1789853155430,"message":"","name":"C:\\Users\\cristian andres\\OneDrive\\Documentos\\todo lo de foam wash\\foam version final\\FoamWash\\backend\\src\\test\\pruebas unitarias\\09_IngresoEmpleado.spec.ts","startTime":1789853154806,"status":"passed","summary":""},{"assertionResults":[{"ancestorTitles":["Registro"],"duration":21,"failing":false,"failureDetails":[],"failureMessages":[],"fullName":"Registro CP-001: El cliente pueda registrarse correctamente con informaci¾n vßlida","invocations":1,"location":null,"numPassingAsserts":5,"retryReasons":[],"startAt":1789853155982,"status":"passed","title":"CP-001: El cliente pueda registrarse correctamente con informaci¾n vßlida"},{"ancestorTitles":["Registro"],"duration":26,"failing":false,"failureDetails":[],"failureMessages":[],"fullName":"Registro CP-002: El sistema no permita registrar un correo electr¾nico","invocations":1,"location":null,"numPassingAsserts":2,"retryReasons":[],"startAt":1789853156004,"status":"passed","title":"CP-002: El sistema no permita registrar un correo electr¾nico"},{"ancestorTitles":["Registro"],"duration":7,"failing":false,"failureDetails":[],"failureMessages":[],"fullName":"Registro CP-003: El sistema valide los campos obligatorios vacÝos","invocations":1,"location":null,"numPassingAsserts":0,"retryReasons":[],"startAt":1789853156033,"status":"passed","title":"CP-003: El sistema valide los campos obligatorios vacÝos"},{"ancestorTitles":["Registro"],"duration":6,"failing":false,"failureDetails":[],"failureMessages":[],"fullName":"Registro CP-004: El sistema valide el formato de los datos","invocations":1,"location":null,"numPassingAsserts":2,"retryReasons":[],"startAt":1789853156041,"status":"passed","title":"CP-004: El sistema valide el formato de los datos"},{"ancestorTitles":["Registro"],"duration":7,"failing":false,"failureDetails":[],"failureMessages":[],"fullName":"Registro CP-005: Comportamiento del sistema cuando ocurre un error de","invocations":1,"location":null,"numPassingAsserts":1,"retryReasons":[],"startAt":1789853156050,"status":"passed","title":"CP-005: Comportamiento del sistema cuando ocurre un error de"}],"endTime":1789853156060,"message":"","name":"C:\\Users\\cristian andres\\OneDrive\\Documentos\\todo lo de foam wash\\foam version final\\FoamWash\\backend\\src\\test\\pruebas unitarias\\01_IngresoCliente.spec.ts","startTime":1789853155468,"status":"passed","summary":""},{"assertionResults":[{"ancestorTitles":["HistorialServicios"],"duration":12,"failing":false,"failureDetails":[],"failureMessages":[],"fullName":"HistorialServicios CP-050: El usuario pueda consultar el historial de servicios","invocations":1,"location":null,"numPassingAsserts":3,"retryReasons":[],"startAt":1789853156596,"status":"passed","title":"CP-050: El usuario pueda consultar el historial de servicios"},{"ancestorTitles":["HistorialServicios"],"duration":11,"failing":false,"failureDetails":[],"failureMessages":[],"fullName":"HistorialServicios CP-051: El usuario solo consulte su propio historial","invocations":1,"location":null,"numPassingAsserts":1,"retryReasons":[],"startAt":1789853156610,"status":"passed","title":"CP-051: El usuario solo consulte su propio historial"},{"ancestorTitles":["HistorialServicios"],"duration":9,"failing":false,"failureDetails":[],"failureMessages":[],"fullName":"HistorialServicios CP-052: Actualizaci¾n del historial despuÚs de finalizar un servicio","invocations":1,"location":null,"numPassingAsserts":1,"retryReasons":[],"startAt":1789853156624,"status":"passed","title":"CP-052: Actualizaci¾n del historial despuÚs de finalizar un servicio"},{"ancestorTitles":["HistorialServicios"],"duration":6,"failing":false,"failureDetails":[],"failureMessages":[],"fullName":"HistorialServicios CP-053: El usuario pueda consultar el detalle de un","invocations":1,"location":null,"numPassingAsserts":2,"retryReasons":[],"startAt":1789853156635,"status":"passed","title":"CP-053: El usuario pueda consultar el detalle de un"},{"ancestorTitles":["HistorialServicios"],"duration":21,"failing":false,"failureDetails":[],"failureMessages":[],"fullName":"HistorialServicios CP-054: Filtros del historial de servicios","invocations":1,"location":null,"numPassingAsserts":1,"retryReasons":[],"startAt":1789853156644,"status":"passed","title":"CP-054: Filtros del historial de servicios"},{"ancestorTitles":["HistorialServicios"],"duration":7,"failing":false,"failureDetails":[],"failureMessages":[],"fullName":"HistorialServicios CP-055: Comportamiento cuando ocurre una falla al cargar el historial","invocations":1,"location":null,"numPassingAsserts":1,"retryReasons":[],"startAt":1789853156667,"status":"passed","title":"CP-055: Comportamiento cuando ocurre una falla al cargar el historial"}],"endTime":1789853156677,"message":"","name":"C:\\Users\\cristian andres\\OneDrive\\Documentos\\todo lo de foam wash\\foam version final\\FoamWash\\backend\\src\\test\\pruebas unitarias\\08_HistorialServiciosCliente.spec.ts","startTime":1789853156103,"status":"passed","summary":""},{"assertionResults":[{"ancestorTitles":["Reportes y Estadísticas"],"duration":12,"failing":false,"failureDetails":[],"failureMessages":[],"fullName":"Reportes y Estadísticas CP-074: El empleado pueda marcar un servicio como finalizado","invocations":1,"location":null,"numPassingAsserts":5,"retryReasons":[],"startAt":1789853157118,"status":"passed","title":"CP-074: El empleado pueda marcar un servicio como finalizado"},{"ancestorTitles":["Reportes y Estadísticas"],"duration":6,"failing":false,"failureDetails":[],"failureMessages":[],"fullName":"Reportes y Estadísticas CP-075: Confirmaci¾n de la acci¾n","invocations":1,"location":null,"numPassingAsserts":1,"retryReasons":[],"startAt":1789853157132,"status":"passed","title":"CP-075: Confirmaci¾n de la acci¾n"},{"ancestorTitles":["Reportes y Estadísticas"],"duration":7,"failing":false,"failureDetails":[],"failureMessages":[],"fullName":"Reportes y Estadísticas CP-076: Actualizaci¾n en la lista de servicios","invocations":1,"location":null,"numPassingAsserts":1,"retryReasons":[],"startAt":1789853157139,"status":"passed","title":"CP-076: Actualizaci¾n en la lista de servicios"},{"ancestorTitles":["Reportes y Estadísticas"],"duration":6,"failing":false,"failureDetails":[],"failureMessages":[],"fullName":"Reportes y Estadísticas CP-077: Restricci¾n de servicios no asignados","invocations":1,"location":null,"numPassingAsserts":1,"retryReasons":[],"startAt":1789853157149,"status":"passed","title":"CP-077: Restricci¾n de servicios no asignados"},{"ancestorTitles":["Reportes y Estadísticas"],"duration":6,"failing":false,"failureDetails":[],"failureMessages":[],"fullName":"Reportes y Estadísticas CP-078: Persistencia del estado","invocations":1,"location":null,"numPassingAsserts":1,"retryReasons":[],"startAt":1789853157156,"status":"passed","title":"CP-078: Persistencia del estado"},{"ancestorTitles":["Reportes y Estadísticas"],"duration":5,"failing":false,"failureDetails":[],"failureMessages":[],"fullName":"Reportes y Estadísticas CP-079: Actualización en tiempo real","invocations":1,"location":null,"numPassingAsserts":1,"retryReasons":[],"startAt":1789853157164,"status":"passed","title":"CP-079: Actualización en tiempo real"}],"endTime":1789853157171,"message":"","name":"C:\\Users\\cristian andres\\OneDrive\\Documentos\\todo lo de foam wash\\foam version final\\FoamWash\\backend\\src\\test\\pruebas unitarias\\12_FinalizarServicio.spec.ts","startTime":1789853156726,"status":"passed","summary":""},{"assertionResults":[{"ancestorTitles":["Notificaciones"],"duration":11,"failing":false,"failureDetails":[],"failureMessages":[],"fullName":"Notificaciones CP-043: El usuario reciba una notificaci¾n cuando el estado","invocations":1,"location":null,"numPassingAsserts":2,"retryReasons":[],"startAt":1789853157634,"status":"passed","title":"CP-043: El usuario reciba una notificaci¾n cuando el estado"},{"ancestorTitles":["Notificaciones"],"duration":9,"failing":false,"failureDetails":[],"failureMessages":[],"fullName":"Notificaciones CP-044: El usuario no tenga un canal externo en","invocations":1,"location":null,"numPassingAsserts":3,"retryReasons":[],"startAt":1789853157646,"status":"passed","title":"CP-044: El usuario no tenga un canal externo en"},{"ancestorTitles":["Notificaciones"],"duration":14,"failing":false,"failureDetails":[],"failureMessages":[],"fullName":"Notificaciones CP-045: El usuario reciba una notificaci¾n cuando se crea","invocations":1,"location":null,"numPassingAsserts":2,"retryReasons":[],"startAt":1789853157659,"status":"passed","title":"CP-045: El usuario reciba una notificaci¾n cuando se crea"},{"ancestorTitles":["Notificaciones"],"duration":10,"failing":false,"failureDetails":[],"failureMessages":[],"fullName":"Notificaciones CP-046: El contenido de la notificaci¾n sea correcto","invocations":1,"location":null,"numPassingAsserts":3,"retryReasons":[],"startAt":1789853157674,"status":"passed","title":"CP-046: El contenido de la notificaci¾n sea correcto"},{"ancestorTitles":["Notificaciones"],"duration":29,"failing":false,"failureDetails":[],"failureMessages":[],"fullName":"Notificaciones CP-047: La notificaci¾n se envÝe a los canales externos","invocations":1,"location":null,"numPassingAsserts":1,"retryReasons":[],"startAt":1789853157685,"status":"passed","title":"CP-047: La notificaci¾n se envÝe a los canales externos"},{"ancestorTitles":["Notificaciones"],"duration":7,"failing":false,"failureDetails":[],"failureMessages":[],"fullName":"Notificaciones CP-048: No se envÝen notificaciones duplicadas por un mismo","invocations":1,"location":null,"numPassingAsserts":2,"retryReasons":[],"startAt":1789853157716,"status":"passed","title":"CP-048: No se envÝen notificaciones duplicadas por un mismo"},{"ancestorTitles":["Notificaciones"],"duration":10,"failing":false,"failureDetails":[],"failureMessages":[],"fullName":"Notificaciones CP-049: Las notificaciones se reciban en el orden correcto","invocations":1,"location":null,"numPassingAsserts":3,"retryReasons":[],"startAt":1789853157724,"status":"passed","title":"CP-049: Las notificaciones se reciban en el orden correcto"}],"endTime":1789853157737,"message":"","name":"C:\\Users\\cristian andres\\OneDrive\\Documentos\\todo lo de foam wash\\foam version final\\FoamWash\\backend\\src\\test\\pruebas unitarias\\07_NotificacionesCliente.spec.ts","startTime":1789853157190,"status":"passed","summary":""},{"assertionResults":[{"ancestorTitles":["ConsultasController"],"duration":11,"failing":false,"failureDetails":[],"failureMessages":[],"fullName":"ConsultasController c1 - usuariosPorRol","invocations":1,"location":null,"numPassingAsserts":1,"retryReasons":[],"startAt":1789853158230,"status":"passed","title":"c1 - usuariosPorRol"},{"ancestorTitles":["ConsultasController"],"duration":5,"failing":false,"failureDetails":[],"failureMessages":[],"fullName":"ConsultasController c2 - serviciosDisponibles","invocations":1,"location":null,"numPassingAsserts":1,"retryReasons":[],"startAt":1789853158243,"status":"passed","title":"c2 - serviciosDisponibles"},{"ancestorTitles":["ConsultasController"],"duration":6,"failing":false,"failureDetails":[],"failureMessages":[],"fullName":"ConsultasController c3 - serviciosPorCliente","invocations":1,"location":null,"numPassingAsserts":1,"retryReasons":[],"startAt":1789853158250,"status":"passed","title":"c3 - serviciosPorCliente"},{"ancestorTitles":["ConsultasController"],"duration":6,"failing":false,"failureDetails":[],"failureMessages":[],"fullName":"ConsultasController c4 - agendaEmpleado","invocations":1,"location":null,"numPassingAsserts":1,"retryReasons":[],"startAt":1789853158257,"status":"passed","title":"c4 - agendaEmpleado"},{"ancestorTitles":["ConsultasController"],"duration":5,"failing":false,"failureDetails":[],"failureMessages":[],"fullName":"ConsultasController c5 - clientesSemana","invocations":1,"location":null,"numPassingAsserts":1,"retryReasons":[],"startAt":1789853158264,"status":"passed","title":"c5 - clientesSemana"},{"ancestorTitles":["ConsultasController"],"duration":7,"failing":false,"failureDetails":[],"failureMessages":[],"fullName":"ConsultasController c6 - reservasPorServicio","invocations":1,"location":null,"numPassingAsserts":1,"retryReasons":[],"startAt":1789853158271,"status":"passed","title":"c6 - reservasPorServicio"},{"ancestorTitles":["ConsultasController"],"duration":5,"failing":false,"failureDetails":[],"failureMessages":[],"fullName":"ConsultasController c7 - reservasPorCliente","invocations":1,"location":null,"numPassingAsserts":1,"retryReasons":[],"startAt":1789853158280,"status":"passed","title":"c7 - reservasPorCliente"},{"ancestorTitles":["ConsultasController"],"duration":7,"failing":false,"failureDetails":[],"failureMessages":[],"fullName":"ConsultasController c8 - empleadosServiciosMes","invocations":1,"location":null,"numPassingAsserts":1,"retryReasons":[],"startAt":1789853158286,"status":"passed","title":"c8 - empleadosServiciosMes"},{"ancestorTitles":["ConsultasController"],"duration":6,"failing":false,"failureDetails":[],"failureMessages":[],"fullName":"ConsultasController c9 - empleadosSinServicios","invocations":1,"location":null,"numPassingAsserts":1,"retryReasons":[],"startAt":1789853158296,"status":"passed","title":"c9 - empleadosSinServicios"},{"ancestorTitles":["ConsultasController"],"duration":6,"failing":false,"failureDetails":[],"failureMessages":[],"fullName":"ConsultasController c10 - agendaSemanalCompleta","invocations":1,"location":null,"numPassingAsserts":1,"retryReasons":[],"startAt":1789853158303,"status":"passed","title":"c10 - agendaSemanalCompleta"},{"ancestorTitles":["ConsultasController"],"duration":7,"failing":false,"failureDetails":[],"failureMessages":[],"fullName":"ConsultasController todas - todas las consultas","invocations":1,"location":null,"numPassingAsserts":1,"retryReasons":[],"startAt":1789853158312,"status":"passed","title":"todas - todas las consultas"}],"endTime":1789853158322,"message":"","name":"C:\\Users\\cristian andres\\OneDrive\\Documentos\\todo lo de foam wash\\foam version final\\FoamWash\\backend\\src\\test\\pruebas de cobertura\\ConsultasController.spec.ts","startTime":1789853157778,"status":"passed","summary":""},{"assertionResults":[{"ancestorTitles":["15_NotificacionesEmpleado"],"duration":10,"failing":false,"failureDetails":[],"failureMessages":[],"fullName":"15_NotificacionesEmpleado CP-085: Notificación por asignación","invocations":1,"location":null,"numPassingAsserts":1,"retryReasons":[],"startAt":1789853158775,"status":"passed","title":"CP-085: Notificación por asignación"},{"ancestorTitles":["15_NotificacionesEmpleado"],"duration":31,"failing":false,"failureDetails":[],"failureMessages":[],"fullName":"15_NotificacionesEmpleado CP-086: Notificación por reasignación","invocations":1,"location":null,"numPassingAsserts":1,"retryReasons":[],"startAt":1789853158786,"status":"passed","title":"CP-086: Notificación por reasignación"}],"endTime":1789853158820,"message":"","name":"C:\\Users\\cristian andres\\OneDrive\\Documentos\\todo lo de foam wash\\foam version final\\FoamWash\\backend\\src\\test\\pruebas unitarias\\15_NotificacionesEmpleado.spec.ts","startTime":1789853158349,"status":"passed","summary":""},{"assertionResults":[{"ancestorTitles":["18_AsignarReasignarServicios"],"duration":10,"failing":false,"failureDetails":[],"failureMessages":[],"fullName":"18_AsignarReasignarServicios CP-096: Asignación exitosa","invocations":1,"location":null,"numPassingAsserts":1,"retryReasons":[],"startAt":1789853159346,"status":"passed","title":"CP-096: Asignación exitosa"},{"ancestorTitles":["18_AsignarReasignarServicios"],"duration":6,"failing":false,"failureDetails":[],"failureMessages":[],"fullName":"18_AsignarReasignarServicios CP-097: Sin disponibilidad","invocations":1,"location":null,"numPassingAsserts":1,"retryReasons":[],"startAt":1789853159357,"status":"passed","title":"CP-097: Sin disponibilidad"},{"ancestorTitles":["18_AsignarReasignarServicios"],"duration":6,"failing":false,"failureDetails":[],"failureMessages":[],"fullName":"18_AsignarReasignarServicios CP-098: Reasignación exitosa","invocations":1,"location":null,"numPassingAsserts":1,"retryReasons":[],"startAt":1789853159367,"status":"passed","title":"CP-098: Reasignación exitosa"},{"ancestorTitles":["18_AsignarReasignarServicios"],"duration":8,"failing":false,"failureDetails":[],"failureMessages":[],"fullName":"18_AsignarReasignarServicios CP-099: Conflicto de horario","invocations":1,"location":null,"numPassingAsserts":1,"retryReasons":[],"startAt":1789853159374,"status":"passed","title":"CP-099: Conflicto de horario"}],"endTime":1789853159385,"message":"","name":"C:\\Users\\cristian andres\\OneDrive\\Documentos\\todo lo de foam wash\\foam version final\\FoamWash\\backend\\src\\test\\pruebas unitarias\\18_AsignarReasignarServicios.spec.ts","startTime":1789853158854,"status":"passed","summary":""},{"assertionResults":[{"ancestorTitles":["17_AdministrarOrdenesServicio"],"duration":10,"failing":false,"failureDetails":[],"failureMessages":[],"fullName":"17_AdministrarOrdenesServicio CP-092: Aprobación exitosa","invocations":1,"location":null,"numPassingAsserts":1,"retryReasons":[],"startAt":1789853159891,"status":"passed","title":"CP-092: Aprobación exitosa"},{"ancestorTitles":["17_AdministrarOrdenesServicio"],"duration":5,"failing":false,"failureDetails":[],"failureMessages":[],"fullName":"17_AdministrarOrdenesServicio CP-093: Rechazo con motivo","invocations":1,"location":null,"numPassingAsserts":1,"retryReasons":[],"startAt":1789853159903,"status":"passed","title":"CP-093: Rechazo con motivo"},{"ancestorTitles":["17_AdministrarOrdenesServicio"],"duration":30,"failing":false,"failureDetails":[],"failureMessages":[],"fullName":"17_AdministrarOrdenesServicio CP-094: Cancelación exitosa","invocations":1,"location":null,"numPassingAsserts":1,"retryReasons":[],"startAt":1789853159909,"status":"passed","title":"CP-094: Cancelación exitosa"},{"ancestorTitles":["17_AdministrarOrdenesServicio"],"duration":35,"failing":false,"failureDetails":[],"failureMessages":[],"fullName":"17_AdministrarOrdenesServicio CP-095: Orden inexistente","invocations":1,"location":null,"numPassingAsserts":1,"retryReasons":[],"startAt":1789853159940,"status":"passed","title":"CP-095: Orden inexistente"}],"endTime":1789853159978,"message":"","name":"C:\\Users\\cristian andres\\OneDrive\\Documentos\\todo lo de foam wash\\foam version final\\FoamWash\\backend\\src\\test\\pruebas unitarias\\17_AdministrarOrdenesServicio.spec.ts","startTime":1789853159403,"status":"passed","summary":""},{"assertionResults":[{"ancestorTitles":["UsuariosService"],"duration":10,"failing":false,"failureDetails":[],"failureMessages":[],"fullName":"UsuariosService findAll - debe retornar usuarios activos","invocations":1,"location":null,"numPassingAsserts":1,"retryReasons":[],"startAt":1789853160453,"status":"passed","title":"findAll - debe retornar usuarios activos"},{"ancestorTitles":["UsuariosService","findOne"],"duration":25,"failing":false,"failureDetails":[],"failureMessages":[],"fullName":"UsuariosService findOne debe lanzar NotFoundException si no existe el usuario","invocations":1,"location":null,"numPassingAsserts":1,"retryReasons":[],"startAt":1789853160465,"status":"passed","title":"debe lanzar NotFoundException si no existe el usuario"},{"ancestorTitles":["UsuariosService","findOne"],"duration":6,"failing":false,"failureDetails":[],"failureMessages":[],"fullName":"UsuariosService findOne debe retornar usuario con estadísticas si existe","invocations":1,"location":null,"numPassingAsserts":2,"retryReasons":[],"startAt":1789853160496,"status":"passed","title":"debe retornar usuario con estadísticas si existe"},{"ancestorTitles":["UsuariosService","update"],"duration":6,"failing":false,"failureDetails":[],"failureMessages":[],"fullName":"UsuariosService update debe lanzar NotFoundException si no existe el usuario","invocations":1,"location":null,"numPassingAsserts":1,"retryReasons":[],"startAt":1789853160503,"status":"passed","title":"debe lanzar NotFoundException si no existe el usuario"},{"ancestorTitles":["UsuariosService","update"],"duration":6,"failing":false,"failureDetails":[],"failureMessages":[],"fullName":"UsuariosService update debe actualizar el usuario si existe y no hay cambio de contraseña","invocations":1,"location":null,"numPassingAsserts":2,"retryReasons":[],"startAt":1789853160510,"status":"passed","title":"debe actualizar el usuario si existe y no hay cambio de contraseña"},{"ancestorTitles":["UsuariosService","softDelete"],"duration":5,"failing":false,"failureDetails":[],"failureMessages":[],"fullName":"UsuariosService softDelete debe lanzar NotFoundException si no existe el usuario","invocations":1,"location":null,"numPassingAsserts":1,"retryReasons":[],"startAt":1789853160518,"status":"passed","title":"debe lanzar NotFoundException si no existe el usuario"},{"ancestorTitles":["UsuariosService","softDelete"],"duration":6,"failing":false,"failureDetails":[],"failureMessages":[],"fullName":"UsuariosService softDelete debe desactivar al usuario si existe","invocations":1,"location":null,"numPassingAsserts":1,"retryReasons":[],"startAt":1789853160525,"status":"passed","title":"debe desactivar al usuario si existe"},{"ancestorTitles":["UsuariosService","usuariosPorRol"],"duration":5,"failing":false,"failureDetails":[],"failureMessages":[],"fullName":"UsuariosService usuariosPorRol debe retornar lista de usuarios por rol","invocations":1,"location":null,"numPassingAsserts":1,"retryReasons":[],"startAt":1789853160532,"status":"passed","title":"debe retornar lista de usuarios por rol"},{"ancestorTitles":["UsuariosService","empleadosActivos"],"duration":9,"failing":false,"failureDetails":[],"failureMessages":[],"fullName":"UsuariosService empleadosActivos debe retornar empleados activos","invocations":1,"location":null,"numPassingAsserts":1,"retryReasons":[],"startAt":1789853160538,"status":"passed","title":"debe retornar empleados activos"},{"ancestorTitles":["UsuariosService","historialCliente"],"duration":6,"failing":false,"failureDetails":[],"failureMessages":[],"fullName":"UsuariosService historialCliente debe retornar historial de reservas del cliente","invocations":1,"location":null,"numPassingAsserts":1,"retryReasons":[],"startAt":1789853160548,"status":"passed","title":"debe retornar historial de reservas del cliente"}],"endTime":1789853160556,"message":"","name":"C:\\Users\\cristian andres\\OneDrive\\Documentos\\todo lo de foam wash\\foam version final\\FoamWash\\backend\\src\\test\\pruebas de cobertura\\Usuarios.spec.ts","startTime":1789853160018,"status":"passed","summary":""},{"assertionResults":[{"ancestorTitles":["ServiciosService","findAll"],"duration":10,"failing":false,"failureDetails":[],"failureMessages":[],"fullName":"ServiciosService findAll debe retornar lista de servicios","invocations":1,"location":null,"numPassingAsserts":1,"retryReasons":[],"startAt":1789853161000,"status":"passed","title":"debe retornar lista de servicios"},{"ancestorTitles":["ServiciosService","findOne"],"duration":28,"failing":false,"failureDetails":[],"failureMessages":[],"fullName":"ServiciosService findOne debe lanzar NotFoundException si no existe","invocations":1,"location":null,"numPassingAsserts":1,"retryReasons":[],"startAt":1789853161013,"status":"passed","title":"debe lanzar NotFoundException si no existe"},{"ancestorTitles":["ServiciosService","findOne"],"duration":8,"failing":false,"failureDetails":[],"failureMessages":[],"fullName":"ServiciosService findOne debe retornar el servicio si existe","invocations":1,"location":null,"numPassingAsserts":1,"retryReasons":[],"startAt":1789853161042,"
[...]
sons":[],"startAt":1789853162097,"status":"passed","title":"CP-023: El cliente pueda consultar el listado de servicios"},{"ancestorTitles":["ConsultarServicios"],"duration":6,"failing":false,"failureDetails":[],"failureMessages":[],"fullName":"ConsultarServicios CP-024: El sistema muestre la tarifa correspondiente a cada","invocations":1,"location":null,"numPassingAsserts":1,"retryReasons":[],"startAt":1789853162109,"status":"passed","title":"CP-024: El sistema muestre la tarifa correspondiente a cada"},{"ancestorTitles":["ConsultarServicios"],"duration":7,"failing":false,"failureDetails":[],"failureMessages":[],"fullName":"ConsultarServicios CP-025: El cliente pueda visualizar la informaci¾n detallada de","invocations":1,"location":null,"numPassingAsserts":2,"retryReasons":[],"startAt":1789853162117,"status":"passed","title":"CP-025: El cliente pueda visualizar la informaci¾n detallada de"},{"ancestorTitles":["ConsultarServicios"],"duration":6,"failing":false,"failureDetails":[],"failureMessages":[],"fullName":"ConsultarServicios CP-026: El sistema permita consultar los servicios sin iniciar","invocations":1,"location":null,"numPassingAsserts":1,"retryReasons":[],"startAt":1789853162125,"status":"passed","title":"CP-026: El sistema permita consultar los servicios sin iniciar"},{"ancestorTitles":["ConsultarServicios"],"duration":6,"failing":false,"failureDetails":[],"failureMessages":[],"fullName":"ConsultarServicios CP-027: Las tarifas mostradas correspondan a las registradas en","invocations":1,"location":null,"numPassingAsserts":1,"retryReasons":[],"startAt":1789853162132,"status":"passed","title":"CP-027: Las tarifas mostradas correspondan a las registradas en"},{"ancestorTitles":["ConsultarServicios"],"duration":19,"failing":false,"failureDetails":[],"failureMessages":[],"fullName":"ConsultarServicios CP-028: El sistema cargue correctamente la informaci¾n de los","invocations":1,"location":null,"numPassingAsserts":1,"retryReasons":[],"startAt":1789853162139,"status":"passed","title":"CP-028: El sistema cargue correctamente la informaci¾n de los"},{"ancestorTitles":["ConsultarServicios"],"duration":6,"failing":false,"failureDetails":[],"failureMessages":[],"fullName":"ConsultarServicios CP-029: El sistema muestre una imagen representativa del servicio","invocations":1,"location":null,"numPassingAsserts":1,"retryReasons":[],"startAt":1789853162159,"status":"passed","title":"CP-029: El sistema muestre una imagen representativa del servicio"}],"endTime":1789853162168,"message":"","name":"C:\\Users\\cristian andres\\OneDrive\\Documentos\\todo lo de foam wash\\foam version final\\FoamWash\\backend\\src\\test\\pruebas unitarias\\04_ConsultarServicios.spec.ts","startTime":1789853161702,"status":"passed","summary":""},{"assertionResults":[{"ancestorTitles":["16_GestionUsuariosRoles"],"duration":10,"failing":false,"failureDetails":[],"failureMessages":[],"fullName":"16_GestionUsuariosRoles CP-087: Registro exitoso","invocations":1,"location":null,"numPassingAsserts":1,"retryReasons":[],"startAt":1789853162601,"status":"passed","title":"CP-087: Registro exitoso"},{"ancestorTitles":["16_GestionUsuariosRoles"],"duration":18,"failing":false,"failureDetails":[],"failureMessages":[],"fullName":"16_GestionUsuariosRoles CP-088: Correo duplicado","invocations":1,"location":null,"numPassingAsserts":1,"retryReasons":[],"startAt":1789853162616,"status":"passed","title":"CP-088: Correo duplicado"},{"ancestorTitles":["16_GestionUsuariosRoles"],"duration":7,"failing":false,"failureDetails":[],"failureMessages":[],"fullName":"16_GestionUsuariosRoles CP-089: Actualización exitosa","invocations":1,"location":null,"numPassingAsserts":1,"retryReasons":[],"startAt":1789853162635,"status":"passed","title":"CP-089: Actualización exitosa"},{"ancestorTitles":["16_GestionUsuariosRoles"],"duration":7,"failing":false,"failureDetails":[],"failureMessages":[],"fullName":"16_GestionUsuariosRoles CP-090: Desactivación exitosa","invocations":1,"location":null,"numPassingAsserts":1,"retryReasons":[],"startAt":1789853162643,"status":"passed","title":"CP-090: Desactivación exitosa"},{"ancestorTitles":["16_GestionUsuariosRoles"],"duration":5,"failing":false,"failureDetails":[],"failureMessages":[],"fullName":"16_GestionUsuariosRoles CP-091: Restricción de autodesactivación","invocations":1,"location":null,"numPassingAsserts":1,"retryReasons":[],"startAt":1789853162653,"status":"passed","title":"CP-091: Restricción de autodesactivación"}],"endTime":1789853162661,"message":"","name":"C:\\Users\\cristian andres\\OneDrive\\Documentos\\todo lo de foam wash\\foam version final\\FoamWash\\backend\\src\\test\\pruebas unitarias\\16_GestionUsuariosRoles.spec.ts","startTime":1789853162202,"status":"passed","summary":""},{"assertionResults":[{"ancestorTitles":["SolicitarCotizacion"],"duration":10,"failing":false,"failureDetails":[],"failureMessages":[],"fullName":"SolicitarCotizacion CP-030: El cliente pueda solicitar una cotizaci¾n correctamente","invocations":1,"location":null,"numPassingAsserts":2,"retryReasons":[],"startAt":1789853163088,"status":"passed","title":"CP-030: El cliente pueda solicitar una cotizaci¾n correctamente"},{"ancestorTitles":["SolicitarCotizacion"],"duration":21,"failing":false,"failureDetails":[],"failureMessages":[],"fullName":"SolicitarCotizacion CP-031: El sistema valide los campos obligatorios del formulario","invocations":1,"location":null,"numPassingAsserts":1,"retryReasons":[],"startAt":1789853163099,"status":"passed","title":"CP-031: El sistema valide los campos obligatorios del formulario"},{"ancestorTitles":["SolicitarCotizacion"],"duration":6,"failing":false,"failureDetails":[],"failureMessages":[],"fullName":"SolicitarCotizacion CP-032: El cliente pueda seleccionar un servicio para cotizar","invocations":1,"location":null,"numPassingAsserts":2,"retryReasons":[],"startAt":1789853163122,"status":"passed","title":"CP-032: El cliente pueda seleccionar un servicio para cotizar"},{"ancestorTitles":["SolicitarCotizacion"],"duration":5,"failing":false,"failureDetails":[],"failureMessages":[],"fullName":"SolicitarCotizacion CP-033: El sistema genere una cotizaci¾n estimada (si aplica)","invocations":1,"location":null,"numPassingAsserts":1,"retryReasons":[],"startAt":1789853163133,"status":"passed","title":"CP-033: El sistema genere una cotizaci¾n estimada (si aplica)"},{"ancestorTitles":["SolicitarCotizacion"],"duration":7,"failing":false,"failureDetails":[],"failureMessages":[],"fullName":"SolicitarCotizacion CP-034: La solicitud quede registrada en el sistema","invocations":1,"location":null,"numPassingAsserts":2,"retryReasons":[],"startAt":1789853163140,"status":"passed","title":"CP-034: La solicitud quede registrada en el sistema"}],"endTime":1789853163150,"message":"","name":"C:\\Users\\cristian andres\\OneDrive\\Documentos\\todo lo de foam wash\\foam version final\\FoamWash\\backend\\src\\test\\pruebas unitarias\\05_SolicitarCotizacion.spec.ts","startTime":1789853162693,"status":"passed","summary":""},{"assertionResults":[{"ancestorTitles":["AgendaEmpleados"],"duration":10,"failing":false,"failureDetails":[],"failureMessages":[],"fullName":"AgendaEmpleados CP-062: El empleado pueda visualizar su agenda de servicios","invocations":1,"location":null,"numPassingAsserts":2,"retryReasons":[],"startAt":1789853163657,"status":"passed","title":"CP-062: El empleado pueda visualizar su agenda de servicios"},{"ancestorTitles":["AgendaEmpleados"],"duration":5,"failing":false,"failureDetails":[],"failureMessages":[],"fullName":"AgendaEmpleados CP-063: Se muestren correctamente los datos del servicio","invocations":1,"location":null,"numPassingAsserts":1,"retryReasons":[],"startAt":1789853163668,"status":"passed","title":"CP-063: Se muestren correctamente los datos del servicio"},{"ancestorTitles":["AgendaEmpleados"],"duration":7,"failing":false,"failureDetails":[],"failureMessages":[],"fullName":"AgendaEmpleados CP-064: Solo se muestren servicios del empleado logueado","invocations":1,"location":null,"numPassingAsserts":1,"retryReasons":[],"startAt":1789853163675,"status":"passed","title":"CP-064: Solo se muestren servicios del empleado logueado"},{"ancestorTitles":["AgendaEmpleados"],"duration":6,"failing":false,"failureDetails":[],"failureMessages":[],"fullName":"AgendaEmpleados CP-065: Comportamiento cuando no hay servicios asignados","invocations":1,"location":null,"numPassingAsserts":1,"retryReasons":[],"startAt":1789853163683,"status":"passed","title":"CP-065: Comportamiento cuando no hay servicios asignados"},{"ancestorTitles":["AgendaEmpleados"],"duration":6,"failing":false,"failureDetails":[],"failureMessages":[],"fullName":"AgendaEmpleados CP-066: Actualizaci¾n de agenda","invocations":1,"location":null,"numPassingAsserts":3,"retryReasons":[],"startAt":1789853163691,"status":"passed","title":"CP-066: Actualizaci¾n de agenda"},{"ancestorTitles":["AgendaEmpleados"],"duration":6,"failing":false,"failureDetails":[],"failureMessages":[],"fullName":"AgendaEmpleados CP-067: Acceso a detalle del servicio","invocations":1,"location":null,"numPassingAsserts":1,"retryReasons":[],"startAt":1789853163698,"status":"passed","title":"CP-067: Acceso a detalle del servicio"},{"ancestorTitles":["AgendaEmpleados"],"duration":6,"failing":false,"failureDetails":[],"failureMessages":[],"fullName":"AgendaEmpleados CP-068: Carga de la agenda (rendimiento)","invocations":1,"location":null,"numPassingAsserts":1,"retryReasons":[],"startAt":1789853163705,"status":"passed","title":"CP-068: Carga de la agenda (rendimiento)"}],"endTime":1789853163715,"message":"","name":"C:\\Users\\cristian andres\\OneDrive\\Documentos\\todo lo de foam wash\\foam version final\\FoamWash\\backend\\src\\test\\pruebas unitarias\\10_AgendaEmpleados.spec.ts","startTime":1789853163175,"status":"passed","summary":""},{"assertionResults":[{"ancestorTitles":["CotizacionesService","getServicios"],"duration":13,"failing":false,"failureDetails":[],"failureMessages":[],"fullName":"CotizacionesService getServicios debe retornar lista de servicios","invocations":1,"location":null,"numPassingAsserts":1,"retryReasons":[],"startAt":1789853164574,"status":"passed","title":"debe retornar lista de servicios"},{"ancestorTitles":["CotizacionesService","findAll"],"duration":8,"failing":false,"failureDetails":[],"failureMessages":[],"fullName":"CotizacionesService findAll debe retornar todas las cotizaciones","invocations":1,"location":null,"numPassingAsserts":1,"retryReasons":[],"startAt":1789853164589,"status":"passed","title":"debe retornar todas las cotizaciones"},{"ancestorTitles":["CotizacionesService","findByCliente"],"duration":10,"failing":false,"failureDetails":[],"failureMessages":[],"fullName":"CotizacionesService findByCliente debe retornar cotizaciones de un cliente","invocations":1,"location":null,"numPassingAsserts":1,"retryReasons":[],"startAt":1789853164601,"status":"passed","title":"debe retornar cotizaciones de un cliente"},{"ancestorTitles":["CotizacionesService","create"],"duration":14,"failing":false,"failureDetails":[],"failureMessages":[],"fullName":"CotizacionesService create debe crear una cotizacion","invocations":1,"location":null,"numPassingAsserts":1,"retryReasons":[],"startAt":1789853164613,"status":"passed","title":"debe crear una cotizacion"},{"ancestorTitles":["CotizacionesService","sincronizar"],"duration":6,"failing":false,"failureDetails":[],"failureMessages":[],"fullName":"CotizacionesService sincronizar debe sincronizar cotizaciones","invocations":1,"location":null,"numPassingAsserts":1,"retryReasons":[],"startAt":1789853164632,"status":"passed","title":"debe sincronizar cotizaciones"}],"endTime":1789853164642,"message":"","name":"C:\\Users\\cristian andres\\OneDrive\\Documentos\\todo lo de foam wash\\foam version final\\FoamWash\\backend\\src\\test\\pruebas de cobertura\\Cotizaciones.spec.ts","startTime":1789853163965,"status":"passed","summary":""},{"assertionResults":[{"ancestorTitles":["GestionRoles"],"duration":12,"failing":false,"failureDetails":[],"failureMessages":[],"fullName":"GestionRoles CP-069: El empleado pueda consultar el detalle de una","invocations":1,"location":null,"numPassingAsserts":2,"retryReasons":[],"startAt":1789853165136,"status":"passed","title":"CP-069: El empleado pueda consultar el detalle de una"},{"ancestorTitles":["GestionRoles"],"duration":7,"failing":false,"failureDetails":[],"failureMessages":[],"fullName":"GestionRoles CP-070: Se visualicen correctamente los datos de la orden","invocations":1,"location":null,"numPassingAsserts":2,"retryReasons":[],"startAt":1789853165150,"status":"passed","title":"CP-070: Se visualicen correctamente los datos de la orden"},{"ancestorTitles":["GestionRoles"],"duration":8,"failing":false,"failureDetails":[],"failureMessages":[],"fullName":"GestionRoles CP-071: Comportamiento si la orden no existe","invocations":1,"location":null,"numPassingAsserts":3,"retryReasons":[],"startAt":1789853165159,"status":"passed","title":"CP-071: Comportamiento si la orden no existe"},{"ancestorTitles":["GestionRoles"],"duration":7,"failing":false,"failureDetails":[],"failureMessages":[],"fullName":"GestionRoles CP-072: Actualizaci¾n de datos en el detalle","invocations":1,"location":null,"numPassingAsserts":2,"retryReasons":[],"startAt":1789853165168,"status":"passed","title":"CP-072: Actualizaci¾n de datos en el detalle"},{"ancestorTitles":["GestionRoles"],"duration":8,"failing":false,"failureDetails":[],"failureMessages":[],"fullName":"GestionRoles CP-073: Visualizaci¾n del estado de la orden","invocations":1,"location":null,"numPassingAsserts":1,"retryReasons":[],"startAt":1789853165175,"status":"passed","title":"CP-073: Visualizaci¾n del estado de la orden"}],"endTime":1789853165187,"message":"","name":"C:\\Users\\cristian andres\\OneDrive\\Documentos\\todo lo de foam wash\\foam version final\\FoamWash\\backend\\src\\test\\pruebas unitarias\\11_DetallesOrdenesServicio.spec.ts","startTime":1789853164671,"status":"passed","summary":""},{"assertionResults":[{"ancestorTitles":["ClientesService","getPerfil"],"duration":13,"failing":false,"failureDetails":[],"failureMessages":[],"fullName":"ClientesService getPerfil debe retornar perfil del cliente","invocations":1,"location":null,"numPassingAsserts":1,"retryReasons":[],"startAt":1789853165671,"status":"passed","title":"debe retornar perfil del cliente"},{"ancestorTitles":["ClientesService","getPerfil"],"duration":21,"failing":false,"failureDetails":[],"failureMessages":[],"fullName":"ClientesService getPerfil debe lanzar excepcion si no existe","invocations":1,"location":null,"numPassingAsserts":1,"retryReasons":[],"startAt":1789853165686,"status":"passed","title":"debe lanzar excepcion si no existe"},{"ancestorTitles":["ClientesService","updatePerfil"],"duration":8,"failing":false,"failureDetails":[],"failureMessages":[],"fullName":"ClientesService updatePerfil debe actualizar perfil del cliente","invocations":1,"location":null,"numPassingAsserts":1,"retryReasons":[],"startAt":1789853165709,"status":"passed","title":"debe actualizar perfil del cliente"},{"ancestorTitles":["ClientesService","updateFoto"],"duration":14,"failing":false,"failureDetails":[],"failureMessages":[],"fullName":"ClientesService updateFoto debe actualizar foto del cliente","invocations":1,"location":null,"numPassingAsserts":1,"retryReasons":[],"startAt":1789853165720,"status":"passed","title":"debe actualizar foto del cliente"}],"endTime":1789853165738,"message":"","name":"C:\\Users\\cristian andres\\OneDrive\\Documentos\\todo lo de foam wash\\foam version final\\FoamWash\\backend\\src\\test\\pruebas de cobertura\\Clientes.spec.ts","startTime":1789853165262,"status":"passed","summary":""},{"assertionResults":[{"ancestorTitles":["21_VisualizarEstadisticas"],"duration":12,"failing":false,"failureDetails":[],"failureMessages":[],"fullName":"21_VisualizarEstadisticas CP-106: Visualizacion Exitoza de los Estadisticos del sistema","invocations":1,"location":null,"numPassingAsserts":1,"retryReasons":[],"startAt":1789853166152,"status":"passed","title":"CP-106: Visualizacion Exitoza de los Estadisticos del sistema"},{"ancestorTitles":["21_VisualizarEstadisticas"],"duration":9,"failing":false,"failureDetails":[],"failureMessages":[],"fullName":"21_VisualizarEstadisticas CP-107: Visualizar los Graficos en el Sistema Donde se","invocations":1,"location":null,"numPassingAsserts":1,"retryReasons":[],"startAt":1789853166166,"status":"passed","title":"CP-107: Visualizar los Graficos en el Sistema Donde se"}],"endTime":1789853166179,"message":"","name":"C:\\Users\\cristian andres\\OneDrive\\Documentos\\todo lo de foam wash\\foam version final\\FoamWash\\backend\\src\\test\\pruebas unitarias\\21_VisualizarEstadisticas.spec.ts","startTime":1789853165754,"status":"passed","summary":""},{"assertionResults":[{"ancestorTitles":["14_HistorialServiciosEmpleado"],"duration":10,"failing":false,"failureDetails":[],"failureMessages":[],"fullName":"14_HistorialServiciosEmpleado CP-083: Historial exitoso","invocations":1,"location":null,"numPassingAsserts":1,"retryReasons":[],"startAt":1789853166592,"status":"passed","title":"CP-083: Historial exitoso"},{"ancestorTitles":["14_HistorialServiciosEmpleado"],"duration":5,"failing":false,"failureDetails":[],"failureMessages":[],"fullName":"14_HistorialServiciosEmpleado CP-084: Sin registros","invocations":1,"location":null,"numPassingAsserts":1,"retryReasons":[],"startAt":1789853166603,"status":"passed","title":"CP-084: Sin registros"}],"endTime":1789853166610,"message":"","name":"C:\\Users\\cristian andres\\OneDrive\\Documentos\\todo lo de foam wash\\foam version final\\FoamWash\\backend\\src\\test\\pruebas unitarias\\14_HistorialServiciosEmpleado.spec.ts","startTime":1789853166201,"status":"passed","summary":""},{"assertionResults":[{"ancestorTitles":["22_ExportarDatos"],"duration":10,"failing":false,"failureDetails":[],"failureMessages":[],"fullName":"22_ExportarDatos CP-108: Generación exitosa de los reportes en el sistema","invocations":1,"location":null,"numPassingAsserts":1,"retryReasons":[],"startAt":1789853167072,"status":"passed","title":"CP-108: Generación exitosa de los reportes en el sistema"}],"endTime":1789853167084,"message":"","name":"C:\\Users\\cristian andres\\OneDrive\\Documentos\\todo lo de foam wash\\foam version final\\FoamWash\\backend\\src\\test\\pruebas unitarias\\22_ExportarDatos.spec.ts","startTime":1789853166633,"status":"passed","summary":""},{"assertionResults":[{"ancestorTitles":["20_GenerarReportes"],"duration":16,"failing":false,"failureDetails":[],"failureMessages":[],"fullName":"20_GenerarReportes CP-103: Generación Y Visualizacion Exitoza de los Graficos Administrativos","invocations":1,"location":null,"numPassingAsserts":1,"retryReasons":[],"startAt":1789853167507,"status":"passed","title":"CP-103: Generación Y Visualizacion Exitoza de los Graficos Administrativos"},{"ancestorTitles":["20_GenerarReportes"],"duration":9,"failing":false,"failureDetails":[],"failureMessages":[],"fullName":"20_GenerarReportes CP-104: Generación Y Visualizacion Exitoza de los Graficos Administrativos","invocations":1,"location":null,"numPassingAsserts":1,"retryReasons":[],"startAt":1789853167524,"status":"passed","title":"CP-104: Generación Y Visualizacion Exitoza de los Graficos Administrativos"},{"ancestorTitles":["20_GenerarReportes"],"duration":8,"failing":false,"failureDetails":[],"failureMessages":[],"fullName":"20_GenerarReportes CP-105: Generación exitosa de los reportes en el sistema","invocations":1,"location":null,"numPassingAsserts":1,"retryReasons":[],"startAt":1789853167537,"status":"passed","title":"CP-105: Generación exitosa de los reportes en el sistema"}],"endTime":1789853167553,"message":"","name":"C:\\Users\\cristian andres\\OneDrive\\Documentos\\todo lo de foam wash\\foam version final\\FoamWash\\backend\\src\\test\\pruebas unitarias\\20_GenerarReportes.spec.ts","startTime":1789853167098,"status":"passed","summary":""}],"wasInterrupted":false}
