{"numFailedTestSuites":0,"numFailedTests":0,"numPassedTestSuites":32,"numPassedTests":157,"numPendingTestSuites":0,"numPendingTests":0,"numRuntimeErrorTestSuites":0,"numTodoTests":0,"numTotalTestSuites":32,"numTotalTests":157,"openHandles":[],"snapshot":{"added":0,"didUpdate":false,"failure":false,"filesAdded":0,"filesRemoved":0,"filesRemovedList":[],"filesUnmatched":0,"filesUpdated":0,"matched":0,"total":0,"unchecked":0,"uncheckedKeysByFile":[],"unmatched":0,"updated":0},"startTime":1784837122521,"success":true,"testResults":[{"assertionResults":[{"ancestorTitles":["ProgramarServicio (RF-06)"],"duration":2015,"failing":false,"failureDetails":[],"failureMessages":[],"fullName":"ProgramarServicio (RF-06) CP-035: Agendamiento de cita exitoso en horario válido.","invocations":1,"location":null,"numPassingAsserts":2,"retryReasons":[],"startAt":1784837141417,"status":"passed","title":"CP-035: Agendamiento de cita exitoso en horario válido."},{"ancestorTitles":["ProgramarServicio (RF-06)"],"duration":71,"failing":false,"failureDetails":[],"failureMessages":[],"fullName":"ProgramarServicio (RF-06) CP-036: Rechazar reserva fuera del horario laboral (08:00 a 17:00).","invocations":1,"location":null,"numPassingAsserts":1,"retryReasons":[],"startAt":1784837143435,"status":"passed","title":"CP-036: Rechazar reserva fuera del horario laboral (08:00 a 17:00)."},{"ancestorTitles":["ProgramarServicio (RF-06)"],"duration":9,"failing":false,"failureDetails":[],"failureMessages":[],"fullName":"ProgramarServicio (RF-06) CP-037: Rechazar reserva en el pasado.","invocations":1,"location":null,"numPassingAsserts":1,"retryReasons":[],"startAt":1784837143507,"status":"passed","title":"CP-037: Rechazar reserva en el pasado."},{"ancestorTitles":["ProgramarServicio (RF-06)"],"duration":12,"failing":false,"failureDetails":[],"failureMessages":[],"fullName":"ProgramarServicio (RF-06) CP-038: Consultar reservas existentes por estado.","invocations":1,"location":null,"numPassingAsserts":2,"retryReasons":[],"startAt":1784837143518,"status":"passed","title":"CP-038: Consultar reservas existentes por estado."},{"ancestorTitles":["ProgramarServicio (RF-06)"],"duration":2109,"failing":false,"failureDetails":[],"failureMessages":[],"fullName":"ProgramarServicio (RF-06) CP-039: Actualización del estado de la reserva.","invocations":1,"location":null,"numPassingAsserts":1,"retryReasons":[],"startAt":1784837143532,"status":"passed","title":"CP-039: Actualización del estado de la reserva."},{"ancestorTitles":["ProgramarServicio (RF-06)"],"duration":1470,"failing":false,"failureDetails":[],"failureMessages":[],"fullName":"ProgramarServicio (RF-06) CP-040: Cancelar reserva con motivo.","invocations":1,"location":null,"numPassingAsserts":1,"retryReasons":[],"startAt":1784837145643,"status":"passed","title":"CP-040: Cancelar reserva con motivo."},{"ancestorTitles":["ProgramarServicio (RF-06)"],"duration":12,"failing":false,"failureDetails":[],"failureMessages":[],"fullName":"ProgramarServicio (RF-06) CP-041: Lanzar 404 al consultar reserva inexistente.","invocations":1,"location":null,"numPassingAsserts":1,"retryReasons":[],"startAt":1784837147114,"status":"passed","title":"CP-041: Lanzar 404 al consultar reserva inexistente."},{"ancestorTitles":["ProgramarServicio (RF-06)"],"duration":12,"failing":false,"failureDetails":[],"failureMessages":[],"fullName":"ProgramarServicio (RF-06) CP-042: Eliminar reserva correctamente.","invocations":1,"location":null,"numPassingAsserts":1,"retryReasons":[],"startAt":1784837147127,"status":"passed","title":"CP-042: Eliminar reserva correctamente."}],"endTime":1784837147146,"message":"","name":"C:\\Users\\cristian andres\\OneDrive\\Documentos\\todo lo de foam wash\\foam version final\\FoamWash\\backend\\src\\test\\pruebas unitarias\\RF-06_ProgramarServicio.spec.ts","startTime":1784837123069,"status":"passed","summary":""},{"assertionResults":[{"ancestorTitles":["RecuperarPassword (RF-03)"],"duration":1907,"failing":false,"failureDetails":[],"failureMessages":[],"fullName":"RecuperarPassword (RF-03) CP-013: Pueda recuperar su contraseña correctamente mediante un código enviado al correo.","invocations":1,"location":null,"numPassingAsserts":2,"retryReasons":[],"startAt":1784837149206,"status":"passed","title":"CP-013: Pueda recuperar su contraseña correctamente mediante un código enviado al correo."},{"ancestorTitles":["RecuperarPassword (RF-03)"],"duration":46,"failing":false,"failureDetails":[],"failureMessages":[],"fullName":"RecuperarPassword (RF-03) CP-014: No envíe un código a un correo no registrado.","invocations":1,"location":null,"numPassingAsserts":1,"retryReasons":[],"startAt":1784837151116,"status":"passed","title":"CP-014: No envíe un código a un correo no registrado."},{"ancestorTitles":["RecuperarPassword (RF-03)"],"duration":11,"failing":false,"failureDetails":[],"failureMessages":[],"fullName":"RecuperarPassword (RF-03) CP-015: El correo electrónico sea obligatorio.","invocations":1,"location":null,"numPassingAsserts":1,"retryReasons":[],"startAt":1784837151164,"status":"passed","title":"CP-015: El correo electrónico sea obligatorio."},{"ancestorTitles":["RecuperarPassword (RF-03)"],"duration":18,"failing":false,"failureDetails":[],"failureMessages":[],"fullName":"RecuperarPassword (RF-03) CP-016: Valide el formato del correo electrónico.","invocations":1,"location":null,"numPassingAsserts":1,"retryReasons":[],"startAt":1784837151180,"status":"passed","title":"CP-016: Valide el formato del correo electrónico."},{"ancestorTitles":["RecuperarPassword (RF-03)"],"duration":13,"failing":false,"failureDetails":[],"failureMessages":[],"fullName":"RecuperarPassword (RF-03) CP-017: Rechace un código de verificación incorrecto.","invocations":1,"location":null,"numPassingAsserts":1,"retryReasons":[],"startAt":1784837151199,"status":"passed","title":"CP-017: Rechace un código de verificación incorrecto."},{"ancestorTitles":["RecuperarPassword (RF-03)"],"duration":10,"failing":false,"failureDetails":[],"failureMessages":[],"fullName":"RecuperarPassword (RF-03) CP-018: Rechace un código de verificación vencido.","invocations":1,"location":null,"numPassingAsserts":1,"retryReasons":[],"startAt":1784837151214,"status":"passed","title":"CP-018: Rechace un código de verificación vencido."},{"ancestorTitles":["RecuperarPassword (RF-03)"],"duration":6,"failing":false,"failureDetails":[],"failureMessages":[],"fullName":"RecuperarPassword (RF-03) CP-019: No permita continuar sin ingresar el código de verificación.","invocations":1,"location":null,"numPassingAsserts":1,"retryReasons":[],"startAt":1784837151225,"status":"passed","title":"CP-019: No permita continuar sin ingresar el código de verificación."},{"ancestorTitles":["RecuperarPassword (RF-03)"],"duration":10,"failing":false,"failureDetails":[],"failureMessages":[],"fullName":"RecuperarPassword (RF-03) CP-020: Valide que las contraseñas coincidan.","invocations":1,"location":null,"numPassingAsserts":1,"retryReasons":[],"startAt":1784837151232,"status":"passed","title":"CP-020: Valide que las contraseñas coincidan."},{"ancestorTitles":["RecuperarPassword (RF-03)"],"duration":6,"failing":false,"failureDetails":[],"failureMessages":[],"fullName":"RecuperarPassword (RF-03) CP-021: No permita registrar una contraseña que incumpla las políticas de seguridad.","invocations":1,"location":null,"numPassingAsserts":1,"retryReasons":[],"startAt":1784837151244,"status":"passed","title":"CP-021: No permita registrar una contraseña que incumpla las políticas de seguridad."},{"ancestorTitles":["RecuperarPassword (RF-03)"],"duration":805,"failing":false,"failureDetails":[],"failureMessages":[],"fullName":"RecuperarPassword (RF-03) CP-022: Pueda iniciar sesión con la nueva contraseña.","invocations":1,"location":null,"numPassingAsserts":1,"retryReasons":[],"startAt":1784837151251,"status":"passed","title":"CP-022: Pueda iniciar sesión con la nueva contraseña."}],"endTime":1784837152060,"message":"","name":"C:\\Users\\cristian andres\\OneDrive\\Documentos\\todo lo de foam wash\\foam version final\\FoamWash\\backend\\src\\test\\pruebas unitarias\\RF-03_RecuperarPassword.spec.ts","startTime":1784837147429,"status":"passed","summary":""},{"assertionResults":[{"ancestorTitles":["Notificaciones (RF-07)"],"duration":17,"failing":false,"failureDetails":[],"failureMessages":[],"fullName":"Notificaciones (RF-07) CP-043: Envío exitoso de notificación push a un tópico.","invocations":1,"location":null,"numPassingAsserts":2,"retryReasons":[],"startAt":1784837153333,"status":"passed","title":"CP-043: Envío exitoso de notificación push a un tópico."},{"ancestorTitles":["Notificaciones (RF-07)"],"duration":7,"failing":false,"failureDetails":[],"failureMessages":[],"fullName":"Notificaciones (RF-07) CP-044: Envío exitoso de notificación push a un dispositivo.","invocations":1,"location":null,"numPassingAsserts":2,"retryReasons":[],"startAt":1784837153354,"status":"passed","title":"CP-044: Envío exitoso de notificación push a un dispositivo."},{"ancestorTitles":["Notificaciones (RF-07)"],"duration":29,"failing":false,"failureDetails":[],"failureMessages":[],"fullName":"Notificaciones (RF-07) CP-045: Manejo de errores al enviar notificación push con token inválido.","invocations":1,"location":null,"numPassingAsserts":1,"retryReasons":[],"startAt":1784837153363,"status":"passed","title":"CP-045: Manejo de errores al enviar notificación push con token inválido."},{"ancestorTitles":["Notificaciones (RF-07)"],"duration":9,"failing":false,"failureDetails":[],"failureMessages":[],"fullName":"Notificaciones (RF-07) CP-046: Envío diferido o reintento de notificación en caso de fallo de red.","invocations":1,"location":null,"numPassingAsserts":1,"retryReasons":[],"startAt":1784837153393,"status":"passed","title":"CP-046: Envío diferido o reintento de notificación en caso de fallo de red."},{"ancestorTitles":["Notificaciones (RF-07)"],"duration":9,"failing":false,"failureDetails":[],"failureMessages":[],"fullName":"Notificaciones (RF-07) CP-047: Formato de estructura de datos payload de la notificación.","invocations":1,"location":null,"numPassingAsserts":2,"retryReasons":[],"startAt":1784837153407,"status":"passed","title":"CP-047: Formato de estructura de datos payload de la notificación."}],"endTime":1784837153420,"message":"","name":"C:\\Users\\cristian andres\\OneDrive\\Documentos\\todo lo de foam wash\\foam version final\\FoamWash\\backend\\src\\test\\pruebas unitarias\\RF-07_Notificaciones.spec.ts","startTime":1784837152088,"status":"passed","summary":""},{"assertionResults":[{"ancestorTitles":["Registro (RF-01)"],"duration":830,"failing":false,"failureDetails":[],"failureMessages":[],"fullName":"Registro (RF-01) CP-001: Pueda registrarse correctamente con información válida.","invocations":1,"location":null,"numPassingAsserts":5,"retryReasons":[],"startAt":1784837154936,"status":"passed","title":"CP-001: Pueda registrarse correctamente con información válida."},{"ancestorTitles":["Registro (RF-01)"],"duration":32,"failing":false,"failureDetails":[],"failureMessages":[],"fullName":"Registro (RF-01) CP-002: No permita registrar un correo electrónico ya existente.","invocations":1,"location":null,"numPassingAsserts":2,"retryReasons":[],"startAt":1784837155767,"status":"passed","title":"CP-002: No permita registrar un correo electrónico ya existente."},{"ancestorTitles":["Registro (RF-01)"],"duration":808,"failing":false,"failureDetails":[],"failureMessages":[],"fullName":"Registro (RF-01) CP-003: Valide los campos obligatorios vacíos.","invocations":1,"location":null,"numPassingAsserts":0,"retryReasons":[],"startAt":1784837155800,"status":"passed","title":"CP-003: Valide los campos obligatorios vacíos."},{"ancestorTitles":["Registro (RF-01)"],"duration":877,"failing":false,"failureDetails":[],"failureMessages":[],"fullName":"Registro (RF-01) CP-004: Valide el formato de los datos ingresados.","invocations":1,"location":null,"numPassingAsserts":2,"retryReasons":[],"startAt":1784837156609,"status":"passed","title":"CP-004: Valide el formato de los datos ingresados."},{"ancestorTitles":["Registro (RF-01)"],"duration":20,"failing":false,"failureDetails":[],"failureMessages":[],"fullName":"Registro (RF-01) CP-005: Verificar el comportamiento del sistema cuando ocurre un error de conexión con el servidor durante el registro.","invocations":1,"location":null,"numPassingAsserts":1,"retryReasons":[],"startAt":1784837157488,"status":"passed","title":"CP-005: Verificar el comportamiento del sistema cuando ocurre un error de conexión con el servidor durante el registro."}],"endTime":1784837157511,"message":"","name":"C:\\Users\\cristian andres\\OneDrive\\Documentos\\todo lo de foam wash\\foam version final\\FoamWash\\backend\\src\\test\\pruebas unitarias\\RF-01_Registro.spec.ts","startTime":1784837153493,"status":"passed","summary":""},{"assertionResults":[{"ancestorTitles":["Login (RF-02)"],"duration":495,"failing":false,"failureDetails":[],"failureMessages":[],"fullName":"Login (RF-02) CP-006: Pueda iniciar sesión con credenciales válidas.","invocations":1,"location":null,"numPassingAsserts":2,"retryReasons":[],"startAt":1784837158944,"status":"passed","title":"CP-006: Pueda iniciar sesión con credenciales válidas."},{"ancestorTitles":["Login (RF-02)"],"duration":8,"failing":false,"failureDetails":[],"failureMessages":[],"fullName":"Login (RF-02) CP-007: Pueda cerrar sesión correctamente","invocations":1,"location":null,"numPassingAsserts":2,"retryReasons":[],"startAt":1784837159440,"status":"passed","title":"CP-007: Pueda cerrar sesión correctamente"},{"ancestorTitles":["Login (RF-02)"],"duration":9,"failing":false,"failureDetails":[],"failureMessages":[],"fullName":"Login (RF-02) CP-008: La sesión expire por inactividad.","invocations":1,"location":null,"numPassingAsserts":1,"retryReasons":[],"startAt":1784837159449,"status":"passed","title":"CP-008: La sesión expire por inactividad."},{"ancestorTitles":["Login (RF-02)"],"duration":32,"failing":false,"failureDetails":[],"failureMessages":[],"fullName":"Login (RF-02) CP-009: No permita iniciar sesión cuando existan campos obligatorios vacíos.","invocations":1,"location":null,"numPassingAsserts":1,"retryReasons":[],"startAt":1784837159463,"status":"passed","title":"CP-009: No permita iniciar sesión cuando existan campos obligatorios vacíos."},{"ancestorTitles":["Login (RF-02)"],"duration":8,"failing":false,"failureDetails":[],"failureMessages":[],"fullName":"Login (RF-02) CP-010: Valide el formato del correo electrónico antes de iniciar sesión.","invocations":1,"location":null,"numPassingAsserts":1,"retryReasons":[],"startAt":1784837159496,"status":"passed","title":"CP-010: Valide el formato del correo electrónico antes de iniciar sesión."},{"ancestorTitles":["Login (RF-02)"],"duration":387,"failing":false,"failureDetails":[],"failureMessages":[],"fullName":"Login (RF-02) CP-011: No permita iniciar sesión con una contraseña incorrecta.","invocations":1,"location":null,"numPassingAsserts":1,"retryReasons":[],"startAt":1784837159505,"status":"passed","title":"CP-011: No permita iniciar sesión con una contraseña incorrecta."},{"ancestorTitles":["Login (RF-02)"],"duration":60,"failing":false,"failureDetails":[],"failureMessages":[],"fullName":"Login (RF-02) CP-012: Verificar el comportamiento del sistema cuando ocurre un error de conexión con el servidor durante el inicio de sesión.","invocations":1,"location":null,"numPassingAsserts":1,"retryReasons":[],"startAt":1784837159893,"status":"passed","title":"CP-012: Verificar el comportamiento del sistema cuando ocurre un error de conexión con el servidor durante el inicio de sesión."}],"endTime":1784837159959,"message":"","name":"C:\\Users\\cristian andres\\OneDrive\\Documentos\\todo lo de foam wash\\foam version final\\FoamWash\\backend\\src\\test\\pruebas unitarias\\RF-02_Login.spec.ts","startTime":1784837157531,"status":"passed","summary":""},{"assertionResults":[{"ancestorTitles":["GestionEmpleados (RF-09)"],"duration":843,"failing":false,"failureDetails":[],"failureMessages":[],"fullName":"GestionEmpleados (RF-09) CP-053: Crear un nuevo empleado exitosamente con rol_Id_Rol = 2.","invocations":1,"location":null,"numPassingAsserts":2,"retryReasons":[],"startAt":1784837161454,"status":"passed","title":"CP-053: Crear un nuevo empleado exitosamente con rol_Id_Rol = 2."},{"ancestorTitles":["GestionEmpleados (RF-09)"],"duration":33,"failing":false,"failureDetails":[],"failureMessages":[],"fullName":"GestionEmpleados (RF-09) CP-054: Rechazar creación de empleado con correo ya existente.","invocations":1,"location":null,"numPassingAsserts":1,"retryReasons":[],"startAt":1784837162301,"status":"passed","title":"CP-054: Rechazar creación de empleado con correo ya existente."},{"ancestorTitles":["GestionEmpleados (RF-09)"],"duration":8,"failing":false,"failureDetails":[],"failureMessages":[],"fullName":"GestionEmpleados (RF-09) CP-055: Listar todos los empleados activos.","invocations":1,"location":null,"numPassingAsserts":2,"retryReasons":[],"startAt":1784837162340,"status":"passed","title":"CP-055: Listar todos los empleados activos."},{"ancestorTitles":["GestionEmpleados (RF-09)"],"duration":9,"failing":false,"failureDetails":[],"failureMessages":[],"fullName":"GestionEmpleados (RF-09) CP-056: Obtener perfil completo de un empleado por ID.","invocations":1,"location":null,"numPassingAsserts":2,"retryReasons":[],"startAt":1784837162353,"status":"passed","title":"CP-056: Obtener perfil completo de un empleado por ID."},{"ancestorTitles":["GestionEmpleados (RF-09)"],"duration":8,"failing":false,"failureDetails":[],"failureMessages":[],"fullName":"GestionEmpleados (RF-09) CP-057: Desactivar cuenta de empleado (soft delete).","invocations":1,"location":null,"numPassingAsserts":1,"retryReasons":[],"startAt":1784837162366,"status":"passed","title":"CP-057: Desactivar cuenta de empleado (soft delete)."}],"endTime":1784837162376,"message":"","name":"C:\\Users\\cristian andres\\OneDrive\\Documentos\\todo lo de foam wash\\foam version final\\FoamWash\\backend\\src\\test\\pruebas unitarias\\RF-09_GestionEmpleados.spec.ts","startTime":1784837159982,"status":"passed","summary":""},{"assertionResults":[{"ancestorTitles":["ConsultarServicios (RF-04)"],"duration":15,"failing":false,"failureDetails":[],"failureMessages":[],"fullName":"ConsultarServicios (RF-04) CP-023: Pueda consultar el listado de servicios disponibles.","invocations":1,"location":null,"numPassingAsserts":2,"retryReasons":[],"startAt":1784837163408,"status":"passed","title":"CP-023: Pueda consultar el listado de servicios disponibles."},{"ancestorTitles":["ConsultarServicios (RF-04)"],"duration":6,"failing":false,"failureDetails":[],"failureMessages":[],"fullName":"ConsultarServicios (RF-04) CP-024: Muestre la tarifa correspondiente a cada servicio.","invocations":1,"location":null,"numPassingAsserts":1,"retryReasons":[],"startAt":1784837163425,"status":"passed","title":"CP-024: Muestre la tarifa correspondiente a cada servicio."},{"ancestorTitles":["ConsultarServicios (RF-04)"],"duration":7,"failing":false,"failureDetails":[],"failureMessages":[],"fullName":"ConsultarServicios (RF-04) CP-025: Pueda visualizar la información detallada de un servicio.","invocations":1,"location":null,"numPassingAsserts":2,"retryReasons":[],"startAt":1784837163432,"status":"passed","title":"CP-025: Pueda visualizar la información detallada de un servicio."},{"ancestorTitles":["ConsultarServicios (RF-04)"],"duration":6,"failing":false,"failureDetails":[],"failureMessages":[],"fullName":"ConsultarServicios (RF-04) CP-026: Permita consultar los servicios sin iniciar sesión.","invocations":1,"location":null,"numPassingAsserts":1,"retryReasons":[],"startAt":1784837163442,"status":"passed","title":"CP-026: Permita consultar los servicios sin iniciar sesión."},{"ancestorTitles":["ConsultarServicios (RF-04)"],"duration":6,"failing":false,"failureDetails":[],"failureMessages":[],"fullName":"ConsultarServicios (RF-04) CP-027: Las tarifas mostradas correspondan a las registradas en el sistema.","invocations":1,"location":null,"numPassingAsserts":1,"retryReasons":[],"startAt":1784837163449,"status":"passed","title":"CP-027: Las tarifas mostradas correspondan a las registradas en el sistema."},{"ancestorTitles":["ConsultarServicios (RF-04)"],"duration":46,"failing":false,"failureDetails":[],"failureMessages":[],"fullName":"ConsultarServicios (RF-04) CP-028: Cargue correctamente la información de los servicios o lance 404 si no existe.","invocations":1,"location":null,"numPassingAsserts":1,"retryReasons":[],"startAt":1784837163462,"status":"passed","title":"CP-028: Cargue correctamente la información de los servicios o lance 404 si no existe."},{"ancestorTitles":["ConsultarServicios (RF-04)"],"duration":8,"failing":false,"failureDetails":[],"failureMessages":[],"fullName":"ConsultarServicios (RF-04) CP-029: Muestre una imagen representativa del servicio (si aplica).","invocations":1,"location":null,"numPassingAsserts":1,"retryReasons":[],"startAt":1784837163513,"status":"passed","title":"CP-029: Muestre una imagen representativa del servicio (si aplica)."}],"endTime":1784837163523,"message":"","name":"C:\\Users\\cristian andres\\OneDrive\\Documentos\\todo lo de foam wash\\foam version final\\FoamWash\\backend\\src\\test\\pruebas unitarias\\RF-04_ConsultarServicios.spec.ts","startTime":1784837162394,"status":"passed","summary":""},{"assertionResults":[{"ancestorTitles":["AgendaEmpleados (RF-10)"],"duration":12,"failing":false,"failureDetails":[],"failureMessages":[],"fullName":"AgendaEmpleados (RF-10) CP-058: Consultar reservas asignadas para el día de hoy.","invocations":1,"location":null,"numPassingAsserts":2,"retryReasons":[],"startAt":1784837164458,"status":"passed","title":"CP-058: Consultar reservas asignadas para el día de hoy."},{"ancestorTitles":["AgendaEmpleados (RF-10)"],"duration":7,"failing":false,"failureDetails":[],"failureMessages":[],"fullName":"AgendaEmpleados (RF-10) CP-059: Consultar la agenda semanal del empleado.","invocations":1,"location":null,"numPassingAsserts":1,"retryReasons":[],"startAt":1784837164472,"status":"passed","title":"CP-059: Consultar la agenda semanal del empleado."},{"ancestorTitles":["AgendaEmpleados (RF-10)"],"duration":8,"failing":false,"failureDetails":[],"failureMessages":[],"fullName":"AgendaEmpleados (RF-10) CP-060: Consultar la agenda mensual del empleado.","invocations":1,"location":null,"numPassingAsserts":1,"retryReasons":[],"startAt":1784837164480,"status":"passed","title":"CP-060: Consultar la agenda mensual del empleado."},{"ancestorTitles":["AgendaEmpleados (RF-10)"],"duration":8,"failing":false,"failureDetails":[],"failureMessages":[],"fullName":"AgendaEmpleados (RF-10) CP-061: Consultar los servicios pendientes del empleado.","invocations":1,"location":null,"numPassingAsserts":1,"retryReasons":[],"startAt":1784837164490,"status":"passed","title":"CP-061: Consultar los servicios pendientes del empleado."},{"ancestorTitles":["AgendaEmpleados (RF-10)"],"duration":7,"failing":false,"failureDetails":[],"failureMessages":[],"fullName":"AgendaEmpleados (RF-10) CP-062: Consultar métricas de desempeño del empleado.","invocations":1,"location":null,"numPassingAsserts":3,"retryReasons":[],"startAt":1784837164499,"status":"passed","title":"CP-062: Consultar métricas de desempeño del empleado."}],"endTime":1784837164509,"message":"","name":"C:\\Users\\cristian andres\\OneDrive\\Documentos\\todo lo de foam wash\\foam version final\\FoamWash\\backend\\src\\test\\pruebas unitarias\\RF-10_AgendaEmpleados.spec.ts","startTime":1784837163543,"status":"passed","summary":""},{"assertionResults":[{"ancestorTitles":["Promociones (RF-16)"],"duration":3,"failing":false,"failureDetails":[],"failureMessages":[],"fullName":"Promociones (RF-16) CP-083: Aplicación exitosa de un cupón de descuento válido.","invocations":1,"location":null,"numPassingAsserts":2,"retryReasons":[],"startAt":1784837164748,"status":"passed","title":"CP-083: Aplicación exitosa de un cupón de descuento válido."},{"ancestorTitles":["Promociones (RF-16)"],"duration":17,"failing":false,"failureDetails":[],"failureMessages":[],"fullName":"Promociones (RF-16) CP-084: Rechazo de cupón inexistente o vencido.","invocations":1,"location":null,"numPassingAsserts":1,"retryReasons":[],"startAt":1784837164752,"status":"passed","title":"CP-084: Rechazo de cupón inexistente o vencido."},{"ancestorTitles":["Promociones (RF-16)"],"duration":3,"failing":false,"failureDetails":[],"failureMessages":[],"fullName":"Promociones (RF-16) CP-085: Validar cupón con 20% de descuento.","invocations":1,"location":null,"numPassingAsserts":2,"retryReasons":[],"startAt":1784837164771,"status":"passed","title":"CP-085: Validar cupón con 20% de descuento."},{"ancestorTitles":["Promociones (RF-16)"],"duration":2,"failing":false,"failureDetails":[],"failureMessages":[],"fullName":"Promociones (RF-16) CP-086: El descuento no debe superar el valor total del servicio.","invocations":1,"location":null,"numPassingAsserts":1,"retryReasons":[],"startAt":1784837164775,"status":"passed","title":"CP-086: El descuento no debe superar el valor total del servicio."},{"ancestorTitles":["Promociones (RF-16)"],"duration":3,"failing":false,"failureDetails":[],"failureMessages":[],"fullName":"Promociones (RF-16) CP-087: Sensibilidad a mayúsculas/minúsculas en el código de promoción.","invocations":1,"location":null,"numPassingAsserts":1,"retryReasons":[],"startAt":1784837164778,"status":"passed","title":"CP-087: Sensibilidad a mayúsculas/minúsculas en el código de promoción."}],"endTime":1784837164783,"message":"","name":"C:\\Users\\cristian andres\\OneDrive\\Documentos\\todo lo de foam wash\\foam version final\\FoamWash\\backend\\src\\test\\pruebas unitarias\\RF-16_Promociones.spec.ts","startTime":1784837164529,"status":"passed","summary":""},{"assertionResults":[{"ancestorTitles":["Soporte y PQRS (RF-18)"],"duration":4,"failing":false,"failureDetails":[],"failureMessages":[],"fullName":"Soporte y PQRS (RF-18) CP-093: Crear ticket de soporte con asunto y mensaje válido.","invocations":1,"location":null,"numPassingAsserts":2,"retryReasons":[],"startAt":1784837165020,"status":"passed","title":"CP-093: Crear ticket de soporte con asunto y mensaje válido."},{"ancestorTitles":["Soporte y PQRS (RF-18)"],"duration":13,"failing":false,"failureDetails":[],"failureMessages":[],"fullName":"Soporte y PQRS (RF-18) CP-094: Rechazar ticket de soporte sin asunto.","invocations":1,"location":null,"numPassingAsserts":1,"retryReasons":[],"startAt":1784837165025,"status":"passed","title":"CP-094: Rechazar ticket de soporte sin asunto."},{"ancestorTitles":["Soporte y PQRS (RF-18)"],"duration":3,"failing":false,"failureDetails":[],"failureMessages":[],"fullName":"Soporte y PQRS (RF-18) CP-095: Rechazar ticket de soporte sin mensaje.","invocations":1,"location":null,"numPassingAsserts":1,"retryReasons":[],"startAt":1784837165040,"status":"passed","title":"CP-095: Rechazar ticket de soporte sin mensaje."},{"ancestorTitles":["Soporte y PQRS (RF-18)"],"duration":3,"failing":false,"failureDetails":[],"failureMessages":[],"fullName":"Soporte y PQRS (RF-18) CP-096: Cambio de estado de ticket a Resuelto.","invocations":1,"location":null,"numPassingAsserts":1,"retryReasons":[],"startAt":1784837165044,"status":"passed","title":"CP-096: Cambio de estado de ticket a Resuelto."},{"ancestorTitles":["Soporte y PQRS (RF-18)"],"duration":2,"failing":false,"failureDetails":[],"failureMessages":[],"fullName":"Soporte y PQRS (RF-18) CP-097: Asignación de respuesta al ticket por el administrador.","invocations":1,"location":null,"numPassingAsserts":2,"retryReasons":[],"startAt":1784837165049,"status":"passed","title":"CP-097: Asignación de respuesta al ticket por el administrador."}],"endTime":1784837165061,"message":"","name":"C:\\Users\\cristian andres\\OneDrive\\Documentos\\todo lo de foam wash\\foam version final\\FoamWash\\backend\\src\\test\\pruebas unitarias\\RF-18_Soporte.spec.ts","startTime":1784837164800,"status":"passed","summary":""},{"assertionResults":[{"ancestorTitles":["Configuración del Sistema (RF-22)"],"duration":4,"failing":false,"failureDetails":[],"failureMessages":[],"fullName":"Configuración del Sistema (RF-22) CP-108: Consultar configuración global del sistema.","invocations":1,"location":null,"numPassingAsserts":3,"retryReasons":[],"startAt":1784837165373,"status":"passed","title":"CP-108: Consultar configuración global del sistema."},{"ancestorTitles":["Configuración del Sistema (RF-22)"],"duration":2,"failing":false,"failureDetails":[],"failureMessages":[],"fullName":"Configuración del Sistema (RF-22) CP-109: Actualizar política de cancelación del sistema.","invocations":1,"location":null,"numPassingAsserts":1,"retryReasons":[],"startAt":1784837165378,"status":"passed","title":"CP-109: Actualizar política de cancelación del sistema."},{"ancestorTitles":["Configuración del Sistema (RF-22)"],"duration":2,"failing":false,"failureDetails":[],"failureMessages":[],"fullName":"Configuración del Sistema (RF-22) CP-110: Actualizar número máximo de reservas simultáneas.","invocations":1,"location":null,"numPassingAsserts":1,"retryReasons":[],"startAt":1784837165381,"status":"passed","title":"CP-110: Actualizar número máximo de reservas simultáneas."},{"ancestorTitles":["Configuración del Sistema (RF-22)"],"duration":26,"failing":false,"failureDetails":[],"failureMessages":[],"fullName":"Configuración del Sistema (RF-22) CP-111: Rechazar configuración de máximo de reservas menor o igual a 0.","invocations":1,"location":null,"numPassingAsserts":1,"retryReasons":[],"startAt":1784837165384,"status":"passed","title":"CP-111: Rechazar configuración de máximo de reservas menor o igual a 0."},{"ancestorTitles":["Configuración del Sistema (RF-22)"],"duration":2,"failing":false,"failureDetails":[],"failureMessages":[],"fullName":"Configuración del Sistema (RF-22) CP-112: Modificar horario de atención del servicio.","invocations":1,"location":null,"numPassingAsserts":2,"retryReasons":[],"startAt":1784837165412,"status":"passed","title":"CP-112: Modificar horario de atención del servicio."},{"ancestorTitles":["Configuración del Sistema (RF-22)"],"duration":8,"failing":false,"failureDetails":[],"failureMessages":[],"fullName":"Configuración del Sistema (RF-22) CP-113: Persistencia de parámetros modificados.","invocations":1,"location":null,"numPassingAsserts":2,"retryReasons":[],"startAt":1784837165416,"status":"passed","title":"CP-113: Persistencia de parámetros modificados."},{"ancestorTitles":["Configuración del Sistema (RF-22)"],"duration":38,"failing":false,"failureDetails":[],"failureMessages":[],"fullName":"Configuración del Sistema (RF-22) CP-114: Restablecer configuración a valores por defecto.","invocations":1,"location":null,"numPassingAsserts":1,"retryReasons":[],"startAt":1784837165426,"status":"passed","title":"CP-114: Restablecer configuración a valores por defecto."},{"ancestorTitles":["Configuración del Sistema (RF-22)"],"duration":2,"failing":false,"failureDetails":[],"failureMessages":[],"fullName":"Configuración del Sistema (RF-22) CP-115: Validar consistencia de los tipos de datos en la configuración.","invocations":1,"location":null,"numPassingAsserts":2,"retryReasons":[],"startAt":1784837165465,"status":"passed","title":"CP-115: Validar consistencia de los tipos de datos en la configuración."}],"endTime":1784837165475,"message":"","name":"C:\\Users\\cristian andres\\OneDrive\\Documentos\\todo lo de foam wash\\foam version final\\FoamWash\\backend\\src\\test\\pruebas unitarias\\RF-22_Configuracion.spec.ts","startTime":1784837165083,"status":"passed","summary":""},{"assertionResults":[{"ancestorTitles":["Usuarios (Integracion)"],"duration":50,"failing":false,"failureDetails":[],"failureMessages":[],"fullName":"Usuarios (Integracion) 1. Debe obtener la lista de todos los usuarios si es administrador","invocations":1,"location":null,"numPassingAsserts":3,"retryReasons":[],"startAt":1784837185548,"status":"passed","title":"1. Debe obtener la lista de todos los usuarios si es administrador"},{"ancestorTitles":["Usuarios (Integracion)"],"duration":47,"failing":false,"failureDetails":[],"failureMessages":[],"fullName":"Usuarios (Integracion) 2. Debe rechazar la solicitud si un cliente intenta ver todos los usuarios","invocations":1,"location":null,"numPassingAsserts":1,"retryReasons":[],"startAt":1784837185599,"status":"passed","title":"2. Debe rechazar la solicitud si un cliente intenta ver todos los usuarios"},{"ancestorTitles":["Usuarios (Integracion)"],"duration":64,"failing":false,"failureDetails":[],"failureMessages":[],"fullName":"Usuarios (Integracion) 3. Debe permitir actualizar los datos de su propio perfil","invocations":1,"location":null,"numPassingAsserts":3,"retryReasons":[],"startAt":1784837185648,"status":"passed","title":"3. Debe permitir actualizar los datos de su propio perfil"},{"ancestorTitles":["Usuarios (Integracion)"],"duration":42,"failing":false,"failureDetails":[],"failureMessages":[],"fullName":"Usuarios (Integracion) 4. Debe obtener métricas de usuarios por rol (admin)","invocations":1,"location":null,"numPassingAsserts":3,"retryReasons":[],"startAt":1784837185713,"status":"passed","title":"4. Debe obtener métricas de usuarios por rol (admin)"}],"endTime":1784837185781,"message":"","name":"C:\\Users\\cristian andres\\OneDrive\\Documentos\\todo lo de foam wash\\foam version final\\FoamWash\\backend\\src\\test\\pruebas integracion\\Integracion_Usuarios.spec.ts","startTime":1784837165498,"status":"passed","summary":""},{"assertionResults":[{"ancestorTitles":["Pagos (RF-13)"],"duration":1892,"failing":false,"failureDetails":[],"failureMessages":[],"fullName":"Pagos (RF-13) CP-073: Registrar y confirmar el estado de pago del servicio (Completado).","invocations":1,"location":null,"numPassingAsserts":1,"retryReasons":[],"startAt":1784837187507,"status":"passed","title":"CP-073: Registrar y confirmar el estado de pago del servicio (Completado)."},{"ancestorTitles":["Pagos (RF-13)"],"duration":8,"failing":false,"failureDetails":[],"failureMessages":[],"fullName":"Pagos (RF-13) CP-074: Validar cálculo del costo total de servicios en una reserva.","invocations":1,"location":null,"numPassingAsserts":1,"retryReasons":[],"startAt":1784837189401,"status":"passed","title":"CP-074: Validar cálculo del costo total de servicios en una reserva."},{"ancestorTitles":["Pagos (RF-13)"],"duration":9,"failing":false,"failureDetails":[],"failureMessages":[],"fullName":"Pagos (RF-13) CP-075: Manejo de estado Pendiente de pago.","invocations":1,"location":null,"numPassingAsserts":1,"retryReasons":[],"startAt":1784837189410,"status":"passed","title":"CP-075: Manejo de estado Pendiente de pago."},{"ancestorTitles":["Pagos (RF-13)"],"duration":52,"failing":false,"failureDetails":[],"failureMessages":[],"fullName":"Pagos (RF-13) CP-076: Rehusar actualización de pago para reserva inexistente.","invocations":1,"location":null,"numPassingAsserts":1,"retryReasons":[],"startAt":1784837189420,"status":"passed","title":"CP-076: Rehusar actualización de pago para reserva inexistente."}],"endTime":1784837189481,"message":"","name":"C:\\Users\\cristian andres\\OneDrive\\Documentos\\todo lo de foam wash\\foam version final\\FoamWash\\backend\\src\\test\\pruebas unitarias\\RF-13_Pagos.spec.ts","startTime":1784837185832,"status":"passed","summary":""},{"assertionResults":[{"ancestorTitles":["HistorialServicios (RF-08)"],"duration":16,"failing":false,"failureDetails":[],"failureMessages":[],"fullName":"HistorialServicios (RF-08) CP-048: Pueda consultar el historial de servicios realizados por cliente.","invocations":1,"location":null,"numPassingAsserts":3,"retryReasons":[],"startAt":1784837190819,"status":"passed","title":"CP-048: Pueda consultar el historial de servicios realizados por cliente."},{"ancestorTitles":["HistorialServicios (RF-08)"],"duration":6,"failing":false,"failureDetails":[],"failureMessages":[],"fullName":"HistorialServicios (RF-08) CP-049: Solo consulte su propio historial.","invocations":1,"location":null,"numPassingAsserts":1,"retryReasons":[],"startAt":1784837190837,"status":"passed","title":"CP-049: Solo consulte su propio historial."},{"ancestorTitles":["HistorialServicios (RF-08)"],"duration":6,"failing":false,"failureDetails":[],"failureMessages":[],"fullName":"HistorialServicios (RF-08) CP-050: Validar orden descendente del historial por fecha.","invocations":1,"location":null,"numPassingAsserts":1,"retryReasons":[],"startAt":1784837190845,"status":"passed","title":"CP-050: Validar orden descendente del historial por fecha."},{"ancestorTitles":["HistorialServicios (RF-08)"],"duration":6,"failing":false,"failureDetails":[],"failureMessages":[],"fullName":"HistorialServicios (RF-08) CP-051: Validar detalle completo de un servicio en el historial.","invocations":1,"location":null,"numPassingAsserts":2,"retryReasons":[],"startAt":1784837190853,"status":"passed","title":"CP-051: Validar detalle completo de un servicio en el historial."},{"ancestorTitles":["HistorialServicios (RF-08)"],"duration":24,"failing":false,"failureDetails":[],"failureMessages":[],"fullName":"HistorialServicios (RF-08) CP-052: Manejo de errores al cargar el historial.","invocations":1,"location":null,"numPassingAsserts":1,"retryReasons":[],"startAt":1784837190861,"status":"passed","title":"CP-052: Manejo de errores al cargar el historial."}],"endTime":1784837190889,"message":"","name":"C:\\Users\\cristian andres\\OneDrive\\Documentos\\todo lo de foam wash\\foam version final\\FoamWash\\backend\\src\\test\\pruebas unitarias\\RF-08_HistorialServicios.spec.ts","startTime":1784837189506,"status":"passed","summary":""},{"assertionResults":[{"ancestorTitles":["Autenticacion (Integracion)"],"duration":916,"failing":false,"failureDetails":[],"failureMessages":[],"fullName":"Autenticacion (Integracion) 1. Debe registrar un nuevo usuario y devolver tokens","invocations":1,"location":null,"numPassingAsserts":5,"retryReasons":[],"startAt":1784837197507,"status":"passed","title":"1. Debe registrar un nuevo usuario y devolver tokens"},{"ancestorTitles":["Autenticacion (Integracion)"],"duration":103,"failing":false,"failureDetails":[],"failureMessages":[],"fullName":"Autenticacion (Integracion) 2. No debe permitir registrar un usuario con un correo ya existente","invocations":1,"location":null,"numPassingAsserts":1,"retryReasons":[],"startAt":1784837198425,"status":"passed","title":"2. No debe permitir registrar un usuario con un correo ya existente"},{"ancestorTitles":["Autenticacion (Integracion)"],"duration":845,"failing":false,"failureDetails":[],"failureMessages":[],"fullName":"Autenticacion (Integracion) 3. Debe fallar el login con credenciales incorrectas","invocations":1,"location":null,"numPassingAsserts":1,"retryReasons":[],"startAt":1784837198529,"status":"passed","title":"3. Debe fallar el login con credenciales incorrectas"},{"ancestorTitles":["Autenticacion (Integracion)"],"duration":1012,"failing":false,"failureDetails":[],"failureMessages":[],"fullName":"Autenticacion (Integracion) 4. Debe iniciar sesión exitosamente con credenciales correctas","invocations":1,"location":null,"numPassingAsserts":3,"retryReasons":[],"startAt":1784837199376,"status":"passed","title":"4. Debe iniciar sesión exitosamente con credenciales correctas"},{"ancestorTitles":["Autenticacion (Integracion)"],"duration":906,"failing":false,"failureDetails":[],"failureMessages":[],"fullName":"Autenticacion (Integracion) 5. Debe obtener perfil del usuario en sesión","invocations":1,"location":null,"numPassingAsserts":3,"retryReasons":[],"startAt":1784837200389,"status":"passed","title":"5. Debe obtener perfil del usuario en sesión"}],"endTime":1784837201325,"message":"","name":"C:\\Users\\cristian andres\\OneDrive\\Documentos\\todo lo de foam wash\\foam version final\\FoamWash\\backend\\src\\test\\pruebas integracion\\Integracion_Autenticacion.spec.ts","startTime":1784837190912,"status":"passed","summary":""},{"assertionResults":[{"ancestorTitles":["Reportes y Estadísticas (RF-12)"],"duration":15,"failing":false,"failureDetails":[],"failureMessages":[],"fullName":"Reportes y Estadísticas (RF-12) CP-068: Generar métricas del dashboard general correctamente.","invocations":1,"location":null,"numPassingAsserts":5,"retryReasons":[],"startAt":1784837202525,"status":"passed","title":"CP-068: Generar métricas del dashboard general correctamente."},{"ancestorTitles":["Reportes y Estadísticas (RF-12)"],"duration":20,"failing":false,"failureDetails":[],"failureMessages":[],"fullName":"Reportes y Estadísticas (RF-12) CP-069: Filtrar métricas por período mensual.","invocations":1,"location":null,"numPassingAsserts":1,"retryReasons":[],"startAt":1784837202542,"status":"passed","title":"CP-069: Filtrar métricas por período mensual."},{"ancestorTitles":["Reportes y Estadísticas (RF-12)"],"duration":8,"failing":false,"failureDetails":[],"failureMessages":[],"fullName":"Reportes y Estadísticas (RF-12) CP-070: Filtrar métricas por período anual.","invocations":1,"location":null,"numPassingAsserts":1,"retryReasons":[],"startAt":1784837202564,"status":"passed","title":"CP-070: Filtrar métricas por período anual."},{"ancestorTitles":["Reportes y Estadísticas (RF-12)"],"duration":6,"failing":false,"failureDetails":[],"failureMessages":[],"fullName":"Reportes y Estadísticas (RF-12) CP-071: Manejo de cálculo de ingresos cuando no existen reservas completadas (0 ingresos).","invocations":1,"location":null,"numPassingAsserts":1,"retryReasons":[],"startAt":1784837202573,"status":"passed","title":"CP-071: Manejo de cálculo de ingresos cuando no existen reservas completadas (0 ingresos)."},{"ancestorTitles":["Reportes y Estadísticas (RF-12)"],"duration":7,"failing":false,"failureDetails":[],"failureMessages":[],"fullName":"Reportes y Estadísticas (RF-12) CP-072: Conteo correcto de servicios ofrecidos.","invocations":1,"location":null,"numPassingAsserts":1,"retryReasons":[],"startAt":1784837202580,"status":"passed","title":"CP-072: Conteo correcto de servicios ofrecidos."}],"endTime":1784837202589,"message":"","name":"C:\\Users\\cristian andres\\OneDrive\\Documentos\\todo lo de foam wash\\foam version final\\FoamWash\\backend\\src\\test\\pruebas unitarias\\RF-12_Reportes.spec.ts","startTime":1784837201351,"status":"passed","summary":""},{"assertionResults":[{"ancestorTitles":["Cotizaciones (Integracion)"],"duration":29,"failing":false,"failureDetails":[],"failureMessages":[],"fullName":"Cotizaciones (Integracion) 1. Debe obtener la lista de servicios para cotizar (público)","invocations":1,"location":null,"numPassingAsserts":3,"retryReasons":[],"startAt":1784837209682,"status":"passed","title":"1. Debe obtener la lista de servicios para cotizar (público)"},{"ancestorTitles":["Cotizaciones (Integracion)"],"duration":53,"failing":false,"failureDetails":[],"failureMessages":[],"fullName":"Cotizaciones (Integracion) 2. Debe crear una cotización exitosamente","invocations":1,"location":null,"numPassingAsserts":4,"retryReasons":[],"startAt":1784837209713,"status":"passed","title":"2. Debe crear una cotización exitosamente"},{"ancestorTitles":["Cotizaciones (Integracion)"],"duration":37,"failing":false,"failureDetails":[],"failureMessages":[],"fullName":"Cotizaciones (Integracion) 3. Debe obtener el listado de cotizaciones","invocations":1,"location":null,"numPassingAsserts":3,"retryReasons":[],"startAt":1784837209768,"status":"passed","title":"3. Debe obtener el listado de cotizaciones"},{"ancestorTitles":["Cotizaciones (Integracion)"],"duration":33,"failing":false,"failureDetails":[],"failureMessages":[],"fullName":"Cotizaciones (Integracion) 4. Debe fallar si se intenta crear cotización sin estar logueado","invocations":1,"location":null,"numPassingAsserts":1,"retryReasons":[],"startAt":1784837209806,"status":"passed","title":"4. Debe fallar si se intenta crear cotización sin estar logueado"}],"endTime":1784837209890,"message":"","name":"C:\\Users\\cristian andres\\OneDrive\\Documentos\\todo lo de foam wash\\foam version final\\FoamWash\\backend\\src\\test\\pruebas integracion\\Integracion_Cotizaciones.spec.ts","startTime":1784837202608,"status":"passed","summary":""},{"assertionResults":[{"ancestorTitles":["Empleados (Integracion)"],"duration":40,"failing":false,"failureDetails":[],"failureMessages":[],"fullName":"Empleados (Integracion) 1. Debe obtener la lista de todos los empleados","invocations":1,"location":null,"numPassingAsserts":3,"retryReasons":[],"startAt":1784837218052,"status":"passed","title":"1. Debe obtener la lista de todos los empleados"},{"ancestorTitles":["Empleados (Integracion)"],"duration":55,"failing":false,"failureDetails":[],"failureMessages":[],"fullName":"Empleados (Integracion) 2. Debe obtener métricas de productividad general","invocations":1,"location":null,"numPassingAsserts":3,"retryReasons":[],"startAt":1784837218095,"status":"passed","title":"2. Debe obtener métricas de productividad general"}],"endTime":1784837218178,"message":"","name":"C:\\Users\\cristian andres\\OneDrive\\Documentos\\todo lo de foam wash\\foam version final\\FoamWash\\backend\\src\\test\\pruebas integracion\\Integracion_Empleados.spec.ts","startTime":1784837209909,"status":"passed","summary":""},{"assertionResults":[{"ancestorTitles":["ProgramarServicio"],"duration":72,"failing":false,"failureDetails":[],"failureMessages":[],"fullName":"ProgramarServicio Permite programar un servicio de lavado correctamente.","invocations":1,"location":null,"numPassingAsserts":1,"retryReasons":[],"startAt":1784837225554,"status":"passed","title":"Permite programar un servicio de lavado correctamente."},{"ancestorTitles":["ProgramarServicio"],"duration":41,"failing":false,"failureDetails":[],"failureMessages":[],"fullName":"ProgramarServicio Valida los campos obligatorios del formulario.","invocations":1,"location":null,"numPassingAsserts":1,"retryReasons":[],"startAt":1784837225637,"status":"passed","title":"Valida los campos obligatorios del formulario."},{"ancestorTitles":["ProgramarServicio"],"duration":45,"failing":false,"failureDetails":[],"failureMessages":[],"fullName":"ProgramarServicio No permite programar un servicio con fecha anterior a la actual.","invocations":1,"location":null,"numPassingAsserts":1,"retryReasons":[],"startAt":1784837225679,"status":"passed","title":"No permite programar un servicio con fecha anterior a la actual."},{"ancestorTitles":["ProgramarServicio"],"duration":3,"failing":false,"failureDetails":[],"failureMessages":[],"fullName":"ProgramarServicio No permite seleccionar una hora no disponible.","invocations":1,"location":null,"numPassingAsserts":1,"retryReasons":[],"startAt":1784837225725,"status":"passed","title":"No permite seleccionar una hora no disponible."},{"ancestorTitles":["ProgramarServicio"],"duration":2,"failing":false,"failureDetails":[],"failureMessages":[],"fullName":"ProgramarServicio Permite seleccionar un horario disponible.","invocations":1,"location":null,"numPassingAsserts":1,"retryReasons":[],"startAt":1784837225729,"status":"passed","title":"Permite seleccionar un horario disponible."},{"ancestorTitles":["ProgramarServicio"],"duration":3,"failing":false,"failureDetails":[],"failureMessages":[],"fullName":"ProgramarServicio Registra correctamente la dirección donde se realizará el servicio.","invocations":1,"location":null,"numPassingAsserts":1,"retryReasons":[],"startAt":1784837225733,"status":"passed","title":"Registra correctamente la dirección donde se realizará el servicio."},{"ancestorTitles":["ProgramarServicio"],"duration":2,"failing":false,"failureDetails":[],"failureMessages":[],"fullName":"ProgramarServicio Permite registrar observaciones adicionales para el servicio.","invocations":1,"location":null,"numPassingAsserts":1,"retryReasons":[],"startAt":1784837225737,"status":"passed","title":"Permite registrar observaciones adicionales para el servicio."},{"ancestorTitles":["ProgramarServicio"],"duration":31,"failing":false,"failureDetails":[],"failureMessages":[],"fullName":"ProgramarServicio Registra el servicio en el historial o listado de servicios del cliente.","invocations":1,"location":null,"numPassingAsserts":1,"retryReasons":[],"startAt":1784837225741,"status":"passed","title":"Registra el servicio en el historial o listado de servicios del cliente."}],"endTime":1784837225846,"message":"","name":"C:\\Users\\cristian andres\\OneDrive\\Documentos\\todo lo de foam wash\\foam version final\\FoamWash\\backend\\src\\test\\pruebas integracion\\Integracion_ProgramarServicio.spec.ts","startTime":1784837218204,"status":"passed","summary":""},{"assertionResults":[{"ancestorTitles":["HistorialServicios"],"duration":181,"failing":false,"failureDetails":[],"failureMessages":[],"fullName":"HistorialServicios Consulta el historial de servicios realizados.","invocations":1,"location":null,"numPassingAsserts":1,"retryReasons":[],"startAt":1784837304347,"status":"passed","title":"Consulta el historial de servicios realizados."},{"ancestorTitles":["HistorialServicios"],"duration":59,"failing":false,"failureDetails":[],"failureMessages":[],"fullName":"HistorialServicios Solo permite consultar el propio historial.","invocations":1,"location":null,"numPassingAsserts":1,"retryReasons":[],"startAt":1784837304543,"status":"passed","title":"Solo permite consultar el propio historial."},{"ancestorTitles":["HistorialServicios"],"duration":5,"failing":false,"failureDetails":[],"failureMessages":[],"fullName":"HistorialServicios Actualiza el historial después de finalizar un servicio.","invocations":1,"location":null,"numPassingAsserts":1,"retryReasons":[],"startAt":1784837304607,"status":"passed","title":"Actualiza el historial después de finalizar un servicio."},{"ancestorTitles":["HistorialServicios"],"duration":140,"failing":false,"failureDetails":[],"failureMessages":[],"fullName":"HistorialServicios Consulta el detalle de un servicio del historial.","invocations":1,"location":null,"numPassingAsserts":1,"retryReasons":[],"startAt":1784837304620,"status":"passed","title":"Consulta el detalle de un servicio del historial."},{"ancestorTitles":["HistorialServicios"],"duration":3,"failing":false,"failureDetails":[],"failureMessages":[],"fullName":"HistorialServicios Permite usar filtros en el historial de servicios.","invocations":1,"location":null,"numPassingAsserts":1,"retryReasons":[],"startAt":1784837304796,"status":"passed","title":"Permite usar filtros en el historial de servicios."},{"ancestorTitles":["HistorialServicios"],"duration":6,"failing":false,"failureDetails":[],"failureMessages":[],"fullName":"HistorialServicios Maneja correctamente fallas al cargar el historial","invocations":1,"location":null,"numPassingAsserts":1,"retryReasons":[],"startAt":1784837304819,"status":"passed","title":"Maneja correctamente fallas al cargar el historial"}],"endTime":1784837304918,"message":"","name":"C:\\Users\\cristian andres\\OneDrive\\Documentos\\todo lo de foam wash\\foam version final\\FoamWash\\backend\\src\\test\\pruebas integracion\\Integracion_HistorialServicios.spec.ts","startTime":1784837225876,"status":"passed","summary":""},{"assertionResults":[{"ancestorTitles":["Notificaciones"],"duration":676,"failing":false,"failureDetails":[],"failureMessages":[],"fullName":"Notificaciones Recibe una notificación cuando el estado del servicio cambie.","invocations":1,"location":null,"numPassingAsserts":1,"retryReasons":[],"startAt":1784837341309,"status":"passed","title":"Recibe una notificación cuando el estado del servicio cambie."},{"ancestorTitles":["Notificaciones"],"duration":5,"failing":false,"failureDetails":[],"failureMessages":[],"fullName":"Notificaciones Visualiza el estado dentro de la plataforma.","invocations":1,"location":null,"numPassingAsserts":1,"retryReasons":[],"startAt":1784837342001,"status":"passed","title":"Visualiza el estado dentro de la plataforma."},{"ancestorTitles":["Notificaciones"],"duration":11,"failing":false,"failureDetails":[],"failureMessages":[],"fullName":"Notificaciones Recibe una notificación al crear un servicio.","invocations":1,"location":null,"numPassingAsserts":1,"retryReasons":[],"startAt":1784837342022,"status":"passed","title":"Recibe una notificación al crear un servicio."},{"ancestorTitles":["Notificaciones"],"duration":175,"failing":false,"failureDetails":[],"failureMessages":[],"fullName":"Notificaciones El contenido de la notificación es correcto.","invocations":1,"location":null,"numPassingAsserts":1,"retryReasons":[],"startAt":1784837342045,"status":"passed","title":"El contenido de la notificación es correcto."},{"ancestorTitles":["Notificaciones"],"duration":3,"failing":false,"failureDetails":[],"failureMessages":[],"fullName":"Notificaciones Envía la notificación a canales externos (correo, SMS).","invocations":1,"location":null,"numPassingAsserts":1,"retryReasons":[],"startAt":1784837342233,"status":"passed","title":"Envía la notificación a canales externos (correo, SMS)."},{"ancestorTitles":["Notificaciones"],"duration":3,"failing":false,"failureDetails":[],"failureMessages":[],"fullName":"Notificaciones No envía notificaciones duplicadas.","invocations":1,"location":null,"numPassingAsserts":1,"retryReasons":[],"startAt":1784837342251,"status":"passed","title":"No envía notificaciones duplicadas."},{"ancestorTitles":["Notificaciones"],"duration":2,"failing":false,"failureDetails":[],"failureMessages":[],"fullName":"Notificaciones Muestra las notificaciones en el orden cronológico.","invocations":1,"location":null,"numPassingAsserts":1,"retryReasons":[],"startAt":1784837342266,"status":"passed","title":"Muestra las notificaciones en el orden cronológico."}],"endTime":1784837342340,"message":"","name":"C:\\Users\\cristian andres\\OneDrive\\Documentos\\todo lo de foam wash\\foam version final\\FoamWash\\backend\\src\\test\\pruebas integracion\\Integracion_Notificaciones.spec.ts","startTime":1784837305135,"status":"passed","summary":""},{"assertionResults":[{"ancestorTitles":["SolicitarCotizacion (RF-05)"],"duration":39,"failing":false,"failureDetails":[],"failureMessages":[],"fullName":"SolicitarCotizacion (RF-05) CP-030: Pueda solicitar una cotización correctamente.","invocations":1,"location":null,"numPassingAsserts":2,"retryReasons":[],"startAt":1784837347067,"status":"passed","title":"CP-030: Pueda solicitar una cotización correctamente."},{"ancestorTitles":["SolicitarCotizacion (RF-05)"],"duration":46,"failing":false,"failureDetails":[],"failureMessages":[],"fullName":"SolicitarCotizacion (RF-05) CP-031: Valide los campos obligatorios del formulario.","invocations":1,"location":null,"numPassingAsserts":1,"retryReasons":[],"startAt":1784837347117,"status":"passed","title":"CP-031: Valide los campos obligatorios del formulario."},{"ancestorTitles":["SolicitarCotizacion (RF-05)"],"duration":105,"failing":false,"failureDetails":[],"failureMessages":[],"fullName":"SolicitarCotizacion (RF-05) CP-032: Pueda seleccionar un servicio para cotizar.","invocations":1,"location":null,"numPassingAsserts":2,"retryReasons":[],"startAt":1784837347170,"status":"passed","title":"CP-032: Pueda seleccionar un servicio para cotizar."},{"ancestorTitles":["SolicitarCotizacion (RF-05)"],"duration":26,"failing":false,"failureDetails":[],"failureMessages":[],"fullName":"SolicitarCotizacion (RF-05) CP-033: Genere una cotización estimada (si aplica).","invocations":1,"location":null,"numPassingAsserts":1,"retryReasons":[],"startAt":1784837347308,"status":"passed","title":"CP-033: Genere una cotización estimada (si aplica)."},{"ancestorTitles":["SolicitarCotizacion (RF-05)"],"duration":24,"failing":false,"failureDetails":[],"failureMessages":[],"fullName":"SolicitarCotizacion (RF-05) CP-034: La solicitud quede registrada en el sistema.","invocations":1,"location":null,"numPassingAsserts":2,"retryReasons":[],"startAt":1784837347353,"status":"passed","title":"CP-034: La solicitud quede registrada en el sistema."}],"endTime":1784837347392,"message":"","name":"C:\\Users\\cristian andres\\OneDrive\\Documentos\\todo lo de foam wash\\foam version final\\FoamWash\\backend\\src\\test\\pruebas unitarias\\RF-05_SolicitarCotizacion.spec.ts","startTime":1784837342546,"status":"passed","summary":""},{"assertionResults":[{"ancestorTitles":["GestionRoles (RF-11)"],"duration":23,"failing":false,"failureDetails":[],"failureMessages":[],"fullName":"GestionRoles (RF-11) CP-063: Consultar distribución de usuarios por rol.","invocations":1,"location":null,"numPassingAsserts":2,"retryReasons":[],"startAt":1784837351563,"status":"passed","title":"CP-063: Consultar distribución de usuarios por rol."},{"ancestorTitles":["GestionRoles (RF-11)"],"duration":13,"failing":false,"failureDetails":[],"failureMessages":[],"fullName":"GestionRoles (RF-11) CP-064: Listar únicamente los empleados activos del sistema.","invocations":1,"location":null,"numPassingAsserts":2,"retryReasons":[],"startAt":1784837351592,"status":"passed","title":"CP-064: Listar únicamente los empleados activos del sistema."},{"ancestorTitles":["GestionRoles (RF-11)"],"duration":72,"failing":false,"failureDetails":[],"failureMessages":[],"fullName":"GestionRoles (RF-11) CP-065: Verificar restricción de roles (Cliente vs Admin vs Empleado).","invocations":1,"location":null,"numPassingAsserts":3,"retryReasons":[],"startAt":1784837351683,"status":"passed","title":"CP-065: Verificar restricción de roles (Cliente vs Admin vs Empleado)."},{"ancestorTitles":["GestionRoles (RF-11)"],"duration":29,"failing":false,"failureDetails":[],"failureMessages":[],"fullName":"GestionRoles (RF-11) CP-066: Validar asignación de permisos según el ID de rol.","invocations":1,"location":null,"numPassingAsserts":2,"retryReasons":[],"startAt":1784837351782,"status":"passed","title":"CP-066: Validar asignación de permisos según el ID de rol."},{"ancestorTitles":["GestionRoles (RF-11)"],"duration":19,"failing":false,"failureDetails":[],"failureMessages":[],"fullName":"GestionRoles (RF-11) CP-067: Manejo de respuesta cuando no existen usuarios asignados a un rol.","invocations":1,"location":null,"numPassingAsserts":1,"retryReasons":[],"startAt":1784837351821,"status":"passed","title":"CP-067: Manejo de respuesta cuando no existen usuarios asignados a un rol."}],"endTime":1784837351851,"message":"","name":"C:\\Users\\cristian andres\\OneDrive\\Documentos\\todo lo de foam wash\\foam version final\\FoamWash\\backend\\src\\test\\pruebas unitarias\\RF-11_GestionRoles.spec.ts","startTime":1784837347438,"status":"passed","summary":""},{"assertionResults":[{"ancestorTitles":["Calidad - Seguridad (QC-01)"],"duration":1099,"failing":false,"failureDetails":[],"failureMessages":[],"fullName":"Calidad - Seguridad (QC-01) 1. Debe incluir cabeceras de seguridad de Helmet (x-dns-prefetch-control, x-frame-options, etc.)","invocations":1,"location":null,"numPassingAsserts":6,"retryReasons":[],"startAt":1784837363462,"status":"passed","title":"1. Debe incluir cabeceras de seguridad de Helmet (x-dns-prefetch-control, x-frame-options, etc.)"},{"ancestorTitles":["Calidad - Seguridad (QC-01)"],"duration":127,"failing":false,"failureDetails":[],"failureMessages":[],"fullName":"Calidad - Seguridad (QC-01) 2. Debe permitir CORS (Access-Control-Allow-Origin)","invocations":1,"location":null,"numPassingAsserts":2,"retryReasons":[],"startAt":1784837364671,"status":"passed","title":"2. Debe permitir CORS (Access-Control-Allow-Origin)"}],"endTime":1784837364988,"message":"","name":"C:\\Users\\cristian andres\\OneDrive\\Documentos\\todo lo de foam wash\\foam version final\\FoamWash\\backend\\src\\test\\pruebas de calidad\\QC-01_Seguridad.spec.ts","startTime":1784837352059,"status":"passed","summary":""},{"assertionResults":[{"ancestorTitles":["Calidad - Validación Global (QC-02)"],"duration":196,"failing":false,"failureDetails":[],"failureMessages":[],"fullName":"Calidad - Validación Global (QC-02) 1. Debe interceptar payloads inválidos y devolver 400 Bad Request","invocations":1,"location":null,"numPassingAsserts":6,"retryReasons":[],"startAt":1784837374196,"status":"passed","title":"1. Debe interceptar payloads inválidos y devolver 400 Bad Request"},{"ancestorTitles":["Calidad - Validación Global (QC-02)"],"duration":154,"failing":false,"failureDetails":[],"failureMessages":[],"fullName":"Calidad - Validación Global (QC-02) 2. Debe interceptar tipos de datos erróneos (ej. string en vez de número)","invocations":1,"location":null,"numPassingAsserts":4,"retryReasons":[],"startAt":1784837374399,"status":"passed","title":"2. Debe interceptar tipos de datos erróneos (ej. string en vez de número)"}],"endTime":1784837374588,"message":"","name":"C:\\Users\\cristian andres\\OneDrive\\Documentos\\todo lo de foam wash\\foam version final\\FoamWash\\backend\\src\\test\\pruebas de calidad\\QC-02_ValidacionGlobal.spec.ts","startTime":1784837365364,"status":"passed","summary":""},{"assertionResults":[{"ancestorTitles":["Calidad - Arquitectura y Bootstrap (QC-03)"],"duration":104,"failing":false,"failureDetails":[],"failureMessages":[],"fullName":"Calidad - Arquitectura y Bootstrap (QC-03) 1. El módulo principal (AppModule) debe compilar todas sus dependencias sin ciclos","invocations":1,"location":null,"numPassingAsserts":1,"retryReasons":[],"startAt":1784837377918,"status":"passed","title":"1. El módulo principal (AppModule) debe compilar todas sus dependencias sin ciclos"},{"ancestorTitles":["Calidad - Arquitectura y Bootstrap (QC-03)"],"duration":8,"failing":false,"failureDetails":[],"failureMessages":[],"fullName":"Calidad - Arquitectura y Bootstrap (QC-03) 2. El sistema de subida de archivos (uploads) debe tener sus directorios creados","invocations":1,"location":null,"numPassingAsserts":3,"retryReasons":[],"startAt":1784837378026,"status":"passed","title":"2. El sistema de subida de archivos (uploads) debe tener sus directorios creados"}],"endTime":1784837378037,"message":"","name":"C:\\Users\\cristian andres\\OneDrive\\Documentos\\todo lo de foam wash\\foam version final\\FoamWash\\backend\\src\\test\\pruebas de calidad\\QC-03_ArquitecturaApp.spec.ts","startTime":1784837374633,"status":"passed","summary":""},{"assertionResults":[{"ancestorTitles":["Calificaciones (RF-17)"],"duration":4,"failing":false,"failureDetails":[],"failureMessages":[],"fullName":"Calificaciones (RF-17) CP-088: Registrar calificación de 5 estrellas con comentario.","invocations":1,"location":null,"numPassingAsserts":2,"retryReasons":[],"startAt":1784837378306,"status":"passed","title":"CP-088: Registrar calificación de 5 estrellas con comentario."},{"ancestorTitles":["Calificaciones (RF-17)"],"duration":2,"failing":false,"failureDetails":[],"failureMessages":[],"fullName":"Calificaciones (RF-17) CP-089: Registrar calificación sin comentario obligatorio.","invocations":1,"location":null,"numPassingAsserts":2,"retryReasons":[],"startAt":1784837378312,"status":"passed","title":"CP-089: Registrar calificación sin comentario obligatorio."},{"ancestorTitles":["Calificaciones (RF-17)"],"duration":16,"failing":false,"failureDetails":[],"failureMessages":[],"fullName":"Calificaciones (RF-17) CP-090: Rechazar puntaje menor a 1 estrella.","invocations":1,"location":null,"numPassingAsserts":1,"retryReasons":[],"startAt":1784837378315,"status":"passed","title":"CP-090: Rechazar puntaje menor a 1 estrella."},{"ancestorTitles":["Calificaciones (RF-17)"],"duration":3,"failing":false,"failureDetails":[],"failureMessages":[],"fullName":"Calificaciones (RF-17) CP-091: Rechazar puntaje mayor a 5 estrellas.","invocations":1,"location":null,"numPassingAsserts":1,"retryReasons":[],"startAt":1784837378332,"status":"passed","title":"CP-091: Rechazar puntaje mayor a 5 estrellas."},{"ancestorTitles":["Calificaciones (RF-17)"],"duration":2,"failing":false,"failureDetails":[],"failureMessages":[],"fullName":"Calificaciones (RF-17) CP-092: Calcular promedio de calificaciones correctamente.","invocations":1,"location":null,"numPassingAsserts":1,"retryReasons":[],"startAt":1784837378336,"status":"passed","title":"CP-092: Calcular promedio de calificaciones correctamente."}],"endTime":1784837378341,"message":"","name":"C:\\Users\\cristian andres\\OneDrive\\Documentos\\todo lo de foam wash\\foam version final\\FoamWash\\backend\\src\\test\\pruebas unitarias\\RF-17_Calificaciones.spec.ts","startTime":1784837378055,"status":"passed","summary":""},{"assertionResults":[{"ancestorTitles":["Auditoría y Logs (RF-19)"],"duration":3,"failing":false,"failureDetails":[],"failureMessages":[],"fullName":"Auditoría y Logs (RF-19) CP-098: Registrar inicio de sesión en log de auditoría.","invocations":1,"location":null,"numPassingAsserts":3,"retryReasons":[],"startAt":1784837378652,"status":"passed","title":"CP-098: Registrar inicio de sesión en log de auditoría."},{"ancestorTitles":["Auditoría y Logs (RF-19)"],"duration":1,"failing":false,"failureDetails":[],"failureMessages":[],"fullName":"Auditoría y Logs (RF-19) CP-099: Registrar intento fallido de autenticación.","invocations":1,"location":null,"numPassingAsserts":2,"retryReasons":[],"startAt":1784837378657,"status":"passed","title":"CP-099: Registrar intento fallido de autenticación."},{"ancestorTitles":["Auditoría y Logs (RF-19)"],"duration":3,"failing":false,"failureDetails":[],"failureMessages":[],"fullName":"Auditoría y Logs (RF-19) CP-100: Registrar modificación de rol de usuario por admin.","invocations":1,"location":null,"numPassingAsserts":1,"retryReasons":[],"startAt":1784837378659,"status":"passed","title":"CP-100: Registrar modificación de rol de usuario por admin."},{"ancestorTitles":["Auditoría y Logs (RF-19)"],"duration":3,"failing":false,"failureDetails":[],"failureMessages":[],"fullName":"Auditoría y Logs (RF-19) CP-101: Consultar registros de auditoría en orden cronológico.","invocations":1,"location":null,"numPassingAsserts":2,"retryReasons":[],"startAt":1784837378663,"status":"passed","title":"CP-101: Consultar registros de auditoría en orden cronológico."}],"endTime":1784837378669,"message":"","name":"C:\\Users\\cristian andres\\OneDrive\\Documentos\\todo lo de foam wash\\foam version final\\FoamWash\\backend\\src\\test\\pruebas unitarias\\RF-19_Auditoria.spec.ts","startTime":1784837378360,"status":"passed","summary":""},{"assertionResults":[{"ancestorTitles":["Facturación (RF-14)"],"duration":3,"failing":false,"failureDetails":[],"failureMessages":[],"fullName":"Facturación (RF-14) CP-077: Generar estructura de comprobante de servicio con consecutivo.","invocations":1,"location":null,"numPassingAsserts":4,"retryReasons":[],"startAt":1784837378917,"status":"passed","title":"CP-077: Generar estructura de comprobante de servicio con consecutivo."},{"ancestorTitles":["Facturación (RF-14)"],"duration":3,"failing":false,"failureDetails":[],"failureMessages":[],"fullName":"Facturación (RF-14) CP-078: Validar formateo de moneda en la orden/factura.","invocations":1,"location":null,"numPassingAsserts":1,"retryReasons":[],"startAt":1784837378922,"status":"passed","title":"CP-078: Validar formateo de moneda en la orden/factura."},{"ancestorTitles":["Facturación (RF-14)"],"duration":3,"failing":false,"failureDetails":[],"failureMessages":[],"fullName":"Facturación (RF-14) CP-079: Desglose correcto de items facturados.","invocations":1,"location":null,"numPassingAsserts":1,"retryReasons":[],"startAt":1784837378926,"status":"passed","title":"CP-079: Desglose correcto de items facturados."}],"endTime":1784837378932,"message":"","name":"C:\\Users\\cristian andres\\OneDrive\\Documentos\\todo lo de foam wash\\foam version final\\FoamWash\\backend\\src\\test\\pruebas unitarias\\RF-14_Facturacion.spec.ts","startTime":1784837378693,"status":"passed","summary":""},{"assertionResults":[{"ancestorTitles":["Importación de Datos (RF-21)"],"duration":4,"failing":false,"failureDetails":[],"failureMessages":[],"fullName":"Importación de Datos (RF-21) CP-105: Importar lista de clientes en formato JSON correctamente.","invocations":1,"location":null,"numPassingAsserts":2,"retryReasons":[],"startAt":1784837379222,"status":"passed","title":"CP-105: Importar lista de clientes en formato JSON correctamente."},{"ancestorTitles":["Importación de Datos (RF-21)"],"duration":3,"failing":false,"failureDetails":[],"failureMessages":[],"fullName":"Importación de Datos (RF-21) CP-106: Descartar filas con datos requeridos faltantes durante la importación.","invocations":1,"location":null,"numPassingAsserts":2,"retryReasons":[],"startAt":1784837379228,"status":"passed","title":"CP-106: Descartar filas con datos requeridos faltantes durante la importación."},{"ancestorTitles":["Importación de Datos (RF-21)"],"duration":34,"failing":false,"failureDetails":[],"failureMessages":[],"fullName":"Importación de Datos (RF-21) CP-107: Manejo de error cuando el JSON es sintácticamente inválido.","invocations":1,"location":null,"numPassingAsserts":1,"retryReasons":[],"startAt":1784837379235,"status":"passed","title":"CP-107: Manejo de error cuando el JSON es sintácticamente inválido."}],"endTime":1784837379271,"message":"","name":"C:\\Users\\cristian andres\\OneDrive\\Documentos\\todo lo de foam wash\\foam version final\\FoamWash\\backend\\src\\test\\pruebas unitarias\\RF-21_Importacion.spec.ts","startTime":1784837378979,"status":"passed","summary":""},{"assertionResults":[{"ancestorTitles":["Inventario (RF-15)"],"duration":4,"failing":false,"failureDetails":[],"failureMessages":[],"fullName":"Inventario (RF-15) CP-080: Control de stock de insumos de limpieza.","invocations":1,"location":null,"numPassingAsserts":2,"retryReasons":[],"startAt":1784837379564,"status":"passed","title":"CP-080: Control de stock de insumos de limpieza."},{"ancestorTitles":["Inventario (RF-15)"],"duration":2,"failing":false,"failureDetails":[],"failureMessages":[],"fullName":"Inventario (RF-15) CP-081: Descuento automático de insumos al completar un servicio.","invocations":1,"location":null,"numPassingAsserts":1,"retryReasons":[],"startAt":1784837379569,"status":"passed","title":"CP-081: Descuento automático de insumos al completar un servicio."},{"ancestorTitles":["Inventario (RF-15)"],"duration":1,"failing":false,"failureDetails":[],"failureMessages":[],"fullName":"Inventario (RF-15) CP-082: Alerta de reposición cuando el insumo llega a 0.","invocations":1,"location":null,"numPassingAsserts":1,"retryReasons":[],"startAt":1784837379572,"status":"passed","title":"CP-082: Alerta de reposición cuando el insumo llega a 0."}],"endTime":1784837379576,"message":"","name":"C:\\Users\\cristian andres\\OneDrive\\Documentos\\todo lo de foam wash\\foam version final\\FoamWash\\backend\\src\\test\\pruebas unitarias\\RF-15_Inventario.spec.ts","startTime":1784837379299,"status":"passed","summary":""},{"assertionResults":[{"ancestorTitles":["Exportación de Datos (RF-20)"],"duration":3,"failing":false,"failureDetails":[],"failureMessages":[],"fullName":"Exportación de Datos (RF-20) CP-102: Generar formato CSV de reservas realizadas.","invocations":1,"location":null,"numPassingAsserts":2,"retryReasons":[],"startAt":1784837379827,"status":"passed","title":"CP-102: Generar formato CSV de reservas realizadas."},{"ancestorTitles":["Exportación de Datos (RF-20)"],"duration":2,"failing":false,"failureDetails":[],"failureMessages":[],"fullName":"Exportación de Datos (RF-20) CP-103: Manejar exportación de lista vacía.","invocations":1,"location":null,"numPassingAsserts":1,"retryReasons":[],"startAt":1784837379832,"status":"passed","title":"CP-103: Manejar exportación de lista vacía."},{"ancestorTitles":["Exportación de Datos (RF-20)"],"duration":1,"failing":false,"failureDetails":[],"failureMessages":[],"fullName":"Exportación de Datos (RF-20) CP-104: Validar encabezados correctos en archivo exportado.","invocations":1,"location":null,"numPassingAsserts":1,"retryReasons":[],"startAt":1784837379835,"status":"passed","title":"CP-104: Validar encabezados correctos en archivo exportado."}],"endTime":1784837379838,"message":"","name":"C:\\Users\\cristian andres\\OneDrive\\Documentos\\todo lo de foam wash\\foam version final\\FoamWash\\backend\\src\\test\\pruebas unitarias\\RF-20_Exportacion.spec.ts","startTime":1784837379592,"status":"passed","summary":""}],"wasInterrupted":false}
