<?xml version="1.0" encoding="UTF-8" standalone="no"?><testsuite errors="0" failures="1" name="Autenticación y gestión de perfil" skipped="0" tests="5" time="77.07" timestamp="2026-07-09 07:34:36"><testcase name="Registro exitoso en el sistema como cliente"><failure message="&#13;&#10;Expected: an element that is visible&#13;&#10;     but: no matching element found by [header confirmacion located with: css: .hc-header]" type="java.lang.AssertionError">&#13;
Expected: an element that is visible&#13;
     but: no matching element found by [header confirmacion located with: css: .hc-header]</failure><system-err>&#13;
Expected: an element that is visible&#13;
     but: no matching element found by [header confirmacion located with: css: .hc-header]&#13;
com.foamwash.stepdefinitions.AutenticacionStepDefinitions.deberiaVerUnMensajeDeConfirmacionDeRegistro(AutenticacionStepDefinitions.java:50)&#13;
</system-err></testcase><testcase name="Inicio de sesión exitoso"/><testcase name="Inicio de sesión fallido por credenciales invalidas"/><testcase name="Recuperacion de contraseña"/><testcase name="Edicion del perfil de usuario"/></testsuite>