<?xml version="1.0" encoding="UTF-8" standalone="no"?><testsuite errors="0" failures="5" name="Gestión de órdenes por el Empleado" skipped="0" tests="5" time="71.45" timestamp="2026-08-17 01:12:20"><testcase name="Visualizacion de agenda de servicios"><failure message="&#13;&#10;Expected: an element that is visible&#13;&#10;     but: no matching element found by [lista agenda located with: xpath: //*[contains(@class, 'ag-card')]]" type="java.lang.AssertionError">&#13;
Expected: an element that is visible&#13;
     but: no matching element found by [lista agenda located with: xpath: //*[contains(@class, 'ag-card')]]</failure><system-err>&#13;
Expected: an element that is visible&#13;
     but: no matching element found by [lista agenda located with: xpath: //*[contains(@class, 'ag-card')]]&#13;
com.foamwash.stepdefinitions.GestionOrdenesEmpleadoStepDefinitions.deberiaVerElListadoDeOrdenesAsignadasPorFechaYHora(GestionOrdenesEmpleadoStepDefinitions.java:39)&#13;
</system-err></testcase><testcase name="Consulta de detalles de la orden"><failure message="&#13;&#10;Expected: an element that is visible&#13;&#10;     but: no matching element found by [lista agenda located with: xpath: //*[contains(@class, 'ag-card')]]" type="java.lang.AssertionError">&#13;
Expected: an element that is visible&#13;
     but: no matching element found by [lista agenda located with: xpath: //*[contains(@class, 'ag-card')]]</failure><system-err>&#13;
Expected: an element that is visible&#13;
     but: no matching element found by [lista agenda located with: xpath: //*[contains(@class, 'ag-card')]]&#13;
com.foamwash.stepdefinitions.GestionOrdenesEmpleadoStepDefinitions.visualizaLosDetallesDeLaOrden(GestionOrdenesEmpleadoStepDefinitions.java:53)&#13;
</system-err></testcase><testcase name="Registro de observaciones del servicio"><failure message="&#13;&#10;Expected: an element that is visible&#13;&#10;     but: no matching element found by [lista agenda located with: xpath: //*[contains(@class, 'ag-card')]]" type="java.lang.AssertionError">&#13;
Expected: an element that is visible&#13;
     but: no matching element found by [lista agenda located with: xpath: //*[contains(@class, 'ag-card')]]</failure><system-err>&#13;
Expected: an element that is visible&#13;
     but: no matching element found by [lista agenda located with: xpath: //*[contains(@class, 'ag-card')]]&#13;
com.foamwash.stepdefinitions.GestionOrdenesEmpleadoStepDefinitions.visualizaLosDetallesDeLaOrden(GestionOrdenesEmpleadoStepDefinitions.java:53)&#13;
com.foamwash.stepdefinitions.GestionOrdenesEmpleadoStepDefinitions.queElEmpleadoEstaAtendiendoUnaOrden(GestionOrdenesEmpleadoStepDefinitions.java:69)&#13;
</system-err></testcase><testcase name="Finalizacion de un servicio"><failure message="&#13;&#10;Expected: an element that is visible&#13;&#10;     but: no matching element found by [lista agenda located with: xpath: //*[contains(@class, 'ag-card')]]" type="java.lang.AssertionError">&#13;
Expected: an element that is visible&#13;
     but: no matching element found by [lista agenda located with: xpath: //*[contains(@class, 'ag-card')]]</failure><system-err>&#13;
Expected: an element that is visible&#13;
     but: no matching element found by [lista agenda located with: xpath: //*[contains(@class, 'ag-card')]]&#13;
com.foamwash.stepdefinitions.GestionOrdenesEmpleadoStepDefinitions.visualizaLosDetallesDeLaOrden(GestionOrdenesEmpleadoStepDefinitions.java:53)&#13;
com.foamwash.stepdefinitions.GestionOrdenesEmpleadoStepDefinitions.queElEmpleadoEstaAtendiendoUnaOrden(GestionOrdenesEmpleadoStepDefinitions.java:69)&#13;
com.foamwash.stepdefinitions.GestionOrdenesEmpleadoStepDefinitions.queElEmpleadoHaTerminadoElServicio(GestionOrdenesEmpleadoStepDefinitions.java:88)&#13;
</system-err></testcase><testcase name="Recepcion de notificaciones de nuevos servicios"><failure message="&#13;&#10;Expected: an element that is visible&#13;&#10;     but: no matching element found by [lista agenda located with: xpath: //*[contains(@class, 'ag-card')]]" type="java.lang.AssertionError">&#13;
Expected: an element that is visible&#13;
     but: no matching element found by [lista agenda located with: xpath: //*[contains(@class, 'ag-card')]]</failure><system-err>&#13;
Expected: an element that is visible&#13;
     but: no matching element found by [lista agenda located with: xpath: //*[contains(@class, 'ag-card')]]&#13;
com.foamwash.stepdefinitions.GestionOrdenesEmpleadoStepDefinitions.elEmpleadoDeberiaVerLosDetallesDelNuevoServicio(GestionOrdenesEmpleadoStepDefinitions.java:122)&#13;
</system-err></testcase></testsuite>