<?xml version="1.0" encoding="UTF-8" standalone="no"?><testsuite errors="1" failures="3" name="Servicios del Cliente" skipped="0" tests="4" time="63.76" timestamp="2026-08-17 01:14:45"><testcase name="Consulta de servicios disponibles"><failure message="&#13;&#10;Expected: an element that is visible&#13;&#10;     but: no matching element found by [lista servicios located with: css: .services-list, .service-item]" type="java.lang.AssertionError">&#13;
Expected: an element that is visible&#13;
     but: no matching element found by [lista servicios located with: css: .services-list, .service-item]</failure><system-err>&#13;
Expected: an element that is visible&#13;
     but: no matching element found by [lista servicios located with: css: .services-list, .service-item]&#13;
com.foamwash.stepdefinitions.ServiciosClienteStepDefinitions.deberiaVerElListadoDeServiciosConNombreDescripcionYPrecio(ServiciosClienteStepDefinitions.java:39)&#13;
</system-err></testcase><testcase name="Solicitud de cotizacion"><error message="no such element: Unable to locate element: {&quot;method&quot;:&quot;xpath&quot;,&quot;selector&quot;:&quot;//textarea&quot;}&#10;  (Session info: chrome=151.0.7922.138)&#10;For documentation on this error, please visit: https://www.selenium.dev/documentation/webdriver/troubleshooting/errors#no-such-element-exception&#10;Build info: version: '4.21.0', revision: '79ed462ef4'&#10;System info: os.name: 'Windows 11', os.arch: 'amd64', os.version: '10.0', java.version: '17.0.12'&#10;Driver info: org.openqa.selenium.chrome.ChromeDriver&#10;Command: [3a6012d349203a8d35a69a61984f465c, findElement {using=xpath, value=//textarea}]&#10;Capabilities {acceptInsecureCerts: true, browserName: chrome, browserVersion: 151.0.7922.138, chrome: {chromedriverVersion: 151.0.7922.138 (41fa8244239..., userDataDir: C:\Users\CRISTI~1\AppData\L...}, fedcm:accounts: true, goog:chromeOptions: {debuggerAddress: localhost:59623}, goog:processID: 34372, networkConnectionEnabled: false, pageLoadStrategy: normal, platformName: windows, proxy: Proxy(), se:cdp: ws://localhost:59623/devtoo..., se:cdpVersion: 151.0.7922.138, setWindowRect: true, strictFileInteractability: false, timeouts: {implicit: 0, pageLoad: 300000, script: 30000}, unhandledPromptBehavior: dismiss and notify, webauthn:extension:credBlob: true, webauthn:extension:largeBlob: true, webauthn:extension:minPinLength: true, webauthn:extension:prf: true, webauthn:virtualAuthenticators: true}&#10;Session ID: 3a6012d349203a8d35a69a61984f465c" type="org.openqa.selenium.NoSuchElementException">no such element: Unable to locate element: {"method":"xpath","selector":"//textarea"}
  (Session info: chrome=151.0.7922.138)
For documentation on this error, please visit: https://www.selenium.dev/documentation/webdriver/troubleshooting/errors#no-such-element-exception
Build info: version: '4.21.0', revision: '79ed462ef4'
System info: os.name: 'Windows 11', os.arch: 'amd64', os.version: '10.0', java.version: '17.0.12'
Driver info: org.openqa.selenium.chrome.ChromeDriver
Command: [3a6012d349203a8d35a69a61984f465c, findElement {using=xpath, value=//textarea}]
Capabilities {acceptInsecureCerts: true, browserName: chrome, browserVersion: 151.0.7922.138, chrome: {chromedriverVersion: 151.0.7922.138 (41fa8244239..., userDataDir: C:\Users\CRISTI~1\AppData\L...}, fedcm:accounts: true, goog:chromeOptions: {debuggerAddress: localhost:59623}, goog:processID: 34372, networkConnectionEnabled: false, pageLoadStrategy: normal, platformName: windows, proxy: Proxy(), se:cdp: ws://localhost:59623/devtoo..., se:cdpVersion: 151.0.7922.138, setWindowRect: true, strictFileInteractability: false, timeouts: {implicit: 0, pageLoad: 300000, script: 30000}, unhandledPromptBehavior: dismiss and notify, webauthn:extension:credBlob: true, webauthn:extension:largeBlob: true, webauthn:extension:minPinLength: true, webauthn:extension:prf: true, webauthn:virtualAuthenticators: true}
Session ID: 3a6012d349203a8d35a69a61984f465c</error><system-err>no such element: Unable to locate element: {"method":"xpath","selector":"//textarea"}
  (Session info: chrome=151.0.7922.138)
For documentation on this error, please visit: https://www.selenium.dev/documentation/webdriver/troubleshooting/errors#no-such-element-exception
Build info: version: '4.21.0', revision: '79ed462ef4'
System info: os.name: 'Windows 11', os.arch: 'amd64', os.version: '10.0', java.version: '17.0.12'
Driver info: org.openqa.selenium.chrome.ChromeDriver
Command: [3a6012d349203a8d35a69a61984f465c, findElement {using=xpath, value=//textarea}]
Capabilities {acceptInsecureCerts: true, browserName: chrome, browserVersion: 151.0.7922.138, chrome: {chromedriverVersion: 151.0.7922.138 (41fa8244239..., userDataDir: C:\Users\CRISTI~1\AppData\L...}, fedcm:accounts: true, goog:chromeOptions: {debuggerAddress: localhost:59623}, goog:processID: 34372, networkConnectionEnabled: false, pageLoadStrategy: normal, platformName: windows, proxy: Proxy(), se:cdp: ws://localhost:59623/devtoo..., se:cdpVersion: 151.0.7922.138, setWindowRect: true, strictFileInteractability: false, timeouts: {implicit: 0, pageLoad: 300000, script: 30000}, unhandledPromptBehavior: dismiss and notify, webauthn:extension:credBlob: true, webauthn:extension:largeBlob: true, webauthn:extension:minPinLength: true, webauthn:extension:prf: true, webauthn:virtualAuthenticators: true}
Session ID: 3a6012d349203a8d35a69a61984f465c&#13;
com.foamwash.stepdefinitions.ServiciosClienteStepDefinitions.enviaElFormularioDeCotizacionConSusDatosValidos(ServiciosClienteStepDefinitions.java:58)&#13;
</system-err></testcase><testcase name="Programacion de servicio de limpieza"><failure message="&#13;&#10;Expected: an element that is visible&#13;&#10;     but: no matching element found by [btn finalizar compra located with: xpath: //button[contains(text(), 'Ver cotización')]|//button[contains(@class, 'fwm-btn-primary')]]" type="java.lang.AssertionError">&#13;
Expected: an element that is visible&#13;
     but: no matching element found by [btn finalizar compra located with: xpath: //button[contains(text(), 'Ver cotización')]|//button[contains(@class, 'fwm-btn-primary')]]</failure><system-err>&#13;
Expected: an element that is visible&#13;
     but: no matching element found by [btn finalizar compra located with: xpath: //button[contains(text(), 'Ver cotización')]|//button[contains(@class, 'fwm-btn-primary')]]&#13;
com.foamwash.stepdefinitions.ServiciosClienteStepDefinitions.escogeFechaHoraYUbicacionDisponibles(ServiciosClienteStepDefinitions.java:83)&#13;
</system-err></testcase><testcase name="Consulta del historial de servicios"><failure message="Expected condition failed: waiting for By.xpath: //button[contains(., 'Mi Perfil')] to be present (tried for 5 second(s) with 100 milliseconds interval)&#10;Build info: version: '4.21.0', revision: '79ed462ef4'&#10;System info: os.name: 'Windows 11', os.arch: 'amd64', os.version: '10.0', java.version: '17.0.12'&#10;Driver info: driver.version: unknown" type="net.thucydides.core.webdriver.exceptions.ElementShouldBePresentException">Expected condition failed: waiting for By.xpath: //button[contains(., 'Mi Perfil')] to be present (tried for 5 second(s) with 100 milliseconds interval)
Build info: version: '4.21.0', revision: '79ed462ef4'
System info: os.name: 'Windows 11', os.arch: 'amd64', os.version: '10.0', java.version: '17.0.12'
Driver info: driver.version: unknown</failure><system-err>Expected condition failed: waiting for By.xpath: //button[contains(., 'Mi Perfil')] to be present (tried for 5 second(s) with 100 milliseconds interval)
Build info: version: '4.21.0', revision: '79ed462ef4'
System info: os.name: 'Windows 11', os.arch: 'amd64', os.version: '10.0', java.version: '17.0.12'
Driver info: driver.version: unknown&#13;
com.foamwash.stepdefinitions.ServiciosClienteStepDefinitions.accedeALaSeccionDeSuPerfil(ServiciosClienteStepDefinitions.java:116)&#13;
</system-err></testcase></testsuite>