{"C:\\Users\\cristian andres\\OneDrive\\Documentos\\todo lo de foam wash\\foam version final\\FoamWash\\backend\\src\\app.module.ts": {"path":"C:\\Users\\cristian andres\\OneDrive\\Documentos\\todo lo de foam wash\\foam version final\\FoamWash\\backend\\src\\app.module.ts","statementMap":{"0":{"start":{"line":5,"column":0},"end":{"line":5,"column":40}},"1":{"start":{"line":6,"column":0},"end":{"line":6,"column":46}},"2":{"start":{"line":7,"column":0},"end":{"line":7,"column":33}},"3":{"start":{"line":9,"column":0},"end":{"line":9,"column":54}},"4":{"start":{"line":10,"column":0},"end":{"line":10,"column":48}},"5":{"start":{"line":11,"column":0},"end":{"line":11,"column":60}},"6":{"start":{"line":12,"column":0},"end":{"line":12,"column":60}},"7":{"start":{"line":13,"column":0},"end":{"line":13,"column":63}},"8":{"start":{"line":14,"column":0},"end":{"line":14,"column":72}},"9":{"start":{"line":15,"column":0},"end":{"line":15,"column":63}},"10":{"start":{"line":16,"column":0},"end":{"line":16,"column":60}},"11":{"start":{"line":17,"column":0},"end":{"line":17,"column":63}},"12":{"start":{"line":18,"column":0},"end":{"line":18,"column":72}},"13":{"start":{"line":19,"column":0},"end":{"line":19,"column":78}},"14":{"start":{"line":20,"column":0},"end":{"line":20,"column":75}},"15":{"start":{"line":46,"column":7},"end":{"line":46,"column":null}},"16":{"start":{"line":46,"column":13},"end":{"line":46,"column":22}},"17":{"start":{"line":46,"column":13},"end":{"line":46,"column":null}}},"fnMap":{},"branchMap":{},"s":{"0":10,"1":10,"2":10,"3":10,"4":10,"5":10,"6":10,"7":10,"8":10,"9":10,"10":10,"11":10,"12":10,"13":10,"14":10,"15":10,"16":10,"17":10},"f":{},"b":{}}
,"C:\\Users\\cristian andres\\OneDrive\\Documentos\\todo lo de foam wash\\foam version final\\FoamWash\\backend\\src\\main.ts": {"path":"C:\\Users\\cristian andres\\OneDrive\\Documentos\\todo lo de foam wash\\foam version final\\FoamWash\\backend\\src\\main.ts","statementMap":{"0":{"start":{"line":2,"column":0},"end":{"line":2,"column":43}},"1":{"start":{"line":4,"column":0},"end":{"line":4,"column":48}},"2":{"start":{"line":5,"column":0},"end":{"line":5,"column":65}},"3":{"start":{"line":6,"column":0},"end":{"line":6,"column":41}},"4":{"start":{"line":7,"column":0},"end":{"line":7,"column":33}},"5":{"start":{"line":8,"column":0},"end":{"line":8,"column":36}},"6":{"start":{"line":9,"column":0},"end":{"line":9,"column":46}},"7":{"start":{"line":10,"column":0},"end":{"line":10,"column":28}},"8":{"start":{"line":13,"column":14},"end":{"line":13,"column":73}},"9":{"start":{"line":18,"column":2},"end":{"line":22,"column":4}},"10":{"start":{"line":25,"column":2},"end":{"line":25,"column":26}},"11":{"start":{"line":28,"column":2},"end":{"line":33,"column":5}},"12":{"start":{"line":36,"column":2},"end":{"line":36,"column":29}},"13":{"start":{"line":39,"column":2},"end":{"line":45,"column":4}},"14":{"start":{"line":49,"column":29},"end":{"line":49,"column":71}},"15":{"start":{"line":50,"column":2},"end":{"line":50,"column":53}},"16":{"start":{"line":52,"column":30},"end":{"line":52,"column":73}},"17":{"start":{"line":53,"column":2},"end":{"line":53,"column":54}},"18":{"start":{"line":55,"column":2},"end":{"line":55,"column":44}},"19":{"start":{"line":59,"column":2},"end":{"line":61,"column":5}},"20":{"start":{"line":64,"column":17},"end":{"line":82,"column":12}},"21":{"start":{"line":84,"column":19},"end":{"line":84,"column":60}},"22":{"start":{"line":86,"column":2},"end":{"line":86,"column":49}},"23":{"start":{"line":88,"column":15},"end":{"line":88,"column":39}},"24":{"start":{"line":89,"column":2},"end":{"line":89,"column":25}},"25":{"start":{"line":91,"column":2},"end":{"line":91,"column":30}},"26":{"start":{"line":92,"column":2},"end":{"line":92,"column":47}},"27":{"start":{"line":93,"column":2},"end":{"line":93,"column":58}},"28":{"start":{"line":94,"column":2},"end":{"line":94,"column":63}},"29":{"start":{"line":95,"column":2},"end":{"line":95,"column":70}},"30":{"start":{"line":96,"column":2},"end":{"line":96,"column":61}},"31":{"start":{"line":97,"column":2},"end":{"line":97,"column":30}},"32":{"start":{"line":100,"column":0},"end":{"line":100,"column":12}}},"fnMap":{"0":{"name":"bootstrap","decl":{"start":{"line":12,"column":15},"end":{"line":12,"column":24}},"loc":{"start":{"line":12,"column":24},"end":{"line":98,"column":1}}}},"branchMap":{"0":{"loc":{"start":{"line":88,"column":15},"end":{"line":88,"column":39}},"type":"binary-expr","locations":[{"start":{"line":88,"column":15},"end":{"line":88,"column":31}},{"start":{"line":88,"column":35},"end":{"line":88,"column":39}}]},"1":{"loc":{"start":{"line":95,"column":29},"end":{"line":95,"column":66}},"type":"binary-expr","locations":[{"start":{"line":95,"column":29},"end":{"line":95,"column":49}},{"start":{"line":95,"column":53},"end":{"line":95,"column":66}}]}},"s":{"0":0,"1":0,"2":0,"3":0,"4":0,"5":0,"6":0,"7":0,"8":0,"9":0,"10":0,"11":0,"12":0,"13":0,"14":0,"15":0,"16":0,"17":0,"18":0,"19":0,"20":0,"21":0,"22":0,"23":0,"24":0,"25":0,"26":0,"27":0,"28":0,"29":0,"30":0,"31":0,"32":0},"f":{"0":0},"b":{"0":[0,0],"1":[0,0]}}
,"C:\\Users\\cristian andres\\OneDrive\\Documentos\\todo lo de foam wash\\foam version final\\FoamWash\\backend\\src\\auth\\auth.controller.ts": {"path":"C:\\Users\\cristian andres\\OneDrive\\Documentos\\todo lo de foam wash\\foam version final\\FoamWash\\backend\\src\\auth\\auth.controller.ts","statementMap":{"0":{"start":{"line":2,"column":0},"end":{"line":2,"column":null}},"1":{"start":{"line":13,"column":0},"end":{"line":13,"column":45}},"2":{"start":{"line":14,"column":0},"end":{"line":14,"column":null}},"3":{"start":{"line":21,"column":0},"end":{"line":21,"column":55}},"4":{"start":{"line":23,"column":0},"end":{"line":23,"column":56}},"5":{"start":{"line":25,"column":22},"end":{"line":30,"column":2}},"6":{"start":{"line":25,"column":43},"end":{"line":30,"column":2}},"7":{"start":{"line":34,"column":7},"end":{"line":121,"column":null}},"8":{"start":{"line":35,"column":31},"end":{"line":35,"column":44}},"9":{"start":{"line":41,"column":19},"end":{"line":41,"column":55}},"10":{"start":{"line":43,"column":4},"end":{"line":43,"column":88}},"11":{"start":{"line":44,"column":4},"end":{"line":44,"column":99}},"12":{"start":{"line":46,"column":4},"end":{"line":52,"column":7}},"13":{"start":{"line":60,"column":19},"end":{"line":60,"column":52}},"14":{"start":{"line":62,"column":4},"end":{"line":62,"column":88}},"15":{"start":{"line":63,"column":4},"end":{"line":63,"column":99}},"16":{"start":{"line":65,"column":4},"end":{"line":71,"column":7}},"17":{"start":{"line":79,"column":18},"end":{"line":79,"column":34}},"18":{"start":{"line":80,"column":4},"end":{"line":80,"column":43}},"19":{"start":{"line":82,"column":4},"end":{"line":82,"column":35}},"20":{"start":{"line":83,"column":4},"end":{"line":83,"column":36}},"21":{"start":{"line":85,"column":4},"end":{"line":85,"column":66}},"22":{"start":{"line":93,"column":18},"end":{"line":93,"column":34}},"23":{"start":{"line":94,"column":17},"end":{"line":94,"column":54}},"24":{"start":{"line":95,"column":4},"end":{"line":95,"column":35}},"25":{"start":{"line":102,"column":19},"end":{"line":102,"column":67}},"26":{"start":{"line":103,"column":4},"end":{"line":103,"column":40}},"27":{"start":{"line":110,"column":19},"end":{"line":110,"column":68}},"28":{"start":{"line":111,"column":4},"end":{"line":111,"column":40}},"29":{"start":{"line":118,"column":19},"end":{"line":118,"column":60}},"30":{"start":{"line":119,"column":4},"end":{"line":119,"column":40}},"31":{"start":{"line":34,"column":13},"end":{"line":34,"column":27}},"32":{"start":{"line":40,"column":8},"end":{"line":53,"column":null}},"33":{"start":{"line":59,"column":8},"end":{"line":72,"column":null}},"34":{"start":{"line":78,"column":8},"end":{"line":86,"column":null}},"35":{"start":{"line":92,"column":8},"end":{"line":96,"column":null}},"36":{"start":{"line":101,"column":8},"end":{"line":104,"column":null}},"37":{"start":{"line":109,"column":8},"end":{"line":112,"column":null}},"38":{"start":{"line":117,"column":8},"end":{"line":120,"column":null}},"39":{"start":{"line":34,"column":13},"end":{"line":121,"column":null}}},"fnMap":{"0":{"name":"(anonymous_4)","decl":{"start":{"line":25,"column":22},"end":{"line":25,"column":23}},"loc":{"start":{"line":25,"column":43},"end":{"line":30,"column":2}}},"1":{"name":"(anonymous_5)","decl":{"start":{"line":35,"column":2},"end":{"line":35,"column":31}},"loc":{"start":{"line":35,"column":55},"end":{"line":35,"column":59}}},"2":{"name":"(anonymous_6)","decl":{"start":{"line":40,"column":8},"end":{"line":40,"column":16}},"loc":{"start":{"line":40,"column":63},"end":{"line":53,"column":3}}},"3":{"name":"(anonymous_7)","decl":{"start":{"line":59,"column":8},"end":{"line":59,"column":13}},"loc":{"start":{"line":59,"column":57},"end":{"line":72,"column":3}}},"4":{"name":"(anonymous_8)","decl":{"start":{"line":78,"column":8},"end":{"line":78,"column":14}},"loc":{"start":{"line":78,"column":56},"end":{"line":86,"column":3}}},"5":{"name":"(anonymous_9)","decl":{"start":{"line":92,"column":8},"end":{"line":92,"column":13}},"loc":{"start":{"line":92,"column":33},"end":{"line":96,"column":3}}},"6":{"name":"(anonymous_10)","decl":{"start":{"line":101,"column":8},"end":{"line":101,"column":28}},"loc":{"start":{"line":101,"column":65},"end":{"line":104,"column":3}}},"7":{"name":"(anonymous_11)","decl":{"start":{"line":109,"column":8},"end":{"line":109,"column":23}},"loc":{"start":{"line":109,"column":55},"end":{"line":112,"column":3}}},"8":{"name":"(anonymous_12)","decl":{"start":{"line":117,"column":8},"end":{"line":117,"column":21}},"loc":{"start":{"line":117,"column":51},"end":{"line":120,"column":3}}}},"branchMap":{},"s":{"0":11,"1":11,"2":11,"3":11,"4":11,"5":11,"6":16,"7":11,"8":14,"9":7,"10":6,"11":6,"12":6,"13":3,"14":2,"15":2,"16":2,"17":1,"18":1,"19":1,"20":1,"21":1,"22":1,"23":1,"24":1,"25":1,"26":1,"27":1,"28":1,"29":1,"30":1,"31":11,"32":11,"33":11,"34":11,"35":11,"36":11,"37":11,"38":11,"39":11},"f":{"0":16,"1":14,"2":7,"3":3,"4":1,"5":1,"6":1,"7":1,"8":1},"b":{}}
,"C:\\Users\\cristian andres\\OneDrive\\Documentos\\todo lo de foam wash\\foam version final\\FoamWash\\backend\\src\\auth\\auth.module.ts": {"path":"C:\\Users\\cristian andres\\OneDrive\\Documentos\\todo lo de foam wash\\foam version final\\FoamWash\\backend\\src\\auth\\auth.module.ts","statementMap":{"0":{"start":{"line":2,"column":0},"end":{"line":2,"column":40}},"1":{"start":{"line":3,"column":0},"end":{"line":3,"column":40}},"2":{"start":{"line":4,"column":0},"end":{"line":4,"column":50}},"3":{"start":{"line":5,"column":0},"end":{"line":5,"column":61}},"4":{"start":{"line":6,"column":0},"end":{"line":6,"column":51}},"5":{"start":{"line":7,"column":0},"end":{"line":7,"column":45}},"6":{"start":{"line":8,"column":0},"end":{"line":8,"column":56}},"7":{"start":{"line":26,"column":7},"end":{"line":26,"column":null}},"8":{"start":{"line":26,"column":13},"end":{"line":26,"column":23}},"9":{"start":{"line":26,"column":13},"end":{"line":26,"column":null}},"10":{"start":{"line":15,"column":52},"end":{"line":18,"column":8}}},"fnMap":{"0":{"name":"(anonymous_1)","decl":{"start":{"line":15,"column":18},"end":{"line":15,"column":23}},"loc":{"start":{"line":15,"column":52},"end":{"line":18,"column":8}}}},"branchMap":{"0":{"loc":{"start":{"line":17,"column":34},"end":{"line":17,"column":70}},"type":"binary-expr","locations":[{"start":{"line":17,"column":34},"end":{"line":17,"column":62}},{"start":{"line":17,"column":66},"end":{"line":17,"column":70}}]}},"s":{"0":10,"1":10,"2":10,"3":10,"4":10,"5":10,"6":10,"7":10,"8":10,"9":10,"10":10},"f":{"0":10},"b":{"0":[10,0]}}
,"C:\\Users\\cristian andres\\OneDrive\\Documentos\\todo lo de foam wash\\foam version final\\FoamWash\\backend\\src\\auth\\auth.service.ts": {"path":"C:\\Users\\cristian andres\\OneDrive\\Documentos\\todo lo de foam wash\\foam version final\\FoamWash\\backend\\src\\auth\\auth.service.ts","statementMap":{"0":{"start":{"line":2,"column":2},"end":{"line":2,"column":null}},"1":{"start":{"line":9,"column":2},"end":{"line":9,"column":43}},"2":{"start":{"line":10,"column":2},"end":{"line":10,"column":49}},"3":{"start":{"line":11,"column":2},"end":{"line":11,"column":37}},"4":{"start":{"line":12,"column":2},"end":{"line":12,"column":40}},"5":{"start":{"line":13,"column":2},"end":{"line":13,"column":59}},"6":{"start":{"line":20,"column":2},"end":{"line":20,"column":79}},"7":{"start":{"line":22,"column":9},"end":{"line":239,"column":null}},"8":{"start":{"line":23,"column":33},"end":{"line":23,"column":41}},"9":{"start":{"line":24,"column":23},"end":{"line":24,"column":35}},"10":{"start":{"line":25,"column":23},"end":{"line":25,"column":31}},"11":{"start":{"line":30,"column":26},"end":{"line":33,"column":8}},"12":{"start":{"line":35,"column":27},"end":{"line":38,"column":8}},"13":{"start":{"line":40,"column":6},"end":{"line":40,"column":43}},"14":{"start":{"line":45,"column":87},"end":{"line":45,"column":90}},"15":{"start":{"line":47,"column":23},"end":{"line":47,"column":90}},"16":{"start":{"line":48,"column":6},"end":{"line":50,"column":7}},"17":{"start":{"line":49,"column":8},"end":{"line":49,"column":105}},"18":{"start":{"line":52,"column":18},"end":{"line":52,"column":19}},"19":{"start":{"line":53,"column":6},"end":{"line":54,"column":46}},"20":{"start":{"line":53,"column":28},"end":{"line":53,"column":38}},"21":{"start":{"line":54,"column":11},"end":{"line":54,"column":46}},"22":{"start":{"line":54,"column":36},"end":{"line":54,"column":46}},"23":{"start":{"line":56,"column":28},"end":{"line":56,"column":59}},"24":{"start":{"line":59,"column":22},"end":{"line":71,"column":8}},"25":{"start":{"line":73,"column":21},"end":{"line":77,"column":8}},"26":{"start":{"line":79,"column":6},"end":{"line":87,"column":9}},"27":{"start":{"line":89,"column":6},"end":{"line":89,"column":124}},"28":{"start":{"line":89,"column":66},"end":{"line":89,"column":122}},"29":{"start":{"line":91,"column":6},"end":{"line":99,"column":8}},"30":{"start":{"line":104,"column":35},"end":{"line":104,"column":38}},"31":{"start":{"line":106,"column":19},"end":{"line":109,"column":8}},"32":{"start":{"line":111,"column":6},"end":{"line":113,"column":7}},"33":{"start":{"line":112,"column":8},"end":{"line":112,"column":120}},"34":{"start":{"line":115,"column":6},"end":{"line":117,"column":7}},"35":{"start":{"line":116,"column":8},"end":{"line":116,"column":96}},"36":{"start":{"line":119,"column":28},"end":{"line":119,"column":78}},"37":{"start":{"line":120,"column":6},"end":{"line":122,"column":7}},"38":{"start":{"line":121,"column":8},"end":{"line":121,"column":110}},"39":{"start":{"line":124,"column":22},"end":{"line":124,"column":48}},"40":{"start":{"line":125,"column":21},"end":{"line":129,"column":8}},"41":{"start":{"line":131,"column":6},"end":{"line":140,"column":9}},"42":{"start":{"line":142,"column":6},"end":{"line":151,"column":8}},"43":{"start":{"line":156,"column":6},"end":{"line":164,"column":9}},"44":{"start":{"line":165,"column":6},"end":{"line":165,"column":56}},"45":{"start":{"line":170,"column":19},"end":{"line":174,"column":8}},"46":{"start":{"line":176,"column":6},"end":{"line":176,"column":70}},"47":{"start":{"line":176,"column":17},"end":{"line":176,"column":70}},"48":{"start":{"line":178,"column":108},"end":{"line":178,"column":112}},"49":{"start":{"line":180,"column":6},"end":{"line":180,"column":22}},"50":{"start":{"line":185,"column":19},"end":{"line":185,"column":90}},"51":{"start":{"line":186,"column":6},"end":{"line":186,"column":81}},"52":{"start":{"line":186,"column":17},"end":{"line":186,"column":81}},"53":{"start":{"line":188,"column":24},"end":{"line":188,"column":67}},"54":{"start":{"line":189,"column":24},"end":{"line":189,"column":61}},"55":{"start":{"line":191,"column":6},"end":{"line":194,"column":9}},"56":{"start":{"line":196,"column":6},"end":{"line":196,"column":49}},"57":{"start":{"line":198,"column":6},"end":{"line":198,"column":69}},"58":{"start":{"line":203,"column":19},"end":{"line":208,"column":8}},"59":{"start":{"line":210,"column":6},"end":{"line":210,"column":112}},"60":{"start":{"line":210,"column":17},"end":{"line":210,"column":112}},"61":{"start":{"line":212,"column":6},"end":{"line":212,"column":55}},"62":{"start":{"line":217,"column":19},"end":{"line":222,"column":8}},"63":{"start":{"line":224,"column":6},"end":{"line":224,"column":112}},"64":{"start":{"line":224,"column":17},"end":{"line":224,"column":112}},"65":{"start":{"line":226,"column":22},"end":{"line":226,"column":60}},"66":{"start":{"line":228,"column":6},"end":{"line":235,"column":9}},"67":{"start":{"line":237,"column":6},"end":{"line":237,"column":64}},"68":{"start":{"line":22,"column":15},"end":{"line":22,"column":26}},"69":{"start":{"line":22,"column":15},"end":{"line":239,"column":null}}},"fnMap":{"0":{"name":"(anonymous_2)","decl":{"start":{"line":23,"column":4},"end":{"line":23,"column":33}},"loc":{"start":{"line":25,"column":44},"end":{"line":26,"column":8}}},"1":{"name":"(anonymous_3)","decl":{"start":{"line":29,"column":12},"end":{"line":29,"column":29}},"loc":{"start":{"line":29,"column":82},"end":{"line":41,"column":5}}},"2":{"name":"(anonymous_4)","decl":{"start":{"line":44,"column":4},"end":{"line":44,"column":9}},"loc":{"start":{"line":44,"column":35},"end":{"line":100,"column":5}}},"3":{"name":"(anonymous_5)","decl":{"start":{"line":89,"column":61},"end":{"line":89,"column":62}},"loc":{"start":{"line":89,"column":66},"end":{"line":89,"column":122}}},"4":{"name":"(anonymous_6)","decl":{"start":{"line":103,"column":4},"end":{"line":103,"column":9}},"loc":{"start":{"line":103,"column":29},"end":{"line":152,"column":5}}},"5":{"name":"(anonymous_7)","decl":{"start":{"line":155,"column":4},"end":{"line":155,"column":9}},"loc":{"start":{"line":155,"column":31},"end":{"line":166,"column":5}}},"6":{"name":"(anonymous_8)","decl":{"start":{"line":169,"column":4},"end":{"line":169,"column":9}},"loc":{"start":{"line":169,"column":30},"end":{"line":181,"column":5}}},"7":{"name":"(anonymous_9)","decl":{"start":{"line":184,"column":4},"end":{"line":184,"column":9}},"loc":{"start":{"line":184,"column":59},"end":{"line":199,"column":5}}},"8":{"name":"(anonymous_10)","decl":{"start":{"line":202,"column":4},"end":{"line":202,"column":9}},"loc":{"start":{"line":202,"column":39},"end":{"line":213,"column":5}}},"9":{"name":"(anonymous_11)","decl":{"start":{"line":216,"column":4},"end":{"line":216,"column":9}},"loc":{"start":{"line":216,"column":45},"end":{"line":238,"column":5}}}},"branchMap":{"0":{"loc":{"start":{"line":32,"column":19},"end":{"line":32,"column":60}},"type":"binary-expr","locations":[{"start":{"line":32,"column":19},"end":{"line":32,"column":52}},{"start":{"line":32,"column":56},"end":{"line":32,"column":60}}]},"1":{"loc":{"start":{"line":48,"column":6},"end":{"line":50,"column":7}},"type":"if","locations":[{"start":{"line":48,"column":6},"end":{"line":50,"column":7}},{"start":{},"end":{}}]},"2":{"loc":{"start":{"line":53,"column":6},"end":{"line":54,"column":46}},"type":"if","locations":[{"start":{"line":53,"column":6},"end":{"line":54,"column":46}},{"start":{"line":54,"column":11},"end":{"line":54,"column":46}}]},"3":{"loc":{"start":{"line":54,"column":11},"end":{"line":54,"column":46}},"type":"if","locations":[{"start":{"line":54,"column":11},"end":{"line":54,"column":46}},{"start":{},"end":{}}]},"4":{"loc":{"start":{"line":64,"column":20},"end":{"line":64,"column":36}},"type":"binary-expr","locations":[{"start":{"line":64,"column":20},"end":{"line":64,"column":28}},{"start":{"line":64,"column":32},"end":{"line":64,"column":36}}]},"5":{"loc":{"start":{"line":65,"column":21},"end":{"line":65,"column":38}},"type":"binary-expr","locations":[{"start":{"line":65,"column":21},"end":{"line":65,"column":30}},{"start":{"line":65,"column":34},"end":{"line":65,"column":38}}]},"6":{"loc":{"start":{"line":66,"column":50},"end":{"line":66,"column":73}},"type":"binary-expr","locations":[{"start":{"line":66,"column":50},"end":{"line":66,"column":65}},{"start":{"line":66,"column":69},"end":{"line":66,"column":73}}]},"7":{"loc":{"start":{"line":111,"column":6},"end":{"line":113,"column":7}},"type":"if","locations":[{"start":{"line":111,"column":6},"end":{"line":113,"column":7}},{"start":{},"end":{}}]},"8":{"loc":{"start":{"line":115,"column":6},"end":{"line":117,"column":7}},"type":"if","locations":[{"start":{"line":115,"column":6},"end":{"line":117,"column":7}},{"start":{},"end":{}}]},"9":{"loc":{"start":{"line":120,"column":6},"end":{"line":122,"column":7}},"type":"if","locations":[{"start":{"line":120,"column":6},"end":{"line":122,"column":7}},{"start":{},"end":{}}]},"10":{"loc":{"start":{"line":176,"column":6},"end":{"line":176,"column":70}},"type":"if","locations":[{"start":{"line":176,"column":6},"end":{"line":176,"column":70}},{"start":{},"end":{}}]},"11":{"loc":{"start":{"line":186,"column":6},"end":{"line":186,"column":81}},"type":"if","locations":[{"start":{"line":186,"column":6},"end":{"line":186,"column":81}},{"start":{},"end":{}}]},"12":{"loc":{"start":{"line":210,"column":6},"end":{"line":210,"column":112}},"type":"if","locations":[{"start":{"line":210,"column":6},"end":{"line":210,"column":112}},{"start":{},"end":{}}]},"13":{"loc":{"start":{"line":224,"column":6},"end":{"line":224,"column":112}},"type":"if","locations":[{"start":{"line":224,"column":6},"end":{"line":224,"column":112}},{"start":{},"end":{}}]}},"s":{"0":14,"1":14,"2":14,"3":14,"4":14,"5":14,"6":14,"7":14,"8":35,"9":35,"10":35,"11":11,"12":11,"13":11,"14":11,"15":11,"16":10,"17":2,"18":8,"19":8,"20":2,"21":6,"22":1,"23":8,"24":8,"25":8,"26":8,"27":8,"28":0,"29":8,"30":8,"31":8,"32":7,"33":2,"34":5,"35":0,"36":5,"37":5,"38":2,"39":3,"40":3,"41":3,"42":3,"43":1,"44":1,"45":1,"46":1,"47":0,"48":1,"49":1,"50":4,"51":4,"52":3,"53":1,"54":1,"55":1,"56":1,"57":1,"58":1,"59":1,"60":1,"61":0,"62":3,"63":3,"64":2,"65":1,"66":1,"67":1,"68":14,"69":14},"f":{"0":35,"1":11,"2":11,"3":0,"4":8,"5":1,"6":1,"7":4,"8":1,"9":3},"b":{"0":[11,0],"1":[2,8],"2":[2,6],"3":[1,5],"4":[8,6],"5":[8,8],"6":[8,8],"7":[2,5],"8":[0,5],"9":[2,3],"10":[0,1],"11":[3,1],"12":[1,0],"13":[2,1]}}
,"C:\\Users\\cristian andres\\OneDrive\\Documentos\\todo lo de foam wash\\foam version final\\FoamWash\\backend\\src\\auth\\dto\\auth.dto.ts": {"path":"C:\\Users\\cristian andres\\OneDrive\\Documentos\\todo lo de foam wash\\foam version final\\FoamWash\\backend\\src\\auth\\dto\\auth.dto.ts","statementMap":{"0":{"start":{"line":5,"column":0},"end":{"line":5,"column":85}},"1":{"start":{"line":6,"column":0},"end":{"line":6,"column":67}},"2":{"start":{"line":8,"column":0},"end":{"line":8,"column":13}},"3":{"start":{"line":11,"column":2},"end":{"line":11,"column":null}},"4":{"start":{"line":15,"column":2},"end":{"line":15,"column":null}},"5":{"start":{"line":20,"column":2},"end":{"line":20,"column":null}},"6":{"start":{"line":25,"column":2},"end":{"line":25,"column":null}},"7":{"start":{"line":30,"column":2},"end":{"line":30,"column":null}},"8":{"start":{"line":35,"column":2},"end":{"line":35,"column":null}},"9":{"start":{"line":40,"column":2},"end":{"line":40,"column":null}},"10":{"start":{"line":43,"column":0},"end":{"line":43,"column":13}},"11":{"start":{"line":46,"column":2},"end":{"line":46,"column":null}},"12":{"start":{"line":50,"column":2},"end":{"line":50,"column":null}},"13":{"start":{"line":53,"column":0},"end":{"line":53,"column":13}},"14":{"start":{"line":56,"column":2},"end":{"line":56,"column":null}},"15":{"start":{"line":59,"column":0},"end":{"line":59,"column":13}},"16":{"start":{"line":62,"column":2},"end":{"line":62,"column":null}},"17":{"start":{"line":65,"column":0},"end":{"line":65,"column":13}},"18":{"start":{"line":68,"column":2},"end":{"line":68,"column":null}},"19":{"start":{"line":73,"column":2},"end":{"line":73,"column":null}}},"fnMap":{},"branchMap":{},"s":{"0":11,"1":11,"2":11,"3":11,"4":11,"5":11,"6":11,"7":11,"8":11,"9":11,"10":11,"11":11,"12":11,"13":11,"14":11,"15":11,"16":11,"17":11,"18":11,"19":11},"f":{},"b":{}}
,"C:\\Users\\cristian andres\\OneDrive\\Documentos\\todo lo de foam wash\\foam version final\\FoamWash\\backend\\src\\auth\\guards\\jwt-auth.guard.ts": {"path":"C:\\Users\\cristian andres\\OneDrive\\Documentos\\todo lo de foam wash\\foam version final\\FoamWash\\backend\\src\\auth\\guards\\jwt-auth.guard.ts","statementMap":{"0":{"start":{"line":6,"column":0},"end":{"line":6,"column":67}},"1":{"start":{"line":7,"column":0},"end":{"line":7,"column":45}},"2":{"start":{"line":10,"column":7},"end":{"line":26,"column":null}},"3":{"start":{"line":12,"column":4},"end":{"line":23,"column":5}},"4":{"start":{"line":13,"column":6},"end":{"line":18,"column":7}},"5":{"start":{"line":14,"column":8},"end":{"line":17,"column":11}},"6":{"start":{"line":19,"column":6},"end":{"line":22,"column":9}},"7":{"start":{"line":24,"column":4},"end":{"line":24,"column":16}},"8":{"start":{"line":10,"column":13},"end":{"line":10,"column":25}},"9":{"start":{"line":10,"column":13},"end":{"line":26,"column":null}}},"fnMap":{"0":{"name":"(anonymous_1)","decl":{"start":{"line":11,"column":2},"end":{"line":11,"column":15}},"loc":{"start":{"line":11,"column":46},"end":{"line":25,"column":3}}}},"branchMap":{"0":{"loc":{"start":{"line":12,"column":4},"end":{"line":23,"column":5}},"type":"if","locations":[{"start":{"line":12,"column":4},"end":{"line":23,"column":5}},{"start":{},"end":{}}]},"1":{"loc":{"start":{"line":12,"column":8},"end":{"line":12,"column":20}},"type":"binary-expr","locations":[{"start":{"line":12,"column":8},"end":{"line":12,"column":11}},{"start":{"line":12,"column":15},"end":{"line":12,"column":20}}]},"2":{"loc":{"start":{"line":13,"column":6},"end":{"line":18,"column":7}},"type":"if","locations":[{"start":{"line":13,"column":6},"end":{"line":18,"column":7}},{"start":{},"end":{}}]}},"s":{"0":15,"1":15,"2":15,"3":20,"4":1,"5":0,"6":1,"7":19,"8":15,"9":15},"f":{"0":20},"b":{"0":[1,19],"1":[20,20],"2":[0,1]}}
,"C:\\Users\\cristian andres\\OneDrive\\Documentos\\todo lo de foam wash\\foam version final\\FoamWash\\backend\\src\\auth\\strategies\\jwt.strategy.ts": {"path":"C:\\Users\\cristian andres\\OneDrive\\Documentos\\todo lo de foam wash\\foam version final\\FoamWash\\backend\\src\\auth\\strategies\\jwt.strategy.ts","statementMap":{"0":{"start":{"line":5,"column":0},"end":{"line":5,"column":67}},"1":{"start":{"line":6,"column":0},"end":{"line":6,"column":52}},"2":{"start":{"line":7,"column":0},"end":{"line":7,"column":52}},"3":{"start":{"line":8,"column":0},"end":{"line":8,"column":47}},"4":{"start":{"line":10,"column":0},"end":{"line":10,"column":60}},"5":{"start":{"line":13,"column":7},"end":{"line":79,"column":null}},"6":{"start":{"line":17,"column":4},"end":{"line":28,"column":7}},"7":{"start":{"line":21,"column":10},"end":{"line":21,"column":55}},"8":{"start":{"line":14,"column":31},"end":{"line":14,"column":46}},"9":{"start":{"line":15,"column":21},"end":{"line":15,"column":29}},"10":{"start":{"line":34,"column":16},"end":{"line":34,"column":45}},"11":{"start":{"line":37,"column":4},"end":{"line":42,"column":5}},"12":{"start":{"line":38,"column":25},"end":{"line":38,"column":54}},"13":{"start":{"line":39,"column":6},"end":{"line":41,"column":7}},"14":{"start":{"line":40,"column":8},"end":{"line":40,"column":40}},"15":{"start":{"line":44,"column":17},"end":{"line":50,"column":6}},"16":{"start":{"line":52,"column":4},"end":{"line":58,"column":5}},"17":{"start":{"line":53,"column":6},"end":{"line":53,"column":87}},"18":{"start":{"line":54,"column":6},"end":{"line":57,"column":9}},"19":{"start":{"line":61,"column":4},"end":{"line":67,"column":5}},"20":{"start":{"line":62,"column":6},"end":{"line":62,"column":109}},"21":{"start":{"line":63,"column":6},"end":{"line":66,"column":9}},"22":{"start":{"line":70,"column":21},"end":{"line":70,"column":78}},"23":{"start":{"line":72,"column":4},"end":{"line":77,"column":6}},"24":{"start":{"line":13,"column":13},"end":{"line":13,"column":24}},"25":{"start":{"line":13,"column":13},"end":{"line":79,"column":null}}},"fnMap":{"0":{"name":"(anonymous_2)","decl":{"start":{"line":14,"column":2},"end":{"line":14,"column":31}},"loc":{"start":{"line":15,"column":42},"end":{"line":29,"column":3}}},"1":{"name":"(anonymous_3)","decl":{"start":{"line":20,"column":8},"end":{"line":20,"column":9}},"loc":{"start":{"line":20,"column":29},"end":{"line":22,"column":9}}},"2":{"name":"(anonymous_4)","decl":{"start":{"line":33,"column":2},"end":{"line":33,"column":7}},"loc":{"start":{"line":33,"column":47},"end":{"line":78,"column":3}}}},"branchMap":{"0":{"loc":{"start":{"line":21,"column":17},"end":{"line":21,"column":54}},"type":"binary-expr","locations":[{"start":{"line":21,"column":17},"end":{"line":21,"column":46}},{"start":{"line":21,"column":50},"end":{"line":21,"column":54}}]},"1":{"loc":{"start":{"line":26,"column":19},"end":{"line":26,"column":105}},"type":"binary-expr","locations":[{"start":{"line":26,"column":19},"end":{"line":26,"column":58}},{"start":{"line":26,"column":62},"end":{"line":26,"column":84}},{"start":{"line":26,"column":88},"end":{"line":26,"column":105}}]},"2":{"loc":{"start":{"line":37,"column":4},"end":{"line":42,"column":5}},"type":"if","locations":[{"start":{"line":37,"column":4},"end":{"line":42,"column":5}},{"start":{},"end":{}}]},"3":{"loc":{"start":{"line":37,"column":8},"end":{"line":37,"column":47}},"type":"binary-expr","locations":[{"start":{"line":37,"column":8},"end":{"line":37,"column":14}},{"start":{"line":37,"column":18},"end":{"line":37,"column":47}}]},"4":{"loc":{"start":{"line":39,"column":6},"end":{"line":41,"column":7}},"type":"if","locations":[{"start":{"line":39,"column":6},"end":{"line":41,"column":7}},{"start":{},"end":{}}]},"5":{"loc":{"start":{"line":52,"column":4},"end":{"line":58,"column":5}},"type":"if","locations":[{"start":{"line":52,"column":4},"end":{"line":58,"column":5}},{"start":{},"end":{}}]},"6":{"loc":{"start":{"line":61,"column":4},"end":{"line":67,"column":5}},"type":"if","locations":[{"start":{"line":61,"column":4},"end":{"line":67,"column":5}},{"start":{},"end":{}}]},"7":{"loc":{"start":{"line":70,"column":21},"end":{"line":70,"column":78}},"type":"binary-expr","locations":[{"start":{"line":70,"column":21},"end":{"line":70,"column":49}},{"start":{"line":70,"column":53},"end":{"line":70,"column":65}},{"start":{"line":70,"column":69},"end":{"line":70,"column":78}}]}},"s":{"0":10,"1":10,"2":10,"3":10,"4":10,"5":10,"6":10,"7":20,"8":10,"9":10,"10":19,"11":19,"12":19,"13":19,"14":19,"15":19,"16":19,"17":0,"18":0,"19":19,"20":0,"21":0,"22":19,"23":19,"24":10,"25":10},"f":{"0":10,"1":20,"2":19},"b":{"0":[20,20],"1":[10,0,0],"2":[19,0],"3":[19,19],"4":[19,0],"5":[0,19],"6":[0,19],"7":[19,0,0]}}
,"C:\\Users\\cristian andres\\OneDrive\\Documentos\\todo lo de foam wash\\foam version final\\FoamWash\\backend\\src\\clientes\\clientes.controller.ts": {"path":"C:\\Users\\cristian andres\\OneDrive\\Documentos\\todo lo de foam wash\\foam version final\\FoamWash\\backend\\src\\clientes\\clientes.controller.ts","statementMap":{"0":{"start":{"line":2,"column":0},"end":{"line":2,"column":129}},"1":{"start":{"line":3,"column":0},"end":{"line":3,"column":59}},"2":{"start":{"line":4,"column":0},"end":{"line":4,"column":37}},"3":{"start":{"line":5,"column":0},"end":{"line":5,"column":36}},"4":{"start":{"line":6,"column":0},"end":{"line":6,"column":78}},"5":{"start":{"line":7,"column":0},"end":{"line":7,"column":53}},"6":{"start":{"line":8,"column":0},"end":{"line":8,"column":61}},"7":{"start":{"line":17,"column":7},"end":{"line":64,"column":null}},"8":{"start":{"line":18,"column":31},"end":{"line":18,"column":48}},"9":{"start":{"line":23,"column":17},"end":{"line":23,"column":57}},"10":{"start":{"line":24,"column":4},"end":{"line":24,"column":35}},"11":{"start":{"line":31,"column":17},"end":{"line":31,"column":66}},"12":{"start":{"line":32,"column":4},"end":{"line":32,"column":35}},"13":{"start":{"line":59,"column":4},"end":{"line":59,"column":80}},"14":{"start":{"line":59,"column":15},"end":{"line":59,"column":80}},"15":{"start":{"line":60,"column":20},"end":{"line":60,"column":56}},"16":{"start":{"line":61,"column":17},"end":{"line":61,"column":67}},"17":{"start":{"line":62,"column":4},"end":{"line":62,"column":35}},"18":{"start":{"line":17,"column":13},"end":{"line":17,"column":31}},"19":{"start":{"line":22,"column":8},"end":{"line":25,"column":null}},"20":{"start":{"line":30,"column":8},"end":{"line":33,"column":null}},"21":{"start":{"line":58,"column":8},"end":{"line":63,"column":null}},"22":{"start":{"line":40,"column":37},"end":{"line":40,"column":99}},"23":{"start":{"line":17,"column":13},"end":{"line":64,"column":null}}},"fnMap":{"0":{"name":"(anonymous_4)","decl":{"start":{"line":18,"column":2},"end":{"line":18,"column":31}},"loc":{"start":{"line":18,"column":63},"end":{"line":18,"column":67}}},"1":{"name":"(anonymous_5)","decl":{"start":{"line":22,"column":8},"end":{"line":22,"column":17}},"loc":{"start":{"line":22,"column":55},"end":{"line":25,"column":3}}},"2":{"name":"(anonymous_6)","decl":{"start":{"line":30,"column":8},"end":{"line":30,"column":20}},"loc":{"start":{"line":30,"column":77},"end":{"line":33,"column":3}}},"3":{"name":"(anonymous_7)","decl":{"start":{"line":58,"column":8},"end":{"line":58,"column":18}},"loc":{"start":{"line":58,"column":99},"end":{"line":63,"column":3}}},"4":{"name":"(anonymous_8)","decl":{"start":{"line":40,"column":18},"end":{"line":40,"column":19}},"loc":{"start":{"line":40,"column":37},"end":{"line":40,"column":99}}}},"branchMap":{"0":{"loc":{"start":{"line":59,"column":4},"end":{"line":59,"column":80}},"type":"if","locations":[{"start":{"line":59,"column":4},"end":{"line":59,"column":80}},{"start":{},"end":{}}]}},"s":{"0":10,"1":10,"2":10,"3":10,"4":10,"5":10,"6":10,"7":10,"8":10,"9":0,"10":0,"11":0,"12":0,"13":0,"14":0,"15":0,"16":0,"17":0,"18":10,"19":10,"20":10,"21":10,"22":0,"23":10},"f":{"0":10,"1":0,"2":0,"3":0,"4":0},"b":{"0":[0,0]}}
,"C:\\Users\\cristian andres\\OneDrive\\Documentos\\todo lo de foam wash\\foam version final\\FoamWash\\backend\\src\\clientes\\clientes.module.ts": {"path":"C:\\Users\\cristian andres\\OneDrive\\Documentos\\todo lo de foam wash\\foam version final\\FoamWash\\backend\\src\\clientes\\clientes.module.ts","statementMap":{"0":{"start":{"line":1,"column":0},"end":{"line":1,"column":58}},"1":{"start":{"line":3,"column":0},"end":{"line":3,"column":40}},"2":{"start":{"line":4,"column":0},"end":{"line":4,"column":56}},"3":{"start":{"line":5,"column":0},"end":{"line":5,"column":59}},"4":{"start":{"line":6,"column":0},"end":{"line":6,"column":53}},"5":{"start":{"line":14,"column":7},"end":{"line":14,"column":null}},"6":{"start":{"line":14,"column":13},"end":{"line":14,"column":27}},"7":{"start":{"line":14,"column":13},"end":{"line":14,"column":null}}},"fnMap":{},"branchMap":{},"s":{"0":10,"1":10,"2":10,"3":10,"4":10,"5":10,"6":10,"7":10},"f":{},"b":{}}
,"C:\\Users\\cristian andres\\OneDrive\\Documentos\\todo lo de foam wash\\foam version final\\FoamWash\\backend\\src\\clientes\\clientes.service.ts": {"path":"C:\\Users\\cristian andres\\OneDrive\\Documentos\\todo lo de foam wash\\foam version final\\FoamWash\\backend\\src\\clientes\\clientes.service.ts","statementMap":{"0":{"start":{"line":2,"column":0},"end":{"line":2,"column":63}},"1":{"start":{"line":3,"column":0},"end":{"line":3,"column":57}},"2":{"start":{"line":6,"column":7},"end":{"line":61,"column":null}},"3":{"start":{"line":7,"column":31},"end":{"line":7,"column":39}},"4":{"start":{"line":10,"column":20},"end":{"line":33,"column":6}},"5":{"start":{"line":35,"column":4},"end":{"line":35,"column":71}},"6":{"start":{"line":35,"column":18},"end":{"line":35,"column":71}},"7":{"start":{"line":36,"column":4},"end":{"line":36,"column":19}},"8":{"start":{"line":47,"column":4},"end":{"line":51,"column":7}},"9":{"start":{"line":55,"column":4},"end":{"line":59,"column":7}},"10":{"start":{"line":6,"column":13},"end":{"line":6,"column":28}},"11":{"start":{"line":6,"column":13},"end":{"line":61,"column":null}}},"fnMap":{"0":{"name":"(anonymous_2)","decl":{"start":{"line":7,"column":2},"end":{"line":7,"column":31}},"loc":{"start":{"line":7,"column":52},"end":{"line":7,"column":56}}},"1":{"name":"(anonymous_3)","decl":{"start":{"line":9,"column":2},"end":{"line":9,"column":7}},"loc":{"start":{"line":9,"column":28},"end":{"line":37,"column":3}}},"2":{"name":"(anonymous_4)","decl":{"start":{"line":39,"column":2},"end":{"line":39,"column":7}},"loc":{"start":{"line":46,"column":4},"end":{"line":52,"column":3}}},"3":{"name":"(anonymous_5)","decl":{"start":{"line":54,"column":2},"end":{"line":54,"column":7}},"loc":{"start":{"line":54,"column":46},"end":{"line":60,"column":3}}}},"branchMap":{"0":{"loc":{"start":{"line":35,"column":4},"end":{"line":35,"column":71}},"type":"if","locations":[{"start":{"line":35,"column":4},"end":{"line":35,"column":71}},{"start":{},"end":{}}]}},"s":{"0":11,"1":11,"2":11,"3":14,"4":2,"5":2,"6":1,"7":1,"8":1,"9":1,"10":11,"11":11},"f":{"0":14,"1":2,"2":1,"3":1},"b":{"0":[1,1]}}
,"C:\\Users\\cristian andres\\OneDrive\\Documentos\\todo lo de foam wash\\foam version final\\FoamWash\\backend\\src\\common\\decorators\\roles.decorator.ts": {"path":"C:\\Users\\cristian andres\\OneDrive\\Documentos\\todo lo de foam wash\\foam version final\\FoamWash\\backend\\src\\common\\decorators\\roles.decorator.ts","statementMap":{"0":{"start":{"line":6,"column":0},"end":{"line":6,"column":45}},"1":{"start":{"line":7,"column":13},"end":{"line":7,"column":33}},"2":{"start":{"line":8,"column":21},"end":{"line":8,"column":74}},"3":{"start":{"line":8,"column":45},"end":{"line":8,"column":74}},"4":{"start":{"line":8,"column":13},"end":{"line":8,"column":21}}},"fnMap":{"0":{"name":"(anonymous_0)","decl":{"start":{"line":8,"column":21},"end":{"line":8,"column":22}},"loc":{"start":{"line":8,"column":45},"end":{"line":8,"column":74}}}},"branchMap":{},"s":{"0":12,"1":12,"2":12,"3":87,"4":12},"f":{"0":87},"b":{}}
,"C:\\Users\\cristian andres\\OneDrive\\Documentos\\todo lo de foam wash\\foam version final\\FoamWash\\backend\\src\\common\\guards\\roles.guard.ts": {"path":"C:\\Users\\cristian andres\\OneDrive\\Documentos\\todo lo de foam wash\\foam version final\\FoamWash\\backend\\src\\common\\guards\\roles.guard.ts","statementMap":{"0":{"start":{"line":2,"column":0},"end":{"line":2,"column":95}},"1":{"start":{"line":3,"column":0},"end":{"line":3,"column":41}},"2":{"start":{"line":4,"column":0},"end":{"line":4,"column":58}},"3":{"start":{"line":7,"column":7},"end":{"line":41,"column":null}},"4":{"start":{"line":8,"column":31},"end":{"line":8,"column":42}},"5":{"start":{"line":11,"column":26},"end":{"line":14,"column":6}},"6":{"start":{"line":17,"column":4},"end":{"line":17,"column":66}},"7":{"start":{"line":17,"column":54},"end":{"line":17,"column":66}},"8":{"start":{"line":19,"column":21},"end":{"line":19,"column":56}},"9":{"start":{"line":22,"column":4},"end":{"line":27,"column":5}},"10":{"start":{"line":23,"column":6},"end":{"line":26,"column":9}},"11":{"start":{"line":30,"column":21},"end":{"line":30,"column":60}},"12":{"start":{"line":32,"column":4},"end":{"line":37,"column":5}},"13":{"start":{"line":33,"column":6},"end":{"line":36,"column":9}},"14":{"start":{"line":39,"column":4},"end":{"line":39,"column":16}},"15":{"start":{"line":7,"column":13},"end":{"line":7,"column":23}},"16":{"start":{"line":7,"column":13},"end":{"line":41,"column":null}}},"fnMap":{"0":{"name":"(anonymous_2)","decl":{"start":{"line":8,"column":2},"end":{"line":8,"column":31}},"loc":{"start":{"line":8,"column":51},"end":{"line":8,"column":55}}},"1":{"name":"(anonymous_3)","decl":{"start":{"line":10,"column":2},"end":{"line":10,"column":13}},"loc":{"start":{"line":10,"column":39},"end":{"line":40,"column":3}}}},"branchMap":{"0":{"loc":{"start":{"line":17,"column":4},"end":{"line":17,"column":66}},"type":"if","locations":[{"start":{"line":17,"column":4},"end":{"line":17,"column":66}},{"start":{},"end":{}}]},"1":{"loc":{"start":{"line":17,"column":8},"end":{"line":17,"column":52}},"type":"binary-expr","locations":[{"start":{"line":17,"column":8},"end":{"line":17,"column":22}},{"start":{"line":17,"column":26},"end":{"line":17,"column":52}}]},"2":{"loc":{"start":{"line":22,"column":4},"end":{"line":27,"column":5}},"type":"if","locations":[{"start":{"line":22,"column":4},"end":{"line":27,"column":5}},{"start":{},"end":{}}]},"3":{"loc":{"start":{"line":30,"column":21},"end":{"line":30,"column":60}},"type":"binary-expr","locations":[{"start":{"line":30,"column":21},"end":{"line":30,"column":47}},{"start":{"line":30,"column":51},"end":{"line":30,"column":60}}]},"4":{"loc":{"start":{"line":32,"column":4},"end":{"line":37,"column":5}},"type":"if","locations":[{"start":{"line":32,"column":4},"end":{"line":37,"column":5}},{"start":{},"end":{}}]}},"s":{"0":12,"1":12,"2":12,"3":12,"4":94,"5":3,"6":3,"7":0,"8":3,"9":3,"10":0,"11":3,"12":3,"13":1,"14":2,"15":12,"16":12},"f":{"0":94,"1":3},"b":{"0":[0,3],"1":[3,3],"2":[0,3],"3":[3,0],"4":[1,2]}}
,"C:\\Users\\cristian andres\\OneDrive\\Documentos\\todo lo de foam wash\\foam version final\\FoamWash\\backend\\src\\common\\guards\\self-or-admin.guard.ts": {"path":"C:\\Users\\cristian andres\\OneDrive\\Documentos\\todo lo de foam wash\\foam version final\\FoamWash\\backend\\src\\common\\guards\\self-or-admin.guard.ts","statementMap":{"0":{"start":{"line":7,"column":0},"end":{"line":7,"column":95}},"1":{"start":{"line":10,"column":7},"end":{"line":35,"column":null}},"2":{"start":{"line":12,"column":24},"end":{"line":12,"column":59}},"3":{"start":{"line":13,"column":21},"end":{"line":13,"column":33}},"4":{"start":{"line":14,"column":24},"end":{"line":14,"column":62}},"5":{"start":{"line":16,"column":8},"end":{"line":21,"column":9}},"6":{"start":{"line":17,"column":12},"end":{"line":20,"column":15}},"7":{"start":{"line":23,"column":24},"end":{"line":23,"column":45}},"8":{"start":{"line":24,"column":23},"end":{"line":24,"column":42}},"9":{"start":{"line":26,"column":8},"end":{"line":31,"column":9}},"10":{"start":{"line":27,"column":12},"end":{"line":30,"column":15}},"11":{"start":{"line":33,"column":8},"end":{"line":33,"column":20}},"12":{"start":{"line":10,"column":13},"end":{"line":10,"column":29}},"13":{"start":{"line":10,"column":13},"end":{"line":35,"column":null}}},"fnMap":{"0":{"name":"(anonymous_1)","decl":{"start":{"line":11,"column":4},"end":{"line":11,"column":15}},"loc":{"start":{"line":11,"column":41},"end":{"line":34,"column":5}}}},"branchMap":{"0":{"loc":{"start":{"line":16,"column":8},"end":{"line":21,"column":9}},"type":"if","locations":[{"start":{"line":16,"column":8},"end":{"line":21,"column":9}},{"start":{},"end":{}}]},"1":{"loc":{"start":{"line":26,"column":8},"end":{"line":31,"column":9}},"type":"if","locations":[{"start":{"line":26,"column":8},"end":{"line":31,"column":9}},{"start":{},"end":{}}]},"2":{"loc":{"start":{"line":26,"column":12},"end":{"line":26,"column":31}},"type":"binary-expr","locations":[{"start":{"line":26,"column":12},"end":{"line":26,"column":20}},{"start":{"line":26,"column":24},"end":{"line":26,"column":31}}]}},"s":{"0":11,"1":11,"2":1,"3":1,"4":1,"5":1,"6":0,"7":1,"8":1,"9":1,"10":0,"11":1,"12":11,"13":11},"f":{"0":1},"b":{"0":[0,1],"1":[0,1],"2":[1,0]}}
,"C:\\Users\\cristian andres\\OneDrive\\Documentos\\todo lo de foam wash\\foam version final\\FoamWash\\backend\\src\\common\\utils\\email.util.ts": {"path":"C:\\Users\\cristian andres\\OneDrive\\Documentos\\todo lo de foam wash\\foam version final\\FoamWash\\backend\\src\\common\\utils\\email.util.ts","statementMap":{"0":{"start":{"line":22,"column":0},"end":{"line":22,"column":7}},"1":{"start":{"line":51,"column":0},"end":{"line":51,"column":7}},"2":{"start":{"line":104,"column":0},"end":{"line":104,"column":7}},"3":{"start":{"line":121,"column":0},"end":{"line":121,"column":7}},"4":{"start":{"line":158,"column":0},"end":{"line":158,"column":7}},"5":{"start":{"line":5,"column":0},"end":{"line":5,"column":41}},"6":{"start":{"line":6,"column":0},"end":{"line":6,"column":33}},"7":{"start":{"line":8,"column":0},"end":{"line":8,"column":16}},"8":{"start":{"line":11,"column":2},"end":{"line":19,"column":5}},"9":{"start":{"line":23,"column":22},"end":{"line":23,"column":38}},"10":{"start":{"line":25,"column":2},"end":{"line":40,"column":5}},"11":{"start":{"line":52,"column":22},"end":{"line":52,"column":38}},"12":{"start":{"line":54,"column":20},"end":{"line":58,"column":4}},"13":{"start":{"line":60,"column":2},"end":{"line":101,"column":5}},"14":{"start":{"line":105,"column":22},"end":{"line":105,"column":38}},"15":{"start":{"line":107,"column":2},"end":{"line":118,"column":5}},"16":{"start":{"line":122,"column":22},"end":{"line":122,"column":38}},"17":{"start":{"line":124,"column":2},"end":{"line":155,"column":5}},"18":{"start":{"line":159,"column":22},"end":{"line":159,"column":38}},"19":{"start":{"line":161,"column":14},"end":{"line":161,"column":23}},"20":{"start":{"line":162,"column":14},"end":{"line":162,"column":18}},"21":{"start":{"line":163,"column":16},"end":{"line":163,"column":62}},"22":{"start":{"line":165,"column":2},"end":{"line":177,"column":3}},"23":{"start":{"line":166,"column":4},"end":{"line":166,"column":22}},"24":{"start":{"line":167,"column":4},"end":{"line":167,"column":17}},"25":{"start":{"line":168,"column":4},"end":{"line":168,"column":60}},"26":{"start":{"line":169,"column":9},"end":{"line":177,"column":3}},"27":{"start":{"line":170,"column":4},"end":{"line":170,"column":22}},"28":{"start":{"line":171,"column":4},"end":{"line":171,"column":17}},"29":{"start":{"line":172,"column":4},"end":{"line":172,"column":78}},"30":{"start":{"line":173,"column":9},"end":{"line":177,"column":3}},"31":{"start":{"line":174,"column":4},"end":{"line":174,"column":22}},"32":{"start":{"line":175,"column":4},"end":{"line":175,"column":16}},"33":{"start":{"line":176,"column":4},"end":{"line":176,"column":82}},"34":{"start":{"line":179,"column":2},"end":{"line":207,"column":5}}},"fnMap":{"0":{"name":"getTransporter","decl":{"start":{"line":10,"column":9},"end":{"line":10,"column":23}},"loc":{"start":{"line":10,"column":23},"end":{"line":20,"column":1}}},"1":{"name":"sendResetCode","decl":{"start":{"line":22,"column":22},"end":{"line":22,"column":35}},"loc":{"start":{"line":22,"column":66},"end":{"line":41,"column":1}}},"2":{"name":"sendServiceConfirmationEmail","decl":{"start":{"line":51,"column":22},"end":{"line":51,"column":50}},"loc":{"start":{"line":51,"column":94},"end":{"line":102,"column":1}}},"3":{"name":"sendWelcomeEmail","decl":{"start":{"line":104,"column":22},"end":{"line":104,"column":38}},"loc":{"start":{"line":104,"column":69},"end":{"line":119,"column":1}}},"4":{"name":"sendCancellationEmail","decl":{"start":{"line":121,"column":22},"end":{"line":121,"column":43}},"loc":{"start":{"line":121,"column":114},"end":{"line":156,"column":1}}},"5":{"name":"sendServiceUpdateEmail","decl":{"start":{"line":158,"column":22},"end":{"line":158,"column":44}},"loc":{"start":{"line":158,"column":100},"end":{"line":208,"column":1}}}},"branchMap":{"0":{"loc":{"start":{"line":12,"column":10},"end":{"line":12,"column":52}},"type":"binary-expr","locations":[{"start":{"line":12,"column":10},"end":{"line":12,"column":32}},{"start":{"line":12,"column":36},"end":{"line":12,"column":52}}]},"1":{"loc":{"start":{"line":13,"column":26},"end":{"line":13,"column":57}},"type":"binary-expr","locations":[{"start":{"line":13,"column":26},"end":{"line":13,"column":48}},{"start":{"line":13,"column":52},"end":{"line":13,"column":57}}]},"2":{"loc":{"start":{"line":26,"column":10},"end":{"line":26,"column":77}},"type":"binary-expr","locations":[{"start":{"line":26,"column":10},"end":{"line":26,"column":32}},{"start":{"line":26,"column":36},"end":{"line":26,"column":77}}]},"3":{"loc":{"start":{"line":61,"column":10},"end":{"line":61,"column":77}},"type":"binary-expr","locations":[{"start":{"line":61,"column":10},"end":{"line":61,"column":32}},{"start":{"line":61,"column":36},"end":{"line":61,"column":77}}]},"4":{"loc":{"start":{"line":108,"column":10},"end":{"line":108,"column":77}},"type":"binary-expr","locations":[{"start":{"line":108,"column":10},"end":{"line":108,"column":32}},{"start":{"line":108,"column":36},"end":{"line":108,"column":77}}]},"5":{"loc":{"start":{"line":125,"column":10},"end":{"line":125,"column":77}},"type":"binary-expr","locations":[{"start":{"line":125,"column":10},"end":{"line":125,"column":32}},{"start":{"line":125,"column":36},"end":{"line":125,"column":77}}]},"6":{"loc":{"start":{"line":165,"column":2},"end":{"line":177,"column":3}},"type":"if","locations":[{"start":{"line":165,"column":2},"end":{"line":177,"column":3}},{"start":{"line":169,"column":9},"end":{"line":177,"column":3}}]},"7":{"loc":{"start":{"line":169,"column":9},"end":{"line":177,"column":3}},"type":"if","locations":[{"start":{"line":169,"column":9},"end":{"line":177,"column":3}},{"start":{"line":173,"column":9},"end":{"line":177,"column":3}}]},"8":{"loc":{"start":{"line":173,"column":9},"end":{"line":177,"column":3}},"type":"if","locations":[{"start":{"line":173,"column":9},"end":{"line":177,"column":3}},{"start":{},"end":{}}]},"9":{"loc":{"start":{"line":180,"column":10},"end":{"line":180,"column":77}},"type":"binary-expr","locations":[{"start":{"line":180,"column":10},"end":{"line":180,"column":32}},{"start":{"line":180,"column":36},"end":{"line":180,"column":77}}]}},"s":{"0":17,"1":17,"2":17,"3":17,"4":17,"5":17,"6":17,"7":17,"8":13,"9":1,"10":1,"11":2,"12":2,"13":2,"14":8,"15":8,"16":1,"17":1,"18":1,"19":1,"20":1,"21":1,"22":1,"23":1,"24":1,"25":1,"26":0,"27":0,"28":0,"29":0,"30":0,"31":0,"32":0,"33":0,"34":1},"f":{"0":13,"1":1,"2":2,"3":8,"4":1,"5":1},"b":{"0":[13,0],"1":[13,0],"2":[1,0],"3":[2,0],"4":[8,0],"5":[1,0],"6":[1,0],"7":[0,0],"8":[0,0],"9":[1,0]}}
,"C:\\Users\\cristian andres\\OneDrive\\Documentos\\todo lo de foam wash\\foam version final\\FoamWash\\backend\\src\\consultas\\consultas.controller.ts": {"path":"C:\\Users\\cristian andres\\OneDrive\\Documentos\\todo lo de foam wash\\foam version final\\FoamWash\\backend\\src\\consultas\\consultas.controller.ts","statementMap":{"0":{"start":{"line":2,"column":0},"end":{"line":2,"column":70}},"1":{"start":{"line":3,"column":0},"end":{"line":3,"column":56}},"2":{"start":{"line":4,"column":0},"end":{"line":4,"column":55}},"3":{"start":{"line":10,"column":7},"end":{"line":89,"column":null}},"4":{"start":{"line":11,"column":31},"end":{"line":11,"column":49}},"5":{"start":{"line":16,"column":17},"end":{"line":16,"column":61}},"6":{"start":{"line":17,"column":4},"end":{"line":17,"column":48}},"7":{"start":{"line":23,"column":17},"end":{"line":23,"column":67}},"8":{"start":{"line":24,"column":4},"end":{"line":24,"column":48}},"9":{"start":{"line":30,"column":17},"end":{"line":30,"column":66}},"10":{"start":{"line":31,"column":4},"end":{"line":31,"column":48}},"11":{"start":{"line":37,"column":17},"end":{"line":37,"column":63}},"12":{"start":{"line":38,"column":4},"end":{"line":38,"column":48}},"13":{"start":{"line":44,"column":17},"end":{"line":44,"column":61}},"14":{"start":{"line":45,"column":4},"end":{"line":45,"column":48}},"15":{"start":{"line":51,"column":17},"end":{"line":51,"column":66}},"16":{"start":{"line":52,"column":4},"end":{"line":52,"column":48}},"17":{"start":{"line":58,"column":17},"end":{"line":58,"column":65}},"18":{"start":{"line":59,"column":4},"end":{"line":59,"column":48}},"19":{"start":{"line":65,"column":17},"end":{"line":65,"column":68}},"20":{"start":{"line":66,"column":4},"end":{"line":66,"column":48}},"21":{"start":{"line":72,"column":17},"end":{"line":72,"column":68}},"22":{"start":{"line":73,"column":4},"end":{"line":73,"column":48}},"23":{"start":{"line":79,"column":17},"end":{"line":79,"column":68}},"24":{"start":{"line":80,"column":4},"end":{"line":80,"column":49}},"25":{"start":{"line":86,"column":17},"end":{"line":86,"column":52}},"26":{"start":{"line":87,"column":4},"end":{"line":87,"column":35}},"27":{"start":{"line":10,"column":13},"end":{"line":10,"column":32}},"28":{"start":{"line":15,"column":8},"end":{"line":18,"column":null}},"29":{"start":{"line":22,"column":8},"end":{"line":25,"column":null}},"30":{"start":{"line":29,"column":8},"end":{"line":32,"column":null}},"31":{"start":{"line":36,"column":8},"end":{"line":39,"column":null}},"32":{"start":{"line":43,"column":8},"end":{"line":46,"column":null}},"33":{"start":{"line":50,"column":8},"end":{"line":53,"column":null}},"34":{"start":{"line":57,"column":8},"end":{"line":60,"column":null}},"35":{"start":{"line":64,"column":8},"end":{"line":67,"column":null}},"36":{"start":{"line":71,"column":8},"end":{"line":74,"column":null}},"37":{"start":{"line":78,"column":8},"end":{"line":81,"column":null}},"38":{"start":{"line":85,"column":8},"end":{"line":88,"column":null}},"39":{"start":{"line":10,"column":13},"end":{"line":89,"column":null}}},"fnMap":{"0":{"name":"(anonymous_4)","decl":{"start":{"line":11,"column":2},"end":{"line":11,"column":31}},"loc":{"start":{"line":11,"column":65},"end":{"line":11,"column":69}}},"1":{"name":"(anonymous_5)","decl":{"start":{"line":15,"column":8},"end":{"line":15,"column":10}},"loc":{"start":{"line":15,"column":10},"end":{"line":18,"column":3}}},"2":{"name":"(anonymous_6)","decl":{"start":{"line":22,"column":8},"end":{"line":22,"column":10}},"loc":{"start":{"line":22,"column":10},"end":{"line":25,"column":3}}},"3":{"name":"(anonymous_7)","decl":{"start":{"line":29,"column":8},"end":{"line":29,"column":10}},"loc":{"start":{"line":29,"column":10},"end":{"line":32,"column":3}}},"4":{"name":"(anonymous_8)","decl":{"start":{"line":36,"column":8},"end":{"line":36,"column":10}},"loc":{"start":{"line":36,"column":48},"end":{"line":39,"column":3}}},"5":{"name":"(anonymous_9)","decl":{"start":{"line":43,"column":8},"end":{"line":43,"column":10}},"loc":{"start":{"line":43,"column":10},"end":{"line":46,"column":3}}},"6":{"name":"(anonymous_10)","decl":{"start":{"line":50,"column":8},"end":{"line":50,"column":10}},"loc":{"start":{"line":50,"column":10},"end":{"line":53,"column":3}}},"7":{"name":"(anonymous_11)","decl":{"start":{"line":57,"column":8},"end":{"line":57,"column":10}},"loc":{"start":{"line":57,"column":10},"end":{"line":60,"column":3}}},"8":{"name":"(anonymous_12)","decl":{"start":{"line":64,"column":8},"end":{"line":64,"column":10}},"loc":{"start":{"line":64,"column":10},"end":{"line":67,"column":3}}},"9":{"name":"(anonymous_13)","decl":{"start":{"line":71,"column":8},"end":{"line":71,"column":10}},"loc":{"start":{"line":71,"column":10},"end":{"line":74,"column":3}}},"10":{"name":"(anonymous_14)","decl":{"start":{"line":78,"column":8},"end":{"line":78,"column":11}},"loc":{"start":{"line":78,"column":11},"end":{"line":81,"column":3}}},"11":{"name":"(anonymous_15)","decl":{"start":{"line":85,"column":8},"end":{"line":85,"column":13}},"loc":{"start":{"line":85,"column":13},"end":{"line":88,"column":3}}}},"branchMap":{},"s":{"0":11,"1":11,"2":11,"3":11,"4":21,"5":1,"6":1,"7":1,"8":1,"9":1,"10":1,"11":1,"12":1,"13":1,"14":1,"15":1,"16":1,"17":1,"18":1,"19":1,"20":1,"21":1,"22":1,"23":1,"24":1,"25":1,"26":1,"27":11,"28":11,"29":11,"30":11,"31":11,"32":11,"33":11,"34":11,"35":11,"36":11,"37":11,"38":11,"39":11},"f":{"0":21,"1":1,"2":1,"3":1,"4":1,"5":1,"6":1,"7":1,"8":1,"9":1,"10":1,"11":1},"b":{}}
,"C:\\Users\\cristian andres\\OneDrive\\Documentos\\todo lo de foam wash\\foam version final\\FoamWash\\backend\\src\\consultas\\consultas.module.ts": {"path":"C:\\Users\\cristian andres\\OneDrive\\Documentos\\todo lo de foam wash\\foam version final\\FoamWash\\backend\\src\\consultas\\consultas.module.ts","statementMap":{"0":{"start":{"line":2,"column":0},"end":{"line":2,"column":40}},"1":{"start":{"line":3,"column":0},"end":{"line":3,"column":61}},"2":{"start":{"line":4,"column":0},"end":{"line":4,"column":55}},"3":{"start":{"line":6,"column":7},"end":{"line":6,"column":null}},"4":{"start":{"line":6,"column":13},"end":{"line":6,"column":28}},"5":{"start":{"line":6,"column":13},"end":{"line":6,"column":null}}},"fnMap":{},"branchMap":{},"s":{"0":10,"1":10,"2":10,"3":10,"4":10,"5":10},"f":{},"b":{}}
,"C:\\Users\\cristian andres\\OneDrive\\Documentos\\todo lo de foam wash\\foam version final\\FoamWash\\backend\\src\\consultas\\consultas.service.ts": {"path":"C:\\Users\\cristian andres\\OneDrive\\Documentos\\todo lo de foam wash\\foam version final\\FoamWash\\backend\\src\\consultas\\consultas.service.ts","statementMap":{"0":{"start":{"line":2,"column":0},"end":{"line":2,"column":44}},"1":{"start":{"line":3,"column":0},"end":{"line":3,"column":57}},"2":{"start":{"line":6,"column":7},"end":{"line":175,"column":null}},"3":{"start":{"line":7,"column":31},"end":{"line":7,"column":39}},"4":{"start":{"line":11,"column":4},"end":{"line":13,"column":7}},"5":{"start":{"line":18,"column":4},"end":{"line":21,"column":7}},"6":{"start":{"line":26,"column":4},"end":{"line":36,"column":7}},"7":{"start":{"line":41,"column":18},"end":{"line":41,"column":28}},"8":{"start":{"line":42,"column":4},"end":{"line":42,"column":31}},"9":{"start":{"line":43,"column":4},"end":{"line":53,"column":7}},"10":{"start":{"line":58,"column":18},"end":{"line":58,"column":28}},"11":{"start":{"line":59,"column":4},"end":{"line":59,"column":31}},"12":{"start":{"line":60,"column":24},"end":{"line":60,"column":39}},"13":{"start":{"line":61,"column":4},"end":{"line":61,"column":58}},"14":{"start":{"line":62,"column":22},"end":{"line":62,"column":43}},"15":{"start":{"line":63,"column":4},"end":{"line":63,"column":49}},"16":{"start":{"line":65,"column":4},"end":{"line":71,"column":7}},"17":{"start":{"line":78,"column":4},"end":{"line":86,"column":7}},"18":{"start":{"line":91,"column":4},"end":{"line":100,"column":7}},"19":{"start":{"line":105,"column":16},"end":{"line":105,"column":26}},"20":{"start":{"line":106,"column":25},"end":{"line":106,"column":71}},"21":{"start":{"line":107,"column":23},"end":{"line":107,"column":73}},"22":{"start":{"line":109,"column":4},"end":{"line":119,"column":7}},"23":{"start":{"line":124,"column":4},"end":{"line":130,"column":7}},"24":{"start":{"line":135,"column":18},"end":{"line":135,"column":28}},"25":{"start":{"line":136,"column":4},"end":{"line":136,"column":31}},"26":{"start":{"line":137,"column":21},"end":{"line":137,"column":36}},"27":{"start":{"line":138,"column":4},"end":{"line":138,"column":45}},"28":{"start":{"line":140,"column":4},"end":{"line":151,"column":7}},"29":{"start":{"line":156,"column":41},"end":{"line":164,"column":6}},"30":{"start":{"line":165,"column":4},"end":{"line":173,"column":6}},"31":{"start":{"line":6,"column":13},"end":{"line":6,"column":29}},"32":{"start":{"line":6,"column":13},"end":{"line":175,"column":null}}},"fnMap":{"0":{"name":"(anonymous_2)","decl":{"start":{"line":7,"column":2},"end":{"line":7,"column":31}},"loc":{"start":{"line":7,"column":52},"end":{"line":7,"column":56}}},"1":{"name":"(anonymous_3)","decl":{"start":{"line":10,"column":2},"end":{"line":10,"column":7}},"loc":{"start":{"line":10,"column":22},"end":{"line":14,"column":3}}},"2":{"name":"(anonymous_4)","decl":{"start":{"line":17,"column":2},"end":{"line":17,"column":7}},"loc":{"start":{"line":17,"column":28},"end":{"line":22,"column":3}}},"3":{"name":"(anonymous_5)","decl":{"start":{"line":25,"column":2},"end":{"line":25,"column":7}},"loc":{"start":{"line":25,"column":27},"end":{"line":37,"column":3}}},"4":{"name":"(anonymous_6)","decl":{"start":{"line":40,"column":2},"end":{"line":40,"column":7}},"loc":{"start":{"line":40,"column":33},"end":{"line":54,"column":3}}},"5":{"name":"(anonymous_7)","decl":{"start":{"line":57,"column":2},"end":{"line":57,"column":7}},"loc":{"start":{"line":57,"column":22},"end":{"line":72,"column":3}}},"6":{"name":"(anonymous_8)","decl":{"start":{"line":77,"column":2},"end":{"line":77,"column":7}},"loc":{"start":{"line":77,"column":27},"end":{"line":87,"column":3}}},"7":{"name":"(anonymous_9)","decl":{"start":{"line":90,"column":2},"end":{"line":90,"column":7}},"loc":{"start":{"line":90,"column":26},"end":{"line":101,"column":3}}},"8":{"name":"(anonymous_10)","decl":{"start":{"line":104,"column":2},"end":{"line":104,"column":7}},"loc":{"start":{"line":104,"column":29},"end":{"line":120,"column":3}}},"9":{"name":"(anonymous_11)","decl":{"start":{"line":123,"column":2},"end":{"line":123,"column":7}},"loc":{"start":{"line":123,"column":29},"end":{"line":131,"column":3}}},"10":{"name":"(anonymous_12)","decl":{"start":{"line":134,"column":2},"end":{"line":134,"column":7}},"loc":{"start":{"line":134,"column":29},"end":{"line":152,"column":3}}},"11":{"name":"(anonymous_13)","decl":{"start":{"line":155,"column":2},"end":{"line":155,"column":7}},"loc":{"start":{"line":155,"column":13},"end":{"line":174,"column":3}}}},"branchMap":{},"s":{"0":12,"1":12,"2":12,"3":22,"4":2,"5":2,"6":2,"7":1,"8":1,"9":1,"10":2,"11":2,"12":2,"13":2,"14":2,"15":2,"16":2,"17":2,"18":2,"19":1,"20":1,"21":1,"22":1,"23":2,"24":1,"25":1,"26":1,"27":1,"28":1,"29":1,"30":1,"31":12,"32":12},"f":{"0":22,"1":2,"2":2,"3":2,"4":1,"5":2,"6":2,"7":2,"8":1,"9":2,"10":1,"11":1},"b":{}}
,"C:\\Users\\cristian andres\\OneDrive\\Documentos\\todo lo de foam wash\\foam version final\\FoamWash\\backend\\src\\cotizaciones\\cotizaciones.controller.ts": {"path":"C:\\Users\\cristian andres\\OneDrive\\Documentos\\todo lo de foam wash\\foam version final\\FoamWash\\backend\\src\\cotizaciones\\cotizaciones.controller.ts","statementMap":{"0":{"start":{"line":2,"column":0},"end":{"line":2,"column":98}},"1":{"start":{"line":3,"column":0},"end":{"line":3,"column":65}},"2":{"start":{"line":4,"column":0},"end":{"line":4,"column":61}},"3":{"start":{"line":5,"column":0},"end":{"line":5,"column":61}},"4":{"start":{"line":10,"column":7},"end":{"line":54,"column":null}},"5":{"start":{"line":11,"column":31},"end":{"line":11,"column":52}},"6":{"start":{"line":17,"column":17},"end":{"line":17,"column":62}},"7":{"start":{"line":18,"column":4},"end":{"line":18,"column":35}},"8":{"start":{"line":25,"column":17},"end":{"line":25,"column":57}},"9":{"start":{"line":26,"column":4},"end":{"line":26,"column":35}},"10":{"start":{"line":33,"column":17},"end":{"line":33,"column":65}},"11":{"start":{"line":34,"column":4},"end":{"line":34,"column":35}},"12":{"start":{"line":42,"column":17},"end":{"line":42,"column":92}},"13":{"start":{"line":43,"column":4},"end":{"line":43,"column":35}},"14":{"start":{"line":51,"column":17},"end":{"line":51,"column":79}},"15":{"start":{"line":52,"column":4},"end":{"line":52,"column":63}},"16":{"start":{"line":10,"column":13},"end":{"line":10,"column":35}},"17":{"start":{"line":16,"column":8},"end":{"line":19,"column":null}},"18":{"start":{"line":24,"column":8},"end":{"line":27,"column":null}},"19":{"start":{"line":32,"column":8},"end":{"line":35,"column":null}},"20":{"start":{"line":41,"column":8},"end":{"line":44,"column":null}},"21":{"start":{"line":50,"column":8},"end":{"line":53,"column":null}},"22":{"start":{"line":10,"column":13},"end":{"line":54,"column":null}}},"fnMap":{"0":{"name":"(anonymous_4)","decl":{"start":{"line":11,"column":2},"end":{"line":11,"column":31}},"loc":{"start":{"line":11,"column":71},"end":{"line":11,"column":75}}},"1":{"name":"(anonymous_5)","decl":{"start":{"line":16,"column":8},"end":{"line":16,"column":20}},"loc":{"start":{"line":16,"column":20},"end":{"line":19,"column":3}}},"2":{"name":"(anonymous_6)","decl":{"start":{"line":24,"column":8},"end":{"line":24,"column":15}},"loc":{"start":{"line":24,"column":15},"end":{"line":27,"column":3}}},"3":{"name":"(anonymous_7)","decl":{"start":{"line":32,"column":8},"end":{"line":32,"column":21}},"loc":{"start":{"line":32,"column":59},"end":{"line":35,"column":3}}},"4":{"name":"(anonymous_8)","decl":{"start":{"line":41,"column":8},"end":{"line":41,"column":14}},"loc":{"start":{"line":41,"column":49},"end":{"line":44,"column":3}}},"5":{"name":"(anonymous_9)","decl":{"start":{"line":50,"column":8},"end":{"line":50,"column":19}},"loc":{"start":{"line":50,"column":64},"end":{"line":53,"column":3}}}},"branchMap":{},"s":{"0":10,"1":10,"2":10,"3":10,"4":10,"5":10,"6":1,"7":1,"8":1,"9":1,"10":0,"11":0,"12":1,"13":1,"14":0,"15":0,"16":10,"17":10,"18":10,"19":10,"20":10,"21":10,"22":10},"f":{"0":10,"1":1,"2":1,"3":0,"4":1,"5":0},"b":{}}
,"C:\\Users\\cristian andres\\OneDrive\\Documentos\\todo lo de foam wash\\foam version final\\FoamWash\\backend\\src\\cotizaciones\\cotizaciones.module.ts": {"path":"C:\\Users\\cristian andres\\OneDrive\\Documentos\\todo lo de foam wash\\foam version final\\FoamWash\\backend\\src\\cotizaciones\\cotizaciones.module.ts","statementMap":{"0":{"start":{"line":2,"column":0},"end":{"line":2,"column":40}},"1":{"start":{"line":3,"column":0},"end":{"line":3,"column":67}},"2":{"start":{"line":4,"column":0},"end":{"line":4,"column":61}},"3":{"start":{"line":6,"column":7},"end":{"line":6,"column":null}},"4":{"start":{"line":6,"column":13},"end":{"line":6,"column":31}},"5":{"start":{"line":6,"column":13},"end":{"line":6,"column":null}}},"fnMap":{},"branchMap":{},"s":{"0":10,"1":10,"2":10,"3":10,"4":10,"5":10},"f":{},"b":{}}
,"C:\\Users\\cristian andres\\OneDrive\\Documentos\\todo lo de foam wash\\foam version final\\FoamWash\\backend\\src\\cotizaciones\\cotizaciones.service.ts": {"path":"C:\\Users\\cristian andres\\OneDrive\\Documentos\\todo lo de foam wash\\foam version final\\FoamWash\\backend\\src\\cotizaciones\\cotizaciones.service.ts","statementMap":{"0":{"start":{"line":2,"column":2},"end":{"line":2,"column":46}},"1":{"start":{"line":3,"column":2},"end":{"line":3,"column":59}},"2":{"start":{"line":6,"column":9},"end":{"line":86,"column":null}},"3":{"start":{"line":7,"column":33},"end":{"line":7,"column":41}},"4":{"start":{"line":10,"column":6},"end":{"line":13,"column":9}},"5":{"start":{"line":17,"column":6},"end":{"line":23,"column":9}},"6":{"start":{"line":27,"column":6},"end":{"line":33,"column":9}},"7":{"start":{"line":47,"column":6},"end":{"line":60,"column":9}},"8":{"start":{"line":64,"column":22},"end":{"line":64,"column":24}},"9":{"start":{"line":65,"column":6},"end":{"line":83,"column":7}},"10":{"start":{"line":66,"column":25},"end":{"line":68,"column":10}},"11":{"start":{"line":69,"column":8},"end":{"line":82,"column":9}},"12":{"start":{"line":70,"column":26},"end":{"line":80,"column":12}},"13":{"start":{"line":81,"column":10},"end":{"line":81,"column":32}},"14":{"start":{"line":84,"column":6},"end":{"line":84,"column":21}},"15":{"start":{"line":6,"column":15},"end":{"line":6,"column":34}},"16":{"start":{"line":6,"column":15},"end":{"line":86,"column":null}}},"fnMap":{"0":{"name":"(anonymous_2)","decl":{"start":{"line":7,"column":4},"end":{"line":7,"column":33}},"loc":{"start":{"line":7,"column":54},"end":{"line":7,"column":58}}},"1":{"name":"(anonymous_3)","decl":{"start":{"line":9,"column":4},"end":{"line":9,"column":9}},"loc":{"start":{"line":9,"column":22},"end":{"line":14,"column":5}}},"2":{"name":"(anonymous_4)","decl":{"start":{"line":16,"column":4},"end":{"line":16,"column":9}},"loc":{"start":{"line":16,"column":17},"end":{"line":24,"column":5}}},"3":{"name":"(anonymous_5)","decl":{"start":{"line":26,"column":4},"end":{"line":26,"column":9}},"loc":{"start":{"line":26,"column":41},"end":{"line":34,"column":5}}},"4":{"name":"(anonymous_6)","decl":{"start":{"line":38,"column":4},"end":{"line":38,"column":9}},"loc":{"start":{"line":46,"column":5},"end":{"line":61,"column":5}}},"5":{"name":"(anonymous_7)","decl":{"start":{"line":63,"column":4},"end":{"line":63,"column":9}},"loc":{"start":{"line":63,"column":50},"end":{"line":85,"column":5}}}},"branchMap":{"0":{"loc":{"start":{"line":52,"column":28},"end":{"line":52,"column":71}},"type":"binary-expr","locations":[{"start":{"line":52,"column":28},"end":{"line":52,"column":42}},{"start":{"line":52,"column":46},"end":{"line":52,"column":57}},{"start":{"line":52,"column":61},"end":{"line":52,"column":71}}]},"1":{"loc":{"start":{"line":54,"column":28},"end":{"line":54,"column":63}},"type":"binary-expr","locations":[{"start":{"line":54,"column":28},"end":{"line":54,"column":49}},{"start":{"line":54,"column":53},"end":{"line":54,"column":63}}]},"2":{"loc":{"start":{"line":56,"column":14},"end":{"line":58,"column":16}},"type":"cond-expr","locations":[{"start":{"line":57,"column":14},"end":{"line":57,"column":75}},{"start":{"line":58,"column":14},"end":{"line":58,"column":16}}]},"3":{"loc":{"start":{"line":67,"column":73},"end":{"line":67,"column":99}},"type":"binary-expr","locations":[{"start":{"line":67,"column":73},"end":{"line":67,"column":88}},{"start":{"line":67,"column":92},"end":{"line":67,"column":99}}]},"4":{"loc":{"start":{"line":69,"column":8},"end":{"line":82,"column":9}},"type":"if","locations":[{"start":{"line":69,"column":8},"end":{"line":82,"column":9}},{"start":{},"end":{}}]},"5":{"loc":{"start":{"line":73,"column":32},"end":{"line":73,"column":50}},"type":"binary-expr","locations":[{"start":{"line":73,"column":32},"end":{"line":73,"column":45}},{"start":{"line":73,"column":49},"end":{"line":73,"column":50}}]},"6":{"loc":{"start":{"line":75,"column":32},"end":{"line":75,"column":108}},"type":"binary-expr","locations":[{"start":{"line":75,"column":32},"end":{"line":75,"column":46}},{"start":{"line":75,"column":50},"end":{"line":75,"column":61}},{"start":{"line":75,"column":65},"end":{"line":75,"column":76}},{"start":{"line":75,"column":80},"end":{"line":75,"column":94}},{"start":{"line":75,"column":98},"end":{"line":75,"column":108}}]},"7":{"loc":{"start":{"line":78,"column":51},"end":{"line":78,"column":77}},"type":"binary-expr","locations":[{"start":{"line":78,"column":51},"end":{"line":78,"column":66}},{"start":{"line":78,"column":70},"end":{"line":78,"column":77}}]}},"s":{"0":12,"1":12,"2":12,"3":20,"4":3,"5":2,"6":2,"7":5,"8":1,"9":1,"10":1,"11":1,"12":1,"13":1,"14":1,"15":12,"16":12},"f":{"0":20,"1":3,"2":2,"3":2,"4":5,"5":1},"b":{"0":[5,5,4],"1":[5,5],"2":[2,3],"3":[1,0],"4":[1,0],"5":[1,1],"6":[1,1,1,1,1],"7":[1,0]}}
,"C:\\Users\\cristian andres\\OneDrive\\Documentos\\todo lo de foam wash\\foam version final\\FoamWash\\backend\\src\\empleados\\empleados.controller.ts": {"path":"C:\\Users\\cristian andres\\OneDrive\\Documentos\\todo lo de foam wash\\foam version final\\FoamWash\\backend\\src\\empleados\\empleados.controller.ts","statementMap":{"0":{"start":{"line":1,"column":0},"end":{"line":1,"column":61}},"1":{"start":{"line":2,"column":0},"end":{"line":2,"column":58}},"2":{"start":{"line":4,"column":0},"end":{"line":4,"column":null}},"3":{"start":{"line":8,"column":0},"end":{"line":8,"column":59}},"4":{"start":{"line":9,"column":0},"end":{"line":9,"column":37}},"5":{"start":{"line":10,"column":0},"end":{"line":10,"column":36}},"6":{"start":{"line":11,"column":0},"end":{"line":11,"column":78}},"7":{"start":{"line":12,"column":0},"end":{"line":12,"column":55}},"8":{"start":{"line":13,"column":0},"end":{"line":13,"column":61}},"9":{"start":{"line":20,"column":7},"end":{"line":175,"column":null}},"10":{"start":{"line":21,"column":31},"end":{"line":21,"column":49}},"11":{"start":{"line":26,"column":17},"end":{"line":26,"column":54}},"12":{"start":{"line":27,"column":4},"end":{"line":27,"column":35}},"13":{"start":{"line":35,"column":17},"end":{"line":35,"column":65}},"14":{"start":{"line":36,"column":4},"end":{"line":36,"column":35}},"15":{"start":{"line":42,"column":17},"end":{"line":42,"column":62}},"16":{"start":{"line":43,"column":4},"end":{"line":43,"column":35}},"17":{"start":{"line":49,"column":17},"end":{"line":49,"column":70}},"18":{"start":{"line":50,"column":4},"end":{"line":50,"column":35}},"19":{"start":{"line":56,"column":17},"end":{"line":56,"column":70}},"20":{"start":{"line":57,"column":4},"end":{"line":57,"column":35}},"21":{"start":{"line":63,"column":17},"end":{"line":63,"column":75}},"22":{"start":{"line":64,"column":4},"end":{"line":64,"column":35}},"23":{"start":{"line":70,"column":17},"end":{"line":70,"column":70}},"24":{"start":{"line":71,"column":4},"end":{"line":71,"column":35}},"25":{"start":{"line":77,"column":17},"end":{"line":77,"column":72}},"26":{"start":{"line":78,"column":4},"end":{"line":78,"column":35}},"27":{"start":{"line":84,"column":17},"end":{"line":84,"column":66}},"28":{"start":{"line":85,"column":4},"end":{"line":85,"column":35}},"29":{"start":{"line":91,"column":17},"end":{"line":91,"column":61}},"30":{"start":{"line":92,"column":4},"end":{"line":92,"column":35}},"31":{"start":{"line":98,"column":17},"end":{"line":98,"column":63}},"32":{"start":{"line":99,"column":4},"end":{"line":99,"column":55}},"33":{"start":{"line":105,"column":17},"end":{"line":105,"column":66}},"34":{"start":{"line":106,"column":4},"end":{"line":106,"column":55}},"35":{"start":{"line":112,"column":17},"end":{"line":112,"column":63}},"36":{"start":{"line":113,"column":4},"end":{"line":113,"column":55}},"37":{"start":{"line":119,"column":17},"end":{"line":119,"column":61}},"38":{"start":{"line":120,"column":4},"end":{"line":120,"column":55}},"39":{"start":{"line":126,"column":17},"end":{"line":126,"column":63}},"40":{"start":{"line":127,"column":4},"end":{"line":127,"column":55}},"41":{"start":{"line":133,"column":17},"end":{"line":133,"column":62}},"42":{"start":{"line":134,"column":4},"end":{"line":134,"column":55}},"43":{"start":{"line":170,"column":4},"end":{"line":170,"column":80}},"44":{"start":{"line":170,"column":15},"end":{"line":170,"column":80}},"45":{"start":{"line":171,"column":20},"end":{"line":171,"column":56}},"46":{"start":{"line":172,"column":17},"end":{"line":172,"column":68}},"47":{"start":{"line":173,"column":4},"end":{"line":173,"column":35}},"48":{"start":{"line":20,"column":13},"end":{"line":20,"column":32}},"49":{"start":{"line":25,"column":8},"end":{"line":28,"column":null}},"50":{"start":{"line":34,"column":8},"end":{"line":37,"column":null}},"51":{"start":{"line":41,"column":8},"end":{"line":44,"column":null}},"52":{"start":{"line":48,"column":8},"end":{"line":51,"column":null}},"53":{"start":{"line":55,"column":8},"end":{"line":58,"column":null}},"54":{"start":{"line":62,"column":8},"end":{"line":65,"column":null}},"55":{"start":{"line":69,"column":8},"end":{"line":72,"column":null}},"56":{"start":{"line":76,"column":8},"end":{"line":79,"column":null}},"57":{"start":{"line":83,"column":8},"end":{"line":86,"column":null}},"58":{"start":{"line":90,"column":8},"end":{"line":93,"column":null}},"59":{"start":{"line":97,"column":8},"end":{"line":100,"column":null}},"60":{"start":{"line":104,"column":8},"end":{"line":107,"column":null}},"61":{"start":{"line":111,"column":8},"end":{"line":114,"column":null}},"62":{"start":{"line":118,"column":8},"end":{"line":121,"column":null}},"63":{"start":{"line":125,"column":8},"end":{"line":128,"column":null}},"64":{"start":{"line":132,"column":8},"end":{"line":135,"column":null}},"65":{"start":{"line":169,"column":8},"end":{"line":174,"column":null}},"66":{"start":{"line":143,"column":29},"end":{"line":143,"column":82}},"67":{"start":{"line":144,"column":10},"end":{"line":144,"column":31}},"68":{"start":{"line":148,"column":8},"end":{"line":150,"column":9}},"69":{"start":{"line":149,"column":10},"end":{"line":149,"column":67}},"70":{"start":{"line":151,"column":8},"end":{"line":151,"column":23}},"71":{"start":{"line":20,"column":13},"end":{"line":175,"column":null}}},"fnMap":{"0":{"name":"(anonymous_4)","decl":{"start":{"line":21,"column":2},"end":{"line":21,"column":31}},"loc":{"start":{"line":21,"column":65},"end":{"line":21,"column":70}}},"1":{"name":"(anonymous_5)","decl":{"start":{"line":25,"column":8},"end":{"line":25,"column":15}},"loc":{"start":{"line":25,"column":15},"end":{"line":28,"column":3}}},"2":{"name":"(anonymous_6)","decl":{"start":{"line":34,"column":8},"end":{"line":34,"column":14}},"loc":{"start":{"line":34,"column":32},"end":{"line":37,"column":3}}},"3":{"name":"(anonymous_7)","decl":{"start":{"line":41,"column":8},"end":{"line":41,"column":20}},"loc":{"start":{"line":41,"column":20},"end":{"line":44,"column":3}}},"4":{"name":"(anonymous_8)","decl":{"start":{"line":48,"column":8},"end":{"line":48,"column":28}},"loc":{"start":{"line":48,"column":28},"end":{"line":51,"column":3}}},"5":{"name":"(anonymous_9)","decl":{"start":{"line":55,"column":8},"end":{"line":55,"column":28}},"loc":{"start":{"line":55,"column":28},"end":{"line":58,"column":3}}},"6":{"name":"(anonymous_10)","decl":{"start":{"line":62,"column":8},"end":{"line":62,"column":24}},"loc":{"start":{"line":62,"column":40},"end":{"line":65,"column":3}}},"7":{"name":"(anonymous_11)","decl":{"start":{"line":69,"column":8},"end":{"line":69,"column":19}},"loc":{"start":{"line":69,"column":35},"end":{"line":72,"column":3}}},"8":{"name":"(anonymous_12)","decl":{"start":{"line":76,"column":8},"end":{"line":76,"column":23}},"loc":{"start":{"line":76,"column":39},"end":{"line":79,"column":3}}},"9":{"name":"(anonymous_13)","decl":{"start":{"line":83,"column":8},"end":{"line":83,"column":22}},"loc":{"start":{"line":83,"column":60},"end":{"line":86,"column":3}}},"10":{"name":"(anonymous_14)","decl":{"start":{"line":90,"column":8},"end":{"line":90,"column":17}},"loc":{"start":{"line":90,"column":55},"end":{"line":93,"column":3}}},"11":{"name":"(anonymous_15)","decl":{"start":{"line":97,"column":8},"end":{"line":97,"column":20}},"loc":{"start":{"line":97,"column":58},"end":{"line":100,"column":3}}},"12":{"name":"(anonymous_16)","decl":{"start":{"line":104,"column":8},"end":{"line":104,"column":21}},"loc":{"start":{"line":104,"column":59},"end":{"line":107,"column":3}}},"13":{"name":"(anonymous_17)","decl":{"start":{"line":111,"column":8},"end":{"line":111,"column":21}},"loc":{"start":{"line":111,"column":59},"end":{"line":114,"column":3}}},"14":{"name":"(anonymous_18)","decl":{"start":{"line":118,"column":8},"end":{"line":118,"column":17}},"loc":{"start":{"line":118,"column":55},"end":{"line":121,"column":3}}},"15":{"name":"(anonymous_19)","decl":{"start":{"line":125,"column":8},"end":{"line":125,"column":19}},"loc":{"start":{"line":125,"column":57},"end":{"line":128,"column":3}}},"16":{"name":"(anonymous_20)","decl":{"start":{"line":132,"column":8},"end":{"line":132,"column":18}},"loc":{"start":{"line":132,"column":56},"end":{"line":135,"column":3}}},"17":{"name":"(anonymous_21)","decl":{"start":{"line":169,"column":8},"end":{"line":169,"column":18}},"loc":{"start":{"line":169,"column":99},"end":{"line":174,"column":3}}},"18":{"name":"(anonymous_22)","decl":{"start":{"line":142,"column":18},"end":{"line":142,"column":19}},"loc":{"start":{"line":142,"column":36},"end":{"line":145,"column":9}}},"19":{"name":"(anonymous_23)","decl":{"start":{"line":147,"column":18},"end":{"line":147,"column":19}},"loc":{"start":{"line":147,"column":36},"end":{"line":152,"column":7}}}},"branchMap":{"0":{"loc":{"start":{"line":170,"column":4},"end":{"line":170,"column":80}},"type":"if","locations":[{"start":{"line":170,"column":4},"end":{"line":170,"column":80}},{"start":{},"end":{}}]},"1":{"loc":{"start":{"line":148,"column":8},"end":{"line":150,"column":9}},"type":"if","locations":[{"start":{"line":148,"column":8},"end":{"line":150,"column":9}},{"start":{},"end":{}}]}},"s":{"0":11,"1":11,"2":11,"3":11,"4":11,"5":11,"6":11,"7":11,"8":11,"9":11,"10":26,"11":2,"12":2,"13":1,"14":1,"15":1,"16":1,"17":1,"18":1,"19":2,"20":2,"21":1,"22":1,"23":1,"24":1,"25":1,"26":1,"27":1,"28":1,"29":1,"30":1,"31":1,"32":1,"33":1,"34":1,"35":1,"36":1,"37":1,"38":1,"39":1,"40":1,"41":1,"42":1,"43":0,"44":0,"45":0,"46":0,"47":0,"48":11,"49":11,"50":11,"51":11,"52":11,"53":11,"54":11,"55":11,"56":11,"57":11,"58":11,"59":11,"60":11,"61":11,"62":11,"63":11,"64":11,"65":11,"66":0,"67":0,"68":0,"69":0,"70":0,"71":11},"f":{"0":26,"1":2,"2":1,"3":1,"4":1,"5":2,"6":1,"7":1,"8":1,"9":1,"10":1,"11":1,"12":1,"13":1,"14":1,"15":1,"16":1,"17":0,"18":0,"19":0},"b":{"0":[0,0],"1":[0,0]}}
[...]
,"C:\\Users\\cristian andres\\OneDrive\\Documentos\\todo lo de foam wash\\foam version final\\FoamWash\\backend\\src\\usuarios\\usuarios.module.ts": {"path":"C:\\Users\\cristian andres\\OneDrive\\Documentos\\todo lo de foam wash\\foam version final\\FoamWash\\backend\\src\\usuarios\\usuarios.module.ts","statementMap":{"0":{"start":{"line":2,"column":0},"end":{"line":2,"column":40}},"1":{"start":{"line":3,"column":0},"end":{"line":3,"column":59}},"2":{"start":{"line":4,"column":0},"end":{"line":4,"column":53}},"3":{"start":{"line":5,"column":0},"end":{"line":5,"column":58}},"4":{"start":{"line":7,"column":0},"end":{"line":7,"column":64}},"5":{"start":{"line":14,"column":7},"end":{"line":14,"column":null}},"6":{"start":{"line":14,"column":13},"end":{"line":14,"column":27}},"7":{"start":{"line":14,"column":13},"end":{"line":14,"column":null}}},"fnMap":{},"branchMap":{},"s":{"0":10,"1":10,"2":10,"3":10,"4":10,"5":10,"6":10,"7":10},"f":{},"b":{}}
,"C:\\Users\\cristian andres\\OneDrive\\Documentos\\todo lo de foam wash\\foam version final\\FoamWash\\backend\\src\\usuarios\\usuarios.service.ts": {"path":"C:\\Users\\cristian andres\\OneDrive\\Documentos\\todo lo de foam wash\\foam version final\\FoamWash\\backend\\src\\usuarios\\usuarios.service.ts","statementMap":{"0":{"start":{"line":2,"column":0},"end":{"line":2,"column":103}},"1":{"start":{"line":3,"column":0},"end":{"line":3,"column":57}},"2":{"start":{"line":4,"column":0},"end":{"line":4,"column":66}},"3":{"start":{"line":6,"column":7},"end":{"line":261,"column":null}},"4":{"start":{"line":8,"column":21},"end":{"line":8,"column":29}},"5":{"start":{"line":9,"column":21},"end":{"line":9,"column":39}},"6":{"start":{"line":13,"column":4},"end":{"line":29,"column":7}},"7":{"start":{"line":33,"column":17},"end":{"line":56,"column":6}},"8":{"start":{"line":57,"column":4},"end":{"line":57,"column":68}},"9":{"start":{"line":57,"column":15},"end":{"line":57,"column":68}},"10":{"start":{"line":60,"column":21},"end":{"line":60,"column":51}},"11":{"start":{"line":61,"column":27},"end":{"line":61,"column":42}},"12":{"start":{"line":62,"column":24},"end":{"line":62,"column":78}},"13":{"start":{"line":62,"column":45},"end":{"line":62,"column":70}},"14":{"start":{"line":63,"column":24},"end":{"line":63,"column":106}},"15":{"start":{"line":63,"column":45},"end":{"line":63,"column":98}},"16":{"start":{"line":66,"column":30},"end":{"line":66,"column":61}},"17":{"start":{"line":66,"column":48},"end":{"line":66,"column":60}},"18":{"start":{"line":67,"column":49},"end":{"line":67,"column":52}},"19":{"start":{"line":68,"column":4},"end":{"line":77,"column":5}},"20":{"start":{"line":69,"column":19},"end":{"line":72,"column":8}},"21":{"start":{"line":73,"column":6},"end":{"line":76,"column":7}},"22":{"start":{"line":74,"column":21},"end":{"line":74,"column":68}},"23":{"start":{"line":74,"column":43},"end":{"line":74,"column":64}},"24":{"start":{"line":75,"column":8},"end":{"line":75,"column":64}},"25":{"start":{"line":79,"column":4},"end":{"line":87,"column":6}},"26":{"start":{"line":91,"column":19},"end":{"line":91,"column":86}},"27":{"start":{"line":92,"column":4},"end":{"line":92,"column":70}},"28":{"start":{"line":92,"column":17},"end":{"line":92,"column":70}},"29":{"start":{"line":94,"column":28},"end":{"line":94,"column":30}},"30":{"start":{"line":95,"column":4},"end":{"line":95,"column":77}},"31":{"start":{"line":95,"column":40},"end":{"line":95,"column":77}},"32":{"start":{"line":96,"column":4},"end":{"line":96,"column":79}},"33":{"start":{"line":96,"column":40},"end":{"line":96,"column":79}},"34":{"start":{"line":97,"column":4},"end":{"line":97,"column":80}},"35":{"start":{"line":97,"column":40},"end":{"line":97,"column":80}},"36":{"start":{"line":98,"column":4},"end":{"line":98,"column":82}},"37":{"start":{"line":98,"column":40},"end":{"line":98,"column":82}},"38":{"start":{"line":100,"column":4},"end":{"line":100,"column":59}},"39":{"start":{"line":101,"column":4},"end":{"line":101,"column":67}},"40":{"start":{"line":102,"column":4},"end":{"line":102,"column":94}},"41":{"start":{"line":104,"column":4},"end":{"line":106,"column":5}},"42":{"start":{"line":105,"column":6},"end":{"line":105,"column":48}},"43":{"start":{"line":108,"column":4},"end":{"line":127,"column":7}},"44":{"start":{"line":131,"column":4},"end":{"line":141,"column":5}},"45":{"start":{"line":132,"column":6},"end":{"line":140,"column":7}},"46":{"start":{"line":133,"column":26},"end":{"line":135,"column":10}},"47":{"start":{"line":136,"column":8},"end":{"line":136,"column":99}},"48":{"start":{"line":136,"column":23},"end":{"line":136,"column":99}},"49":{"start":{"line":137,"column":8},"end":{"line":137,"column":35}},"50":{"start":{"line":139,"column":8},"end":{"line":139,"column":33}},"51":{"start":{"line":145,"column":4},"end":{"line":151,"column":5}},"52":{"start":{"line":146,"column":24},"end":{"line":148,"column":8}},"53":{"start":{"line":149,"column":6},"end":{"line":149,"column":110}},"54":{"start":{"line":149,"column":21},"end":{"line":149,"column":110}},"55":{"start":{"line":150,"column":6},"end":{"line":150,"column":41}},"56":{"start":{"line":155,"column":4},"end":{"line":161,"column":5}},"57":{"start":{"line":156,"column":19},"end":{"line":158,"column":8}},"58":{"start":{"line":159,"column":6},"end":{"line":159,"column":78}},"59":{"start":{"line":159,"column":17},"end":{"line":159,"column":78}},"60":{"start":{"line":160,"column":6},"end":{"line":160,"column":65}},"61":{"start":{"line":166,"column":6},"end":{"line":172,"column":40}},"62":{"start":{"line":174,"column":4},"end":{"line":174,"column":35}},"63":{"start":{"line":174,"column":28},"end":{"line":174,"column":35}},"64":{"start":{"line":176,"column":30},"end":{"line":176,"column":32}},"65":{"start":{"line":177,"column":4},"end":{"line":177,"column":66}},"66":{"start":{"line":177,"column":34},"end":{"line":177,"column":66}},"67":{"start":{"line":179,"column":4},"end":{"line":179,"column":84}},"68":{"start":{"line":180,"column":4},"end":{"line":180,"column":78}},"69":{"start":{"line":182,"column":4},"end":{"line":182,"column":93}},"70":{"start":{"line":182,"column":43},"end":{"line":182,"column":93}},"71":{"start":{"line":183,"column":4},"end":{"line":183,"column":72}},"72":{"start":{"line":183,"column":36},"end":{"line":183,"column":72}},"73":{"start":{"line":184,"column":4},"end":{"line":184,"column":93}},"74":{"start":{"line":184,"column":43},"end":{"line":184,"column":93}},"75":{"start":{"line":185,"column":4},"end":{"line":185,"column":96}},"76":{"start":{"line":185,"column":44},"end":{"line":185,"column":96}},"77":{"start":{"line":187,"column":24},"end":{"line":189,"column":6}},"78":{"start":{"line":191,"column":4},"end":{"line":203,"column":5}},"79":{"start":{"line":192,"column":6},"end":{"line":195,"column":9}},"80":{"start":{"line":197,"column":6},"end":{"line":202,"column":9}},"81":{"start":{"line":207,"column":4},"end":{"line":207,"column":36}},"82":{"start":{"line":207,"column":29},"end":{"line":207,"column":36}},"83":{"start":{"line":208,"column":4},"end":{"line":217,"column":5}},"84":{"start":{"line":209,"column":6},"end":{"line":209,"column":27}},"85":{"start":{"line":211,"column":16},"end":{"line":211,"column":31}},"86":{"start":{"line":212,"column":6},"end":{"line":215,"column":7}},"87":{"start":{"line":213,"column":26},"end":{"line":213,"column":81}},"88":{"start":{"line":214,"column":8},"end":{"line":214,"column":76}},"89":{"start":{"line":216,"column":6},"end":{"line":216,"column":24}},"90":{"start":{"line":221,"column":4},"end":{"line":221,"column":54}},"91":{"start":{"line":225,"column":19},"end":{"line":225,"column":86}},"92":{"start":{"line":226,"column":4},"end":{"line":226,"column":70}},"93":{"start":{"line":226,"column":17},"end":{"line":226,"column":70}},"94":{"start":{"line":227,"column":4},"end":{"line":230,"column":7}},"95":{"start":{"line":236,"column":4},"end":{"line":238,"column":7}},"96":{"start":{"line":242,"column":4},"end":{"line":251,"column":7}},"97":{"start":{"line":255,"column":4},"end":{"line":259,"column":7}},"98":{"start":{"line":6,"column":13},"end":{"line":6,"column":28}},"99":{"start":{"line":6,"column":13},"end":{"line":261,"column":null}}},"fnMap":{"0":{"name":"(anonymous_2)","decl":{"start":{"line":7,"column":2},"end":{"line":7,"column":null}},"loc":{"start":{"line":9,"column":55},"end":{"line":10,"column":6}}},"1":{"name":"(anonymous_3)","decl":{"start":{"line":12,"column":2},"end":{"line":12,"column":7}},"loc":{"start":{"line":12,"column":15},"end":{"line":30,"column":3}}},"2":{"name":"(anonymous_4)","decl":{"start":{"line":32,"column":2},"end":{"line":32,"column":7}},"loc":{"start":{"line":32,"column":26},"end":{"line":88,"column":3}}},"3":{"name":"(anonymous_5)","decl":{"start":{"line":62,"column":40},"end":{"line":62,"column":41}},"loc":{"start":{"line":62,"column":45},"end":{"line":62,"column":70}}},"4":{"name":"(anonymous_6)","decl":{"start":{"line":63,"column":40},"end":{"line":63,"column":41}},"loc":{"start":{"line":63,"column":45},"end":{"line":63,"column":98}}},"5":{"name":"(anonymous_7)","decl":{"start":{"line":66,"column":43},"end":{"line":66,"column":44}},"loc":{"start":{"line":66,"column":48},"end":{"line":66,"column":60}}},"6":{"name":"(anonymous_8)","decl":{"start":{"line":74,"column":33},"end":{"line":74,"column":34}},"loc":{"start":{"line":74,"column":43},"end":{"line":74,"column":64}}},"7":{"name":"(anonymous_9)","decl":{"start":{"line":90,"column":2},"end":{"line":90,"column":7}},"loc":{"start":{"line":90,"column":36},"end":{"line":128,"column":3}}},"8":{"name":"(anonymous_10)","decl":{"start":{"line":130,"column":10},"end":{"line":130,"column":15}},"loc":{"start":{"line":130,"column":93},"end":{"line":142,"column":3}}},"9":{"name":"(anonymous_11)","decl":{"start":{"line":144,"column":10},"end":{"line":144,"column":15}},"loc":{"start":{"line":144,"column":92},"end":{"line":152,"column":3}}},"10":{"name":"(anonymous_12)","decl":{"start":{"line":154,"column":10},"end":{"line":154,"column":15}},"loc":{"start":{"line":154,"column":81},"end":{"line":162,"column":3}}},"11":{"name":"(anonymous_13)","decl":{"start":{"line":164,"column":10},"end":{"line":164,"column":15}},"loc":{"start":{"line":164,"column":58},"end":{"line":204,"column":3}}},"12":{"name":"(anonymous_14)","decl":{"start":{"line":206,"column":10},"end":{"line":206,"column":27}},"loc":{"start":{"line":206,"column":66},"end":{"line":218,"column":3}}},"13":{"name":"(anonymous_15)","decl":{"start":{"line":220,"column":2},"end":{"line":220,"column":7}},"loc":{"start":{"line":220,"column":32},"end":{"line":222,"column":3}}},"14":{"name":"(anonymous_16)","decl":{"start":{"line":224,"column":2},"end":{"line":224,"column":7}},"loc":{"start":{"line":224,"column":29},"end":{"line":231,"column":3}}},"15":{"name":"(anonymous_17)","decl":{"start":{"line":235,"column":2},"end":{"line":235,"column":7}},"loc":{"start":{"line":235,"column":22},"end":{"line":239,"column":3}}},"16":{"name":"(anonymous_18)","decl":{"start":{"line":241,"column":2},"end":{"line":241,"column":7}},"loc":{"start":{"line":241,"column":24},"end":{"line":252,"column":3}}},"17":{"name":"(anonymous_19)","decl":{"start":{"line":254,"column":2},"end":{"line":254,"column":7}},"loc":{"start":{"line":254,"column":35},"end":{"line":260,"column":3}}}},"branchMap":{"0":{"loc":{"start":{"line":57,"column":4},"end":{"line":57,"column":68}},"type":"if","locations":[{"start":{"line":57,"column":4},"end":{"line":57,"column":68}},{"start":{},"end":{}}]},"1":{"loc":{"start":{"line":60,"column":21},"end":{"line":60,"column":51}},"type":"binary-expr","locations":[{"start":{"line":60,"column":21},"end":{"line":60,"column":45}},{"start":{"line":60,"column":49},"end":{"line":60,"column":51}}]},"2":{"loc":{"start":{"line":63,"column":45},"end":{"line":63,"column":98}},"type":"binary-expr","locations":[{"start":{"line":63,"column":45},"end":{"line":63,"column":69}},{"start":{"line":63,"column":73},"end":{"line":63,"column":98}}]},"3":{"loc":{"start":{"line":68,"column":4},"end":{"line":77,"column":5}},"type":"if","locations":[{"start":{"line":68,"column":4},"end":{"line":77,"column":5}},{"start":{},"end":{}}]},"4":{"loc":{"start":{"line":73,"column":6},"end":{"line":76,"column":7}},"type":"if","locations":[{"start":{"line":73,"column":6},"end":{"line":76,"column":7}},{"start":{},"end":{}}]},"5":{"loc":{"start":{"line":92,"column":4},"end":{"line":92,"column":70}},"type":"if","locations":[{"start":{"line":92,"column":4},"end":{"line":92,"column":70}},{"start":{},"end":{}}]},"6":{"loc":{"start":{"line":95,"column":4},"end":{"line":95,"column":77}},"type":"if","locations":[{"start":{"line":95,"column":4},"end":{"line":95,"column":77}},{"start":{},"end":{}}]},"7":{"loc":{"start":{"line":96,"column":4},"end":{"line":96,"column":79}},"type":"if","locations":[{"start":{"line":96,"column":4},"end":{"line":96,"column":79}},{"start":{},"end":{}}]},"8":{"loc":{"start":{"line":97,"column":4},"end":{"line":97,"column":80}},"type":"if","locations":[{"start":{"line":97,"column":4},"end":{"line":97,"column":80}},{"start":{},"end":{}}]},"9":{"loc":{"start":{"line":98,"column":4},"end":{"line":98,"column":82}},"type":"if","locations":[{"start":{"line":98,"column":4},"end":{"line":98,"column":82}},{"start":{},"end":{}}]},"10":{"loc":{"start":{"line":104,"column":4},"end":{"line":106,"column":5}},"type":"if","locations":[{"start":{"line":104,"column":4},"end":{"line":106,"column":5}},{"start":{},"end":{}}]},"11":{"loc":{"start":{"line":131,"column":4},"end":{"line":141,"column":5}},"type":"if","locations":[{"start":{"line":131,"column":4},"end":{"line":141,"column":5}},{"start":{},"end":{}}]},"12":{"loc":{"start":{"line":132,"column":6},"end":{"line":140,"column":7}},"type":"if","locations":[{"start":{"line":132,"column":6},"end":{"line":140,"column":7}},{"start":{"line":138,"column":13},"end":{"line":140,"column":7}}]},"13":{"loc":{"start":{"line":136,"column":8},"end":{"line":136,"column":99}},"type":"if","locations":[{"start":{"line":136,"column":8},"end":{"line":136,"column":99}},{"start":{},"end":{}}]},"14":{"loc":{"start":{"line":145,"column":4},"end":{"line":151,"column":5}},"type":"if","locations":[{"start":{"line":145,"column":4},"end":{"line":151,"column":5}},{"start":{},"end":{}}]},"15":{"loc":{"start":{"line":149,"column":6},"end":{"line":149,"column":110}},"type":"if","locations":[{"start":{"line":149,"column":6},"end":{"line":149,"column":110}},{"start":{},"end":{}}]},"16":{"loc":{"start":{"line":155,"column":4},"end":{"line":161,"column":5}},"type":"if","locations":[{"start":{"line":155,"column":4},"end":{"line":161,"column":5}},{"start":{},"end":{}}]},"17":{"loc":{"start":{"line":159,"column":6},"end":{"line":159,"column":78}},"type":"if","locations":[{"start":{"line":159,"column":6},"end":{"line":159,"column":78}},{"start":{},"end":{}}]},"18":{"loc":{"start":{"line":166,"column":6},"end":{"line":172,"column":40}},"type":"binary-expr","locations":[{"start":{"line":166,"column":6},"end":{"line":166,"column":30}},{"start":{"line":167,"column":6},"end":{"line":167,"column":41}},{"start":{"line":168,"column":6},"end":{"line":168,"column":38}},{"start":{"line":169,"column":6},"end":{"line":169,"column":39}},{"start":{"line":170,"column":6},"end":{"line":170,"column":32}},{"start":{"line":171,"column":6},"end":{"line":171,"column":39}},{"start":{"line":172,"column":6},"end":{"line":172,"column":40}}]},"19":{"loc":{"start":{"line":174,"column":4},"end":{"line":174,"column":35}},"type":"if","locations":[{"start":{"line":174,"column":4},"end":{"line":174,"column":35}},{"start":{},"end":{}}]},"20":{"loc":{"start":{"line":177,"column":4},"end":{"line":177,"column":66}},"type":"if","locations":[{"start":{"line":177,"column":4},"end":{"line":177,"column":66}},{"start":{},"end":{}}]},"21":{"loc":{"start":{"line":182,"column":4},"end":{"line":182,"column":93}},"type":"if","locations":[{"start":{"line":182,"column":4},"end":{"line":182,"column":93}},{"start":{},"end":{}}]},"22":{"loc":{"start":{"line":183,"column":4},"end":{"line":183,"column":72}},"type":"if","locations":[{"start":{"line":183,"column":4},"end":{"line":183,"column":72}},{"start":{},"end":{}}]},"23":{"loc":{"start":{"line":184,"column":4},"end":{"line":184,"column":93}},"type":"if","locations":[{"start":{"line":184,"column":4},"end":{"line":184,"column":93}},{"start":{},"end":{}}]},"24":{"loc":{"start":{"line":185,"column":4},"end":{"line":185,"column":96}},"type":"if","locations":[{"start":{"line":185,"column":4},"end":{"line":185,"column":96}},{"start":{},"end":{}}]},"25":{"loc":{"start":{"line":191,"column":4},"end":{"line":203,"column":5}},"type":"if","locations":[{"start":{"line":191,"column":4},"end":{"line":203,"column":5}},{"start":{"line":196,"column":11},"end":{"line":203,"column":5}}]},"26":{"loc":{"start":{"line":207,"column":4},"end":{"line":207,"column":36}},"type":"if","locations":[{"start":{"line":207,"column":4},"end":{"line":207,"column":36}},{"start":{},"end":{}}]},"27":{"loc":{"start":{"line":208,"column":4},"end":{"line":217,"column":5}},"type":"if","locations":[{"start":{"line":208,"column":4},"end":{"line":217,"column":5}},{"start":{"line":210,"column":11},"end":{"line":217,"column":5}}]},"28":{"loc":{"start":{"line":208,"column":8},"end":{"line":208,"column":76}},"type":"binary-expr","locations":[{"start":{"line":208,"column":8},"end":{"line":208,"column":14}},{"start":{"line":208,"column":18},"end":{"line":208,"column":48}},{"start":{"line":208,"column":52},"end":{"line":208,"column":76}}]},"29":{"loc":{"start":{"line":212,"column":6},"end":{"line":215,"column":7}},"type":"if","locations":[{"start":{"line":212,"column":6},"end":{"line":215,"column":7}},{"start":{},"end":{}}]},"30":{"loc":{"start":{"line":213,"column":26},"end":{"line":213,"column":81}},"type":"cond-expr","locations":[{"start":{"line":213,"column":57},"end":{"line":213,"column":69}},{"start":{"line":213,"column":72},"end":{"line":213,"column":81}}]},"31":{"loc":{"start":{"line":226,"column":4},"end":{"line":226,"column":70}},"type":"if","locations":[{"start":{"line":226,"column":4},"end":{"line":226,"column":70}},{"start":{},"end":{}}]}},"s":{"0":14,"1":14,"2":14,"3":14,"4":31,"5":31,"6":2,"7":2,"8":2,"9":1,"10":1,"11":1,"12":1,"13":2,"14":1,"15":2,"16":1,"17":2,"18":1,"19":1,"20":1,"21":1,"22":1,"23":2,"24":1,"25":1,"26":3,"27":3,"28":1,"29":2,"30":2,"31":2,"32":2,"33":0,"34":2,"35":0,"36":2,"37":0,"38":2,"39":2,"40":2,"41":2,"42":0,"43":2,"44":2,"45":0,"46":0,"47":0,"48":0,"49":0,"50":0,"51":2,"52":0,"53":0,"54":0,"55":0,"56":2,"57":0,"58":0,"59":0,"60":0,"61":0,"62":0,"63":0,"64":0,"65":0,"66":0,"67":0,"68":0,"69":0,"70":0,"71":0,"72":0,"73":0,"74":0,"75":0,"76":0,"77":0,"78":0,"79":0,"80":0,"81":0,"82":0,"83":0,"84":0,"85":0,"86":0,"87":0,"88":0,"89":0,"90":2,"91":3,"92":3,"93":1,"94":2,"95":4,"96":2,"97":1,"98":14,"99":14},"f":{"0":31,"1":2,"2":2,"3":2,"4":2,"5":2,"6":2,"7":3,"8":2,"9":2,"10":2,"11":0,"12":0,"13":2,"14":3,"15":4,"16":2,"17":1},"b":{"0":[1,1],"1":[1,0],"2":[2,1],"3":[1,0],"4":[1,0],"5":[1,2],"6":[2,0],"7":[0,2],"8":[0,2],"9":[0,2],"10":[0,2],"11":[0,2],"12":[0,0],"13":[0,0],"14":[0,2],"15":[0,0],"16":[0,2],"17":[0,0],"18":[0,0,0,0,0,0,0],"19":[0,0],"20":[0,0],"21":[0,0],"22":[0,0],"23":[0,0],"24":[0,0],"25":[0,0],"26":[0,0],"27":[0,0],"28":[0,0,0],"29":[0,0],"30":[0,0],"31":[1,2]}}
}
