TN:
SF:src\app.module.ts
FNF:0
FNH:0
DA:5,10
DA:6,10
DA:7,10
DA:9,10
DA:10,10
DA:11,10
DA:12,10
DA:13,10
DA:14,10
DA:15,10
DA:16,10
DA:17,10
DA:18,10
DA:19,10
DA:20,10
DA:46,10
LF:16
LH:16
BRF:0
BRH:0
end_of_record
TN:
SF:src\main.ts
FN:12,bootstrap
FNF:1
FNH:0
FNDA:0,bootstrap
DA:2,0
DA:4,0
DA:5,0
DA:6,0
DA:7,0
DA:8,0
DA:9,0
DA:10,0
DA:13,0
DA:18,0
DA:25,0
DA:28,0
DA:36,0
DA:39,0
DA:49,0
DA:50,0
DA:52,0
DA:53,0
DA:55,0
DA:59,0
DA:64,0
DA:84,0
DA:86,0
DA:88,0
DA:89,0
DA:91,0
DA:92,0
DA:93,0
DA:94,0
DA:95,0
DA:96,0
DA:97,0
DA:100,0
LF:33
LH:0
BRDA:88,0,0,0
BRDA:88,0,1,0
BRDA:95,1,0,0
BRDA:95,1,1,0
BRF:4
BRH:0
end_of_record
TN:
SF:src\auth\auth.controller.ts
FN:25,(anonymous_4)
FN:35,(anonymous_5)
FN:40,(anonymous_6)
FN:59,(anonymous_7)
FN:78,(anonymous_8)
FN:92,(anonymous_9)
FN:101,(anonymous_10)
FN:109,(anonymous_11)
FN:117,(anonymous_12)
FNF:9
FNH:9
FNDA:16,(anonymous_4)
FNDA:14,(anonymous_5)
FNDA:7,(anonymous_6)
FNDA:3,(anonymous_7)
FNDA:1,(anonymous_8)
FNDA:1,(anonymous_9)
FNDA:1,(anonymous_10)
FNDA:1,(anonymous_11)
FNDA:1,(anonymous_12)
DA:2,11
DA:13,11
DA:14,11
DA:21,11
DA:23,11
DA:25,16
DA:34,11
DA:35,14
DA:40,11
DA:41,7
DA:43,6
DA:44,6
DA:46,6
DA:59,11
DA:60,3
DA:62,2
DA:63,2
DA:65,2
DA:78,11
DA:79,1
DA:80,1
DA:82,1
DA:83,1
DA:85,1
DA:92,11
DA:93,1
DA:94,1
DA:95,1
DA:101,11
DA:102,1
DA:103,1
DA:109,11
DA:110,1
DA:111,1
DA:117,11
DA:118,1
DA:119,1
LF:37
LH:37
BRF:0
BRH:0
end_of_record
TN:
SF:src\auth\auth.module.ts
FN:15,(anonymous_1)
FNF:1
FNH:1
FNDA:10,(anonymous_1)
DA:2,10
DA:3,10
DA:4,10
DA:5,10
DA:6,10
DA:7,10
DA:8,10
DA:15,10
DA:26,10
LF:9
LH:9
BRDA:17,0,0,10
BRDA:17,0,1,0
BRF:2
BRH:1
end_of_record
TN:
SF:src\auth\auth.service.ts
FN:23,(anonymous_2)
FN:29,(anonymous_3)
FN:44,(anonymous_4)
FN:89,(anonymous_5)
FN:103,(anonymous_6)
FN:155,(anonymous_7)
FN:169,(anonymous_8)
FN:184,(anonymous_9)
FN:202,(anonymous_10)
FN:216,(anonymous_11)
FNF:10
FNH:9
FNDA:35,(anonymous_2)
FNDA:11,(anonymous_3)
FNDA:11,(anonymous_4)
FNDA:0,(anonymous_5)
FNDA:8,(anonymous_6)
FNDA:1,(anonymous_7)
FNDA:1,(anonymous_8)
FNDA:4,(anonymous_9)
FNDA:1,(anonymous_10)
FNDA:3,(anonymous_11)
DA:2,14
DA:9,14
DA:10,14
DA:11,14
DA:12,14
DA:13,14
DA:20,14
DA:22,14
DA:23,35
DA:24,35
DA:25,35
DA:30,11
DA:35,11
DA:40,11
DA:45,11
DA:47,11
DA:48,10
DA:49,2
DA:52,8
DA:53,8
DA:54,6
DA:56,8
DA:59,8
DA:73,8
DA:79,8
DA:89,8
DA:91,8
DA:104,8
DA:106,8
DA:111,7
DA:112,2
DA:115,5
DA:116,0
DA:119,5
DA:120,5
DA:121,2
DA:124,3
DA:125,3
DA:131,3
DA:142,3
DA:156,1
DA:165,1
DA:170,1
DA:176,1
DA:178,1
DA:180,1
DA:185,4
DA:186,4
DA:188,1
DA:189,1
DA:191,1
DA:196,1
DA:198,1
DA:203,1
DA:210,1
DA:212,0
DA:217,3
DA:224,3
DA:226,1
DA:228,1
DA:237,1
LF:61
LH:59
BRDA:32,0,0,11
BRDA:32,0,1,0
BRDA:48,1,0,2
BRDA:48,1,1,8
BRDA:53,2,0,2
BRDA:53,2,1,6
BRDA:54,3,0,1
BRDA:54,3,1,5
BRDA:64,4,0,8
BRDA:64,4,1,6
BRDA:65,5,0,8
BRDA:65,5,1,8
BRDA:66,6,0,8
BRDA:66,6,1,8
BRDA:111,7,0,2
BRDA:111,7,1,5
BRDA:115,8,0,0
BRDA:115,8,1,5
BRDA:120,9,0,2
BRDA:120,9,1,3
BRDA:176,10,0,0
BRDA:176,10,1,1
BRDA:186,11,0,3
BRDA:186,11,1,1
BRDA:210,12,0,1
BRDA:210,12,1,0
BRDA:224,13,0,2
BRDA:224,13,1,1
BRF:28
BRH:24
end_of_record
TN:
SF:src\auth\dto\auth.dto.ts
FNF:0
FNH:0
DA:5,11
DA:6,11
DA:8,11
DA:11,11
DA:15,11
DA:20,11
DA:25,11
DA:30,11
DA:35,11
DA:40,11
DA:43,11
DA:46,11
DA:50,11
DA:53,11
DA:56,11
DA:59,11
DA:62,11
DA:65,11
DA:68,11
DA:73,11
LF:20
LH:20
BRF:0
BRH:0
end_of_record
TN:
SF:src\auth\guards\jwt-auth.guard.ts
FN:11,(anonymous_1)
FNF:1
FNH:1
FNDA:20,(anonymous_1)
DA:6,15
DA:7,15
DA:10,15
DA:12,20
DA:13,1
DA:14,0
DA:19,1
DA:24,19
LF:8
LH:7
BRDA:12,0,0,1
BRDA:12,0,1,19
BRDA:12,1,0,20
BRDA:12,1,1,20
BRDA:13,2,0,0
BRDA:13,2,1,1
BRF:6
BRH:5
end_of_record
TN:
SF:src\auth\strategies\jwt.strategy.ts
FN:14,(anonymous_2)
FN:20,(anonymous_3)
FN:33,(anonymous_4)
FNF:3
FNH:3
FNDA:10,(anonymous_2)
FNDA:20,(anonymous_3)
FNDA:19,(anonymous_4)
DA:5,10
DA:6,10
DA:7,10
DA:8,10
DA:10,10
DA:13,10
DA:14,10
DA:15,10
DA:17,10
DA:21,20
DA:34,19
DA:37,19
DA:38,19
DA:39,19
DA:40,19
DA:44,19
DA:52,19
DA:53,0
DA:54,0
DA:61,19
DA:62,0
DA:63,0
DA:70,19
DA:72,19
LF:24
LH:20
BRDA:21,0,0,20
BRDA:21,0,1,20
BRDA:26,1,0,10
BRDA:26,1,1,0
BRDA:26,1,2,0
BRDA:37,2,0,19
BRDA:37,2,1,0
BRDA:37,3,0,19
BRDA:37,3,1,19
BRDA:39,4,0,19
BRDA:39,4,1,0
BRDA:52,5,0,0
BRDA:52,5,1,19
BRDA:61,6,0,0
BRDA:61,6,1,19
BRDA:70,7,0,19
BRDA:70,7,1,0
BRDA:70,7,2,0
BRF:18
BRH:10
end_of_record
TN:
SF:src\clientes\clientes.controller.ts
FN:18,(anonymous_4)
FN:22,(anonymous_5)
FN:30,(anonymous_6)
FN:58,(anonymous_7)
FN:40,(anonymous_8)
FNF:5
FNH:1
FNDA:10,(anonymous_4)
FNDA:0,(anonymous_5)
FNDA:0,(anonymous_6)
FNDA:0,(anonymous_7)
FNDA:0,(anonymous_8)
DA:2,10
DA:3,10
DA:4,10
DA:5,10
DA:6,10
DA:7,10
DA:8,10
DA:17,10
DA:18,10
DA:22,10
DA:23,0
DA:24,0
DA:30,10
DA:31,0
DA:32,0
DA:40,0
DA:58,10
DA:59,0
DA:60,0
DA:61,0
DA:62,0
LF:21
LH:12
BRDA:59,0,0,0
BRDA:59,0,1,0
BRF:2
BRH:0
end_of_record
TN:
SF:src\clientes\clientes.module.ts
FNF:0
FNH:0
DA:1,10
DA:3,10
DA:4,10
DA:5,10
DA:6,10
DA:14,10
LF:6
LH:6
BRF:0
BRH:0
end_of_record
TN:
SF:src\clientes\clientes.service.ts
FN:7,(anonymous_2)
FN:9,(anonymous_3)
FN:39,(anonymous_4)
FN:54,(anonymous_5)
FNF:4
FNH:4
FNDA:14,(anonymous_2)
FNDA:2,(anonymous_3)
FNDA:1,(anonymous_4)
FNDA:1,(anonymous_5)
DA:2,11
DA:3,11
DA:6,11
DA:7,14
DA:10,2
DA:35,2
DA:36,1
DA:47,1
DA:55,1
LF:9
LH:9
BRDA:35,0,0,1
BRDA:35,0,1,1
BRF:2
BRH:2
end_of_record
TN:
SF:src\common\decorators\roles.decorator.ts
FN:8,(anonymous_0)
FNF:1
FNH:1
FNDA:87,(anonymous_0)
DA:6,12
DA:7,12
DA:8,87
LF:3
LH:3
BRF:0
BRH:0
end_of_record
TN:
SF:src\common\guards\roles.guard.ts
FN:8,(anonymous_2)
FN:10,(anonymous_3)
FNF:2
FNH:2
FNDA:94,(anonymous_2)
FNDA:3,(anonymous_3)
DA:2,12
DA:3,12
DA:4,12
DA:7,12
DA:8,94
DA:11,3
DA:17,3
DA:19,3
DA:22,3
DA:23,0
DA:30,3
DA:32,3
DA:33,1
DA:39,2
LF:14
LH:13
BRDA:17,0,0,0
BRDA:17,0,1,3
BRDA:17,1,0,3
BRDA:17,1,1,3
BRDA:22,2,0,0
BRDA:22,2,1,3
BRDA:30,3,0,3
BRDA:30,3,1,0
BRDA:32,4,0,1
BRDA:32,4,1,2
BRF:10
BRH:7
end_of_record
TN:
SF:src\common\guards\self-or-admin.guard.ts
FN:11,(anonymous_1)
FNF:1
FNH:1
FNDA:1,(anonymous_1)
DA:7,11
DA:10,11
DA:12,1
DA:13,1
DA:14,1
DA:16,1
DA:17,0
DA:23,1
DA:24,1
DA:26,1
DA:27,0
DA:33,1
LF:12
LH:10
BRDA:16,0,0,0
BRDA:16,0,1,1
BRDA:26,1,0,0
BRDA:26,1,1,1
BRDA:26,2,0,1
BRDA:26,2,1,0
BRF:6
BRH:3
end_of_record
TN:
SF:src\common\utils\email.util.ts
FN:10,getTransporter
FN:22,sendResetCode
FN:51,sendServiceConfirmationEmail
FN:104,sendWelcomeEmail
FN:121,sendCancellationEmail
FN:158,sendServiceUpdateEmail
FNF:6
FNH:6
FNDA:13,getTransporter
FNDA:1,sendResetCode
FNDA:2,sendServiceConfirmationEmail
FNDA:8,sendWelcomeEmail
FNDA:1,sendCancellationEmail
FNDA:1,sendServiceUpdateEmail
DA:5,17
DA:6,17
DA:8,17
DA:11,13
DA:22,17
DA:23,1
DA:25,1
DA:51,17
DA:52,2
DA:54,2
DA:60,2
DA:104,17
DA:105,8
DA:107,8
DA:121,17
DA:122,1
DA:124,1
DA:158,17
DA:159,1
DA:161,1
DA:162,1
DA:163,1
DA:165,1
DA:166,1
DA:167,1
DA:168,1
DA:169,0
DA:170,0
DA:171,0
DA:172,0
DA:173,0
DA:174,0
DA:175,0
DA:176,0
DA:179,1
LF:35
LH:27
BRDA:12,0,0,13
BRDA:12,0,1,0
BRDA:13,1,0,13
BRDA:13,1,1,0
BRDA:26,2,0,1
BRDA:26,2,1,0
BRDA:61,3,0,2
BRDA:61,3,1,0
BRDA:108,4,0,8
BRDA:108,4,1,0
BRDA:125,5,0,1
BRDA:125,5,1,0
BRDA:165,6,0,1
BRDA:165,6,1,0
BRDA:169,7,0,0
BRDA:169,7,1,0
BRDA:173,8,0,0
BRDA:173,8,1,0
BRDA:180,9,0,1
BRDA:180,9,1,0
BRF:20
BRH:8
end_of_record
TN:
SF:src\consultas\consultas.controller.ts
FN:11,(anonymous_4)
FN:15,(anonymous_5)
FN:22,(anonymous_6)
FN:29,(anonymous_7)
FN:36,(anonymous_8)
FN:43,(anonymous_9)
FN:50,(anonymous_10)
FN:57,(anonymous_11)
FN:64,(anonymous_12)
FN:71,(anonymous_13)
FN:78,(anonymous_14)
FN:85,(anonymous_15)
FNF:12
FNH:12
FNDA:21,(anonymous_4)
FNDA:1,(anonymous_5)
FNDA:1,(anonymous_6)
FNDA:1,(anonymous_7)
FNDA:1,(anonymous_8)
FNDA:1,(anonymous_9)
FNDA:1,(anonymous_10)
FNDA:1,(anonymous_11)
FNDA:1,(anonymous_12)
FNDA:1,(anonymous_13)
FNDA:1,(anonymous_14)
FNDA:1,(anonymous_15)
DA:2,11
DA:3,11
DA:4,11
DA:10,11
DA:11,21
DA:15,11
DA:16,1
DA:17,1
DA:22,11
DA:23,1
DA:24,1
DA:29,11
DA:30,1
DA:31,1
DA:36,11
DA:37,1
DA:38,1
DA:43,11
DA:44,1
DA:45,1
DA:50,11
DA:51,1
DA:52,1
DA:57,11
DA:58,1
DA:59,1
DA:64,11
DA:65,1
DA:66,1
DA:71,11
DA:72,1
DA:73,1
DA:78,11
DA:79,1
DA:80,1
DA:85,11
DA:86,1
DA:87,1
LF:38
LH:38
BRF:0
BRH:0
end_of_record
TN:
SF:src\consultas\consultas.module.ts
FNF:0
FNH:0
DA:2,10
DA:3,10
DA:4,10
DA:6,10
LF:4
LH:4
BRF:0
BRH:0
end_of_record
TN:
SF:src\consultas\consultas.service.ts
FN:7,(anonymous_2)
FN:10,(anonymous_3)
FN:17,(anonymous_4)
FN:25,(anonymous_5)
FN:40,(anonymous_6)
FN:57,(anonymous_7)
FN:77,(anonymous_8)
FN:90,(anonymous_9)
FN:104,(anonymous_10)
FN:123,(anonymous_11)
FN:134,(anonymous_12)
FN:155,(anonymous_13)
FNF:12
FNH:12
FNDA:22,(anonymous_2)
FNDA:2,(anonymous_3)
FNDA:2,(anonymous_4)
FNDA:2,(anonymous_5)
FNDA:1,(anonymous_6)
FNDA:2,(anonymous_7)
FNDA:2,(anonymous_8)
FNDA:2,(anonymous_9)
FNDA:1,(anonymous_10)
FNDA:2,(anonymous_11)
FNDA:1,(anonymous_12)
FNDA:1,(anonymous_13)
DA:2,12
DA:3,12
DA:6,12
DA:7,22
DA:11,2
DA:18,2
DA:26,2
DA:41,1
DA:42,1
DA:43,1
DA:58,2
DA:59,2
DA:60,2
DA:61,2
DA:62,2
DA:63,2
DA:65,2
DA:78,2
DA:91,2
DA:105,1
DA:106,1
DA:107,1
DA:109,1
DA:124,2
DA:135,1
DA:136,1
DA:137,1
DA:138,1
DA:140,1
DA:156,1
DA:165,1
LF:31
LH:31
BRF:0
BRH:0
end_of_record
TN:
SF:src\cotizaciones\cotizaciones.controller.ts
FN:11,(anonymous_4)
FN:16,(anonymous_5)
FN:24,(anonymous_6)
FN:32,(anonymous_7)
FN:41,(anonymous_8)
FN:50,(anonymous_9)
FNF:6
FNH:4
FNDA:10,(anonymous_4)
FNDA:1,(anonymous_5)
FNDA:1,(anonymous_6)
FNDA:0,(anonymous_7)
FNDA:1,(anonymous_8)
FNDA:0,(anonymous_9)
DA:2,10
DA:3,10
DA:4,10
DA:5,10
DA:10,10
DA:11,10
DA:16,10
DA:17,1
DA:18,1
DA:24,10
DA:25,1
DA:26,1
DA:32,10
DA:33,0
DA:34,0
DA:41,10
DA:42,1
DA:43,1
DA:50,10
DA:51,0
DA:52,0
LF:21
LH:17
BRF:0
BRH:0
end_of_record
TN:
SF:src\cotizaciones\cotizaciones.module.ts
FNF:0
FNH:0
DA:2,10
DA:3,10
DA:4,10
DA:6,10
LF:4
LH:4
BRF:0
BRH:0
end_of_record
TN:
SF:src\cotizaciones\cotizaciones.service.ts
FN:7,(anonymous_2)
FN:9,(anonymous_3)
FN:16,(anonymous_4)
FN:26,(anonymous_5)
FN:38,(anonymous_6)
FN:63,(anonymous_7)
FNF:6
FNH:6
FNDA:20,(anonymous_2)
FNDA:3,(anonymous_3)
FNDA:2,(anonymous_4)
FNDA:2,(anonymous_5)
FNDA:5,(anonymous_6)
FNDA:1,(anonymous_7)
DA:2,12
DA:3,12
DA:6,12
DA:7,20
DA:10,3
DA:17,2
DA:27,2
DA:47,5
DA:64,1
DA:65,1
DA:66,1
DA:69,1
DA:70,1
DA:81,1
DA:84,1
LF:15
LH:15
BRDA:52,0,0,5
BRDA:52,0,1,5
BRDA:52,0,2,4
BRDA:54,1,0,5
BRDA:54,1,1,5
BRDA:56,2,0,2
BRDA:56,2,1,3
BRDA:67,3,0,1
BRDA:67,3,1,0
BRDA:69,4,0,1
BRDA:69,4,1,0
BRDA:73,5,0,1
BRDA:73,5,1,1
BRDA:75,6,0,1
BRDA:75,6,1,1
BRDA:75,6,2,1
BRDA:75,6,3,1
BRDA:75,6,4,1
BRDA:78,7,0,1
BRDA:78,7,1,0
BRF:20
BRH:17
end_of_record
TN:
SF:src\empleados\empleados.controller.ts
FN:21,(anonymous_4)
FN:25,(anonymous_5)
FN:34,(anonymous_6)
FN:41,(anonymous_7)
FN:48,(anonymous_8)
FN:55,(anonymous_9)
FN:62,(anonymous_10)
FN:69,(anonymous_11)
FN:76,(anonymous_12)
FN:83,(anonymous_13)
FN:90,(anonymous_14)
FN:97,(anonymous_15)
FN:104,(anonymous_16)
FN:111,(anonymous_17)
FN:118,(anonymous_18)
FN:125,(anonymous_19)
FN:132,(anonymous_20)
FN:169,(anonymous_21)
FN:142,(anonymous_22)
FN:147,(anonymous_23)
FNF:20
FNH:17
FNDA:26,(anonymous_4)
FNDA:2,(anonymous_5)
FNDA:1,(anonymous_6)
FNDA:1,(anonymous_7)
FNDA:1,(anonymous_8)
FNDA:2,(anonymous_9)
FNDA:1,(anonymous_10)
FNDA:1,(anonymous_11)
FNDA:1,(anonymous_12)
FNDA:1,(anonymous_13)
FNDA:1,(anonymous_14)
FNDA:1,(anonymous_15)
FNDA:1,(anonymous_16)
FNDA:1,(anonymous_17)
FNDA:1,(anonymous_18)
FNDA:1,(anonymous_19)
FNDA:1,(anonymous_20)
FNDA:0,(anonymous_21)
FNDA:0,(anonymous_22)
FNDA:0,(anonymous_23)
DA:1,11
DA:2,11
DA:4,11
DA:8,11
DA:9,11
DA:10,11
DA:11,11
DA:12,11
DA:13,11
DA:20,11
DA:21,26
DA:25,11
DA:26,2
DA:27,2
DA:34,11
DA:35,1
DA:36,1
DA:41,11
DA:42,1
DA:43,1
DA:48,11
DA:49,1
DA:50,1
DA:55,11
DA:56,2
DA:57,2
DA:62,11
DA:63,1
DA:64,1
DA:69,11
DA:70,1
DA:71,1
DA:76,11
DA:77,1
DA:78,1
DA:83,11
DA:84,1
DA:85,1
DA:90,11
DA:91,1
DA:92,1
DA:97,11
DA:98,1
DA:99,1
DA:104,11
DA:105,1
DA:106,1
DA:111,11
DA:112,1
DA:113,1
DA:118,11
DA:119,1
DA:120,1
DA:125,11
DA:126,1
DA:127,1
DA:132,11
DA:133,1
DA:134,1
DA:143,0
DA:144,0
DA:148,0
DA:149,0
DA:151,0
DA:169,11
DA:170,0
DA:171,0
DA:172,0
DA:173,0
LF:69
LH:60
BRDA:170,0,0,0
BRDA:170,0,1,0
BRDA:148,1,0,0
BRDA:148,1,1,0
BRF:4
BRH:0
end_of_record
TN:
SF:src\empleados\empleados.module.ts
FNF:0
FNH:0
DA:1,10
DA:4,10
DA:5,10
DA:6,10
DA:7,10
DA:16,10
LF:6
LH:6
BRF:0
BRH:0
end_of_record
TN:
SF:src\empleados\empleados.service.ts
FN:23,(anonymous_2)
FN:26,(anonymous_3)
FN:53,(anonymous_4)
FN:141,(anonymous_5)
FN:167,(anonymous_6)
FN:187,(anonymous_7)
FN:207,(anonymous_8)
FN:218,(anonymous_9)
FN:234,(anonymous_10)
FN:247,(anonymous_11)
FN:260,(anonymous_12)
FN:272,(anonymous_13)
FN:287,(anonymous_14)
FN:345,(anonymous_15)
FN:368,(anonymous_16)
FN:374,(anonymous_17)
FN:387,(anonymous_18)
FNF:17
FNH:12
FNDA:23,(anonymous_2)
FNDA:2,(anonymous_3)
FNDA:2,(anonymous_4)
FNDA:1,(anonymous_5)
FNDA:1,(anonymous_6)
FNDA:1,(anonymous_7)
FNDA:0,(anonymous_8)
FNDA:0,(anonymous_9)
FNDA:1,(anonymous_10)
FNDA:0,(anonymous_11)
FNDA:0,(anonymous_12)
FNDA:1,(anonymous_13)
FNDA:1,(anonymous_14)
FNDA:1,(anonymous_15)
FNDA:2,(anonymous_16)
FNDA:2,(anonymous_17)
FNDA:0,(anonymous_18)
DA:5,16
DA:6,16
DA:7,16
DA:9,16
DA:22,16
DA:23,23
DA:27,2
DA:69,2
DA:71,2
DA:72,2
DA:73,2
DA:74,2
DA:75,2
DA:77,2
DA:78,0
DA:81,2
DA:82,0
DA:85,2
DA:86,2
DA:87,1
DA:90,1
DA:91,0
DA:92,0
DA:93,0
DA:97,1
DA:99,1
DA:100,1
DA:101,0
DA:102,0
DA:103,0
DA:107,1
DA:137,1
DA:142,1
DA:143,1
DA:144,1
DA:145,1
DA:147,1
DA:168,1
DA:169,1
DA:170,1
DA:171,1
DA:173,1
DA:188,1
DA:189,1
DA:190,1
DA:191,1
DA:193,1
DA:208,0
DA:219,0
DA:235,1
DA:248,0
DA:261,0
DA:273,1
DA:288,1
DA:316,1
DA:318,1
DA:320,1
DA:346,1
DA:347,1
DA:348,1
DA:350,1
DA:364,1
DA:366,1
DA:368,2
DA:373,1
DA:374,2
DA:377,1
DA:388,0
LF:68
LH:55
BRDA:71,0,0,2
BRDA:71,0,1,0
BRDA:71,0,2,0
BRDA:72,1,0,2
BRDA:72,1,1,0
BRDA:72,1,2,0
BRDA:73,2,0,2
BRDA:73,2,1,2
BRDA:73,2,2,2
BRDA:74,3,0,2
BRDA:74,3,1,2
BRDA:74,3,2,2
BRDA:75,4,0,0
BRDA:75,4,1,2
BRDA:77,5,0,0
BRDA:77,5,1,2
BRDA:81,6,0,0
BRDA:81,6,1,2
BRDA:86,7,0,1
BRDA:86,7,1,1
BRDA:90,8,0,0
BRDA:90,8,1,1
BRDA:92,9,0,0
BRDA:92,9,1,0
BRDA:97,10,0,1
BRDA:97,10,1,0
BRDA:100,11,0,0
BRDA:100,11,1,1
BRDA:100,12,0,1
BRDA:100,12,1,0
BRDA:102,13,0,0
BRDA:102,13,1,0
BRDA:112,14,0,1
BRDA:112,14,1,1
BRDA:113,15,0,1
BRDA:113,15,1,1
BRDA:114,16,0,1
BRDA:114,16,1,1
BRDA:119,17,0,1
BRDA:119,17,1,0
BRDA:120,18,0,1
BRDA:120,18,1,1
BRDA:120,18,2,1
BRDA:122,19,0,1
BRDA:122,19,1,1
BRDA:123,20,0,1
BRDA:123,20,1,1
BRDA:124,21,0,1
BRDA:124,21,1,1
BRDA:125,22,0,1
BRDA:125,22,1,1
BRDA:126,23,0,1
BRDA:126,23,1,1
BRDA:316,24,0,0
BRDA:316,24,1,1
BRDA:318,25,0,1
BRDA:318,25,1,0
BRDA:332,26,0,1
BRDA:332,26,1,0
BRDA:333,27,0,1
BRDA:333,27,1,1
BRDA:334,28,0,1
BRDA:334,28,1,1
BRDA:335,29,0,1
BRDA:335,29,1,1
BRDA:336,30,0,1
BRDA:336,30,1,1
BRDA:337,31,0,1
BRDA:337,31,1,1
BRDA:338,32,0,1
BRDA:338,32,1,1
BRDA:339,33,0,1
BRDA:339,33,1,1
BRDA:340,34,0,1
BRDA:340,34,1,1
BRDA:366,35,0,1
BRDA:366,35,1,0
BRDA:374,36,0,2
BRDA:374,36,1,2
BRF:79
BRH:59
end_of_record
TN:
SF:src\estadisticas\estadisticas.controller.ts
FN:17,(anonymous_4)
FN:22,(anonymous_5)
FNF:2
FNH:1
FNDA:10,(anonymous_4)
FNDA:0,(anonymous_5)
DA:1,10
DA:2,10
DA:4,10
DA:5,10
DA:6,10
DA:8,10
DA:16,10
DA:17,10
DA:22,10
DA:23,0
LF:10
LH:9
BRF:0
BRH:0
end_of_record
TN:
SF:src\estadisticas\estadisticas.module.ts
FNF:0
FNH:0
DA:1,10
DA:3,10
DA:4,10
DA:5,10
DA:9,10
LF:5
LH:5
BRF:0
BRH:0
end_of_record
TN:
SF:src\estadisticas\estadisticas.service.ts
FN:6,(anonymous_2)
FN:8,(anonymous_3)
FN:58,(anonymous_4)
FN:62,(anonymous_5)
FN:64,(anonymous_6)
FNF:5
FNH:5
FNDA:16,(anonymous_2)
FNDA:5,(anonymous_3)
FNDA:3,(anonymous_4)
FNDA:3,(anonymous_5)
FNDA:2,(anonymous_6)
DA:1,11
DA:2,11
DA:5,11
DA:6,16
DA:9,5
DA:10,5
DA:12,5
DA:13,2
DA:15,0
DA:16,0
DA:17,0
DA:19,1
DA:20,1
DA:22,0
DA:23,0
DA:25,0
DA:26,0
DA:28,1
DA:29,1
DA:34,5
DA:58,5
DA:59,5
DA:62,5
DA:63,3
DA:64,2
DA:65,2
DA:68,5
LF:27
LH:20
BRDA:12,0,0,2
BRDA:12,0,1,3
BRDA:13,1,0,0
BRDA:13,1,1,1
BRDA:13,1,2,0
BRDA:13,1,3,0
BRDA:13,1,4,1
BRDA:63,2,0,1
BRDA:63,2,1,2
BRDA:63,3,0,3
BRDA:63,3,1,1
BRDA:64,4,0,2
BRDA:64,4,1,0
BRF:13
BRH:9
end_of_record
TN:
SF:src\notificaciones\notificaciones.controller.ts
FN:11,(anonymous_4)
FN:15,(anonymous_5)
FN:22,(anonymous_6)
FN:29,(anonymous_7)
FNF:4
FNH:1
FNDA:10,(anonymous_4)
FNDA:0,(anonymous_5)
FNDA:0,(anonymous_6)
FNDA:0,(anonymous_7)
DA:2,10
DA:3,10
DA:4,10
DA:5,10
DA:10,10
DA:11,10
DA:15,10
DA:16,0
DA:17,0
DA:22,10
DA:23,0
DA:24,0
DA:29,10
DA:30,0
DA:31,0
LF:15
LH:9
BRF:0
BRH:0
end_of_record
TN:
SF:src\notificaciones\notificaciones.module.ts
FNF:0
FNH:0
DA:2,10
DA:3,10
DA:4,10
DA:6,10
LF:4
LH:4
BRF:0
BRH:0
end_of_record
TN:
SF:src\notificaciones\notificaciones.service.ts
FN:7,(anonymous_2)
FN:13,(anonymous_3)
FN:17,(anonymous_4)
FN:34,(anonymous_5)
FN:45,(anonymous_6)
FN:59,(anonymous_7)
FNF:6
FNH:4
FNDA:17,(anonymous_2)
FNDA:1,(anonymous_3)
FNDA:0,(anonymous_4)
FNDA:3,(anonymous_5)
FNDA:0,(anonymous_6)
FNDA:4,(anonymous_7)
DA:2,11
DA:3,11
DA:6,11
DA:7,17
DA:14,1
DA:17,1
DA:18,0
DA:21,1
DA:36,3
DA:40,3
DA:41,1
DA:45,2
DA:47,2
DA:60,4
DA:61,4
LF:15
LH:14
BRDA:40,0,0,1
BRDA:40,0,1,2
BRF:2
BRH:2
end_of_record
TN:
SF:src\notifications\notifications.module.ts
FNF:0
FNH:0
DA:1,10
DA:2,10
DA:8,10
LF:3
LH:3
BRF:0
BRH:0
end_of_record
TN:
SF:src\notifications\notifications.service.ts
FN:7,(anonymous_1)
FN:10,(anonymous_2)
FN:27,(anonymous_3)
FN:46,(anonymous_4)
FNF:4
FNH:3
FNDA:10,(anonymous_1)
FNDA:10,(anonymous_2)
FNDA:0,(anonymous_3)
FNDA:2,(anonymous_4)
DA:1,14
DA:2,14
DA:3,14
DA:4,14
DA:7,14
DA:8,10
DA:11,10
DA:12,10
DA:13,10
DA:14,10
DA:17,10
DA:20,0
DA:28,0
DA:29,0
DA:34,0
DA:35,0
DA:36,0
DA:38,0
DA:39,0
DA:47,2
DA:48,2
DA:53,2
DA:54,0
DA:55,0
DA:57,2
DA:58,2
LF:26
LH:16
BRDA:12,0,0,10
BRDA:12,0,1,0
BRDA:31,1,0,0
BRDA:31,1,1,0
BRDA:50,2,0,2
BRDA:50,2,1,0
BRF:6
BRH:2
end_of_record
TN:
SF:src\prisma\prisma.module.ts
FNF:0
FNH:0
DA:2,10
DA:3,10
DA:12,10
LF:3
LH:3
BRF:0
BRH:0
end_of_record
TN:
SF:src\prisma\prisma.service.ts
FN:11,(anonymous_1)
FN:20,(anonymous_2)
FNF:2
FNH:2
FNDA:10,(anonymous_1)
FNDA:10,(anonymous_2)
DA:6,33
DA:7,33
DA:10,33
DA:12,10
DA:13,10
DA:14,10
DA:16,0
DA:21,10
LF:8
LH:7
BRDA:13,0,0,10
BRDA:13,0,1,0
BRDA:13,1,0,10
BRDA:13,1,1,0
BRF:4
BRH:2
end_of_record
TN:
SF:src\reservas\reservas.controller.ts
FN:13,(anonymous_4)
FN:17,(anonymous_5)
FN:24,(anonymous_6)
FN:31,(anonymous_7)
FN:38,(anonymous_8)
FN:57,(anonymous_9)
FN:71,(anonymous_10)
FN:79,(anonymous_11)
FN:87,(anonymous_12)
FN:95,(anonymous_13)
FNF:10
FNH:10
FNDA:19,(anonymous_4)
FNDA:1,(anonymous_5)
FNDA:3,(anonymous_6)
FNDA:4,(anonymous_7)
FNDA:3,(anonymous_8)
FNDA:4,(anonymous_9)
FNDA:1,(anonymous_10)
FNDA:1,(anonymous_11)
FNDA:1,(anonymous_12)
FNDA:1,(anonymous_13)
DA:2,11
DA:3,11
DA:4,11
DA:5,11
DA:12,11
DA:13,19
DA:17,11
DA:18,1
DA:19,1
DA:24,11
DA:25,3
DA:26,3
DA:31,11
DA:32,4
DA:33,4
DA:38,11
DA:39,3
DA:40,2
DA:57,11
DA:60,4
DA:61,4
DA:62,2
DA:64,4
DA:65,2
DA:71,11
DA:72,1
DA:73,1
DA:79,11
DA:80,1
DA:81,1
DA:87,11
DA:88,1
DA:89,1
DA:90,1
DA:95,11
DA:96,1
DA:97,1
LF:37
LH:37
BRDA:61,0,0,2
BRDA:61,0,1,2
BRDA:61,1,0,4
BRDA:61,1,1,4
BRDA:88,2,0,0
BRDA:88,2,1,1
BRF:6
BRH:5
end_of_record
TN:
SF:src\reservas\reservas.module.ts
FNF:0
FNH:0
DA:2,10
DA:3,10
DA:4,10
DA:5,10
DA:12,10
LF:5
LH:5
BRF:0
BRH:0
end_of_record
TN:
SF:src\reservas\reservas.service.ts
FN:9,(anonymous_2)
FN:14,(anonymous_3)
FN:27,(anonymous_4)
FN:38,(anonymous_5)
FN:56,(anonymous_6)
FN:86,(anonymous_7)
FN:105,(anonymous_8)
FN:143,(anonymous_9)
FN:148,(anonymous_10)
FN:186,(anonymous_11)
FN:188,(anonymous_12)
FN:192,(anonymous_13)
FN:193,(anonymous_14)
FN:198,(anonymous_15)
FN:214,(anonymous_16)
FN:217,(anonymous_17)
FN:231,(anonymous_18)
FN:238,(anonymous_19)
FN:263,(anonymous_20)
FN:294,(anonymous_21)
FN:333,(anonymous_22)
FN:343,(anonymous_23)
FN:352,(anonymous_24)
FN:377,(anonymous_25)
FN:388,(anonymous_26)
FN:393,(anonymous_27)
FN:410,(anonymous_28)
FN:415,(anonymous_29)
FN:442,(anonymous_30)
FN:463,(anonymous_31)
FN:473,(anonymous_32)
FN:483,(anonymous_33)
FN:488,(anonymous_34)
FN:515,(anonymous_35)
FN:522,(anonymous_36)
FN:530,(anonymous_37)
FN:538,(anonymous_38)
FN:560,(anonymous_39)
FNF:38
FNH:22
FNDA:24,(anonymous_2)
FNDA:0,(anonymous_3)
FNDA:3,(anonymous_4)
FNDA:3,(anonymous_5)
FNDA:2,(anonymous_6)
FNDA:2,(anonymous_7)
FNDA:2,(anonymous_8)
FNDA:0,(anonymous_9)
FNDA:6,(anonymous_10)
FNDA:2,(anonymous_11)
FNDA:1,(anonymous_12)
FNDA:1,(anonymous_13)
FNDA:1,(anonymous_14)
FNDA:2,(anonymous_15)
FNDA:0,(anonymous_16)
FNDA:3,(anonymous_17)
FNDA:3,(anonymous_18)
FNDA:6,(anonymous_19)
FNDA:1,(anonymous_20)
FNDA:0,(anonymous_21)
FNDA:0,(anonymous_22)
FNDA:0,(anonymous_23)
FNDA:1,(anonymous_24)
FNDA:0,(anonymous_25)
FNDA:0,(anonymous_26)
FNDA:0,(anonymous_27)
FNDA:0,(anonymous_28)
FNDA:0,(anonymous_29)
FNDA:1,(anonymous_30)
FNDA:0,(anonymous_31)
FNDA:0,(anonymous_32)
FNDA:1,(anonymous_33)
FNDA:0,(anonymous_34)
FNDA:1,(anonymous_35)
FNDA:8,(anonymous_36)
FNDA:2,(anonymous_37)
FNDA:0,(anonymous_38)
FNDA:0,(anonymous_39)
DA:2,13
DA:3,13
DA:4,13
DA:5,13
DA:8,13
DA:9,24
DA:10,24
DA:15,0
DA:28,3
DA:39,3
DA:48,3
DA:49,1
DA:57,2
DA:58,2
DA:59,2
DA:60,2
DA:62,2
DA:72,2
DA:73,2
DA:75,2
DA:76,0
DA:77,0
DA:80,2
DA:88,2
DA:100,2
DA:102,2
DA:103,2
DA:105,2
DA:106,2
DA:108,2
DA:112,2
DA:113,2
DA:116,2
DA:119,2
DA:120,2
DA:121,2
DA:122,2
DA:124,2
DA:126,2
DA:127,2
DA:128,2
DA:130,2
DA:138,2
DA:141,2
DA:143,2
DA:144,2
DA:149,6
DA:150,6
DA:151,5
DA:152,5
DA:155,6
DA:156,6
DA:157,5
DA:158,5
DA:161,5
DA:162,2
DA:165,3
DA:169,4
DA:170,3
DA:171,3
DA:174,3
DA:175,3
DA:176,3
DA:178,3
DA:179,1
DA:183,3
DA:187,2
DA:188,1
DA:189,1
DA:192,1
DA:193,1
DA:194,1
DA:199,2
DA:203,2
DA:208,2
DA:214,0
DA:218,3
DA:220,2
DA:221,2
DA:222,0
DA:223,0
DA:225,2
DA:226,2
DA:228,2
DA:232,3
DA:233,1
DA:235,2
DA:249,6
DA:250,3
DA:251,3
DA:253,3
DA:263,1
DA:274,2
DA:277,2
DA:280,2
DA:281,2
DA:284,2
DA:304,0
DA:305,0
DA:308,0
DA:309,0
DA:310,0
DA:311,0
DA:313,0
DA:314,0
DA:315,0
DA:316,0
DA:324,0
DA:325,0
DA:327,0
DA:333,0
DA:336,0
DA:337,0
DA:343,0
DA:348,0
DA:353,1
DA:354,1
DA:356,1
DA:369,1
DA:370,0
DA:371,0
DA:377,0
DA:381,0
DA:382,0
DA:388,0
DA:392,1
DA:393,0
DA:395,0
DA:399,0
DA:404,0
DA:410,0
DA:411,1
DA:412,1
DA:415,0
DA:418,1
DA:419,1
DA:427,1
DA:428,0
DA:429,0
DA:438,1
DA:443,1
DA:444,1
DA:446,1
DA:455,1
DA:456,0
DA:457,0
DA:463,0
DA:466,0
DA:467,0
DA:473,0
DA:477,1
DA:478,1
DA:483,2
DA:484,1
DA:488,0
DA:491,1
DA:492,1
DA:500,1
DA:501,0
DA:502,0
DA:511,1
DA:516,1
DA:517,1
DA:518,1
DA:523,8
DA:531,2
DA:532,1
DA:538,0
DA:541,2
DA:542,2
DA:549,1
DA:552,2
DA:553,2
DA:554,1
DA:560,0
DA:563,2
DA:564,2
DA:571,1
LF:178
LH:129
BRDA:48,0,0,2
BRDA:48,0,1,1
BRDA:67,1,0,0
BRDA:67,1,1,2
BRDA:76,2,0,0
BRDA:76,2,1,0
BRDA:100,3,0,0
BRDA:100,3,1,2
BRDA:106,4,0,0
BRDA:106,4,1,2
BRDA:106,5,0,2
BRDA:106,5,1,2
BRDA:108,6,0,2
BRDA:108,6,1,0
BRDA:112,7,0,0
BRDA:112,7,1,2
BRDA:116,8,0,0
BRDA:116,8,1,2
BRDA:128,9,0,0
BRDA:128,9,1,2
BRDA:141,10,0,0
BRDA:141,10,1,2
BRDA:150,11,0,5
BRDA:150,11,1,1
BRDA:156,12,0,5
BRDA:156,12,1,1
BRDA:156,13,0,6
BRDA:156,13,1,5
BRDA:161,14,0,2
BRDA:161,14,1,3
BRDA:161,15,0,5
BRDA:161,15,1,3
BRDA:169,16,0,3
BRDA:169,16,1,1
BRDA:169,17,0,4
BRDA:169,17,1,3
BRDA:178,18,0,1
BRDA:178,18,1,2
BRDA:187,19,0,1
BRDA:187,19,1,1
BRDA:187,20,0,2
BRDA:187,20,1,1
BRDA:194,21,0,1
BRDA:194,21,1,0
BRDA:194,22,0,1
BRDA:194,22,1,1
BRDA:210,23,0,2
BRDA:210,23,1,0
BRDA:211,24,0,1
BRDA:211,24,1,1
BRDA:212,25,0,2
BRDA:212,25,1,1
BRDA:218,26,0,1
BRDA:218,26,1,2
BRDA:218,27,0,3
BRDA:218,27,1,2
BRDA:218,28,0,1
BRDA:218,28,1,1
BRDA:220,29,0,2
BRDA:220,29,1,2
BRDA:221,30,0,0
BRDA:221,30,1,2
BRDA:223,31,0,0
BRDA:223,31,1,0
BRDA:226,32,0,0
BRDA:226,32,1,2
BRDA:232,33,0,1
BRDA:232,33,1,2
BRDA:235,34,0,2
BRDA:235,34,1,2
BRDA:235,34,2,2
BRDA:255,35,0,3
BRDA:255,35,1,3
BRDA:260,36,0,2
BRDA:260,36,1,1
BRDA:262,37,0,1
BRDA:262,37,1,2
BRDA:262,38,0,3
BRDA:262,38,1,1
BRDA:280,39,0,2
BRDA:280,39,1,0
BRDA:288,40,0,2
BRDA:288,40,1,0
BRDA:305,41,0,0
BRDA:305,41,1,0
BRDA:308,42,0,0
BRDA:308,42,1,0
BRDA:308,43,0,0
BRDA:308,43,1,0
BRDA:308,43,2,0
BRDA:309,44,0,0
BRDA:309,44,1,0
BRDA:310,45,0,0
BRDA:310,45,1,0
BRDA:311,46,0,0
BRDA:311,46,1,0
BRDA:313,47,0,0
BRDA:313,47,1,0
BRDA:313,48,0,0
BRDA:313,48,1,0
BRDA:313,48,2,0
BRDA:315,49,0,0
BRDA:315,49,1,0
BRDA:324,50,0,0
BRDA:324,50,1,0
BRDA:324,51,0,0
BRDA:324,51,1,0
BRDA:325,52,0,0
BRDA:325,52,1,0
BRDA:336,53,0,0
BRDA:336,53,1,0
BRDA:354,54,0,0
BRDA:354,54,1,1
BRDA:369,55,0,0
BRDA:369,55,1,1
BRDA:370,56,0,0
BRDA:370,56,1,0
BRDA:381,57,0,0
BRDA:381,57,1,0
BRDA:392,58,0,0
BRDA:392,58,1,1
BRDA:392,59,0,1
BRDA:392,59,1,0
BRDA:393,60,0,0
BRDA:393,60,1,0
BRDA:408,61,0,0
BRDA:408,61,1,0
BRDA:411,62,0,1
BRDA:411,62,1,0
BRDA:411,63,0,1
BRDA:411,63,1,1
BRDA:427,64,0,0
BRDA:427,64,1,1
BRDA:444,65,0,0
BRDA:444,65,1,1
BRDA:455,66,0,0
BRDA:455,66,1,1
BRDA:456,67,0,0
BRDA:456,67,1,0
BRDA:466,68,0,0
BRDA:466,68,1,0
BRDA:477,69,0,1
BRDA:477,69,1,0
BRDA:500,70,0,0
BRDA:500,70,1,1
BRDA:517,71,0,0
BRDA:517,71,1,1
BRDA:531,72,0,1
BRDA:531,72,1,1
BRDA:531,73,0,2
BRDA:531,73,1,2
BRDA:552,74,0,2
BRDA:552,74,1,0
BRDA:553,75,0,1
BRDA:553,75,1,1
BRF:155
BRH:85
end_of_record
TN:
SF:src\servicios\servicios.controller.ts
FN:16,(anonymous_4)
FN:21,(anonymous_5)
FN:28,(anonymous_6)
FN:35,(anonymous_7)
FN:42,(anonymous_8)
FN:52,(anonymous_9)
FN:61,(anonymous_10)
FN:69,(anonymous_11)
FN:98,(anonymous_12)
FN:90,(anonymous_13)
FNF:10
FNH:8
FNDA:17,(anonymous_4)
FNDA:2,(anonymous_5)
FNDA:1,(anonymous_6)
FNDA:1,(anonymous_7)
FNDA:1,(anonymous_8)
FNDA:1,(anonymous_9)
FNDA:1,(anonymous_10)
FNDA:1,(anonymous_11)
FNDA:0,(anonymous_12)
FNDA:0,(anonymous_13)
DA:2,11
DA:3,11
DA:4,11
DA:5,11
DA:7,11
DA:8,11
DA:9,11
DA:11,11
DA:15,11
DA:16,17
DA:21,11
DA:22,2
DA:23,2
DA:28,11
DA:29,1
DA:30,1
DA:35,11
DA:36,1
DA:37,1
DA:42,11
DA:43,1
DA:44,1
DA:52,11
DA:53,1
DA:54,1
DA:61,11
DA:62,1
DA:63,1
DA:69,11
DA:70,1
DA:71,1
DA:91,0
DA:92,0
DA:93,0
DA:98,11
DA:99,0
DA:100,0
DA:101,0
DA:102,0
LF:39
LH:32
BRDA:99,0,0,0
BRDA:99,0,1,0
BRDA:91,1,0,0
BRDA:91,1,1,0
BRF:4
BRH:0
end_of_record
TN:
SF:src\servicios\servicios.module.ts
FNF:0
FNH:0
DA:2,10
DA:3,10
DA:4,10
DA:10,10
LF:4
LH:4
BRF:0
BRH:0
end_of_record
TN:
SF:src\servicios\servicios.service.ts
FN:7,(anonymous_2)
FN:9,(anonymous_3)
FN:24,(anonymous_4)
FN:32,(anonymous_5)
FN:48,(anonymous_6)
FN:62,(anonymous_7)
FN:69,(anonymous_8)
FN:78,(anonymous_9)
FNF:8
FNH:8
FNDA:27,(anonymous_2)
FNDA:5,(anonymous_3)
FNDA:6,(anonymous_4)
FNDA:1,(anonymous_5)
FNDA:2,(anonymous_6)
FNDA:2,(anonymous_7)
FNDA:1,(anonymous_8)
FNDA:1,(anonymous_9)
DA:2,13
DA:3,13
DA:6,13
DA:7,27
DA:10,5
DA:25,6
DA:28,6
DA:29,4
DA:38,1
DA:57,2
DA:58,2
DA:59,1
DA:63,2
DA:64,2
DA:65,1
DA:70,1
DA:79,1
DA:80,1
DA:81,1
DA:82,1
DA:84,1
LF:21
LH:21
BRDA:28,0,0,2
BRDA:28,0,1,4
BRDA:42,1,0,1
BRDA:42,1,1,1
BRDA:43,2,0,1
BRDA:43,2,1,1
BRDA:58,3,0,1
BRDA:58,3,1,1
BRDA:64,4,0,1
BRDA:64,4,1,1
BRF:10
BRH:10
end_of_record
TN:
SF:src\test\test-utils.ts
FN:7,setupTestEnvironment
FN:26,registerAndLoginAdmin
FN:41,registerAndLoginClient
FNF:3
FNH:3
FNDA:2,setupTestEnvironment
FNDA:2,registerAndLoginAdmin
FNDA:1,registerAndLoginClient
DA:1,2
DA:2,2
DA:3,2
DA:4,2
DA:5,2
DA:7,2
DA:8,2
DA:12,2
DA:13,2
DA:14,2
DA:16,2
DA:19,2
DA:20,2
DA:21,2
DA:23,2
DA:26,2
DA:27,2
DA:35,2
DA:41,2
DA:42,1
DA:50,1
LF:21
LH:21
BRF:0
BRH:0
end_of_record
TN:
SF:src\usuarios\usuarios.controller.ts
FN:28,(anonymous_4)
FN:34,(anonymous_5)
FN:43,(anonymous_6)
FN:52,(anonymous_7)
FN:61,(anonymous_8)
FN:69,(anonymous_9)
FN:77,(anonymous_10)
FN:86,(anonymous_11)
FN:123,(anonymous_12)
FN:139,(anonymous_13)
FN:107,(anonymous_14)
FN:113,(anonymous_15)
FNF:12
FNH:9
FNDA:18,(anonymous_4)
FNDA:2,(anonymous_5)
FNDA:1,(anonymous_6)
FNDA:2,(anonymous_7)
FNDA:1,(anonymous_8)
FNDA:1,(anonymous_9)
FNDA:1,(anonymous_10)
FNDA:2,(anonymous_11)
FNDA:0,(anonymous_12)
FNDA:1,(anonymous_13)
FNDA:0,(anonymous_14)
FNDA:0,(anonymous_15)
DA:1,11
DA:2,11
DA:4,11
DA:9,11
DA:10,11
DA:11,11
DA:12,11
DA:13,11
DA:15,11
DA:17,11
DA:20,11
DA:27,11
DA:28,18
DA:34,11
DA:35,2
DA:36,2
DA:43,11
DA:44,1
DA:45,1
DA:52,11
DA:53,2
DA:54,2
DA:61,11
DA:62,1
DA:63,1
DA:69,11
DA:70,1
DA:71,1
DA:77,11
DA:78,1
DA:79,1
DA:86,11
DA:87,2
DA:88,2
DA:108,0
DA:109,0
DA:110,0
DA:114,0
DA:115,0
DA:116,0
DA:118,0
DA:123,11
DA:127,0
DA:128,0
DA:130,0
DA:131,0
DA:132,0
DA:139,11
DA:140,1
DA:141,1
LF:50
LH:38
BRDA:127,0,0,0
BRDA:127,0,1,0
BRDA:108,1,0,0
BRDA:108,1,1,0
BRDA:115,2,0,0
BRDA:115,2,1,0
BRDA:115,3,0,0
BRDA:115,3,1,0
BRF:8
BRH:0
end_of_record
TN:
SF:src\usuarios\usuarios.module.ts
FNF:0
FNH:0
DA:2,10
DA:3,10
DA:4,10
DA:5,10
DA:7,10
DA:14,10
LF:6
LH:6
BRF:0
BRH:0
end_of_record
TN:
SF:src\usuarios\usuarios.service.ts
FN:7,(anonymous_2)
FN:12,(anonymous_3)
FN:32,(anonymous_4)
FN:62,(anonymous_5)
FN:63,(anonymous_6)
FN:66,(anonymous_7)
FN:74,(anonymous_8)
FN:90,(anonymous_9)
FN:130,(anonymous_10)
FN:144,(anonymous_11)
FN:154,(anonymous_12)
FN:164,(anonymous_13)
FN:206,(anonymous_14)
FN:220,(anonymous_15)
FN:224,(anonymous_16)
FN:235,(anonymous_17)
FN:241,(anonymous_18)
FN:254,(anonymous_19)
FNF:18
FNH:16
FNDA:31,(anonymous_2)
FNDA:2,(anonymous_3)
FNDA:2,(anonymous_4)
FNDA:2,(anonymous_5)
FNDA:2,(anonymous_6)
FNDA:2,(anonymous_7)
FNDA:2,(anonymous_8)
FNDA:3,(anonymous_9)
FNDA:2,(anonymous_10)
FNDA:2,(anonymous_11)
FNDA:2,(anonymous_12)
FNDA:0,(anonymous_13)
FNDA:0,(anonymous_14)
FNDA:2,(anonymous_15)
FNDA:3,(anonymous_16)
FNDA:4,(anonymous_17)
FNDA:2,(anonymous_18)
FNDA:1,(anonymous_19)
DA:2,14
DA:3,14
DA:4,14
DA:6,14
DA:8,31
DA:9,31
DA:13,2
DA:33,2
DA:57,2
DA:60,1
DA:61,1
DA:62,2
DA:63,2
DA:66,2
DA:67,1
DA:68,1
DA:69,1
DA:73,1
DA:74,2
DA:75,1
DA:79,1
DA:91,3
DA:92,3
DA:94,2
DA:95,2
DA:96,2
DA:97,2
DA:98,2
DA:100,2
DA:101,2
DA:102,2
DA:104,2
DA:105,0
DA:108,2
DA:131,2
DA:132,0
DA:133,0
DA:136,0
DA:137,0
DA:139,0
DA:145,2
DA:146,0
DA:149,0
DA:150,0
DA:155,2
DA:156,0
DA:159,0
DA:160,0
DA:166,0
DA:174,0
DA:176,0
DA:177,0
DA:179,0
DA:180,0
DA:182,0
DA:183,0
DA:184,0
DA:185,0
DA:187,0
DA:191,0
DA:192,0
DA:197,0
DA:207,0
DA:208,0
DA:209,0
DA:211,0
DA:212,0
DA:213,0
DA:214,0
DA:216,0
DA:221,2
DA:225,3
DA:226,3
DA:227,2
DA:236,4
DA:242,2
DA:255,1
LF:77
LH:43
BRDA:57,0,0,1
BRDA:57,0,1,1
BRDA:60,1,0,1
BRDA:60,1,1,0
BRDA:63,2,0,2
BRDA:63,2,1,1
BRDA:68,3,0,1
BRDA:68,3,1,0
BRDA:73,4,0,1
BRDA:73,4,1,0
BRDA:92,5,0,1
BRDA:92,5,1,2
BRDA:95,6,0,2
BRDA:95,6,1,0
BRDA:96,7,0,0
BRDA:96,7,1,2
BRDA:97,8,0,0
BRDA:97,8,1,2
BRDA:98,9,0,0
BRDA:98,9,1,2
BRDA:104,10,0,0
BRDA:104,10,1,2
BRDA:131,11,0,0
BRDA:131,11,1,2
BRDA:132,12,0,0
BRDA:132,12,1,0
BRDA:136,13,0,0
BRDA:136,13,1,0
BRDA:145,14,0,0
BRDA:145,14,1,2
BRDA:149,15,0,0
BRDA:149,15,1,0
BRDA:155,16,0,0
BRDA:155,16,1,2
BRDA:159,17,0,0
BRDA:159,17,1,0
BRDA:166,18,0,0
BRDA:166,18,1,0
BRDA:166,18,2,0
BRDA:166,18,3,0
BRDA:166,18,4,0
BRDA:166,18,5,0
BRDA:166,18,6,0
BRDA:174,19,0,0
BRDA:174,19,1,0
BRDA:177,20,0,0
BRDA:177,20,1,0
BRDA:182,21,0,0
BRDA:182,21,1,0
BRDA:183,22,0,0
BRDA:183,22,1,0
BRDA:184,23,0,0
BRDA:184,23,1,0
BRDA:185,24,0,0
BRDA:185,24,1,0
BRDA:191,25,0,0
BRDA:191,25,1,0
BRDA:207,26,0,0
BRDA:207,26,1,0
BRDA:208,27,0,0
BRDA:208,27,1,0
BRDA:208,28,0,0
BRDA:208,28,1,0
BRDA:208,28,2,0
BRDA:212,29,0,0
BRDA:212,29,1,0
BRDA:213,30,0,0
BRDA:213,30,1,0
BRDA:226,31,0,1
BRDA:226,31,1,2
BRF:70
BRH:19
end_of_record
