<?xml version="1.0" encoding="UTF-8"?>
<testsuite xmlns:xsi="http://www.w3.org/2001/XMLSchema-instance" xsi:noNamespaceSchemaLocation="https://maven.apache.org/surefire/maven-failsafe-plugin/xsd/failsafe-test-report-3.0.xsd" version="3.0" name="com.foamwash.runners.FoamwashRunner" time="210.038" tests="23" errors="1" skipped="0" failures="1">
  <properties>
[...]
</properties>
  <testcase name="Registro exitoso en el sistema como cliente" classname="Autenticación y gestión de perfil" time="48.684">
    <system-err><![CDATA[SLF4J: No SLF4J providers were found.
SLF4J: Defaulting to no-operation (NOP) logger implementation
SLF4J: See https://www.slf4j.org/codes.html#noProviders for further details.
ago. 11, 2026 1:17:17 P. M. org.openqa.selenium.devtools.CdpVersionFinder findNearestMatch
WARNING: Unable to find CDP implementation matching 151
ago. 11, 2026 1:17:17 P. M. org.openqa.selenium.chromium.ChromiumDriver lambda$new$5
WARNING: Unable to find version of CDP to use for 151.0.7922.76. You may need to include a dependency on a specific version of the CDP using something similar to `org.seleniumhq.selenium:selenium-devtools-v86:4.21.0` where the version ("v86") matches the version of the chromium-based browser you're using and the version number of the artifact is the same as Selenium's.
]]></system-err>
  </testcase>
  <testcase name="Inicio de sesión exitoso" classname="Autenticación y gestión de perfil" time="14.766">
    <system-err><![CDATA[ago. 11, 2026 1:18:02 P. M. org.openqa.selenium.devtools.CdpVersionFinder findNearestMatch
WARNING: Unable to find CDP implementation matching 151
ago. 11, 2026 1:18:02 P. M. org.openqa.selenium.chromium.ChromiumDriver lambda$new$5
WARNING: Unable to find version of CDP to use for 151.0.7922.76. You may need to include a dependency on a specific version of the CDP using something similar to `org.seleniumhq.selenium:selenium-devtools-v86:4.21.0` where the version ("v86") matches the version of the chromium-based browser you're using and the version number of the artifact is the same as Selenium's.
]]></system-err>
  </testcase>
  <testcase name="Inicio de sesión fallido por credenciales invalidas" classname="Autenticación y gestión de perfil" time="14.564">
    <system-err><![CDATA[ago. 11, 2026 1:18:17 P. M. org.openqa.selenium.devtools.CdpVersionFinder findNearestMatch
WARNING: Unable to find CDP implementation matching 151
ago. 11, 2026 1:18:17 P. M. org.openqa.selenium.chromium.ChromiumDriver lambda$new$5
WARNING: Unable to find version of CDP to use for 151.0.7922.76. You may need to include a dependency on a specific version of the CDP using something similar to `org.seleniumhq.selenium:selenium-devtools-v86:4.21.0` where the version ("v86") matches the version of the chromium-based browser you're using and the version number of the artifact is the same as Selenium's.
]]></system-err>
  </testcase>
  <testcase name="Recuperacion de contraseña" classname="Autenticación y gestión de perfil" time="17.325">
    <system-err><![CDATA[ago. 11, 2026 1:18:32 P. M. org.openqa.selenium.devtools.CdpVersionFinder findNearestMatch
WARNING: Unable to find CDP implementation matching 151
ago. 11, 2026 1:18:32 P. M. org.openqa.selenium.chromium.ChromiumDriver lambda$new$5
WARNING: Unable to find version of CDP to use for 151.0.7922.76. You may need to include a dependency on a specific version of the CDP using something similar to `org.seleniumhq.selenium:selenium-devtools-v86:4.21.0` where the version ("v86") matches the version of the chromium-based browser you're using and the version number of the artifact is the same as Selenium's.
]]></system-err>
  </testcase>
  <testcase name="Edicion del perfil de usuario" classname="Autenticación y gestión de perfil" time="17.841">
    <failure message="&#10;Expected: an element that is clickable&#10;     but: no matching element found by [btn mi perfil located with: xpath: //button[contains(., &apos;Mi Perfil&apos;)]] was not clickable" type="java.lang.AssertionError"><![CDATA[java.lang.AssertionError: 

Expected: an element that is clickable
     but: no matching element found by [btn mi perfil located with: xpath: //button[contains(., 'Mi Perfil')]] was not clickable
	at net.serenitybdd.screenplay.ErrorTally.throwSummaryExceptionFrom(ErrorTally.java:38)
	at net.serenitybdd.screenplay.ErrorTally.reportAnyErrors(ErrorTally.java:32)
	at net.serenitybdd.screenplay.Actor.should(Actor.java:397)
	at net.serenitybdd.screenplay.waits.WaitUntilBuilder$1.performAs(WaitUntilBuilder.java:29)
	at net.serenitybdd.screenplay.Actor.performTask(Actor.java:299)
	at net.serenitybdd.screenplay.Actor.perform(Actor.java:274)
	at net.serenitybdd.screenplay.Actor.performSilently(Actor.java:254)
	at net.serenitybdd.screenplay.Actor.attemptsTo(Actor.java:211)
	at net.serenitybdd.screenplay.Actor.attemptsTo(Actor.java:222)
	at com.foamwash.stepdefinitions.AutenticacionStepDefinitions.editaSuPerfilConNuevaInformacion(AutenticacionStepDefinitions.java:146)
	at ✽.edita su perfil con nueva informacion(file:///C:/Users/cristian%20andres/OneDrive/Documentos/todo%20lo%20de%20foam%20wash/foam%20version%20final/FoamWash/robot-automatizacion-pruebas/src/test/resources/features/autenticacion_y_perfil.feature:34)
]]></failure>
    <system-err><![CDATA[ago. 11, 2026 1:18:49 P. M. org.openqa.selenium.devtools.CdpVersionFinder findNearestMatch
WARNING: Unable to find CDP implementation matching 151
ago. 11, 2026 1:18:49 P. M. org.openqa.selenium.chromium.ChromiumDriver lambda$new$5
WARNING: Unable to find version of CDP to use for 151.0.7922.76. You may need to include a dependency on a specific version of the CDP using something similar to `org.seleniumhq.selenium:selenium-devtools-v86:4.21.0` where the version ("v86") matches the version of the chromium-based browser you're using and the version number of the artifact is the same as Selenium's.
]]></system-err>
  </testcase>
  <testcase name="Ciclo de vida completo de un servicio (Agendar -&gt; Aprobar -&gt; Completar)" classname="Flujo End-to-End de Servicio" time="74.528">
    <error message="invalid session id&#10;Build info: version: &apos;4.21.0&apos;, revision: &apos;79ed462ef4&apos;&#10;System info: os.name: &apos;Windows 11&apos;, os.arch: &apos;amd64&apos;, os.version: &apos;10.0&apos;, java.version: &apos;17.0.12&apos;&#10;Driver info: org.openqa.selenium.chrome.ChromeDriver&#10;Command: [df9c163d8fbac1e97c6b51375b4b0321, get {url=http://localhost:3000}]&#10;Capabilities {acceptInsecureCerts: true, browserName: chrome, browserVersion: 151.0.7922.76, chrome: {chromedriverVersion: 151.0.7922.77 (ff37cfca2101..., userDataDir: C:\Users\CRISTI~1\AppData\L...}, fedcm:accounts: true, goog:chromeOptions: {debuggerAddress: localhost:51825}, goog:processID: 7328, networkConnectionEnabled: false, pageLoadStrategy: normal, platformName: windows, proxy: Proxy(), se:cdp: ws://localhost:51825/devtoo..., se:cdpVersion: 151.0.7922.76, setWindowRect: true, strictFileInteractability: false, timeouts: {implicit: 0, pageLoad: 300000, script: 30000}, unhandledPromptBehavior: dismiss and notify, webauthn:extension:credBlob: true, webauthn:extension:largeBlob: true, webauthn:extension:minPinLength: true, webauthn:extension:prf: true, webauthn:virtualAuthenticators: true}&#10;Session ID: df9c163d8fbac1e97c6b51375b4b0321" type="org.openqa.selenium.NoSuchSessionException"><![CDATA[org.openqa.selenium.NoSuchSessionException: 
invalid session id
Build info: version: '4.21.0', revision: '79ed462ef4'
System info: os.name: 'Windows 11', os.arch: 'amd64', os.version: '10.0', java.version: '17.0.12'
Driver info: org.openqa.selenium.chrome.ChromeDriver
Command: [df9c163d8fbac1e97c6b51375b4b0321, get {url=http://localhost:3000}]
Capabilities {acceptInsecureCerts: true, browserName: chrome, browserVersion: 151.0.7922.76, chrome: {chromedriverVersion: 151.0.7922.77 (ff37cfca2101..., userDataDir: C:\Users\CRISTI~1\AppData\L...}, fedcm:accounts: true, goog:chromeOptions: {debuggerAddress: localhost:51825}, goog:processID: 7328, networkConnectionEnabled: false, pageLoadStrategy: normal, platformName: windows, proxy: Proxy(), se:cdp: ws://localhost:51825/devtoo..., se:cdpVersion: 151.0.7922.76, setWindowRect: true, strictFileInteractability: false, timeouts: {implicit: 0, pageLoad: 300000, script: 30000}, unhandledPromptBehavior: dismiss and notify, webauthn:extension:credBlob: true, webauthn:extension:largeBlob: true, webauthn:extension:minPinLength: true, webauthn:extension:prf: true, webauthn:virtualAuthenticators: true}
Session ID: df9c163d8fbac1e97c6b51375b4b0321
	at java.base/jdk.internal.reflect.NativeConstructorAccessorImpl.newInstance0(Native Method)
	at java.base/jdk.internal.reflect.NativeConstructorAccessorImpl.newInstance(NativeConstructorAccessorImpl.java:77)
	at java.base/jdk.internal.reflect.DelegatingConstructorAccessorImpl.newInstance(DelegatingConstructorAccessorImpl.java:45)
	at java.base/java.lang.reflect.Constructor.newInstanceWithCaller(Constructor.java:499)
	at java.base/java.lang.reflect.Constructor.newInstance(Constructor.java:480)
	at org.openqa.selenium.remote.ErrorCodec.decode(ErrorCodec.java:167)
	at org.openqa.selenium.remote.codec.w3c.W3CHttpResponseCodec.decode(W3CHttpResponseCodec.java:138)
	at org.openqa.selenium.remote.codec.w3c.W3CHttpResponseCodec.decode(W3CHttpResponseCodec.java:50)
	at org.openqa.selenium.remote.HttpCommandExecutor.execute(HttpCommandExecutor.java:190)
	at org.openqa.selenium.remote.service.DriverCommandExecutor.invokeExecute(DriverCommandExecutor.java:216)
	at org.openqa.selenium.remote.service.DriverCommandExecutor.execute(DriverCommandExecutor.java:174)
	at org.openqa.selenium.remote.RemoteWebDriver.execute(RemoteWebDriver.java:518)
	at org.openqa.selenium.remote.RemoteWebDriver.get(RemoteWebDriver.java:300)
	at net.thucydides.core.webdriver.WebDriverFacade.get(WebDriverFacade.java:221)
	at net.serenitybdd.core.pages.PageObject.openPageAtUrl(PageObject.java:985)
	at net.serenitybdd.core.pages.PageObject.openUrl(PageObject.java:931)
	at net.serenitybdd.screenplay.actions.OpenUrl.performAs(OpenUrl.java:18)
	at net.serenitybdd.screenplay.actions.OpenUrl$ByteBuddy$HHdQuWm7.performAs$accessor$Dz8PPMsu(Unknown Source)
	at java.base/jdk.internal.reflect.NativeMethodAccessorImpl.invoke0(Native Method)
	at java.base/jdk.internal.reflect.NativeMethodAccessorImpl.invoke(NativeMethodAccessorImpl.java:77)
	at java.base/jdk.internal.reflect.DelegatingMethodAccessorImpl.invoke(DelegatingMethodAccessorImpl.java:43)
	at java.base/java.lang.reflect.Method.invoke(Method.java:568)
	at net.thucydides.core.steps.StepInterceptor.invokeMethod(StepInterceptor.java:524)
	at net.thucydides.core.steps.StepInterceptor.executeTestStepMethod(StepInterceptor.java:504)
	at net.thucydides.core.steps.StepInterceptor.runTestStep(StepInterceptor.java:476)
	at net.thucydides.core.steps.StepInterceptor.runOrSkipMethod(StepInterceptor.java:218)
	at net.thucydides.core.steps.StepInterceptor.testStepResult(StepInterceptor.java:205)
	at net.thucydides.core.steps.StepInterceptor.intercept(StepInterceptor.java:93)
	at net.thucydides.core.steps.ProxyConfiguration$InterceptorDispatcher.intercept(ProxyConfiguration.java:51)
	at net.serenitybdd.screenplay.actions.OpenUrl$ByteBuddy$HHdQuWm7.performAs(Unknown Source)
	at net.serenitybdd.screenplay.Actor.performTask(Actor.java:299)
	at net.serenitybdd.screenplay.Actor.perform(Actor.java:274)
	at net.serenitybdd.screenplay.Actor.attemptsTo(Actor.java:215)
	at net.serenitybdd.screenplay.Actor.attemptsTo(Actor.java:222)
	at com.foamwash.tasks.AbrirPagina.performAs(AbrirPagina.java:12)
	at com.foamwash.tasks.AbrirPagina$ByteBuddy$PYAjQ4Gm.performAs$accessor$r2q3Hy4O(Unknown Source)
	at java.base/jdk.internal.reflect.NativeMethodAccessorImpl.invoke0(Native Method)
	at java.base/jdk.internal.reflect.NativeMethodAccessorImpl.invoke(NativeMethodAccessorImpl.java:77)
	at java.base/jdk.internal.reflect.DelegatingMethodAccessorImpl.invoke(DelegatingMethodAccessorImpl.java:43)
	at java.base/java.lang.reflect.Method.invoke(Method.java:568)
	at net.thucydides.core.steps.StepInterceptor.invokeMethod(StepInterceptor.java:524)
	at net.thucydides.core.steps.StepInterceptor.executeTestStepMethod(StepInterceptor.java:504)
	at net.thucydides.core.steps.StepInterceptor.runTestStep(StepInterceptor.java:476)
	at net.thucydides.core.steps.StepInterceptor.runOrSkipMethod(StepInterceptor.java:218)
	at net.thucydides.core.steps.StepInterceptor.testStepResult(StepInterceptor.java:205)
	at net.thucydides.core.steps.StepInterceptor.intercept(StepInterceptor.java:93)
	at net.thucydides.core.steps.ProxyConfiguration$InterceptorDispatcher.intercept(ProxyConfiguration.java:51)
	at com.foamwash.tasks.AbrirPagina$ByteBuddy$PYAjQ4Gm.performAs(Unknown Source)
	at net.serenitybdd.screenplay.Actor.performTask(Actor.java:299)
	at net.serenitybdd.screenplay.Actor.perform(Actor.java:274)
	at net.serenitybdd.screenplay.Actor.attemptsTo(Actor.java:215)
	at net.serenitybdd.screenplay.Actor.attemptsTo(Actor.java:222)
	at com.foamwash.stepdefinitions.FlujoE2EStepDefinitions.clienteVerificaHistorial(FlujoE2EStepDefinitions.java:58)
	at ✽."Carlos el Cliente" deberia ver la orden como finalizada en su historial(file:///C:/Users/cristian%20andres/OneDrive/Documentos/todo%20lo%20de%20foam%20wash/foam%20version%20final/FoamWash/robot-automatizacion-pruebas/src/test/resources/features/flujo_e2e_servicio.feature:12)
]]></error>
    <system-err><![CDATA[ago. 11, 2026 1:19:08 P. M. org.openqa.selenium.devtools.CdpVersionFinder findNearestMatch
WARNING: Unable to find CDP implementation matching 151
ago. 11, 2026 1:19:08 P. M. org.openqa.selenium.chromium.ChromiumDriver lambda$new$5
WARNING: Unable to find version of CDP to use for 151.0.7922.76. You may need to include a dependency on a specific version of the CDP using something similar to `org.seleniumhq.selenium:selenium-devtools-v86:4.21.0` where the version ("v86") matches the version of the chromium-based browser you're using and the version number of the artifact is the same as Selenium's.
ago. 11, 2026 1:19:31 P. M. org.openqa.selenium.devtools.CdpVersionFinder findNearestMatch
WARNING: Unable to find CDP implementation matching 151
ago. 11, 2026 1:19:31 P. M. org.openqa.selenium.chromium.ChromiumDriver lambda$new$5
WARNING: Unable to find version of CDP to use for 151.0.7922.76. You may need to include a dependency on a specific version of the CDP using something similar to `org.seleniumhq.selenium:selenium-devtools-v86:4.21.0` where the version ("v86") matches the version of the chromium-based browser you're using and the version number of the artifact is the same as Selenium's.
ago. 11, 2026 1:20:00 P. M. org.openqa.selenium.devtools.CdpVersionFinder findNearestMatch
WARNING: Unable to find CDP implementation matching 151
ago. 11, 2026 1:20:00 P. M. org.openqa.selenium.chromium.ChromiumDriver lambda$new$5
WARNING: Unable to find version of CDP to use for 151.0.7922.76. You may need to include a dependency on a specific version of the CDP using something similar to `org.seleniumhq.selenium:selenium-devtools-v86:4.21.0` where the version ("v86") matches the version of the chromium-based browser you're using and the version number of the artifact is the same as Selenium's.
]]></system-err>
  </testcase>
  <testcase name="Creacion y administracion de ordenes de servicio" classname="Gestión de órdenes por el Administrador" time="0.046"/>
  <testcase name="Validacion de disponibilidad de empleados" classname="Gestión de órdenes por el Administrador" time="0.033"/>
  <testcase name="Asignacion de servicio a un empleado disponible" classname="Gestión de órdenes por el Administrador" time="0.042"/>
  <testcase name="Visualizacion de agenda de servicios" classname="Gestión de órdenes por el Empleado" time="0.055"/>
  <testcase name="Consulta de detalles de la orden" classname="Gestión de órdenes por el Empleado" time="0.037"/>
  <testcase name="Registro de observaciones del servicio" classname="Gestión de órdenes por el Empleado" time="0.028"/>
  <testcase name="Finalizacion de un servicio" classname="Gestión de órdenes por el Empleado" time="0.04"/>
  <testcase name="Recepcion de notificaciones de nuevos servicios" classname="Gestión de órdenes por el Empleado" time="0.024"/>
  <testcase name="Edicion y desactivacion de usuarios" classname="Gestión de usuarios" time="0.028"/>
  <testcase name="Visualizacion de estadisticas del sistema" classname="Reportes y Estadísticas" time="0.031"/>
  <testcase name="Generacion de reportes de servicios e ingresos" classname="Reportes y Estadísticas" time="0.034"/>
  <testcase name="Exportacion de datos historicos" classname="Reportes y Estadísticas" time="0.038"/>
  <testcase name="Un cliente no puede acceder al panel de administrador" classname="Seguridad y Proteccion de Rutas" time="16.294">
    <system-err><![CDATA[ago. 11, 2026 1:20:25 P. M. org.openqa.selenium.devtools.CdpVersionFinder findNearestMatch
WARNING: Unable to find CDP implementation matching 151
ago. 11, 2026 1:20:25 P. M. org.openqa.selenium.chromium.ChromiumDriver lambda$new$5
WARNING: Unable to find version of CDP to use for 151.0.7922.76. You may need to include a dependency on a specific version of the CDP using something similar to `org.seleniumhq.selenium:selenium-devtools-v86:4.21.0` where the version ("v86") matches the version of the chromium-based browser you're using and the version number of the artifact is the same as Selenium's.
]]></system-err>
  </testcase>
  <testcase name="Consulta de servicios disponibles" classname="Servicios del Cliente" time="0.025"/>
  <testcase name="Solicitud de cotizacion" classname="Servicios del Cliente" time="0.018"/>
  <testcase name="Programacion de servicio de limpieza" classname="Servicios del Cliente" time="0.021"/>
  <testcase name="Consulta del historial de servicios" classname="Servicios del Cliente" time="0.06"/>
</testsuite>