-------------------------------------------------------------------------------
Test set: com.foamwash.runners.FoamwashRunner
-------------------------------------------------------------------------------
Tests run: 23, Failures: 13, Errors: 4, Skipped: 0, Time elapsed: 402.6 s <<< FAILURE! -- in com.foamwash.runners.FoamwashRunner
Autenticación y gestión de perfil.Edicion del perfil de usuario -- Time elapsed: 22.48 s <<< FAILURE!
java.lang.AssertionError: 

Expected: an element that is clickable
     but: no matching element found by [btn mi perfil located with: xpath: //button[contains(., 'Mi Perfil')]] was not clickable
	at net.serenitybdd.screenplay.ErrorTally.throwSummaryExceptionFrom(ErrorTally.java:38)
	at net.serenitybdd.screenplay.ErrorTally.reportAnyErrors(ErrorTally.java:32)
	at net.serenitybdd.screenplay.Actor.should(Actor.java:397)
	at net.serenitybdd.screenplay.waits.WaitUntilBuilder$1.performAs(WaitUntilBuilder.java:29)
	at net.serenitybdd.screenplay.Actor.performTask(Actor.java:299)
	at net.serenitybdd.screenplay.Actor.perform(Actor.java:274)
	at net.serenitybdd.screenplay.Actor.performSilently(Actor.java:254)
	at net.serenitybdd.screenplay.Actor.attemptsTo(Actor.java:211)
	at net.serenitybdd.screenplay.Actor.attemptsTo(Actor.java:222)
	at com.foamwash.stepdefinitions.AutenticacionStepDefinitions.editaSuPerfilConNuevaInformacion(AutenticacionStepDefinitions.java:146)
	at ✽.edita su perfil con nueva informacion(file:///C:/Users/cristian%20andres/OneDrive/Documentos/todo%20lo%20de%20foam%20wash/foam%20version%20final/FoamWash/pruebas_e2e/src/test/resources/features/autenticacion_y_perfil.feature:34)

Flujo End-to-End de Servicio.Ciclo de vida completo de un servicio (Agendar -> Aprobar -> Completar) -- Time elapsed: 20.75 s <<< FAILURE!
java.lang.AssertionError: 

Expected: an element that is visible
     but: no matching element found by [btn finalizar compra located with: xpath: //button[contains(text(), 'Ver cotización')]|//button[contains(@class, 'fwm-btn-primary')]]
	at net.serenitybdd.screenplay.ErrorTally.throwSummaryExceptionFrom(ErrorTally.java:38)
	at net.serenitybdd.screenplay.ErrorTally.reportAnyErrors(ErrorTally.java:32)
	at net.serenitybdd.screenplay.Actor.should(Actor.java:397)
	at net.serenitybdd.screenplay.waits.WaitUntilBuilder$1.performAs(WaitUntilBuilder.java:29)
	at net.serenitybdd.screenplay.Actor.performTask(Actor.java:299)
	at net.serenitybdd.screenplay.Actor.perform(Actor.java:274)
	at net.serenitybdd.screenplay.Actor.performSilently(Actor.java:254)
	at net.serenitybdd.screenplay.Actor.attemptsTo(Actor.java:211)
	at net.serenitybdd.screenplay.Actor.attemptsTo(Actor.java:222)
	at net.serenitybdd.screenplay.Actor.wasAbleTo(Actor.java:193)
	at com.foamwash.stepdefinitions.FlujoE2EStepDefinitions.queClienteAgendaServicio(FlujoE2EStepDefinitions.java:22)
	at ✽.que "Carlos el Cliente" agenda un servicio de limpieza(file:///C:/Users/cristian%20andres/OneDrive/Documentos/todo%20lo%20de%20foam%20wash/foam%20version%20final/FoamWash/pruebas_e2e/src/test/resources/features/flujo_e2e_servicio.feature:9)

Gestión de órdenes por el Administrador.Creacion y administracion de ordenes de servicio -- Time elapsed: 16.98 s <<< ERROR!
net.thucydides.core.webdriver.exceptions.ElementShouldBePresentException: 
Expected condition failed: waiting for By.cssSelector: .ag-action-btn.edit to be present (tried for 5 second(s) with 100 milliseconds interval)
Build info: version: '4.21.0', revision: '79ed462ef4'
System info: os.name: 'Windows 11', os.arch: 'amd64', os.version: '10.0', java.version: '17.0.12'
Driver info: driver.version: unknown
	at net.serenitybdd.core.pages.WebElementFacadeImpl.throwShouldBePresentErrorWithCauseIfPresent(WebElementFacadeImpl.java:1039)
	at net.serenitybdd.core.pages.WebElementFacadeImpl.waitUntilPresent(WebElementFacadeImpl.java:1012)
	at net.serenitybdd.core.pages.WebElementFacadeImpl.waitUntilElementPresent(WebElementFacadeImpl.java:915)
	at net.serenitybdd.core.pages.WebElementFacadeImpl.click(WebElementFacadeImpl.java:1224)
	at net.serenitybdd.screenplay.actions.ClickOnTarget.performAs(ClickOnTarget.java:13)
	at net.serenitybdd.screenplay.actions.ClickOnTarget$ByteBuddy$ymGyVgFX.performAs$accessor$9HcHEFtF(Unknown Source)
	at jdk.internal.reflect.GeneratedMethodAccessor18.invoke(Unknown Source)
	at java.base/jdk.internal.reflect.DelegatingMethodAccessorImpl.invoke(DelegatingMethodAccessorImpl.java:43)
	at java.base/java.lang.reflect.Method.invoke(Method.java:568)
	at net.thucydides.core.steps.StepInterceptor.invokeMethod(StepInterceptor.java:524)
	at net.thucydides.core.steps.StepInterceptor.executeTestStepMethod(StepInterceptor.java:504)
	at net.thucydides.core.steps.StepInterceptor.runTestStep(StepInterceptor.java:476)
	at net.thucydides.core.steps.StepInterceptor.runOrSkipMethod(StepInterceptor.java:218)
	at net.thucydides.core.steps.StepInterceptor.testStepResult(StepInterceptor.java:205)
	at net.thucydides.core.steps.StepInterceptor.intercept(StepInterceptor.java:93)
	at net.thucydides.core.steps.ProxyConfiguration$InterceptorDispatcher.intercept(ProxyConfiguration.java:51)
	at net.serenitybdd.screenplay.actions.ClickOnTarget$ByteBuddy$ymGyVgFX.performAs(Unknown Source)
	at net.serenitybdd.screenplay.Actor.performTask(Actor.java:299)
	at net.serenitybdd.screenplay.Actor.perform(Actor.java:274)
	at net.serenitybdd.screenplay.Actor.attemptsTo(Actor.java:215)
	at net.serenitybdd.screenplay.Actor.attemptsTo(Actor.java:222)
	at com.foamwash.stepdefinitions.GestionOrdenesAdminStepDefinitions.seleccionaCrearUnaNuevaOrdenDeServicio(GestionOrdenesAdminStepDefinitions.java:31)
	at com.foamwash.stepdefinitions.GestionOrdenesAdminStepDefinitions.creaUnaNuevaOrdenAsociadaAUnCliente(GestionOrdenesAdminStepDefinitions.java:100)
	at ✽.crea una nueva orden asociada a un cliente(file:///C:/Users/cristian%20andres/OneDrive/Documentos/todo%20lo%20de%20foam%20wash/foam%20version%20final/FoamWash/pruebas_e2e/src/test/resources/features/gestion_ordenes_admin.feature:10)
Caused by: org.openqa.selenium.TimeoutException: Expected condition failed: waiting for By.cssSelector: .ag-action-btn.edit to be present (tried for 5 second(s) with 100 milliseconds interval)
Build info: version: '4.21.0', revision: '79ed462ef4'
System info: os.name: 'Windows 11', os.arch: 'amd64', os.version: '10.0', java.version: '17.0.12'
Driver info: driver.version: unknown
	at org.openqa.selenium.support.ui.FluentWait.timeoutException(FluentWait.java:265)
	at org.openqa.selenium.support.ui.FluentWait.until(FluentWait.java:228)
	at net.serenitybdd.core.pages.WebElementFacadeImpl.waitUntilPresent(WebElementFacadeImpl.java:1009)
	at net.serenitybdd.core.pages.WebElementFacadeImpl.waitUntilElementPresent(WebElementFacadeImpl.java:915)
	at net.serenitybdd.core.pages.WebElementFacadeImpl.click(WebElementFacadeImpl.java:1224)
	at net.serenitybdd.screenplay.actions.ClickOnTarget.performAs(ClickOnTarget.java:13)
	at net.serenitybdd.screenplay.actions.ClickOnTarget$ByteBuddy$ymGyVgFX.performAs$accessor$9HcHEFtF(Unknown Source)
	at jdk.internal.reflect.GeneratedMethodAccessor18.invoke(Unknown Source)
	at java.base/jdk.internal.reflect.DelegatingMethodAccessorImpl.invoke(DelegatingMethodAccessorImpl.java:43)
	at java.base/java.lang.reflect.Method.invoke(Method.java:568)
	at net.thucydides.core.steps.StepInterceptor.invokeMethod(StepInterceptor.java:524)
	at net.thucydides.core.steps.StepInterceptor.executeTestStepMethod(StepInterceptor.java:504)
	at net.thucydides.core.steps.StepInterceptor.runTestStep(StepInterceptor.java:476)
	at net.thucydides.core.steps.StepInterceptor.runOrSkipMethod(StepInterceptor.java:218)
	at net.thucydides.core.steps.StepInterceptor.testStepResult(StepInterceptor.java:205)
	at net.thucydides.core.steps.StepInterceptor.intercept(StepInterceptor.java:93)
	at net.thucydides.core.steps.ProxyConfiguration$InterceptorDispatcher.intercept(ProxyConfiguration.java:51)
	at net.serenitybdd.screenplay.actions.ClickOnTarget$ByteBuddy$ymGyVgFX.performAs(Unknown Source)
	at net.serenitybdd.screenplay.Actor.performTask(Actor.java:299)
	at net.serenitybdd.screenplay.Actor.perform(Actor.java:274)
	at net.serenitybdd.screenplay.Actor.attemptsTo(Actor.java:215)
	at net.serenitybdd.screenplay.Actor.attemptsTo(Actor.java:222)
	at com.foamwash.stepdefinitions.GestionOrdenesAdminStepDefinitions.seleccionaCrearUnaNuevaOrdenDeServicio(GestionOrdenesAdminStepDefinitions.java:31)
	at com.foamwash.stepdefinitions.GestionOrdenesAdminStepDefinitions.creaUnaNuevaOrdenAsociadaAUnCliente(GestionOrdenesAdminStepDefinitions.java:100)
	at java.base/jdk.internal.reflect.NativeMethodAccessorImpl.invoke0(Native Method)
	at java.base/jdk.internal.reflect.NativeMethodAccessorImpl.invoke(NativeMethodAccessorImpl.java:77)
	at java.base/jdk.internal.reflect.DelegatingMethodAccessorImpl.invoke(DelegatingMethodAccessorImpl.java:43)
	at java.base/java.lang.reflect.Method.invoke(Method.java:568)
	at io.cucumber.java.Invoker.doInvoke(Invoker.java:66)
	at io.cucumber.java.Invoker.invoke(Invoker.java:24)
	at io.cucumber.java.AbstractGlueDefinition.invokeMethod(AbstractGlueDefinition.java:47)
	at io.cucumber.java.JavaStepDefinition.execute(JavaStepDefinition.java:29)
	at io.cucumber.core.runner.CoreStepDefinition.execute(CoreStepDefinition.java:66)
	at io.cucumber.core.runner.PickleStepDefinitionMatch.runStep(PickleStepDefinitionMatch.java:63)
	at io.cucumber.core.runner.ExecutionMode$1.execute(ExecutionMode.java:10)
	at io.cucumber.core.runner.TestStep.executeStep(TestStep.java:81)
	at io.cucumber.core.runner.TestStep.run(TestStep.java:53)
	at io.cucumber.core.runner.PickleStepTestStep.run(PickleStepTestStep.java:51)
	at io.cucumber.core.runner.TestCase.run(TestCase.java:84)
	at io.cucumber.core.runner.Runner.runPickle(Runner.java:75)
	at io.cucumber.junit.PickleRunners$NoStepDescriptions.lambda$run$0(PickleRunners.java:151)
	at io.cucumber.core.runtime.CucumberExecutionContext.lambda$runTestCase$5(CucumberExecutionContext.java:136)
	at io.cucumber.core.runtime.RethrowingThrowableCollector.executeAndThrow(RethrowingThrowableCollector.java:23)
	at io.cucumber.core.runtime.CucumberExecutionContext.runTestCase(CucumberExecutionContext.java:136)
	at io.cucumber.junit.PickleRunners$NoStepDescriptions.run(PickleRunners.java:148)
	at io.cucumber.junit.FeatureRunner.runChild(FeatureRunner.java:144)
	at io.cucumber.junit.FeatureRunner.runChild(FeatureRunner.java:28)
	at org.junit.runners.ParentRunner$4.run(ParentRunner.java:331)
	at org.junit.runners.ParentRunner$1.schedule(ParentRunner.java:79)
	at org.junit.runners.ParentRunner.runChildren(ParentRunner.java:329)
	at org.junit.runners.ParentRunner.access$100(ParentRunner.java:66)
	at org.junit.runners.ParentRunner$2.evaluate(ParentRunner.java:293)
	at org.junit.runners.ParentRunner$3.evaluate(ParentRunner.java:306)
	at org.junit.runners.ParentRunner.run(ParentRunner.java:413)
	at io.cucumber.junit.FeatureRunner.run(FeatureRunner.java:137)
	at io.cucumber.junit.CucumberSerenityBaseRunner.runChild(CucumberSerenityBaseRunner.java:332)
	at io.cucumber.junit.CucumberSerenityBaseRunner.runChild(CucumberSerenityBaseRunner.java:53)
	at org.junit.runners.ParentRunner$4.run(ParentRunner.java:331)
	at org.junit.runners.ParentRunner$1.schedule(ParentRunner.java:79)
	at org.junit.runners.ParentRunner.runChildren(ParentRunner.java:329)
	at org.junit.runners.ParentRunner.access$100(ParentRunner.java:66)
	at org.junit.runners.ParentRunner$2.evaluate(ParentRunner.java:293)
	at io.cucumber.junit.CucumberSerenityBaseRunner$RunCucumber.evaluate(CucumberSerenityBaseRunner.java:363)
	at org.junit.runners.ParentRunner$3.evaluate(ParentRunner.java:306)
	at org.junit.runners.ParentRunner.run(ParentRunner.java:413)
	at org.apache.maven.surefire.junit4.JUnit4Provider.execute(JUnit4Provider.java:316)
	at org.apache.maven.surefire.junit4.JUnit4Provider.executeWithRerun(JUnit4Provider.java:240)
	at org.apache.maven.surefire.junit4.JUnit4Provider.executeTestSet(JUnit4Provider.java:214)
	at org.apache.maven.surefire.junit4.JUnit4Provider.invoke(JUnit4Provider.java:155)
	at org.apache.maven.surefire.booter.ForkedBooter.runSuitesInProcess(ForkedBooter.java:385)
	at org.apache.maven.surefire.booter.ForkedBooter.execute(ForkedBooter.java:162)
	at org.apache.maven.surefire.booter.ForkedBooter.run(ForkedBooter.java:507)
	at org.apache.maven.surefire.booter.ForkedBooter.main(ForkedBooter.java:495)

Gestión de órdenes por el Administrador.Validacion de disponibilidad de empleados -- Time elapsed: 12.02 s <<< FAILURE!
java.lang.AssertionError: 

Expected: an element that is visible
     but: no matching element found by [lista de ordenes asignadas located with: xpath: //*[contains(@class, 'ag-card')]]
	at net.serenitybdd.screenplay.ErrorTally.throwSummaryExceptionFrom(ErrorTally.java:38)
	at net.serenitybdd.screenplay.ErrorTally.reportAnyErrors(ErrorTally.java:32)
	at net.serenitybdd.screenplay.Actor.should(Actor.java:397)
	at com.foamwash.stepdefinitions.GestionOrdenesAdminStepDefinitions.deberiaPoderVerLosBloquesOcupadosYLibres(GestionOrdenesAdminStepDefinitions.java:65)
	at ✽.deberia poder ver los bloques ocupados y libres(file:///C:/Users/cristian%20andres/OneDrive/Documentos/todo%20lo%20de%20foam%20wash/foam%20version%20final/FoamWash/pruebas_e2e/src/test/resources/features/gestion_ordenes_admin.feature:17)

Gestión de órdenes por el Administrador.Asignacion de servicio a un empleado disponible -- Time elapsed: 17.38 s <<< ERROR!
net.thucydides.core.webdriver.exceptions.ElementShouldBePresentException: 
Expected condition failed: waiting for By.cssSelector: .ag-action-btn.edit to be present (tried for 5 second(s) with 100 milliseconds interval)
Build info: version: '4.21.0', revision: '79ed462ef4'
System info: os.name: 'Windows 11', os.arch: 'amd64', os.version: '10.0', java.version: '17.0.12'
Driver info: driver.version: unknown
	at net.serenitybdd.core.pages.WebElementFacadeImpl.throwShouldBePresentErrorWithCauseIfPresent(WebElementFacadeImpl.java:1039)
	at net.serenitybdd.core.pages.WebElementFacadeImpl.waitUntilPresent(WebElementFacadeImpl.java:1012)
	at net.serenitybdd.core.pages.WebElementFacadeImpl.waitUntilElementPresent(WebElementFacadeImpl.java:915)
	at net.serenitybdd.core.pages.WebElementFacadeImpl.click(WebElementFacadeImpl.java:1224)
	at net.serenitybdd.screenplay.actions.ClickOnTarget.performAs(ClickOnTarget.java:13)
	at net.serenitybdd.screenplay.actions.ClickOnTarget$ByteBuddy$ymGyVgFX.performAs$accessor$9HcHEFtF(Unknown Source)
	at jdk.internal.reflect.GeneratedMethodAccessor18.invoke(Unknown Source)
	at java.base/jdk.internal.reflect.DelegatingMethodAccessorImpl.invoke(DelegatingMethodAccessorImpl.java:43)
	at java.base/java.lang.reflect.Method.invoke(Method.java:568)
	at net.thucydides.core.steps.StepInterceptor.invokeMethod(StepInterceptor.java:524)
	at net.thucydides.core.steps.StepInterceptor.executeTestStepMethod(StepInterceptor.java:504)
	at net.thucydides.core.steps.StepInterceptor.runTestStep(StepInterceptor.java:476)
	at net.thucydides.core.steps.StepInterceptor.runOrSkipMethod(StepInterceptor.java:218)
	at net.thucydides.core.steps.StepInterceptor.testStepResult(StepInterceptor.java:205)
	at net.thucydides.core.steps.StepInterceptor.intercept(StepInterceptor.java:93)
	at net.thucydides.core.steps.ProxyConfiguration$InterceptorDispatcher.intercept(ProxyConfiguration.java:51)
	at net.serenitybdd.screenplay.actions.ClickOnTarget$ByteBuddy$ymGyVgFX.performAs(Unknown Source)
	at net.serenitybdd.screenplay.Actor.performTask(Actor.java:299)
	at net.serenitybdd.screenplay.Actor.perform(Actor.java:274)
	at net.serenitybdd.screenplay.Actor.attemptsTo(Actor.java:215)
	at net.serenitybdd.screenplay.Actor.attemptsTo(Actor.java:222)
	at com.foamwash.stepdefinitions.GestionOrdenesAdminStepDefinitions.seleccionaCrearUnaNuevaOrdenDeServicio(GestionOrdenesAdminStepDefinitions.java:31)
	at com.foamwash.stepdefinitions.GestionOrdenesAdminStepDefinitions.asignaUnaOrdenAUnEmpleadoLibre(GestionOrdenesAdminStepDefinitions.java:81)
	at ✽.asigna una orden a un empleado libre(file:///C:/Users/cristian%20andres/OneDrive/Documentos/todo%20lo%20de%20foam%20wash/foam%20version%20final/FoamWash/pruebas_e2e/src/test/resources/features/gestion_ordenes_admin.feature:22)
Caused by: org.openqa.selenium.TimeoutException: Expected condition failed: waiting for By.cssSelector: .ag-action-btn.edit to be present (tried for 5 second(s) with 100 milliseconds interval)
Build info: version: '4.21.0', revision: '79ed462ef4'
System info: os.name: 'Windows 11', os.arch: 'amd64', os.version: '10.0', java.version: '17.0.12'
Driver info: driver.version: unknown
	at org.openqa.selenium.support.ui.FluentWait.timeoutException(FluentWait.java:265)
	at org.openqa.selenium.support.ui.FluentWait.until(FluentWait.java:228)
	at net.serenitybdd.core.pages.WebElementFacadeImpl.waitUntilPresent(WebElementFacadeImpl.java:1009)
	at net.serenitybdd.core.pages.WebElementFacadeImpl.waitUntilElementPresent(WebElementFacadeImpl.java:915)
	at net.serenitybdd.core.pages.WebElementFacadeImpl.click(WebElementFacadeImpl.java:1224)
	at net.serenitybdd.screenplay.actions.ClickOnTarget.performAs(ClickOnTarget.java:13)
	at net.serenitybdd.screenplay.actions.ClickOnTarget$ByteBuddy$ymGyVgFX.performAs$accessor$9HcHEFtF(Unknown Source)
	at jdk.internal.reflect.GeneratedMethodAccessor18.invoke(Unknown Source)
	at java.base/jdk.internal.reflect.DelegatingMethodAccessorImpl.invoke(DelegatingMethodAccessorImpl.java:43)
	at java.base/java.lang.reflect.Method.invoke(Method.java:568)
	at net.thucydides.core.steps.StepInterceptor.invokeMethod(StepInterceptor.java:524)
	at net.thucydides.core.steps.StepInterceptor.executeTestStepMethod(StepInterceptor.java:504)
	at net.thucydides.core.steps.StepInterceptor.runTestStep(StepInterceptor.java:476)
	at net.thucydides.core.steps.StepInterceptor.runOrSkipMethod(StepInterceptor.java:218)
	at net.thucydides.core.steps.StepInterceptor.testStepResult(StepInterceptor.java:205)
	at net.thucydides.core.steps.StepInterceptor.intercept(StepInterceptor.java:93)
	at net.thucydides.core.steps.ProxyConfiguration$InterceptorDispatcher.intercept(ProxyConfiguration.java:51)
	at net.serenitybdd.screenplay.actions.ClickOnTarget$ByteBuddy$ymGyVgFX.performAs(Unknown Source)
	at net.serenitybdd.screenplay.Actor.performTask(Actor.java:299)
	at net.serenitybdd.screenplay.Actor.perform(Actor.java:274)
	at net.serenitybdd.screenplay.Actor.attemptsTo(Actor.java:215)
	at net.serenitybdd.screenplay.Actor.attemptsTo(Actor.java:222)
	at com.foamwash.stepdefinitions.GestionOrdenesAdminStepDefinitions.seleccionaCrearUnaNuevaOrdenDeServicio(GestionOrdenesAdminStepDefinitions.java:31)
	at com.foamwash.stepdefinitions.GestionOrdenesAdminStepDefinitions.asignaUnaOrdenAUnEmpleadoLibre(GestionOrdenesAdminStepDefinitions.java:81)
	at java.base/jdk.internal.reflect.NativeMethodAccessorImpl.invoke0(Native Method)
	at java.base/jdk.internal.reflect.NativeMethodAccessorImpl.invoke(NativeMethodAccessorImpl.java:77)
	at java.base/jdk.internal.reflect.DelegatingMethodAccessorImpl.invoke(DelegatingMethodAccessorImpl.java:43)
	at java.base/java.lang.reflect.Method.invoke(Method.java:568)
	at io.cucumber.java.Invoker.doInvoke(Invoker.java:66)
	at io.cucumber.java.Invoker.invoke(Invoker.java:24)
	at io.cucumber.java.AbstractGlueDefinition.invokeMethod(AbstractGlueDefinition.java:47)
	at io.cucumber.java.JavaStepDefinition.execute(JavaStepDefinition.java:29)
	at io.cucumber.core.runner.CoreStepDefinition.execute(CoreStepDefinition.java:66)
	at io.cucumber.core.runner.PickleStepDefinitionMatch.runStep(PickleStepDefinitionMatch.java:63)
	at io.cucumber.core.runner.ExecutionMode$1.execute(ExecutionMode.java:10)
	at io.cucumber.core.runner.TestStep.executeStep(TestStep.java:81)
	at io.cucumber.core.runner.TestStep.run(TestStep.java:53)
	at io.cucumber.core.runner.PickleStepTestStep.run(PickleStepTestStep.java:51)
	at io.cucumber.core.runner.TestCase.run(TestCase.java:84)
	at io.cucumber.core.runner.Runner.runPickle(Runner.java:75)
	at io.cucumber.junit.PickleRunners$NoStepDescriptions.lambda$run$0(PickleRunners.java:151)
	at io.cucumber.core.runtime.CucumberExecutionContext.lambda$runTestCase$5(CucumberExecutionContext.java:136)
	at io.cucumber.core.runtime.RethrowingThrowableCollector.executeAndThrow(RethrowingThrowableCollector.java:23)
	at io.cucumber.core.runtime.CucumberExecutionContext.runTestCase(CucumberExecutionContext.java:136)
	at io.cucumber.junit.PickleRunners$NoStepDescriptions.run(PickleRunners.java:148)
	at io.cucumber.junit.FeatureRunner.runChild(FeatureRunner.java:144)
	at io.cucumber.junit.FeatureRunner.runChild(FeatureRunner.java:28)
	at org.junit.runners.ParentRunner$4.run(ParentRunner.java:331)
	at org.junit.runners.ParentRunner$1.schedule(ParentRunner.java:79)
	at org.junit.runners.ParentRunner.runChildren(ParentRunner.java:329)
	at org.junit.runners.ParentRunner.access$100(ParentRunner.java:66)
	at org.junit.runners.ParentRunner$2.evaluate(ParentRunner.java:293)
	at org.junit.runners.ParentRunner$3.evaluate(ParentRunner.java:306)
	at org.junit.runners.ParentRunner.run(ParentRunner.java:413)
	at io.cucumber.junit.FeatureRunner.run(FeatureRunner.java:137)
	at io.cucumber.junit.CucumberSerenityBaseRunner.runChild(CucumberSerenityBaseRunner.java:332)
	at io.cucumber.junit.CucumberSerenityBaseRunner.runChild(CucumberSerenityBaseRunner.java:53)
	at org.junit.runners.ParentRunner$4.run(ParentRunner.java:331)
	at org.junit.runners.ParentRunner$1.schedule(ParentRunner.java:79)
	at org.junit.runners.ParentRunner.runChildren(ParentRunner.java:329)
	at org.junit.runners.ParentRunner.access$100(ParentRunner.java:66)
	at org.junit.runners.ParentRunner$2.evaluate(ParentRunner.java:293)
	at io.cucumber.junit.CucumberSerenityBaseRunner$RunCucumber.evaluate(CucumberSerenityBaseRunner.java:363)
	at org.junit.runners.ParentRunner$3.evaluate(ParentRunner.java:306)
	at org.junit.runners.ParentRunner.run(ParentRunner.java:413)
	at org.apache.maven.surefire.junit4.JUnit4Provider.execute(JUnit4Provider.java:316)
	at org.apache.maven.surefire.junit4.JUnit4Provider.executeWithRerun(JUnit4Provider.java:240)
	at org.apache.maven.surefire.junit4.JUnit4Provider.executeTestSet(JUnit4Provider.java:214)
	at org.apache.maven.surefire.junit4.JUnit4Provider.invoke(JUnit4Provider.java:155)
	at org.apache.maven.surefire.booter.ForkedBooter.runSuitesInProcess(ForkedBooter.java:385)
	at org.apache.maven.surefire.booter.ForkedBooter.execute(ForkedBooter.java:162)
	at org.apache.maven.surefire.booter.ForkedBooter.run(ForkedBooter.java:507)
	at org.apache.maven.surefire.booter.ForkedBooter.main(ForkedBooter.java:495)

Gestión de órdenes por el Empleado.Visualizacion de agenda de servicios -- Time elapsed: 11.87 s <<< FAILURE!
java.lang.AssertionError: 

Expected: an element that is visible
     but: no matching element found by [lista agenda located with: xpath: //*[contains(@class, 'ag-card')]]
	at net.serenitybdd.screenplay.ErrorTally.throwSummaryExceptionFrom(ErrorTally.java:38)
	at net.serenitybdd.screenplay.ErrorTally.reportAnyErrors(ErrorTally.java:32)
	at net.serenitybdd.screenplay.Actor.should(Actor.java:397)
	at com.foamwash.stepdefinitions.GestionOrdenesEmpleadoStepDefinitions.deberiaVerElListadoDeOrdenesAsignadasPorFechaYHora(GestionOrdenesEmpleadoStepDefinitions.java:39)
	at ✽.deberia ver el listado de ordenes asignadas por fecha y hora(file:///C:/Users/cristian%20andres/OneDrive/Documentos/todo%20lo%20de%20foam%20wash/foam%20version%20final/FoamWash/pruebas_e2e/src/test/resources/features/gestion_ordenes_empleado.feature:11)

Gestión de órdenes por el Empleado.Consulta de detalles de la orden -- Time elapsed: 17.34 s <<< FAILURE!
java.lang.AssertionError: 

Expected: an element that is visible
     but: no matching element found by [lista agenda located with: xpath: //*[contains(@class, 'ag-card')]]
	at net.serenitybdd.screenplay.ErrorTally.throwSummaryExceptionFrom(ErrorTally.java:38)
	at net.serenitybdd.screenplay.ErrorTally.reportAnyErrors(ErrorTally.java:32)
	at net.serenitybdd.screenplay.Actor.should(Actor.java:397)
	at net.serenitybdd.screenplay.waits.WaitUntilBuilder$1.performAs(WaitUntilBuilder.java:29)
	at net.serenitybdd.screenplay.Actor.performTask(Actor.java:299)
	at net.serenitybdd.screenplay.Actor.perform(Actor.java:274)
	at net.serenitybdd.screenplay.Actor.performSilently(Actor.java:254)
	at net.serenitybdd.screenplay.Actor.attemptsTo(Actor.java:211)
	at net.serenitybdd.screenplay.Actor.attemptsTo(Actor.java:222)
	at com.foamwash.stepdefinitions.GestionOrdenesEmpleadoStepDefinitions.visualizaLosDetallesDeLaOrden(GestionOrdenesEmpleadoStepDefinitions.java:53)
	at ✽.visualiza los detalles de la orden(file:///C:/Users/cristian%20andres/OneDrive/Documentos/todo%20lo%20de%20foam%20wash/foam%20version%20final/FoamWash/pruebas_e2e/src/test/resources/features/gestion_ordenes_empleado.feature:16)

Gestión de órdenes por el Empleado.Registro de observaciones del servicio -- Time elapsed: 15.80 s <<< FAILURE!
java.lang.AssertionError: 

Expected: an element that is visible
     but: no matching element found by [lista agenda located with: xpath: //*[contains(@class, 'ag-card')]]
	at net.serenitybdd.screenplay.ErrorTally.throwSummaryExceptionFrom(ErrorTally.java:38)
	at net.serenitybdd.screenplay.ErrorTally.reportAnyErrors(ErrorTally.java:32)
	at net.serenitybdd.screenplay.Actor.should(Actor.java:397)
	at net.serenitybdd.screenplay.waits.WaitUntilBuilder$1.performAs(WaitUntilBuilder.java:29)
	at net.serenitybdd.screenplay.Actor.performTask(Actor.java:299)
	at net.serenitybdd.screenplay.Actor.perform(Actor.java:274)
	at net.serenitybdd.screenplay.Actor.performSilently(Actor.java:254)
	at net.serenitybdd.screenplay.Actor.attemptsTo(Actor.java:211)
	at net.serenitybdd.screenplay.Actor.attemptsTo(Actor.java:222)
	at com.foamwash.stepdefinitions.GestionOrdenesEmpleadoStepDefinitions.visualizaLosDetallesDeLaOrden(GestionOrdenesEmpleadoStepDefinitions.java:53)
	at com.foamwash.stepdefinitions.GestionOrdenesEmpleadoStepDefinitions.queElEmpleadoEstaAtendiendoUnaOrden(GestionOrdenesEmpleadoStepDefinitions.java:69)
	at ✽.que el empleado esta atendiendo una orden(file:///C:/Users/cristian%20andres/OneDrive/Documentos/todo%20lo%20de%20foam%20wash/foam%20version%20final/FoamWash/pruebas_e2e/src/test/resources/features/gestion_ordenes_empleado.feature:21)

Gestión de órdenes por el Empleado.Finalizacion de un servicio -- Time elapsed: 16.04 s <<< FAILURE!
java.lang.AssertionError: 

Expected: an element that is visible
     but: no matching element found by [lista agenda located with: xpath: //*[contains(@class, 'ag-card')]]
	at net.serenitybdd.screenplay.ErrorTally.throwSummaryExceptionFrom(ErrorTally.java:38)
	at net.serenitybdd.screenplay.ErrorTally.reportAnyErrors(ErrorTally.java:32)
	at net.serenitybdd.screenplay.Actor.should(Actor.java:397)
	at net.serenitybdd.screenplay.waits.WaitUntilBuilder$1.performAs(WaitUntilBuilder.java:29)
	at net.serenitybdd.screenplay.Actor.performTask(Actor.java:299)
	at net.serenitybdd.screenplay.Actor.perform(Actor.java:274)
	at net.serenitybdd.screenplay.Actor.performSilently(Actor.java:254)
	at net.serenitybdd.screenplay.Actor.attemptsTo(Actor.java:211)
	at net.serenitybdd.screenplay.Actor.attemptsTo(Actor.java:222)
	at com.foamwash.stepdefinitions.GestionOrdenesEmpleadoStepDefinitions.visualizaLosDetallesDeLaOrden(GestionOrdenesEmpleadoStepDefinitions.java:53)
	at com.foamwash.stepdefinitions.GestionOrdenesEmpleadoStepDefinitions.queElEmpleadoEstaAtendiendoUnaOrden(GestionOrdenesEmpleadoStepDefinitions.java:69)
	at com.foamwash.stepdefinitions.GestionOrdenesEmpleadoStepDefinitions.queElEmpleadoHaTerminadoElServicio(GestionOrdenesEmpleadoStepDefinitions.java:88)
	at ✽.que el empleado ha terminado el servicio(file:///C:/Users/cristian%20andres/OneDrive/Documentos/todo%20lo%20de%20foam%20wash/foam%20version%20final/FoamWash/pruebas_e2e/src/test/resources/features/gestion_ordenes_empleado.feature:27)

Gestión de órdenes por el Empleado.Recepcion de notificaciones de nuevos servicios -- Time elapsed: 10.43 s <<< FAILURE!
java.lang.AssertionError: 

Expected: an element that is visible
     but: no matching element found by [lista agenda located with: xpath: //*[contains(@class, 'ag-card')]]
	at net.serenitybdd.screenplay.ErrorTally.throwSummaryExceptionFrom(ErrorTally.java:38)
	at net.serenitybdd.screenplay.ErrorTally.reportAnyErrors(ErrorTally.java:32)
	at net.serenitybdd.screenplay.Actor.should(Actor.java:397)
	at com.foamwash.stepdefinitions.GestionOrdenesEmpleadoStepDefinitions.elEmpleadoDeberiaVerLosDetallesDelNuevoServicio(GestionOrdenesEmpleadoStepDefinitions.java:122)
	at ✽.el empleado deberia ver los detalles del nuevo servicio(file:///C:/Users/cristian%20andres/OneDrive/Documentos/todo%20lo%20de%20foam%20wash/foam%20version%20final/FoamWash/pruebas_e2e/src/test/resources/features/gestion_ordenes_empleado.feature:35)

Reportes y Estadísticas.Visualizacion de estadisticas del sistema -- Time elapsed: 16.00 s <<< FAILURE!
java.lang.AssertionError: 

Expected: an element that is visible
     but: no matching element found by [panel admin located with: xpath: //span[text()='Panel']/..]
	at net.serenitybdd.screenplay.ErrorTally.throwSummaryExceptionFrom(ErrorTally.java:38)
	at net.serenitybdd.screenplay.ErrorTally.reportAnyErrors(ErrorTally.java:32)
	at net.serenitybdd.screenplay.Actor.should(Actor.java:397)
	at net.serenitybdd.screenplay.waits.WaitUntilBuilder$1.performAs(WaitUntilBuilder.java:29)
	at net.serenitybdd.screenplay.Actor.performTask(Actor.java:299)
	at net.serenitybdd.screenplay.Actor.perform(Actor.java:274)
	at net.serenitybdd.screenplay.Actor.performSilently(Actor.java:254)
	at net.serenitybdd.screenplay.Actor.attemptsTo(Actor.java:211)
	at net.serenitybdd.screenplay.Actor.attemptsTo(Actor.java:222)
	at net.serenitybdd.screenplay.Actor.wasAbleTo(Actor.java:193)
	at com.foamwash.stepdefinitions.ReportesEstadisticasStepDefinitions.queElAdministradorNecesitaUnInformeMensual(ReportesEstadisticasStepDefinitions.java:20)
	at com.foamwash.stepdefinitions.ReportesEstadisticasStepDefinitions.queElAdministradorAccedeAlDashboardDeEstadisticas(ReportesEstadisticasStepDefinitions.java:86)
	at ✽.que el administrador accede al dashboard de estadisticas(file:///C:/Users/cristian%20andres/OneDrive/Documentos/todo%20lo%20de%20foam%20wash/foam%20version%20final/FoamWash/pruebas_e2e/src/test/resources/features/reportes_y_estadisticas.feature:9)

Reportes y Estadísticas.Generacion de reportes de servicios e ingresos -- Time elapsed: 15.33 s <<< FAILURE!
java.lang.AssertionError: 

Expected: an element that is visible
     but: no matching element found by [panel admin located with: xpath: //span[text()='Panel']/..]
	at net.serenitybdd.screenplay.ErrorTally.throwSummaryExceptionFrom(ErrorTally.java:38)
	at net.serenitybdd.screenplay.ErrorTally.reportAnyErrors(ErrorTally.java:32)
	at net.serenitybdd.screenplay.Actor.should(Actor.java:397)
	at net.serenitybdd.screenplay.waits.WaitUntilBuilder$1.performAs(WaitUntilBuilder.java:29)
	at net.serenitybdd.screenplay.Actor.performTask(Actor.java:299)
	at net.serenitybdd.screenplay.Actor.perform(Actor.java:274)
	at net.serenitybdd.screenplay.Actor.performSilently(Actor.java:254)
	at net.serenitybdd.screenplay.Actor.attemptsTo(Actor.java:211)
	at net.serenitybdd.screenplay.Actor.attemptsTo(Actor.java:222)
	at net.serenitybdd.screenplay.Actor.wasAbleTo(Actor.java:193)
	at com.foamwash.stepdefinitions.ReportesEstadisticasStepDefinitions.queElAdministradorNecesitaUnInformeMensual(ReportesEstadisticasStepDefinitions.java:20)
	at com.foamwash.stepdefinitions.ReportesEstadisticasStepDefinitions.queElAdministradorNecesitaUnReporteDetallado(ReportesEstadisticasStepDefinitions.java:70)
	at ✽.que el administrador necesita un reporte detallado(file:///C:/Users/cristian%20andres/OneDrive/Documentos/todo%20lo%20de%20foam%20wash/foam%20version%20final/FoamWash/pruebas_e2e/src/test/resources/features/reportes_y_estadisticas.feature:15)

Reportes y Estadísticas.Exportacion de datos historicos -- Time elapsed: 16.02 s <<< FAILURE!
java.lang.AssertionError: 

Expected: an element that is visible
     but: no matching element found by [panel admin located with: xpath: //span[text()='Panel']/..]
	at net.serenitybdd.screenplay.ErrorTally.throwSummaryExceptionFrom(ErrorTally.java:38)
	at net.serenitybdd.screenplay.ErrorTally.reportAnyErrors(ErrorTally.java:32)
	at net.serenitybdd.screenplay.Actor.should(Actor.java:397)
	at net.serenitybdd.screenplay.waits.WaitUntilBuilder$1.performAs(WaitUntilBuilder.java:29)
	at net.serenitybdd.screenplay.Actor.performTask(Actor.java:299)
	at net.serenitybdd.screenplay.Actor.perform(Actor.java:274)
	at net.serenitybdd.screenplay.Actor.performSilently(Actor.java:254)
	at net.serenitybdd.screenplay.Actor.attemptsTo(Actor.java:211)
	at net.serenitybdd.screenplay.Actor.attemptsTo(Actor.java:222)
	at net.serenitybdd.screenplay.Actor.wasAbleTo(Actor.java:193)
	at com.foamwash.stepdefinitions.ReportesEstadisticasStepDefinitions.queElAdministradorNecesitaUnInformeMensual(ReportesEstadisticasStepDefinitions.java:20)
	at com.foamwash.stepdefinitions.ReportesEstadisticasStepDefinitions.queElAdministradorRequiereRespaldarLaInformacion(ReportesEstadisticasStepDefinitions.java:54)
	at ✽.que el administrador requiere respaldar la informacion(file:///C:/Users/cristian%20andres/OneDrive/Documentos/todo%20lo%20de%20foam%20wash/foam%20version%20final/FoamWash/pruebas_e2e/src/test/resources/features/reportes_y_estadisticas.feature:21)

Servicios del Cliente.Consulta de servicios disponibles -- Time elapsed: 13.15 s <<< FAILURE!
java.lang.AssertionError: 

Expected: an element that is visible
     but: no matching element found by [lista servicios located with: css: .services-list, .service-item]
	at net.serenitybdd.screenplay.ErrorTally.throwSummaryExceptionFrom(ErrorTally.java:38)
	at net.serenitybdd.screenplay.ErrorTally.reportAnyErrors(ErrorTally.java:32)
	at net.serenitybdd.screenplay.Actor.should(Actor.java:397)
	at com.foamwash.stepdefinitions.ServiciosClienteStepDefinitions.deberiaVerElListadoDeServiciosConNombreDescripcionYPrecio(ServiciosClienteStepDefinitions.java:39)
	at ✽.deberia ver el listado de servicios con nombre, descripcion y precio(file:///C:/Users/cristian%20andres/OneDrive/Documentos/todo%20lo%20de%20foam%20wash/foam%20version%20final/FoamWash/pruebas_e2e/src/test/resources/features/servicios_cliente.feature:11)

Servicios del Cliente.Solicitud de cotizacion -- Time elapsed: 12.65 s <<< ERROR!
org.openqa.selenium.NoSuchElementException: 
no such element: Unable to locate element: {"method":"xpath","selector":"//textarea"}
  (Session info: chrome=151.0.7922.138)
For documentation on this error, please visit: https://www.selenium.dev/documentation/webdriver/troubleshooting/errors#no-such-element-exception
Build info: version: '4.21.0', revision: '79ed462ef4'
System info: os.name: 'Windows 11', os.arch: 'amd64', os.version: '10.0', java.version: '17.0.12'
Driver info: org.openqa.selenium.chrome.ChromeDriver
Command: [3a6012d349203a8d35a69a61984f465c, findElement {using=xpath, value=//textarea}]
Capabilities {acceptInsecureCerts: true, browserName: chrome, browserVersion: 151.0.7922.138, chrome: {chromedriverVersion: 151.0.7922.138 (41fa8244239..., userDataDir: C:\Users\CRISTI~1\AppData\L...}, fedcm:accounts: true, goog:chromeOptions: {debuggerAddress: localhost:59623}, goog:processID: 34372, networkConnectionEnabled: false, pageLoadStrategy: normal, platformName: windows, proxy: Proxy(), se:cdp: ws://localhost:59623/devtoo..., se:cdpVersion: 151.0.7922.138, setWindowRect: true, strictFileInteractability: false, timeouts: {implicit: 0, pageLoad: 300000, script: 30000}, unhandledPromptBehavior: dismiss and notify, webauthn:extension:credBlob: true, webauthn:extension:largeBlob: true, webauthn:extension:minPinLength: true, webauthn:extension:prf: true, webauthn:virtualAuthenticators: true}
Session ID: 3a6012d349203a8d35a69a61984f465c
	at java.base/jdk.internal.reflect.NativeConstructorAccessorImpl.newInstance0(Native Method)
	at java.base/jdk.internal.reflect.NativeConstructorAccessorImpl.newInstance(NativeConstructorAccessorImpl.java:77)
	at java.base/jdk.internal.reflect.DelegatingConstructorAccessorImpl.newInstance(DelegatingConstructorAccessorImpl.java:45)
	at java.base/java.lang.reflect.Constructor.newInstanceWithCaller(Constructor.java:499)
	at java.base/java.lang.reflect.Constructor.newInstance(Constructor.java:480)
	at org.openqa.selenium.remote.ErrorCodec.decode(ErrorCodec.java:167)
	at org.openqa.selenium.remote.codec.w3c.W3CHttpResponseCodec.decode(W3CHttpResponseCodec.java:138)
	at org.openqa.selenium.remote.codec.w3c.W3CHttpResponseCodec.decode(W3CHttpResponseCodec.java:50)
	at org.openqa.selenium.remote.HttpCommandExecutor.execute(HttpCommandExecutor.java:190)
	at org.openqa.selenium.remote.service.DriverCommandExecutor.invokeExecute(DriverCommandExecutor.java:216)
	at org.openqa.selenium.remote.service.DriverCommandExecutor.execute(DriverCommandExecutor.java:174)
	at org.openqa.selenium.remote.RemoteWebDriver.execute(RemoteWebDriver.java:518)
	at org.openqa.selenium.remote.ElementLocation$ElementFinder$2.findElement(ElementLocation.java:165)
	at org.openqa.selenium.remote.ElementLocation.findElement(ElementLocation.java:59)
	at org.openqa.selenium.remote.RemoteWebDriver.findElement(RemoteWebDriver.java:355)
	at org.openqa.selenium.remote.RemoteWebDriver.findElement(RemoteWebDriver.java:349)
	at net.thucydides.core.webdriver.WebDriverFacade.findElement(WebDriverFacade.java:271)
	at net.serenitybdd.core.pages.WebElementResolverByLocator.resolveForDriver(WebElementResolverByLocator.java:25)
	at net.serenitybdd.core.pages.WebElementFacadeImpl.getResolvedElement(WebElementFacadeImpl.java:188)
	at net.serenitybdd.core.pages.WebElementFacadeImpl.getElement(WebElementFacadeImpl.java:183)
	at net.serenitybdd.core.pages.WebElementFacadeImpl.lambda$type$2(WebElementFacadeImpl.java:745)
	at net.serenitybdd.core.pages.WithRetries.perform(WithRetries.java:22)
	at net.serenitybdd.core.pages.WebElementFacadeImpl.type(WebElementFacadeImpl.java:744)
	at net.serenitybdd.screenplay.actions.EnterValueIntoTarget.lambda$performAs$0(EnterValueIntoTarget.java:19)
	at java.base/java.util.Optional.ifPresent(Optional.java:178)
	at net.serenitybdd.screenplay.actions.EnterValueIntoTarget.performAs(EnterValueIntoTarget.java:18)
	at net.serenitybdd.screenplay.actions.EnterValueIntoTarget$ByteBuddy$1816Mf1H.performAs$accessor$Y4RRcEIt(Unknown Source)
	at jdk.internal.reflect.GeneratedMethodAccessor21.invoke(Unknown Source)
	at java.base/jdk.internal.reflect.DelegatingMethodAccessorImpl.invoke(DelegatingMethodAccessorImpl.java:43)
	at java.base/java.lang.reflect.Method.invoke(Method.java:568)
	at net.thucydides.core.steps.StepInterceptor.invokeMethod(StepInterceptor.java:524)
	at net.thucydides.core.steps.StepInterceptor.executeTestStepMethod(StepInterceptor.java:504)
	at net.thucydides.core.steps.StepInterceptor.runTestStep(StepInterceptor.java:476)
	at net.thucydides.core.steps.StepInterceptor.runOrSkipMethod(StepInterceptor.java:218)
	at net.thucydides.core.steps.StepInterceptor.testStepResult(StepInterceptor.java:205)
	at net.thucydides.core.steps.StepInterceptor.intercept(StepInterceptor.java:93)
	at net.thucydides.core.steps.ProxyConfiguration$InterceptorDispatcher.intercept(ProxyConfiguration.java:51)
	at net.serenitybdd.screenplay.actions.EnterValueIntoTarget$ByteBuddy$1816Mf1H.performAs(Unknown Source)
	at net.serenitybdd.screenplay.Actor.performTask(Actor.java:299)
	at net.serenitybdd.screenplay.Actor.perform(Actor.java:274)
	at net.serenitybdd.screenplay.Actor.attemptsTo(Actor.java:215)
	at net.serenitybdd.screenplay.Actor.attemptsTo(Actor.java:222)
	at com.foamwash.stepdefinitions.ServiciosClienteStepDefinitions.enviaElFormularioDeCotizacionConSusDatosValidos(ServiciosClienteStepDefinitions.java:58)
	at ✽.envia el formulario de cotizacion con sus datos validos(file:///C:/Users/cristian%20andres/OneDrive/Documentos/todo%20lo%20de%20foam%20wash/foam%20version%20final/FoamWash/pruebas_e2e/src/test/resources/features/servicios_cliente.feature:16)

Servicios del Cliente.Programacion de servicio de limpieza -- Time elapsed: 21.52 s <<< FAILURE!
java.lang.AssertionError: 

Expected: an element that is visible
     but: no matching element found by [btn finalizar compra located with: xpath: //button[contains(text(), 'Ver cotización')]|//button[contains(@class, 'fwm-btn-primary')]]
	at net.serenitybdd.screenplay.ErrorTally.throwSummaryExceptionFrom(ErrorTally.java:38)
	at net.serenitybdd.screenplay.ErrorTally.reportAnyErrors(ErrorTally.java:32)
	at net.serenitybdd.screenplay.Actor.should(Actor.java:397)
	at net.serenitybdd.screenplay.waits.WaitUntilBuilder$1.performAs(WaitUntilBuilder.java:29)
	at net.serenitybdd.screenplay.Actor.performTask(Actor.java:299)
	at net.serenitybdd.screenplay.Actor.perform(Actor.java:274)
	at net.serenitybdd.screenplay.Actor.performSilently(Actor.java:254)
	at net.serenitybdd.screenplay.Actor.attemptsTo(Actor.java:211)
	at net.serenitybdd.screenplay.Actor.attemptsTo(Actor.java:222)
	at com.foamwash.stepdefinitions.ServiciosClienteStepDefinitions.escogeFechaHoraYUbicacionDisponibles(ServiciosClienteStepDefinitions.java:83)
	at ✽.escoge fecha, hora y ubicacion disponibles(file:///C:/Users/cristian%20andres/OneDrive/Documentos/todo%20lo%20de%20foam%20wash/foam%20version%20final/FoamWash/pruebas_e2e/src/test/resources/features/servicios_cliente.feature:22)

Servicios del Cliente.Consulta del historial de servicios -- Time elapsed: 16.46 s <<< ERROR!
net.thucydides.core.webdriver.exceptions.ElementShouldBePresentException: 
Expected condition failed: waiting for By.xpath: //button[contains(., 'Mi Perfil')] to be present (tried for 5 second(s) with 100 milliseconds interval)
Build info: version: '4.21.0', revision: '79ed462ef4'
System info: os.name: 'Windows 11', os.arch: 'amd64', os.version: '10.0', java.version: '17.0.12'
Driver info: driver.version: unknown
	at net.serenitybdd.core.pages.WebElementFacadeImpl.throwShouldBePresentErrorWithCauseIfPresent(WebElementFacadeImpl.java:1039)
	at net.serenitybdd.core.pages.WebElementFacadeImpl.waitUntilPresent(WebElementFacadeImpl.java:1012)
	at net.serenitybdd.core.pages.WebElementFacadeImpl.waitUntilElementPresent(WebElementFacadeImpl.java:915)
	at net.serenitybdd.core.pages.WebElementFacadeImpl.click(WebElementFacadeImpl.java:1224)
	at net.serenitybdd.screenplay.actions.ClickOnTarget.performAs(ClickOnTarget.java:13)
	at net.serenitybdd.screenplay.actions.ClickOnTarget$ByteBuddy$ymGyVgFX.performAs$accessor$9HcHEFtF(Unknown Source)
	at jdk.internal.reflect.GeneratedMethodAccessor18.invoke(Unknown Source)
	at java.base/jdk.internal.reflect.DelegatingMethodAccessorImpl.invoke(DelegatingMethodAccessorImpl.java:43)
	at java.base/java.lang.reflect.Method.invoke(Method.java:568)
	at net.thucydides.core.steps.StepInterceptor.invokeMethod(StepInterceptor.java:524)
	at net.thucydides.core.steps.StepInterceptor.executeTestStepMethod(StepInterceptor.java:504)
	at net.thucydides.core.steps.StepInterceptor.runTestStep(StepInterceptor.java:476)
	at net.thucydides.core.steps.StepInterceptor.runOrSkipMethod(StepInterceptor.java:218)
	at net.thucydides.core.steps.StepInterceptor.testStepResult(StepInterceptor.java:205)
	at net.thucydides.core.steps.StepInterceptor.intercept(StepInterceptor.java:93)
	at net.thucydides.core.steps.ProxyConfiguration$InterceptorDispatcher.intercept(ProxyConfiguration.java:51)
	at net.serenitybdd.screenplay.actions.ClickOnTarget$ByteBuddy$ymGyVgFX.performAs(Unknown Source)
	at net.serenitybdd.screenplay.Actor.performTask(Actor.java:299)
	at net.serenitybdd.screenplay.Actor.perform(Actor.java:274)
	at net.serenitybdd.screenplay.Actor.attemptsTo(Actor.java:215)
	at net.serenitybdd.screenplay.Actor.attemptsTo(Actor.java:222)
	at com.foamwash.stepdefinitions.ServiciosClienteStepDefinitions.accedeALaSeccionDeSuPerfil(ServiciosClienteStepDefinitions.java:116)
	at ✽.accede a la seccion de su perfil(file:///C:/Users/cristian%20andres/OneDrive/Documentos/todo%20lo%20de%20foam%20wash/foam%20version%20final/FoamWash/pruebas_e2e/src/test/resources/features/servicios_cliente.feature:28)
Caused by: org.openqa.selenium.TimeoutException: Expected condition failed: waiting for By.xpath: //button[contains(., 'Mi Perfil')] to be present (tried for 5 second(s) with 100 milliseconds interval)
Build info: version: '4.21.0', revision: '79ed462ef4'
System info: os.name: 'Windows 11', os.arch: 'amd64', os.version: '10.0', java.version: '17.0.12'
Driver info: driver.version: unknown
	at org.openqa.selenium.support.ui.FluentWait.timeoutException(FluentWait.java:265)
	at org.openqa.selenium.support.ui.FluentWait.until(FluentWait.java:228)
	at net.serenitybdd.core.pages.WebElementFacadeImpl.waitUntilPresent(WebElementFacadeImpl.java:1009)
	at net.serenitybdd.core.pages.WebElementFacadeImpl.waitUntilElementPresent(WebElementFacadeImpl.java:915)
	at net.serenitybdd.core.pages.WebElementFacadeImpl.click(WebElementFacadeImpl.java:1224)
	at net.serenitybdd.screenplay.actions.ClickOnTarget.performAs(ClickOnTarget.java:13)
	at net.serenitybdd.screenplay.actions.ClickOnTarget$ByteBuddy$ymGyVgFX.performAs$accessor$9HcHEFtF(Unknown Source)
	at jdk.internal.reflect.GeneratedMethodAccessor18.invoke(Unknown Source)
	at java.base/jdk.internal.reflect.DelegatingMethodAccessorImpl.invoke(DelegatingMethodAccessorImpl.java:43)
	at java.base/java.lang.reflect.Method.invoke(Method.java:568)
	at net.thucydides.core.steps.StepInterceptor.invokeMethod(StepInterceptor.java:524)
	at net.thucydides.core.steps.StepInterceptor.executeTestStepMethod(StepInterceptor.java:504)
	at net.thucydides.core.steps.StepInterceptor.runTestStep(StepInterceptor.java:476)
	at net.thucydides.core.steps.StepInterceptor.runOrSkipMethod(StepInterceptor.java:218)
	at net.thucydides.core.steps.StepInterceptor.testStepResult(StepInterceptor.java:205)
	at net.thucydides.core.steps.StepInterceptor.intercept(StepInterceptor.java:93)
	at net.thucydides.core.steps.ProxyConfiguration$InterceptorDispatcher.intercept(ProxyConfiguration.java:51)
	at net.serenitybdd.screenplay.actions.ClickOnTarget$ByteBuddy$ymGyVgFX.performAs(Unknown Source)
	at net.serenitybdd.screenplay.Actor.performTask(Actor.java:299)
	at net.serenitybdd.screenplay.Actor.perform(Actor.java:274)
	at net.serenitybdd.screenplay.Actor.attemptsTo(Actor.java:215)
	at net.serenitybdd.screenplay.Actor.attemptsTo(Actor.java:222)
	at com.foamwash.stepdefinitions.ServiciosClienteStepDefinitions.accedeALaSeccionDeSuPerfil(ServiciosClienteStepDefinitions.java:116)
	at java.base/jdk.internal.reflect.NativeMethodAccessorImpl.invoke0(Native Method)
	at java.base/jdk.internal.reflect.NativeMethodAccessorImpl.invoke(NativeMethodAccessorImpl.java:77)
	at java.base/jdk.internal.reflect.DelegatingMethodAccessorImpl.invoke(DelegatingMethodAccessorImpl.java:43)
	at java.base/java.lang.reflect.Method.invoke(Method.java:568)
	at io.cucumber.java.Invoker.doInvoke(Invoker.java:66)
	at io.cucumber.java.Invoker.invoke(Invoker.java:24)
	at io.cucumber.java.AbstractGlueDefinition.invokeMethod(AbstractGlueDefinition.java:47)
	at io.cucumber.java.JavaStepDefinition.execute(JavaStepDefinition.java:29)
	at io.cucumber.core.runner.CoreStepDefinition.execute(CoreStepDefinition.java:66)
	at io.cucumber.core.runner.PickleStepDefinitionMatch.runStep(PickleStepDefinitionMatch.java:63)
	at io.cucumber.core.runner.ExecutionMode$1.execute(ExecutionMode.java:10)
	at io.cucumber.core.runner.TestStep.executeStep(TestStep.java:81)
	at io.cucumber.core.runner.TestStep.run(TestStep.java:53)
	at io.cucumber.core.runner.PickleStepTestStep.run(PickleStepTestStep.java:51)
	at io.cucumber.core.runner.TestCase.run(TestCase.java:84)
	at io.cucumber.core.runner.Runner.runPickle(Runner.java:75)
	at io.cucumber.junit.PickleRunners$NoStepDescriptions.lambda$run$0(PickleRunners.java:151)
	at io.cucumber.core.runtime.CucumberExecutionContext.lambda$runTestCase$5(CucumberExecutionContext.java:136)
	at io.cucumber.core.runtime.RethrowingThrowableCollector.executeAndThrow(RethrowingThrowableCollector.java:23)
	at io.cucumber.core.runtime.CucumberExecutionContext.runTestCase(CucumberExecutionContext.java:136)
	at io.cucumber.junit.PickleRunners$NoStepDescriptions.run(PickleRunners.java:148)
	at io.cucumber.junit.FeatureRunner.runChild(FeatureRunner.java:144)
	at io.cucumber.junit.FeatureRunner.runChild(FeatureRunner.java:28)
	at org.junit.runners.ParentRunner$4.run(ParentRunner.java:331)
	at org.junit.runners.ParentRunner$1.schedule(ParentRunner.java:79)
	at org.junit.runners.ParentRunner.runChildren(ParentRunner.java:329)
	at org.junit.runners.ParentRunner.access$100(ParentRunner.java:66)
	at org.junit.runners.ParentRunner$2.evaluate(ParentRunner.java:293)
	at org.junit.runners.ParentRunner$3.evaluate(ParentRunner.java:306)
	at org.junit.runners.ParentRunner.run(ParentRunner.java:413)
	at io.cucumber.junit.FeatureRunner.run(FeatureRunner.java:137)
	at io.cucumber.junit.CucumberSerenityBaseRunner.runChild(CucumberSerenityBaseRunner.java:332)
	at io.cucumber.junit.CucumberSerenityBaseRunner.runChild(CucumberSerenityBaseRunner.java:53)
	at org.junit.runners.ParentRunner$4.run(ParentRunner.java:331)
	at org.junit.runners.ParentRunner$1.schedule(ParentRunner.java:79)
	at org.junit.runners.ParentRunner.runChildren(ParentRunner.java:329)
	at org.junit.runners.ParentRunner.access$100(ParentRunner.java:66)
	at org.junit.runners.ParentRunner$2.evaluate(ParentRunner.java:293)
	at io.cucumber.junit.CucumberSerenityBaseRunner$RunCucumber.evaluate(CucumberSerenityBaseRunner.java:363)
	at org.junit.runners.ParentRunner$3.evaluate(ParentRunner.java:306)
	at org.junit.runners.ParentRunner.run(ParentRunner.java:413)
	at org.apache.maven.surefire.junit4.JUnit4Provider.execute(JUnit4Provider.java:316)
	at org.apache.maven.surefire.junit4.JUnit4Provider.executeWithRerun(JUnit4Provider.java:240)
	at org.apache.maven.surefire.junit4.JUnit4Provider.executeTestSet(JUnit4Provider.java:214)
	at org.apache.maven.surefire.junit4.JUnit4Provider.invoke(JUnit4Provider.java:155)
	at org.apache.maven.surefire.booter.ForkedBooter.runSuitesInProcess(ForkedBooter.java:385)
	at org.apache.maven.surefire.booter.ForkedBooter.execute(ForkedBooter.java:162)
	at org.apache.maven.surefire.booter.ForkedBooter.run(ForkedBooter.java:507)
	at org.apache.maven.surefire.booter.ForkedBooter.main(ForkedBooter.java:495)

